{"C:\\Projects\\Engram\\App.js": {"path":"C:\\Projects\\Engram\\App.js","statementMap":{"0":{"start":{"line":47,"column":23},"end":{"line":256,"column":1}},"1":{"start":{"line":48,"column":42},"end":{"line":48,"column":52}},"2":{"start":{"line":49,"column":27},"end":{"line":49,"column":36}},"3":{"start":{"line":50,"column":23},"end":{"line":50,"column":36}},"4":{"start":{"line":51,"column":36},"end":{"line":51,"column":57}},"5":{"start":{"line":52,"column":58},"end":{"line":52,"column":78}},"6":{"start":{"line":53,"column":58},"end":{"line":53,"column":79}},"7":{"start":{"line":56,"column":2},"end":{"line":67,"column":9}},"8":{"start":{"line":57,"column":25},"end":{"line":65,"column":5}},"9":{"start":{"line":58,"column":6},"end":{"line":64,"column":7}},"10":{"start":{"line":59,"column":44},"end":{"line":59,"column":81}},"11":{"start":{"line":60,"column":24},"end":{"line":60,"column":55}},"12":{"start":{"line":61,"column":8},"end":{"line":61,"column":41}},"13":{"start":{"line":63,"column":8},"end":{"line":63,"column":69}},"14":{"start":{"line":66,"column":4},"end":{"line":66,"column":19}},"15":{"start":{"line":69,"column":36},"end":{"line":119,"column":3}},"16":{"start":{"line":70,"column":4},"end":{"line":118,"column":5}},"17":{"start":{"line":71,"column":86},"end":{"line":71,"column":123}},"18":{"start":{"line":73,"column":6},"end":{"line":109,"column":7}},"19":{"start":{"line":75,"column":8},"end":{"line":107,"column":10}},"20":{"start":{"line":92,"column":16},"end":{"line":92,"column":46}},"21":{"start":{"line":93,"column":32},"end":{"line":93,"column":70}},"22":{"start":{"line":94,"column":16},"end":{"line":94,"column":47}},"23":{"start":{"line":96,"column":16},"end":{"line":99,"column":17}},"24":{"start":{"line":97,"column":18},"end":{"line":97,"column":99}},"25":{"start":{"line":98,"column":18},"end":{"line":98,"column":25}},"26":{"start":{"line":101,"column":33},"end":{"line":101,"column":37}},"27":{"start":{"line":102,"column":16},"end":{"line":102,"column":43}},"28":{"start":{"line":103,"column":16},"end":{"line":103,"column":50}},"29":{"start":{"line":108,"column":8},"end":{"line":108,"column":15}},"30":{"start":{"line":112,"column":23},"end":{"line":112,"column":28}},"31":{"start":{"line":113,"column":6},"end":{"line":113,"column":33}},"32":{"start":{"line":114,"column":6},"end":{"line":114,"column":40}},"33":{"start":{"line":116,"column":6},"end":{"line":116,"column":60}},"34":{"start":{"line":117,"column":6},"end":{"line":117,"column":54}},"35":{"start":{"line":121,"column":23},"end":{"line":132,"column":3}},"36":{"start":{"line":122,"column":4},"end":{"line":131,"column":5}},"37":{"start":{"line":123,"column":6},"end":{"line":123,"column":25}},"38":{"start":{"line":124,"column":21},"end":{"line":124,"column":51}},"39":{"start":{"line":125,"column":6},"end":{"line":125,"column":32}},"40":{"start":{"line":126,"column":6},"end":{"line":126,"column":42}},"41":{"start":{"line":128,"column":6},"end":{"line":128,"column":43}},"42":{"start":{"line":130,"column":6},"end":{"line":130,"column":26}},"43":{"start":{"line":134,"column":26},"end":{"line":185,"column":3}},"44":{"start":{"line":135,"column":4},"end":{"line":184,"column":5}},"45":{"start":{"line":136,"column":6},"end":{"line":139,"column":7}},"46":{"start":{"line":137,"column":8},"end":{"line":137,"column":62}},"47":{"start":{"line":138,"column":8},"end":{"line":138,"column":15}},"48":{"start":{"line":142,"column":6},"end":{"line":181,"column":8}},"49":{"start":{"line":159,"column":14},"end":{"line":165,"column":15}},"50":{"start":{"line":160,"column":50},"end":{"line":160,"column":84}},"51":{"start":{"line":161,"column":16},"end":{"line":161,"column":54}},"52":{"start":{"line":162,"column":16},"end":{"line":162,"column":72}},"53":{"start":{"line":164,"column":16},"end":{"line":164,"column":60}},"54":{"start":{"line":171,"column":14},"end":{"line":177,"column":15}},"55":{"start":{"line":172,"column":50},"end":{"line":172,"column":84}},"56":{"start":{"line":173,"column":16},"end":{"line":173,"column":54}},"57":{"start":{"line":174,"column":16},"end":{"line":174,"column":70}},"58":{"start":{"line":176,"column":16},"end":{"line":176,"column":60}},"59":{"start":{"line":183,"column":6},"end":{"line":183,"column":36}},"60":{"start":{"line":187,"column":2},"end":{"line":255,"column":4}},"61":{"start":{"line":233,"column":25},"end":{"line":233,"column":54}},"62":{"start":{"line":241,"column":25},"end":{"line":241,"column":54}},"63":{"start":{"line":258,"column":0},"end":{"line":262,"column":2}},"64":{"start":{"line":265,"column":18},"end":{"line":265,"column":46}},"65":{"start":{"line":266,"column":18},"end":{"line":266,"column":46}},"66":{"start":{"line":267,"column":12},"end":{"line":267,"column":38}},"67":{"start":{"line":270,"column":17},"end":{"line":336,"column":1}},"68":{"start":{"line":271,"column":21},"end":{"line":271,"column":31}},"69":{"start":{"line":273,"column":2},"end":{"line":335,"column":4}},"70":{"start":{"line":300,"column":12},"end":{"line":300,"column":68}},"71":{"start":{"line":310,"column":12},"end":{"line":310,"column":68}},"72":{"start":{"line":320,"column":12},"end":{"line":320,"column":72}},"73":{"start":{"line":330,"column":12},"end":{"line":330,"column":70}},"74":{"start":{"line":338,"column":21},"end":{"line":540,"column":1}},"75":{"start":{"line":339,"column":30},"end":{"line":339,"column":39}},"76":{"start":{"line":340,"column":29},"end":{"line":340,"column":39}},"77":{"start":{"line":342,"column":19},"end":{"line":370,"column":3}},"78":{"start":{"line":372,"column":2},"end":{"line":374,"column":3}},"79":{"start":{"line":373,"column":4},"end":{"line":373,"column":29}},"80":{"start":{"line":376,"column":2},"end":{"line":539,"column":4}},"81":{"start":{"line":543,"column":12},"end":{"line":555,"column":1}},"82":{"start":{"line":544,"column":2},"end":{"line":554,"column":4}},"83":{"start":{"line":560,"column":15},"end":{"line":647,"column":2}}},"fnMap":{"0":{"name":"(anonymous_0)","decl":{"start":{"line":47,"column":23},"end":{"line":47,"column":24}},"loc":{"start":{"line":47,"column":44},"end":{"line":256,"column":1}},"line":47},"1":{"name":"(anonymous_1)","decl":{"start":{"line":56,"column":18},"end":{"line":56,"column":19}},"loc":{"start":{"line":56,"column":24},"end":{"line":67,"column":3}},"line":56},"2":{"name":"(anonymous_2)","decl":{"start":{"line":57,"column":25},"end":{"line":57,"column":26}},"loc":{"start":{"line":57,"column":37},"end":{"line":65,"column":5}},"line":57},"3":{"name":"(anonymous_3)","decl":{"start":{"line":69,"column":36},"end":{"line":69,"column":37}},"loc":{"start":{"line":69,"column":48},"end":{"line":119,"column":3}},"line":69},"4":{"name":"(anonymous_4)","decl":{"start":{"line":90,"column":23},"end":{"line":90,"column":24}},"loc":{"start":{"line":90,"column":35},"end":{"line":104,"column":15}},"line":90},"5":{"name":"(anonymous_5)","decl":{"start":{"line":121,"column":23},"end":{"line":121,"column":24}},"loc":{"start":{"line":121,"column":35},"end":{"line":132,"column":3}},"line":121},"6":{"name":"(anonymous_6)","decl":{"start":{"line":134,"column":26},"end":{"line":134,"column":27}},"loc":{"start":{"line":134,"column":38},"end":{"line":185,"column":3}},"line":134},"7":{"name":"(anonymous_7)","decl":{"start":{"line":158,"column":21},"end":{"line":158,"column":22}},"loc":{"start":{"line":158,"column":33},"end":{"line":166,"column":13}},"line":158},"8":{"name":"(anonymous_8)","decl":{"start":{"line":170,"column":21},"end":{"line":170,"column":22}},"loc":{"start":{"line":170,"column":33},"end":{"line":178,"column":13}},"line":170},"9":{"name":"(anonymous_9)","decl":{"start":{"line":233,"column":19},"end":{"line":233,"column":20}},"loc":{"start":{"line":233,"column":25},"end":{"line":233,"column":54}},"line":233},"10":{"name":"(anonymous_10)","decl":{"start":{"line":241,"column":19},"end":{"line":241,"column":20}},"loc":{"start":{"line":241,"column":25},"end":{"line":241,"column":54}},"line":241},"11":{"name":"(anonymous_11)","decl":{"start":{"line":270,"column":17},"end":{"line":270,"column":18}},"loc":{"start":{"line":270,"column":23},"end":{"line":336,"column":1}},"line":270},"12":{"name":"(anonymous_12)","decl":{"start":{"line":299,"column":22},"end":{"line":299,"column":23}},"loc":{"start":{"line":300,"column":12},"end":{"line":300,"column":68}},"line":300},"13":{"name":"(anonymous_13)","decl":{"start":{"line":309,"column":22},"end":{"line":309,"column":23}},"loc":{"start":{"line":310,"column":12},"end":{"line":310,"column":68}},"line":310},"14":{"name":"(anonymous_14)","decl":{"start":{"line":319,"column":22},"end":{"line":319,"column":23}},"loc":{"start":{"line":320,"column":12},"end":{"line":320,"column":72}},"line":320},"15":{"name":"(anonymous_15)","decl":{"start":{"line":329,"column":22},"end":{"line":329,"column":23}},"loc":{"start":{"line":330,"column":12},"end":{"line":330,"column":70}},"line":330},"16":{"name":"(anonymous_16)","decl":{"start":{"line":338,"column":21},"end":{"line":338,"column":22}},"loc":{"start":{"line":338,"column":27},"end":{"line":540,"column":1}},"line":338},"17":{"name":"(anonymous_17)","decl":{"start":{"line":543,"column":12},"end":{"line":543,"column":13}},"loc":{"start":{"line":543,"column":18},"end":{"line":555,"column":1}},"line":543}},"branchMap":{"0":{"loc":{"start":{"line":73,"column":6},"end":{"line":109,"column":7}},"type":"if","locations":[{"start":{"line":73,"column":6},"end":{"line":109,"column":7}},{"start":{},"end":{}}],"line":73},"1":{"loc":{"start":{"line":96,"column":16},"end":{"line":99,"column":17}},"type":"if","locations":[{"start":{"line":96,"column":16},"end":{"line":99,"column":17}},{"start":{},"end":{}}],"line":96},"2":{"loc":{"start":{"line":136,"column":6},"end":{"line":139,"column":7}},"type":"if","locations":[{"start":{"line":136,"column":6},"end":{"line":139,"column":7}},{"start":{},"end":{}}],"line":136},"3":{"loc":{"start":{"line":202,"column":58},"end":{"line":202,"column":110}},"type":"cond-expr","locations":[{"start":{"line":202,"column":81},"end":{"line":202,"column":94}},{"start":{"line":202,"column":97},"end":{"line":202,"column":110}}],"line":202},"4":{"loc":{"start":{"line":203,"column":45},"end":{"line":203,"column":80}},"type":"cond-expr","locations":[{"start":{"line":203,"column":68},"end":{"line":203,"column":72}},{"start":{"line":203,"column":75},"end":{"line":203,"column":80}}],"line":203},"5":{"loc":{"start":{"line":212,"column":66},"end":{"line":212,"column":91}},"type":"cond-expr","locations":[{"start":{"line":212,"column":75},"end":{"line":212,"column":81}},{"start":{"line":212,"column":84},"end":{"line":212,"column":91}}],"line":212},"6":{"loc":{"start":{"line":223,"column":52},"end":{"line":223,"column":78}},"type":"binary-expr","locations":[{"start":{"line":223,"column":52},"end":{"line":223,"column":68}},{"start":{"line":223,"column":72},"end":{"line":223,"column":78}}],"line":223},"7":{"loc":{"start":{"line":227,"column":43},"end":{"line":227,"column":92}},"type":"cond-expr","locations":[{"start":{"line":227,"column":55},"end":{"line":227,"column":69}},{"start":{"line":227,"column":72},"end":{"line":227,"column":92}}],"line":227},"8":{"loc":{"start":{"line":232,"column":52},"end":{"line":232,"column":78}},"type":"binary-expr","locations":[{"start":{"line":232,"column":52},"end":{"line":232,"column":68}},{"start":{"line":232,"column":72},"end":{"line":232,"column":78}}],"line":232},"9":{"loc":{"start":{"line":240,"column":52},"end":{"line":240,"column":78}},"type":"binary-expr","locations":[{"start":{"line":240,"column":52},"end":{"line":240,"column":68}},{"start":{"line":240,"column":72},"end":{"line":240,"column":78}}],"line":240},"10":{"loc":{"start":{"line":300,"column":40},"end":{"line":300,"column":50}},"type":"binary-expr","locations":[{"start":{"line":300,"column":40},"end":{"line":300,"column":44}},{"start":{"line":300,"column":48},"end":{"line":300,"column":50}}],"line":300},"11":{"loc":{"start":{"line":310,"column":40},"end":{"line":310,"column":50}},"type":"binary-expr","locations":[{"start":{"line":310,"column":40},"end":{"line":310,"column":44}},{"start":{"line":310,"column":48},"end":{"line":310,"column":50}}],"line":310},"12":{"loc":{"start":{"line":320,"column":44},"end":{"line":320,"column":54}},"type":"binary-expr","locations":[{"start":{"line":320,"column":44},"end":{"line":320,"column":48}},{"start":{"line":320,"column":52},"end":{"line":320,"column":54}}],"line":320},"13":{"loc":{"start":{"line":330,"column":42},"end":{"line":330,"column":52}},"type":"binary-expr","locations":[{"start":{"line":330,"column":42},"end":{"line":330,"column":46}},{"start":{"line":330,"column":50},"end":{"line":330,"column":52}}],"line":330},"14":{"loc":{"start":{"line":372,"column":2},"end":{"line":374,"column":3}},"type":"if","locations":[{"start":{"line":372,"column":2},"end":{"line":374,"column":3}},{"start":{},"end":{}}],"line":372},"15":{"loc":{"start":{"line":378,"column":7},"end":{"line":537,"column":7}},"type":"cond-expr","locations":[{"start":{"line":379,"column":8},"end":{"line":519,"column":30}},{"start":{"line":521,"column":8},"end":{"line":536,"column":30}}],"line":378}},"s":{"0":0,"1":0,"2":0,"3":0,"4":0,"5":0,"6":0,"7":0,"8":0,"9":0,"10":0,"11":0,"12":0,"13":0,"14":0,"15":0,"16":0,"17":0,"18":0,"19":0,"20":0,"21":0,"22":0,"23":0,"24":0,"25":0,"26":0,"27":0,"28":0,"29":0,"30":0,"31":0,"32":0,"33":0,"34":0,"35":0,"36":0,"37":0,"38":0,"39":0,"40":0,"41":0,"42":0,"43":0,"44":0,"45":0,"46":0,"47":0,"48":0,"49":0,"50":0,"51":0,"52":0,"53":0,"54":0,"55":0,"56":0,"57":0,"58":0,"59":0,"60":0,"61":0,"62":0,"63":0,"64":0,"65":0,"66":0,"67":0,"68":0,"69":0,"70":0,"71":0,"72":0,"73":0,"74":0,"75":0,"76":0,"77":0,"78":0,"79":0,"80":0,"81":0,"82":0,"83":0},"f":{"0":0,"1":0,"2":0,"3":0,"4":0,"5":0,"6":0,"7":0,"8":0,"9":0,"10":0,"11":0,"12":0,"13":0,"14":0,"15":0,"16":0,"17":0},"b":{"0":[0,0],"1":[0,0],"2":[0,0],"3":[0,0],"4":[0,0],"5":[0,0],"6":[0,0],"7":[0,0],"8":[0,0],"9":[0,0],"10":[0,0],"11":[0,0],"12":[0,0],"13":[0,0],"14":[0,0],"15":[0,0]}}
,"C:\\Projects\\Engram\\constants.js": {"path":"C:\\Projects\\Engram\\constants.js","statementMap":{"0":{"start":{"line":1,"column":28},"end":{"line":7,"column":1}}},"fnMap":{},"branchMap":{},"s":{"0":4},"f":{},"b":{},"_coverageSchema":"1a1c01bbd47fc00a2c39e90264f33305004495a9","hash":"23154db2d42be70402212cc01aa27764e251b2fc"}
,"C:\\Projects\\Engram\\csv-parser.js": {"path":"C:\\Projects\\Engram\\csv-parser.js","statementMap":{"0":{"start":{"line":9,"column":30},"end":{"line":65,"column":1}},"1":{"start":{"line":10,"column":2},"end":{"line":64,"column":3}},"2":{"start":{"line":11,"column":18},"end":{"line":11,"column":65}},"3":{"start":{"line":11,"column":53},"end":{"line":11,"column":64}},"4":{"start":{"line":12,"column":4},"end":{"line":17,"column":5}},"5":{"start":{"line":13,"column":6},"end":{"line":16,"column":8}},"6":{"start":{"line":20,"column":20},"end":{"line":20,"column":42}},"7":{"start":{"line":21,"column":22},"end":{"line":21,"column":47}},"8":{"start":{"line":23,"column":4},"end":{"line":28,"column":5}},"9":{"start":{"line":24,"column":6},"end":{"line":27,"column":8}},"10":{"start":{"line":31,"column":21},"end":{"line":31,"column":23}},"11":{"start":{"line":32,"column":19},"end":{"line":32,"column":21}},"12":{"start":{"line":34,"column":4},"end":{"line":48,"column":5}},"13":{"start":{"line":34,"column":17},"end":{"line":34,"column":18}},"14":{"start":{"line":35,"column":6},"end":{"line":47,"column":7}},"15":{"start":{"line":36,"column":23},"end":{"line":36,"column":45}},"16":{"start":{"line":37,"column":24},"end":{"line":37,"column":57}},"17":{"start":{"line":39,"column":8},"end":{"line":41,"column":9}},"18":{"start":{"line":40,"column":10},"end":{"line":40,"column":33}},"19":{"start":{"line":43,"column":8},"end":{"line":46,"column":11}},"20":{"start":{"line":50,"column":4},"end":{"line":57,"column":6}},"21":{"start":{"line":59,"column":4},"end":{"line":59,"column":45}},"22":{"start":{"line":60,"column":4},"end":{"line":63,"column":6}},"23":{"start":{"line":70,"column":21},"end":{"line":99,"column":1}},"24":{"start":{"line":71,"column":17},"end":{"line":71,"column":19}},"25":{"start":{"line":72,"column":16},"end":{"line":72,"column":18}},"26":{"start":{"line":73,"column":17},"end":{"line":73,"column":22}},"27":{"start":{"line":75,"column":2},"end":{"line":93,"column":3}},"28":{"start":{"line":75,"column":15},"end":{"line":75,"column":16}},"29":{"start":{"line":76,"column":17},"end":{"line":76,"column":24}},"30":{"start":{"line":77,"column":21},"end":{"line":77,"column":32}},"31":{"start":{"line":79,"column":4},"end":{"line":92,"column":5}},"32":{"start":{"line":81,"column":6},"end":{"line":81,"column":21}},"33":{"start":{"line":82,"column":6},"end":{"line":82,"column":10}},"34":{"start":{"line":83,"column":11},"end":{"line":92,"column":5}},"35":{"start":{"line":85,"column":6},"end":{"line":85,"column":27}},"36":{"start":{"line":86,"column":11},"end":{"line":92,"column":5}},"37":{"start":{"line":88,"column":6},"end":{"line":88,"column":34}},"38":{"start":{"line":89,"column":6},"end":{"line":89,"column":19}},"39":{"start":{"line":91,"column":6},"end":{"line":91,"column":22}},"40":{"start":{"line":96,"column":2},"end":{"line":96,"column":30}},"41":{"start":{"line":98,"column":2},"end":{"line":98,"column":16}},"42":{"start":{"line":104,"column":25},"end":{"line":130,"column":1}},"43":{"start":{"line":105,"column":14},"end":{"line":105,"column":16}},"44":{"start":{"line":107,"column":2},"end":{"line":127,"column":5}},"45":{"start":{"line":108,"column":18},"end":{"line":108,"column":38}},"46":{"start":{"line":110,"column":4},"end":{"line":126,"column":5}},"47":{"start":{"line":111,"column":6},"end":{"line":111,"column":28}},"48":{"start":{"line":112,"column":11},"end":{"line":126,"column":5}},"49":{"start":{"line":113,"column":6},"end":{"line":113,"column":26}},"50":{"start":{"line":114,"column":11},"end":{"line":126,"column":5}},"51":{"start":{"line":115,"column":6},"end":{"line":115,"column":24}},"52":{"start":{"line":116,"column":11},"end":{"line":126,"column":5}},"53":{"start":{"line":117,"column":6},"end":{"line":117,"column":27}},"54":{"start":{"line":118,"column":11},"end":{"line":126,"column":5}},"55":{"start":{"line":119,"column":6},"end":{"line":119,"column":23}},"56":{"start":{"line":120,"column":11},"end":{"line":126,"column":5}},"57":{"start":{"line":121,"column":6},"end":{"line":121,"column":24}},"58":{"start":{"line":122,"column":11},"end":{"line":126,"column":5}},"59":{"start":{"line":123,"column":6},"end":{"line":123,"column":25}},"60":{"start":{"line":124,"column":11},"end":{"line":126,"column":5}},"61":{"start":{"line":125,"column":6},"end":{"line":125,"column":27}},"62":{"start":{"line":129,"column":2},"end":{"line":129,"column":13}},"63":{"start":{"line":135,"column":23},"end":{"line":200,"column":1}},"64":{"start":{"line":136,"column":16},"end":{"line":136,"column":39}},"65":{"start":{"line":137,"column":2},"end":{"line":139,"column":3}},"66":{"start":{"line":138,"column":4},"end":{"line":138,"column":16}},"67":{"start":{"line":141,"column":18},"end":{"line":145,"column":3}},"68":{"start":{"line":148,"column":2},"end":{"line":154,"column":3}},"69":{"start":{"line":149,"column":20},"end":{"line":149,"column":47}},"70":{"start":{"line":150,"column":23},"end":{"line":150,"column":47}},"71":{"start":{"line":151,"column":4},"end":{"line":153,"column":5}},"72":{"start":{"line":152,"column":6},"end":{"line":152,"column":40}},"73":{"start":{"line":157,"column":2},"end":{"line":163,"column":3}},"74":{"start":{"line":158,"column":21},"end":{"line":158,"column":47}},"75":{"start":{"line":159,"column":4},"end":{"line":162,"column":5}},"76":{"start":{"line":160,"column":6},"end":{"line":160,"column":53}},"77":{"start":{"line":161,"column":6},"end":{"line":161,"column":42}},"78":{"start":{"line":166,"column":2},"end":{"line":173,"column":3}},"79":{"start":{"line":167,"column":21},"end":{"line":167,"column":44}},"80":{"start":{"line":168,"column":18},"end":{"line":168,"column":38}},"81":{"start":{"line":169,"column":4},"end":{"line":172,"column":5}},"82":{"start":{"line":170,"column":6},"end":{"line":170,"column":36}},"83":{"start":{"line":171,"column":6},"end":{"line":171,"column":39}},"84":{"start":{"line":176,"column":2},"end":{"line":181,"column":3}},"85":{"start":{"line":177,"column":19},"end":{"line":177,"column":43}},"86":{"start":{"line":178,"column":4},"end":{"line":180,"column":5}},"87":{"start":{"line":179,"column":6},"end":{"line":179,"column":40}},"88":{"start":{"line":184,"column":2},"end":{"line":189,"column":3}},"89":{"start":{"line":185,"column":17},"end":{"line":185,"column":39}},"90":{"start":{"line":186,"column":4},"end":{"line":188,"column":5}},"91":{"start":{"line":187,"column":6},"end":{"line":187,"column":26}},"92":{"start":{"line":192,"column":2},"end":{"line":197,"column":3}},"93":{"start":{"line":193,"column":21},"end":{"line":193,"column":61}},"94":{"start":{"line":194,"column":4},"end":{"line":196,"column":5}},"95":{"start":{"line":195,"column":6},"end":{"line":195,"column":34}},"96":{"start":{"line":199,"column":2},"end":{"line":199,"column":17}},"97":{"start":{"line":205,"column":25},"end":{"line":217,"column":1}},"98":{"start":{"line":207,"column":16},"end":{"line":207,"column":53}},"99":{"start":{"line":210,"column":2},"end":{"line":210,"column":78}},"100":{"start":{"line":211,"column":2},"end":{"line":211,"column":81}},"101":{"start":{"line":214,"column":2},"end":{"line":214,"column":27}},"102":{"start":{"line":216,"column":2},"end":{"line":216,"column":17}},"103":{"start":{"line":223,"column":24},"end":{"line":254,"column":1}},"104":{"start":{"line":224,"column":2},"end":{"line":224,"column":28}},"105":{"start":{"line":224,"column":16},"end":{"line":224,"column":28}},"106":{"start":{"line":226,"column":2},"end":{"line":253,"column":3}},"107":{"start":{"line":228,"column":4},"end":{"line":230,"column":5}},"108":{"start":{"line":229,"column":6},"end":{"line":229,"column":35}},"109":{"start":{"line":233,"column":23},"end":{"line":233,"column":70}},"110":{"start":{"line":234,"column":4},"end":{"line":237,"column":5}},"111":{"start":{"line":235,"column":35},"end":{"line":235,"column":45}},"112":{"start":{"line":236,"column":6},"end":{"line":236,"column":73}},"113":{"start":{"line":240,"column":23},"end":{"line":240,"column":75}},"114":{"start":{"line":241,"column":4},"end":{"line":247,"column":5}},"115":{"start":{"line":242,"column":39},"end":{"line":242,"column":49}},"116":{"start":{"line":243,"column":20},"end":{"line":243,"column":45}},"117":{"start":{"line":244,"column":6},"end":{"line":246,"column":7}},"118":{"start":{"line":245,"column":8},"end":{"line":245,"column":75}},"119":{"start":{"line":249,"column":4},"end":{"line":249,"column":16}},"120":{"start":{"line":251,"column":4},"end":{"line":251,"column":46}},"121":{"start":{"line":252,"column":4},"end":{"line":252,"column":16}},"122":{"start":{"line":259,"column":23},"end":{"line":276,"column":1}},"123":{"start":{"line":260,"column":17},"end":{"line":273,"column":3}},"124":{"start":{"line":275,"column":2},"end":{"line":275,"column":36}},"125":{"start":{"line":282,"column":19},"end":{"line":299,"column":1}},"126":{"start":{"line":283,"column":2},"end":{"line":283,"column":29}},"127":{"start":{"line":283,"column":17},"end":{"line":283,"column":29}},"128":{"start":{"line":285,"column":2},"end":{"line":298,"column":3}},"129":{"start":{"line":287,"column":20},"end":{"line":287,"column":49}},"130":{"start":{"line":288,"column":18},"end":{"line":288,"column":37}},"131":{"start":{"line":290,"column":4},"end":{"line":292,"column":5}},"132":{"start":{"line":291,"column":6},"end":{"line":291,"column":18}},"133":{"start":{"line":295,"column":4},"end":{"line":295,"column":41}},"134":{"start":{"line":297,"column":4},"end":{"line":297,"column":16}},"135":{"start":{"line":304,"column":26},"end":{"line":338,"column":1}},"136":{"start":{"line":305,"column":16},"end":{"line":305,"column":44}},"137":{"start":{"line":308,"column":2},"end":{"line":319,"column":3}},"138":{"start":{"line":309,"column":4},"end":{"line":311,"column":5}},"139":{"start":{"line":310,"column":6},"end":{"line":310,"column":24}},"140":{"start":{"line":312,"column":4},"end":{"line":314,"column":5}},"141":{"start":{"line":313,"column":6},"end":{"line":313,"column":28}},"142":{"start":{"line":315,"column":4},"end":{"line":317,"column":5}},"143":{"start":{"line":316,"column":6},"end":{"line":316,"column":26}},"144":{"start":{"line":318,"column":4},"end":{"line":318,"column":23}},"145":{"start":{"line":322,"column":2},"end":{"line":324,"column":3}},"146":{"start":{"line":323,"column":4},"end":{"line":323,"column":25}},"147":{"start":{"line":327,"column":2},"end":{"line":329,"column":3}},"148":{"start":{"line":328,"column":4},"end":{"line":328,"column":23}},"149":{"start":{"line":332,"column":2},"end":{"line":334,"column":3}},"150":{"start":{"line":333,"column":4},"end":{"line":333,"column":18}},"151":{"start":{"line":337,"column":2},"end":{"line":337,"column":17}},"152":{"start":{"line":344,"column":34},"end":{"line":391,"column":1}},"153":{"start":{"line":345,"column":15},"end":{"line":345,"column":41}},"154":{"start":{"line":346,"column":19},"end":{"line":346,"column":57}},"155":{"start":{"line":349,"column":29},"end":{"line":353,"column":3}},"156":{"start":{"line":355,"column":2},"end":{"line":359,"column":3}},"157":{"start":{"line":356,"column":4},"end":{"line":358,"column":5}},"158":{"start":{"line":357,"column":6},"end":{"line":357,"column":19}},"159":{"start":{"line":362,"column":26},"end":{"line":366,"column":3}},"160":{"start":{"line":368,"column":2},"end":{"line":372,"column":3}},"161":{"start":{"line":369,"column":4},"end":{"line":371,"column":5}},"162":{"start":{"line":370,"column":6},"end":{"line":370,"column":18}},"163":{"start":{"line":375,"column":2},"end":{"line":380,"column":3}},"164":{"start":{"line":376,"column":18},"end":{"line":376,"column":51}},"165":{"start":{"line":377,"column":4},"end":{"line":379,"column":5}},"166":{"start":{"line":378,"column":6},"end":{"line":378,"column":18}},"167":{"start":{"line":383,"column":28},"end":{"line":383,"column":89}},"168":{"start":{"line":384,"column":2},"end":{"line":388,"column":3}},"169":{"start":{"line":385,"column":4},"end":{"line":387,"column":5}},"170":{"start":{"line":386,"column":6},"end":{"line":386,"column":18}},"171":{"start":{"line":390,"column":2},"end":{"line":390,"column":15}},"172":{"start":{"line":396,"column":32},"end":{"line":420,"column":1}},"173":{"start":{"line":397,"column":19},"end":{"line":397,"column":57}},"174":{"start":{"line":398,"column":23},"end":{"line":398,"column":43}},"175":{"start":{"line":400,"column":2},"end":{"line":400,"column":33}},"176":{"start":{"line":400,"column":21},"end":{"line":400,"column":33}},"177":{"start":{"line":402,"column":22},"end":{"line":402,"column":23}},"178":{"start":{"line":405,"column":2},"end":{"line":407,"column":3}},"179":{"start":{"line":406,"column":4},"end":{"line":406,"column":22}},"180":{"start":{"line":410,"column":2},"end":{"line":412,"column":3}},"181":{"start":{"line":411,"column":4},"end":{"line":411,"column":22}},"182":{"start":{"line":415,"column":19},"end":{"line":415,"column":41}},"183":{"start":{"line":416,"column":19},"end":{"line":416,"column":37}},"184":{"start":{"line":417,"column":2},"end":{"line":417,"column":63}},"185":{"start":{"line":419,"column":2},"end":{"line":419,"column":46}}},"fnMap":{"0":{"name":"(anonymous_0)","decl":{"start":{"line":9,"column":30},"end":{"line":9,"column":31}},"loc":{"start":{"line":9,"column":43},"end":{"line":65,"column":1}},"line":9},"1":{"name":"(anonymous_1)","decl":{"start":{"line":11,"column":45},"end":{"line":11,"column":46}},"loc":{"start":{"line":11,"column":53},"end":{"line":11,"column":64}},"line":11},"2":{"name":"(anonymous_2)","decl":{"start":{"line":70,"column":21},"end":{"line":70,"column":22}},"loc":{"start":{"line":70,"column":31},"end":{"line":99,"column":1}},"line":70},"3":{"name":"(anonymous_3)","decl":{"start":{"line":104,"column":25},"end":{"line":104,"column":26}},"loc":{"start":{"line":104,"column":38},"end":{"line":130,"column":1}},"line":104},"4":{"name":"(anonymous_4)","decl":{"start":{"line":107,"column":18},"end":{"line":107,"column":19}},"loc":{"start":{"line":107,"column":37},"end":{"line":127,"column":3}},"line":107},"5":{"name":"(anonymous_5)","decl":{"start":{"line":135,"column":23},"end":{"line":135,"column":24}},"loc":{"start":{"line":135,"column":46},"end":{"line":200,"column":1}},"line":135},"6":{"name":"(anonymous_6)","decl":{"start":{"line":205,"column":25},"end":{"line":205,"column":26}},"loc":{"start":{"line":205,"column":35},"end":{"line":217,"column":1}},"line":205},"7":{"name":"(anonymous_7)","decl":{"start":{"line":223,"column":24},"end":{"line":223,"column":25}},"loc":{"start":{"line":223,"column":37},"end":{"line":254,"column":1}},"line":223},"8":{"name":"(anonymous_8)","decl":{"start":{"line":259,"column":23},"end":{"line":259,"column":24}},"loc":{"start":{"line":259,"column":33},"end":{"line":276,"column":1}},"line":259},"9":{"name":"(anonymous_9)","decl":{"start":{"line":282,"column":19},"end":{"line":282,"column":20}},"loc":{"start":{"line":282,"column":33},"end":{"line":299,"column":1}},"line":282},"10":{"name":"(anonymous_10)","decl":{"start":{"line":304,"column":26},"end":{"line":304,"column":27}},"loc":{"start":{"line":304,"column":46},"end":{"line":338,"column":1}},"line":304},"11":{"name":"(anonymous_11)","decl":{"start":{"line":344,"column":34},"end":{"line":344,"column":35}},"loc":{"start":{"line":344,"column":47},"end":{"line":391,"column":1}},"line":344},"12":{"name":"(anonymous_12)","decl":{"start":{"line":396,"column":32},"end":{"line":396,"column":33}},"loc":{"start":{"line":396,"column":45},"end":{"line":420,"column":1}},"line":396}},"branchMap":{"0":{"loc":{"start":{"line":12,"column":4},"end":{"line":17,"column":5}},"type":"if","locations":[{"start":{"line":12,"column":4},"end":{"line":17,"column":5}},{"start":{},"end":{}}],"line":12},"1":{"loc":{"start":{"line":23,"column":4},"end":{"line":28,"column":5}},"type":"if","locations":[{"start":{"line":23,"column":4},"end":{"line":28,"column":5}},{"start":{},"end":{}}],"line":23},"2":{"loc":{"start":{"line":39,"column":8},"end":{"line":41,"column":9}},"type":"if","locations":[{"start":{"line":39,"column":8},"end":{"line":41,"column":9}},{"start":{},"end":{}}],"line":39},"3":{"loc":{"start":{"line":56,"column":14},"end":{"line":56,"column":52}},"type":"cond-expr","locations":[{"start":{"line":56,"column":34},"end":{"line":56,"column":40}},{"start":{"line":56,"column":43},"end":{"line":56,"column":52}}],"line":56},"4":{"loc":{"start":{"line":79,"column":4},"end":{"line":92,"column":5}},"type":"if","locations":[{"start":{"line":79,"column":4},"end":{"line":92,"column":5}},{"start":{"line":83,"column":11},"end":{"line":92,"column":5}}],"line":79},"5":{"loc":{"start":{"line":79,"column":8},"end":{"line":79,"column":40}},"type":"binary-expr","locations":[{"start":{"line":79,"column":8},"end":{"line":79,"column":20}},{"start":{"line":79,"column":24},"end":{"line":79,"column":40}}],"line":79},"6":{"loc":{"start":{"line":83,"column":11},"end":{"line":92,"column":5}},"type":"if","locations":[{"start":{"line":83,"column":11},"end":{"line":92,"column":5}},{"start":{"line":86,"column":11},"end":{"line":92,"column":5}}],"line":83},"7":{"loc":{"start":{"line":86,"column":11},"end":{"line":92,"column":5}},"type":"if","locations":[{"start":{"line":86,"column":11},"end":{"line":92,"column":5}},{"start":{"line":90,"column":11},"end":{"line":92,"column":5}}],"line":86},"8":{"loc":{"start":{"line":86,"column":15},"end":{"line":86,"column":40}},"type":"binary-expr","locations":[{"start":{"line":86,"column":15},"end":{"line":86,"column":27}},{"start":{"line":86,"column":31},"end":{"line":86,"column":40}}],"line":86},"9":{"loc":{"start":{"line":110,"column":4},"end":{"line":126,"column":5}},"type":"if","locations":[{"start":{"line":110,"column":4},"end":{"line":126,"column":5}},{"start":{"line":112,"column":11},"end":{"line":126,"column":5}}],"line":110},"10":{"loc":{"start":{"line":110,"column":8},"end":{"line":110,"column":67}},"type":"binary-expr","locations":[{"start":{"line":110,"column":8},"end":{"line":110,"column":36}},{"start":{"line":110,"column":40},"end":{"line":110,"column":67}}],"line":110},"11":{"loc":{"start":{"line":112,"column":11},"end":{"line":126,"column":5}},"type":"if","locations":[{"start":{"line":112,"column":11},"end":{"line":126,"column":5}},{"start":{"line":114,"column":11},"end":{"line":126,"column":5}}],"line":112},"12":{"loc":{"start":{"line":112,"column":15},"end":{"line":112,"column":70}},"type":"binary-expr","locations":[{"start":{"line":112,"column":15},"end":{"line":112,"column":41}},{"start":{"line":112,"column":45},"end":{"line":112,"column":70}}],"line":112},"13":{"loc":{"start":{"line":114,"column":11},"end":{"line":126,"column":5}},"type":"if","locations":[{"start":{"line":114,"column":11},"end":{"line":126,"column":5}},{"start":{"line":116,"column":11},"end":{"line":126,"column":5}}],"line":114},"14":{"loc":{"start":{"line":114,"column":15},"end":{"line":114,"column":98}},"type":"binary-expr","locations":[{"start":{"line":114,"column":15},"end":{"line":114,"column":38}},{"start":{"line":114,"column":42},"end":{"line":114,"column":72}},{"start":{"line":114,"column":76},"end":{"line":114,"column":98}}],"line":114},"15":{"loc":{"start":{"line":116,"column":11},"end":{"line":126,"column":5}},"type":"if","locations":[{"start":{"line":116,"column":11},"end":{"line":126,"column":5}},{"start":{"line":118,"column":11},"end":{"line":126,"column":5}}],"line":116},"16":{"loc":{"start":{"line":118,"column":11},"end":{"line":126,"column":5}},"type":"if","locations":[{"start":{"line":118,"column":11},"end":{"line":126,"column":5}},{"start":{"line":120,"column":11},"end":{"line":126,"column":5}}],"line":118},"17":{"loc":{"start":{"line":118,"column":15},"end":{"line":118,"column":63}},"type":"binary-expr","locations":[{"start":{"line":118,"column":15},"end":{"line":118,"column":37}},{"start":{"line":118,"column":41},"end":{"line":118,"column":63}}],"line":118},"18":{"loc":{"start":{"line":120,"column":11},"end":{"line":126,"column":5}},"type":"if","locations":[{"start":{"line":120,"column":11},"end":{"line":126,"column":5}},{"start":{"line":122,"column":11},"end":{"line":126,"column":5}}],"line":120},"19":{"loc":{"start":{"line":120,"column":15},"end":{"line":120,"column":93}},"type":"binary-expr","locations":[{"start":{"line":120,"column":15},"end":{"line":120,"column":38}},{"start":{"line":120,"column":42},"end":{"line":120,"column":65}},{"start":{"line":120,"column":69},"end":{"line":120,"column":93}}],"line":120},"20":{"loc":{"start":{"line":122,"column":11},"end":{"line":126,"column":5}},"type":"if","locations":[{"start":{"line":122,"column":11},"end":{"line":126,"column":5}},{"start":{"line":124,"column":11},"end":{"line":126,"column":5}}],"line":122},"21":{"loc":{"start":{"line":122,"column":15},"end":{"line":122,"column":94}},"type":"binary-expr","locations":[{"start":{"line":122,"column":15},"end":{"line":122,"column":39}},{"start":{"line":122,"column":43},"end":{"line":122,"column":67}},{"start":{"line":122,"column":71},"end":{"line":122,"column":94}}],"line":122},"22":{"loc":{"start":{"line":124,"column":11},"end":{"line":126,"column":5}},"type":"if","locations":[{"start":{"line":124,"column":11},"end":{"line":126,"column":5}},{"start":{},"end":{}}],"line":124},"23":{"loc":{"start":{"line":137,"column":2},"end":{"line":139,"column":3}},"type":"if","locations":[{"start":{"line":137,"column":2},"end":{"line":139,"column":3}},{"start":{},"end":{}}],"line":137},"24":{"loc":{"start":{"line":137,"column":6},"end":{"line":137,"column":35}},"type":"binary-expr","locations":[{"start":{"line":137,"column":6},"end":{"line":137,"column":12}},{"start":{"line":137,"column":16},"end":{"line":137,"column":35}}],"line":137},"25":{"loc":{"start":{"line":148,"column":2},"end":{"line":154,"column":3}},"type":"if","locations":[{"start":{"line":148,"column":2},"end":{"line":154,"column":3}},{"start":{},"end":{}}],"line":148},"26":{"loc":{"start":{"line":151,"column":4},"end":{"line":153,"column":5}},"type":"if","locations":[{"start":{"line":151,"column":4},"end":{"line":153,"column":5}},{"start":{},"end":{}}],"line":151},"27":{"loc":{"start":{"line":157,"column":2},"end":{"line":163,"column":3}},"type":"if","locations":[{"start":{"line":157,"column":2},"end":{"line":163,"column":3}},{"start":{},"end":{}}],"line":157},"28":{"loc":{"start":{"line":159,"column":4},"end":{"line":162,"column":5}},"type":"if","locations":[{"start":{"line":159,"column":4},"end":{"line":162,"column":5}},{"start":{},"end":{}}],"line":159},"29":{"loc":{"start":{"line":166,"column":2},"end":{"line":173,"column":3}},"type":"if","locations":[{"start":{"line":166,"column":2},"end":{"line":173,"column":3}},{"start":{},"end":{}}],"line":166},"30":{"loc":{"start":{"line":169,"column":4},"end":{"line":172,"column":5}},"type":"if","locations":[{"start":{"line":169,"column":4},"end":{"line":172,"column":5}},{"start":{},"end":{}}],"line":169},"31":{"loc":{"start":{"line":176,"column":2},"end":{"line":181,"column":3}},"type":"if","locations":[{"start":{"line":176,"column":2},"end":{"line":181,"column":3}},{"start":{},"end":{}}],"line":176},"32":{"loc":{"start":{"line":178,"column":4},"end":{"line":180,"column":5}},"type":"if","locations":[{"start":{"line":178,"column":4},"end":{"line":180,"column":5}},{"start":{},"end":{}}],"line":178},"33":{"loc":{"start":{"line":184,"column":2},"end":{"line":189,"column":3}},"type":"if","locations":[{"start":{"line":184,"column":2},"end":{"line":189,"column":3}},{"start":{},"end":{}}],"line":184},"34":{"loc":{"start":{"line":186,"column":4},"end":{"line":188,"column":5}},"type":"if","locations":[{"start":{"line":186,"column":4},"end":{"line":188,"column":5}},{"start":{},"end":{}}],"line":186},"35":{"loc":{"start":{"line":192,"column":2},"end":{"line":197,"column":3}},"type":"if","locations":[{"start":{"line":192,"column":2},"end":{"line":197,"column":3}},{"start":{},"end":{}}],"line":192},"36":{"loc":{"start":{"line":194,"column":4},"end":{"line":196,"column":5}},"type":"if","locations":[{"start":{"line":194,"column":4},"end":{"line":196,"column":5}},{"start":{},"end":{}}],"line":194},"37":{"loc":{"start":{"line":224,"column":2},"end":{"line":224,"column":28}},"type":"if","locations":[{"start":{"line":224,"column":2},"end":{"line":224,"column":28}},{"start":{},"end":{}}],"line":224},"38":{"loc":{"start":{"line":228,"column":4},"end":{"line":230,"column":5}},"type":"if","locations":[{"start":{"line":228,"column":4},"end":{"line":230,"column":5}},{"start":{},"end":{}}],"line":228},"39":{"loc":{"start":{"line":234,"column":4},"end":{"line":237,"column":5}},"type":"if","locations":[{"start":{"line":234,"column":4},"end":{"line":237,"column":5}},{"start":{},"end":{}}],"line":234},"40":{"loc":{"start":{"line":241,"column":4},"end":{"line":247,"column":5}},"type":"if","locations":[{"start":{"line":241,"column":4},"end":{"line":247,"column":5}},{"start":{},"end":{}}],"line":241},"41":{"loc":{"start":{"line":244,"column":6},"end":{"line":246,"column":7}},"type":"if","locations":[{"start":{"line":244,"column":6},"end":{"line":246,"column":7}},{"start":{},"end":{}}],"line":244},"42":{"loc":{"start":{"line":283,"column":2},"end":{"line":283,"column":29}},"type":"if","locations":[{"start":{"line":283,"column":2},"end":{"line":283,"column":29}},{"start":{},"end":{}}],"line":283},"43":{"loc":{"start":{"line":290,"column":4},"end":{"line":292,"column":5}},"type":"if","locations":[{"start":{"line":290,"column":4},"end":{"line":292,"column":5}},{"start":{},"end":{}}],"line":290},"44":{"loc":{"start":{"line":290,"column":8},"end":{"line":290,"column":33}},"type":"binary-expr","locations":[{"start":{"line":290,"column":8},"end":{"line":290,"column":20}},{"start":{"line":290,"column":24},"end":{"line":290,"column":33}}],"line":290},"45":{"loc":{"start":{"line":308,"column":2},"end":{"line":319,"column":3}},"type":"if","locations":[{"start":{"line":308,"column":2},"end":{"line":319,"column":3}},{"start":{},"end":{}}],"line":308},"46":{"loc":{"start":{"line":308,"column":6},"end":{"line":308,"column":92}},"type":"binary-expr","locations":[{"start":{"line":308,"column":6},"end":{"line":308,"column":31}},{"start":{"line":308,"column":35},"end":{"line":308,"column":61}},{"start":{"line":308,"column":65},"end":{"line":308,"column":92}}],"line":308},"47":{"loc":{"start":{"line":309,"column":4},"end":{"line":311,"column":5}},"type":"if","locations":[{"start":{"line":309,"column":4},"end":{"line":311,"column":5}},{"start":{},"end":{}}],"line":309},"48":{"loc":{"start":{"line":309,"column":8},"end":{"line":309,"column":84}},"type":"binary-expr","locations":[{"start":{"line":309,"column":8},"end":{"line":309,"column":34}},{"start":{"line":309,"column":38},"end":{"line":309,"column":59}},{"start":{"line":309,"column":63},"end":{"line":309,"column":84}}],"line":309},"49":{"loc":{"start":{"line":312,"column":4},"end":{"line":314,"column":5}},"type":"if","locations":[{"start":{"line":312,"column":4},"end":{"line":314,"column":5}},{"start":{},"end":{}}],"line":312},"50":{"loc":{"start":{"line":312,"column":8},"end":{"line":312,"column":59}},"type":"binary-expr","locations":[{"start":{"line":312,"column":8},"end":{"line":312,"column":33}},{"start":{"line":312,"column":37},"end":{"line":312,"column":59}}],"line":312},"51":{"loc":{"start":{"line":315,"column":4},"end":{"line":317,"column":5}},"type":"if","locations":[{"start":{"line":315,"column":4},"end":{"line":317,"column":5}},{"start":{},"end":{}}],"line":315},"52":{"loc":{"start":{"line":315,"column":8},"end":{"line":315,"column":89}},"type":"binary-expr","locations":[{"start":{"line":315,"column":8},"end":{"line":315,"column":36}},{"start":{"line":315,"column":40},"end":{"line":315,"column":63}},{"start":{"line":315,"column":67},"end":{"line":315,"column":89}}],"line":315},"53":{"loc":{"start":{"line":322,"column":2},"end":{"line":324,"column":3}},"type":"if","locations":[{"start":{"line":322,"column":2},"end":{"line":324,"column":3}},{"start":{},"end":{}}],"line":322},"54":{"loc":{"start":{"line":322,"column":6},"end":{"line":322,"column":88}},"type":"binary-expr","locations":[{"start":{"line":322,"column":6},"end":{"line":322,"column":34}},{"start":{"line":322,"column":38},"end":{"line":322,"column":64}},{"start":{"line":322,"column":68},"end":{"line":322,"column":88}}],"line":322},"55":{"loc":{"start":{"line":327,"column":2},"end":{"line":329,"column":3}},"type":"if","locations":[{"start":{"line":327,"column":2},"end":{"line":329,"column":3}},{"start":{},"end":{}}],"line":327},"56":{"loc":{"start":{"line":327,"column":6},"end":{"line":327,"column":87}},"type":"binary-expr","locations":[{"start":{"line":327,"column":6},"end":{"line":327,"column":33}},{"start":{"line":327,"column":37},"end":{"line":327,"column":59}},{"start":{"line":327,"column":63},"end":{"line":327,"column":87}}],"line":327},"57":{"loc":{"start":{"line":332,"column":2},"end":{"line":334,"column":3}},"type":"if","locations":[{"start":{"line":332,"column":2},"end":{"line":334,"column":3}},{"start":{},"end":{}}],"line":332},"58":{"loc":{"start":{"line":332,"column":6},"end":{"line":332,"column":58}},"type":"binary-expr","locations":[{"start":{"line":332,"column":6},"end":{"line":332,"column":28}},{"start":{"line":332,"column":32},"end":{"line":332,"column":58}}],"line":332},"59":{"loc":{"start":{"line":346,"column":20},"end":{"line":346,"column":42}},"type":"binary-expr","locations":[{"start":{"line":346,"column":20},"end":{"line":346,"column":36}},{"start":{"line":346,"column":40},"end":{"line":346,"column":42}}],"line":346},"60":{"loc":{"start":{"line":356,"column":4},"end":{"line":358,"column":5}},"type":"if","locations":[{"start":{"line":356,"column":4},"end":{"line":358,"column":5}},{"start":{},"end":{}}],"line":356},"61":{"loc":{"start":{"line":369,"column":4},"end":{"line":371,"column":5}},"type":"if","locations":[{"start":{"line":369,"column":4},"end":{"line":371,"column":5}},{"start":{},"end":{}}],"line":369},"62":{"loc":{"start":{"line":369,"column":8},"end":{"line":369,"column":60}},"type":"binary-expr","locations":[{"start":{"line":369,"column":8},"end":{"line":369,"column":30}},{"start":{"line":369,"column":34},"end":{"line":369,"column":60}}],"line":369},"63":{"loc":{"start":{"line":375,"column":2},"end":{"line":380,"column":3}},"type":"if","locations":[{"start":{"line":375,"column":2},"end":{"line":380,"column":3}},{"start":{},"end":{}}],"line":375},"64":{"loc":{"start":{"line":377,"column":4},"end":{"line":379,"column":5}},"type":"if","locations":[{"start":{"line":377,"column":4},"end":{"line":379,"column":5}},{"start":{},"end":{}}],"line":377},"65":{"loc":{"start":{"line":385,"column":4},"end":{"line":387,"column":5}},"type":"if","locations":[{"start":{"line":385,"column":4},"end":{"line":387,"column":5}},{"start":{},"end":{}}],"line":385},"66":{"loc":{"start":{"line":397,"column":20},"end":{"line":397,"column":42}},"type":"binary-expr","locations":[{"start":{"line":397,"column":20},"end":{"line":397,"column":36}},{"start":{"line":397,"column":40},"end":{"line":397,"column":42}}],"line":397},"67":{"loc":{"start":{"line":400,"column":2},"end":{"line":400,"column":33}},"type":"if","locations":[{"start":{"line":400,"column":2},"end":{"line":400,"column":33}},{"start":{},"end":{}}],"line":400},"68":{"loc":{"start":{"line":405,"column":2},"end":{"line":407,"column":3}},"type":"if","locations":[{"start":{"line":405,"column":2},"end":{"line":407,"column":3}},{"start":{},"end":{}}],"line":405},"69":{"loc":{"start":{"line":405,"column":6},"end":{"line":405,"column":72}},"type":"binary-expr","locations":[{"start":{"line":405,"column":6},"end":{"line":405,"column":38}},{"start":{"line":405,"column":42},"end":{"line":405,"column":72}}],"line":405},"70":{"loc":{"start":{"line":410,"column":2},"end":{"line":412,"column":3}},"type":"if","locations":[{"start":{"line":410,"column":2},"end":{"line":412,"column":3}},{"start":{},"end":{}}],"line":410}},"s":{"0":0,"1":0,"2":0,"3":0,"4":0,"5":0,"6":0,"7":0,"8":0,"9":0,"10":0,"11":0,"12":0,"13":0,"14":0,"15":0,"16":0,"17":0,"18":0,"19":0,"20":0,"21":0,"22":0,"23":0,"24":0,"25":0,"26":0,"27":0,"28":0,"29":0,"30":0,"31":0,"32":0,"33":0,"34":0,"35":0,"36":0,"37":0,"38":0,"39":0,"40":0,"41":0,"42":0,"43":0,"44":0,"45":0,"46":0,"47":0,"48":0,"49":0,"50":0,"51":0,"52":0,"53":0,"54":0,"55":0,"56":0,"57":0,"58":0,"59":0,"60":0,"61":0,"62":0,"63":0,"64":0,"65":0,"66":0,"67":0,"68":0,"69":0,"70":0,"71":0,"72":0,"73":0,"74":0,"75":0,"76":0,"77":0,"78":0,"79":0,"80":0,"81":0,"82":0,"83":0,"84":0,"85":0,"86":0,"87":0,"88":0,"89":0,"90":0,"91":0,"92":0,"93":0,"94":0,"95":0,"96":0,"97":0,"98":0,"99":0,"100":0,"101":0,"102":0,"103":0,"104":0,"105":0,"106":0,"107":0,"108":0,"109":0,"110":0,"111":0,"112":0,"113":0,"114":0,"115":0,"116":0,"117":0,"118":0,"119":0,"120":0,"121":0,"122":0,"123":0,"124":0,"125":0,"126":0,"127":0,"128":0,"129":0,"130":0,"131":0,"132":0,"133":0,"134":0,"135":0,"136":0,"137":0,"138":0,"139":0,"140":0,"141":0,"142":0,"143":0,"144":0,"145":0,"146":0,"147":0,"148":0,"149":0,"150":0,"151":0,"152":0,"153":0,"154":0,"155":0,"156":0,"157":0,"158":0,"159":0,"160":0,"161":0,"162":0,"163":0,"164":0,"165":0,"166":0,"167":0,"168":0,"169":0,"170":0,"171":0,"172":0,"173":0,"174":0,"175":0,"176":0,"177":0,"178":0,"179":0,"180":0,"181":0,"182":0,"183":0,"184":0,"185":0},"f":{"0":0,"1":0,"2":0,"3":0,"4":0,"5":0,"6":0,"7":0,"8":0,"9":0,"10":0,"11":0,"12":0},"b":{"0":[0,0],"1":[0,0],"2":[0,0],"3":[0,0],"4":[0,0],"5":[0,0],"6":[0,0],"7":[0,0],"8":[0,0],"9":[0,0],"10":[0,0],"11":[0,0],"12":[0,0],"13":[0,0],"14":[0,0,0],"15":[0,0],"16":[0,0],"17":[0,0],"18":[0,0],"19":[0,0,0],"20":[0,0],"21":[0,0,0],"22":[0,0],"23":[0,0],"24":[0,0],"25":[0,0],"26":[0,0],"27":[0,0],"28":[0,0],"29":[0,0],"30":[0,0],"31":[0,0],"32":[0,0],"33":[0,0],"34":[0,0],"35":[0,0],"36":[0,0],"37":[0,0],"38":[0,0],"39":[0,0],"40":[0,0],"41":[0,0],"42":[0,0],"43":[0,0],"44":[0,0],"45":[0,0],"46":[0,0,0],"47":[0,0],"48":[0,0,0],"49":[0,0],"50":[0,0],"51":[0,0],"52":[0,0,0],"53":[0,0],"54":[0,0,0],"55":[0,0],"56":[0,0,0],"57":[0,0],"58":[0,0],"59":[0,0],"60":[0,0],"61":[0,0],"62":[0,0],"63":[0,0],"64":[0,0],"65":[0,0],"66":[0,0],"67":[0,0],"68":[0,0],"69":[0,0],"70":[0,0]}}
,"C:\\Projects\\Engram\\index.js": {"path":"C:\\Projects\\Engram\\index.js","statementMap":{"0":{"start":{"line":4,"column":0},"end":{"line":4,"column":27}}},"fnMap":{},"branchMap":{},"s":{"0":0},"f":{},"b":{}}
,"C:\\Projects\\Engram\\jest.config.js": {"path":"C:\\Projects\\Engram\\jest.config.js","statementMap":{"0":{"start":{"line":1,"column":0},"end":{"line":16,"column":1}}},"fnMap":{},"branchMap":{},"s":{"0":0},"f":{},"b":{}}
,"C:\\Projects\\Engram\\components\\PhotoViewer.js": {"path":"C:\\Projects\\Engram\\components\\PhotoViewer.js","statementMap":{"0":{"start":{"line":5,"column":26},"end":{"line":5,"column":50}},"1":{"start":{"line":7,"column":27},"end":{"line":55,"column":1}},"2":{"start":{"line":8,"column":42},"end":{"line":8,"column":69}},"3":{"start":{"line":10,"column":21},"end":{"line":12,"column":3}},"4":{"start":{"line":11,"column":4},"end":{"line":11,"column":51}},"5":{"start":{"line":11,"column":28},"end":{"line":11,"column":49}},"6":{"start":{"line":13,"column":21},"end":{"line":15,"column":3}},"7":{"start":{"line":14,"column":4},"end":{"line":14,"column":75}},"8":{"start":{"line":14,"column":28},"end":{"line":14,"column":73}},"9":{"start":{"line":17,"column":2},"end":{"line":17,"column":45}},"10":{"start":{"line":17,"column":33},"end":{"line":17,"column":45}},"11":{"start":{"line":19,"column":2},"end":{"line":54,"column":4}},"12":{"start":{"line":32,"column":24},"end":{"line":32,"column":73}},"13":{"start":{"line":33,"column":12},"end":{"line":33,"column":33}},"14":{"start":{"line":37,"column":12},"end":{"line":39,"column":19}},"15":{"start":{"line":57,"column":0},"end":{"line":62,"column":2}},"16":{"start":{"line":64,"column":15},"end":{"line":117,"column":2}}},"fnMap":{"0":{"name":"(anonymous_0)","decl":{"start":{"line":7,"column":27},"end":{"line":7,"column":28}},"loc":{"start":{"line":7,"column":75},"end":{"line":55,"column":1}},"line":7},"1":{"name":"(anonymous_1)","decl":{"start":{"line":10,"column":21},"end":{"line":10,"column":22}},"loc":{"start":{"line":10,"column":27},"end":{"line":12,"column":3}},"line":10},"2":{"name":"(anonymous_2)","decl":{"start":{"line":11,"column":20},"end":{"line":11,"column":21}},"loc":{"start":{"line":11,"column":28},"end":{"line":11,"column":49}},"line":11},"3":{"name":"(anonymous_3)","decl":{"start":{"line":13,"column":21},"end":{"line":13,"column":22}},"loc":{"start":{"line":13,"column":27},"end":{"line":15,"column":3}},"line":13},"4":{"name":"(anonymous_4)","decl":{"start":{"line":14,"column":20},"end":{"line":14,"column":21}},"loc":{"start":{"line":14,"column":28},"end":{"line":14,"column":73}},"line":14},"5":{"name":"(anonymous_5)","decl":{"start":{"line":31,"column":31},"end":{"line":31,"column":32}},"loc":{"start":{"line":31,"column":38},"end":{"line":34,"column":11}},"line":31},"6":{"name":"(anonymous_6)","decl":{"start":{"line":36,"column":22},"end":{"line":36,"column":23}},"loc":{"start":{"line":37,"column":12},"end":{"line":39,"column":19}},"line":37}},"branchMap":{"0":{"loc":{"start":{"line":8,"column":51},"end":{"line":8,"column":68}},"type":"binary-expr","locations":[{"start":{"line":8,"column":51},"end":{"line":8,"column":63}},{"start":{"line":8,"column":67},"end":{"line":8,"column":68}}],"line":8},"1":{"loc":{"start":{"line":14,"column":38},"end":{"line":14,"column":50}},"type":"binary-expr","locations":[{"start":{"line":14,"column":38},"end":{"line":14,"column":44}},{"start":{"line":14,"column":48},"end":{"line":14,"column":50}}],"line":14},"2":{"loc":{"start":{"line":17,"column":2},"end":{"line":17,"column":45}},"type":"if","locations":[{"start":{"line":17,"column":2},"end":{"line":17,"column":45}},{"start":{},"end":{}}],"line":17},"3":{"loc":{"start":{"line":17,"column":6},"end":{"line":17,"column":31}},"type":"binary-expr","locations":[{"start":{"line":17,"column":6},"end":{"line":17,"column":13}},{"start":{"line":17,"column":17},"end":{"line":17,"column":31}}],"line":17},"4":{"loc":{"start":{"line":45,"column":46},"end":{"line":45,"column":90}},"type":"binary-expr","locations":[{"start":{"line":45,"column":46},"end":{"line":45,"column":64}},{"start":{"line":45,"column":68},"end":{"line":45,"column":90}}],"line":45},"5":{"loc":{"start":{"line":49,"column":46},"end":{"line":49,"column":106}},"type":"binary-expr","locations":[{"start":{"line":49,"column":46},"end":{"line":49,"column":80}},{"start":{"line":49,"column":84},"end":{"line":49,"column":106}}],"line":49}},"s":{"0":1,"1":1,"2":2,"3":2,"4":0,"5":0,"6":2,"7":0,"8":0,"9":2,"10":1,"11":1,"12":0,"13":0,"14":2,"15":1,"16":1},"f":{"0":2,"1":0,"2":0,"3":0,"4":0,"5":0,"6":2},"b":{"0":[2,2],"1":[0,0],"2":[1,1],"3":[2,2],"4":[1,1],"5":[1,0]},"_coverageSchema":"1a1c01bbd47fc00a2c39e90264f33305004495a9","hash":"7056447b0a4bb8a1d1ab30620bace607a41c178b"}
,"C:\\Projects\\Engram\\components\\QuickView.js": {"path":"C:\\Projects\\Engram\\components\\QuickView.js","statementMap":{"0":{"start":{"line":6,"column":25},"end":{"line":114,"column":1}},"1":{"start":{"line":7,"column":2},"end":{"line":7,"column":28}},"2":{"start":{"line":7,"column":16},"end":{"line":7,"column":28}},"3":{"start":{"line":9,"column":21},"end":{"line":13,"column":3}},"4":{"start":{"line":10,"column":4},"end":{"line":12,"column":5}},"5":{"start":{"line":11,"column":6},"end":{"line":11,"column":57}},"6":{"start":{"line":15,"column":2},"end":{"line":113,"column":4}},"7":{"start":{"line":105,"column":31},"end":{"line":105,"column":41}},"8":{"start":{"line":105,"column":42},"end":{"line":105,"column":58}},"9":{"start":{"line":116,"column":0},"end":{"line":122,"column":2}},"10":{"start":{"line":124,"column":15},"end":{"line":201,"column":2}}},"fnMap":{"0":{"name":"(anonymous_0)","decl":{"start":{"line":6,"column":25},"end":{"line":6,"column":26}},"loc":{"start":{"line":6,"column":76},"end":{"line":114,"column":1}},"line":6},"1":{"name":"(anonymous_1)","decl":{"start":{"line":9,"column":21},"end":{"line":9,"column":22}},"loc":{"start":{"line":9,"column":27},"end":{"line":13,"column":3}},"line":9},"2":{"name":"(anonymous_2)","decl":{"start":{"line":11,"column":47},"end":{"line":11,"column":48}},"loc":{"start":{"line":11,"column":53},"end":{"line":11,"column":55}},"line":11},"3":{"name":"(anonymous_3)","decl":{"start":{"line":105,"column":23},"end":{"line":105,"column":24}},"loc":{"start":{"line":105,"column":29},"end":{"line":105,"column":60}},"line":105}},"branchMap":{"0":{"loc":{"start":{"line":7,"column":2},"end":{"line":7,"column":28}},"type":"if","locations":[{"start":{"line":7,"column":2},"end":{"line":7,"column":28}},{"start":{},"end":{}}],"line":7},"1":{"loc":{"start":{"line":10,"column":4},"end":{"line":12,"column":5}},"type":"if","locations":[{"start":{"line":10,"column":4},"end":{"line":12,"column":5}},{"start":{},"end":{}}],"line":10},"2":{"loc":{"start":{"line":29,"column":15},"end":{"line":33,"column":15}},"type":"binary-expr","locations":[{"start":{"line":29,"column":15},"end":{"line":29,"column":31}},{"start":{"line":30,"column":16},"end":{"line":32,"column":23}}],"line":29},"3":{"loc":{"start":{"line":34,"column":15},"end":{"line":38,"column":15}},"type":"binary-expr","locations":[{"start":{"line":34,"column":15},"end":{"line":34,"column":27}},{"start":{"line":35,"column":16},"end":{"line":37,"column":23}}],"line":34},"4":{"loc":{"start":{"line":39,"column":15},"end":{"line":43,"column":15}},"type":"binary-expr","locations":[{"start":{"line":39,"column":15},"end":{"line":39,"column":31}},{"start":{"line":40,"column":16},"end":{"line":42,"column":23}}],"line":39},"5":{"loc":{"start":{"line":47,"column":13},"end":{"line":66,"column":13}},"type":"binary-expr","locations":[{"start":{"line":47,"column":14},"end":{"line":47,"column":38}},{"start":{"line":47,"column":42},"end":{"line":47,"column":66}},{"start":{"line":47,"column":70},"end":{"line":47,"column":90}},{"start":{"line":48,"column":14},"end":{"line":65,"column":21}}],"line":47},"6":{"loc":{"start":{"line":50,"column":17},"end":{"line":54,"column":17}},"type":"binary-expr","locations":[{"start":{"line":50,"column":17},"end":{"line":50,"column":41}},{"start":{"line":51,"column":18},"end":{"line":53,"column":25}}],"line":50},"7":{"loc":{"start":{"line":55,"column":17},"end":{"line":59,"column":17}},"type":"binary-expr","locations":[{"start":{"line":55,"column":17},"end":{"line":55,"column":41}},{"start":{"line":56,"column":18},"end":{"line":58,"column":25}}],"line":55},"8":{"loc":{"start":{"line":60,"column":17},"end":{"line":64,"column":17}},"type":"binary-expr","locations":[{"start":{"line":60,"column":17},"end":{"line":60,"column":37}},{"start":{"line":61,"column":18},"end":{"line":63,"column":25}}],"line":60},"9":{"loc":{"start":{"line":69,"column":13},"end":{"line":83,"column":13}},"type":"binary-expr","locations":[{"start":{"line":69,"column":14},"end":{"line":69,"column":32}},{"start":{"line":69,"column":36},"end":{"line":69,"column":58}},{"start":{"line":70,"column":14},"end":{"line":82,"column":21}}],"line":69},"10":{"loc":{"start":{"line":72,"column":17},"end":{"line":76,"column":17}},"type":"binary-expr","locations":[{"start":{"line":72,"column":17},"end":{"line":72,"column":35}},{"start":{"line":73,"column":18},"end":{"line":75,"column":25}}],"line":72},"11":{"loc":{"start":{"line":77,"column":17},"end":{"line":81,"column":17}},"type":"binary-expr","locations":[{"start":{"line":77,"column":17},"end":{"line":77,"column":39}},{"start":{"line":78,"column":18},"end":{"line":80,"column":25}}],"line":77},"12":{"loc":{"start":{"line":86,"column":13},"end":{"line":93,"column":13}},"type":"binary-expr","locations":[{"start":{"line":86,"column":13},"end":{"line":86,"column":30}},{"start":{"line":87,"column":14},"end":{"line":92,"column":33}}],"line":86},"13":{"loc":{"start":{"line":98,"column":73},"end":{"line":98,"column":99}},"type":"binary-expr","locations":[{"start":{"line":98,"column":73},"end":{"line":98,"column":89}},{"start":{"line":98,"column":93},"end":{"line":98,"column":99}}],"line":98}},"s":{"0":0,"1":0,"2":0,"3":0,"4":0,"5":0,"6":0,"7":0,"8":0,"9":0,"10":0},"f":{"0":0,"1":0,"2":0,"3":0},"b":{"0":[0,0],"1":[0,0],"2":[0,0],"3":[0,0],"4":[0,0],"5":[0,0,0,0],"6":[0,0],"7":[0,0],"8":[0,0],"9":[0,0,0],"10":[0,0],"11":[0,0],"12":[0,0],"13":[0,0]}}
,"C:\\Projects\\Engram\\components\\UrgentMealSuggestion.js": {"path":"C:\\Projects\\Engram\\components\\UrgentMealSuggestion.js","statementMap":{"0":{"start":{"line":31,"column":29},"end":{"line":137,"column":1}},"1":{"start":{"line":32,"column":21},"end":{"line":32,"column":31}},"2":{"start":{"line":33,"column":38},"end":{"line":33,"column":52}},"3":{"start":{"line":34,"column":36},"end":{"line":34,"column":51}},"4":{"start":{"line":35,"column":22},"end":{"line":35,"column":56}},"5":{"start":{"line":37,"column":2},"end":{"line":39,"column":9}},"6":{"start":{"line":38,"column":4},"end":{"line":38,"column":21}},"7":{"start":{"line":41,"column":25},"end":{"line":59,"column":3}},"8":{"start":{"line":42,"column":4},"end":{"line":58,"column":5}},"9":{"start":{"line":43,"column":26},"end":{"line":43,"column":59}},"10":{"start":{"line":45,"column":6},"end":{"line":55,"column":7}},"11":{"start":{"line":46,"column":26},"end":{"line":46,"column":68}},"12":{"start":{"line":47,"column":8},"end":{"line":47,"column":33}},"13":{"start":{"line":50,"column":8},"end":{"line":54,"column":19}},"14":{"start":{"line":57,"column":6},"end":{"line":57,"column":68}},"15":{"start":{"line":61,"column":24},"end":{"line":71,"column":3}},"16":{"start":{"line":63,"column":4},"end":{"line":70,"column":7}},"17":{"start":{"line":68,"column":6},"end":{"line":68,"column":25}},"18":{"start":{"line":69,"column":6},"end":{"line":69,"column":33}},"19":{"start":{"line":69,"column":21},"end":{"line":69,"column":33}},"20":{"start":{"line":73,"column":23},"end":{"line":80,"column":3}},"21":{"start":{"line":75,"column":4},"end":{"line":78,"column":7}},"22":{"start":{"line":79,"column":4},"end":{"line":79,"column":20}},"23":{"start":{"line":83,"column":2},"end":{"line":85,"column":3}},"24":{"start":{"line":84,"column":4},"end":{"line":84,"column":16}},"25":{"start":{"line":87,"column":59},"end":{"line":87,"column":69}},"26":{"start":{"line":89,"column":2},"end":{"line":136,"column":4}},"27":{"start":{"line":139,"column":15},"end":{"line":200,"column":2}}},"fnMap":{"0":{"name":"(anonymous_0)","decl":{"start":{"line":31,"column":29},"end":{"line":31,"column":30}},"loc":{"start":{"line":31,"column":60},"end":{"line":137,"column":1}},"line":31},"1":{"name":"(anonymous_1)","decl":{"start":{"line":37,"column":12},"end":{"line":37,"column":13}},"loc":{"start":{"line":37,"column":18},"end":{"line":39,"column":3}},"line":37},"2":{"name":"(anonymous_2)","decl":{"start":{"line":41,"column":25},"end":{"line":41,"column":26}},"loc":{"start":{"line":41,"column":37},"end":{"line":59,"column":3}},"line":41},"3":{"name":"(anonymous_3)","decl":{"start":{"line":61,"column":24},"end":{"line":61,"column":25}},"loc":{"start":{"line":61,"column":30},"end":{"line":71,"column":3}},"line":61},"4":{"name":"(anonymous_4)","decl":{"start":{"line":67,"column":13},"end":{"line":67,"column":14}},"loc":{"start":{"line":67,"column":19},"end":{"line":70,"column":5}},"line":67},"5":{"name":"(anonymous_5)","decl":{"start":{"line":73,"column":23},"end":{"line":73,"column":24}},"loc":{"start":{"line":73,"column":29},"end":{"line":80,"column":3}},"line":73}},"branchMap":{"0":{"loc":{"start":{"line":45,"column":6},"end":{"line":55,"column":7}},"type":"if","locations":[{"start":{"line":45,"column":6},"end":{"line":55,"column":7}},{"start":{},"end":{}}],"line":45},"1":{"loc":{"start":{"line":69,"column":6},"end":{"line":69,"column":33}},"type":"if","locations":[{"start":{"line":69,"column":6},"end":{"line":69,"column":33}},{"start":{},"end":{}}],"line":69},"2":{"loc":{"start":{"line":83,"column":2},"end":{"line":85,"column":3}},"type":"if","locations":[{"start":{"line":83,"column":2},"end":{"line":85,"column":3}},{"start":{},"end":{}}],"line":83},"3":{"loc":{"start":{"line":83,"column":6},"end":{"line":83,"column":30}},"type":"binary-expr","locations":[{"start":{"line":83,"column":6},"end":{"line":83,"column":17}},{"start":{"line":83,"column":21},"end":{"line":83,"column":30}}],"line":83},"4":{"loc":{"start":{"line":123,"column":69},"end":{"line":123,"column":107}},"type":"cond-expr","locations":[{"start":{"line":123,"column":99},"end":{"line":123,"column":102}},{"start":{"line":123,"column":105},"end":{"line":123,"column":107}}],"line":123}},"s":{"0":0,"1":0,"2":0,"3":0,"4":0,"5":0,"6":0,"7":0,"8":0,"9":0,"10":0,"11":0,"12":0,"13":0,"14":0,"15":0,"16":0,"17":0,"18":0,"19":0,"20":0,"21":0,"22":0,"23":0,"24":0,"25":0,"26":0,"27":0},"f":{"0":0,"1":0,"2":0,"3":0,"4":0,"5":0},"b":{"0":[0,0],"1":[0,0],"2":[0,0],"3":[0,0],"4":[0,0]}}
,"C:\\Projects\\Engram\\providers\\AuthProvider.js": {"path":"C:\\Projects\\Engram\\providers\\AuthProvider.js","statementMap":{"0":{"start":{"line":37,"column":11},"end":{"line":37,"column":15}},"1":{"start":{"line":39,"column":20},"end":{"line":39,"column":39}},"2":{"start":{"line":41,"column":28},"end":{"line":161,"column":1}},"3":{"start":{"line":42,"column":26},"end":{"line":42,"column":40}},"4":{"start":{"line":43,"column":36},"end":{"line":43,"column":50}},"5":{"start":{"line":44,"column":28},"end":{"line":44,"column":42}},"6":{"start":{"line":47,"column":2},"end":{"line":63,"column":9}},"7":{"start":{"line":48,"column":27},"end":{"line":60,"column":5}},"8":{"start":{"line":49,"column":6},"end":{"line":59,"column":7}},"9":{"start":{"line":51,"column":26},"end":{"line":51,"column":49}},"10":{"start":{"line":52,"column":8},"end":{"line":54,"column":9}},"11":{"start":{"line":53,"column":10},"end":{"line":53,"column":29}},"12":{"start":{"line":55,"column":8},"end":{"line":55,"column":28}},"13":{"start":{"line":57,"column":8},"end":{"line":57,"column":57}},"14":{"start":{"line":58,"column":8},"end":{"line":58,"column":28}},"15":{"start":{"line":62,"column":4},"end":{"line":62,"column":21}},"16":{"start":{"line":65,"column":24},"end":{"line":68,"column":3}},"17":{"start":{"line":66,"column":23},"end":{"line":66,"column":51}},"18":{"start":{"line":67,"column":4},"end":{"line":67,"column":34}},"19":{"start":{"line":70,"column":27},"end":{"line":73,"column":3}},"20":{"start":{"line":72,"column":4},"end":{"line":72,"column":84}},"21":{"start":{"line":75,"column":23},"end":{"line":100,"column":3}},"22":{"start":{"line":76,"column":4},"end":{"line":76,"column":23}},"23":{"start":{"line":77,"column":4},"end":{"line":77,"column":19}},"24":{"start":{"line":79,"column":4},"end":{"line":99,"column":5}},"25":{"start":{"line":80,"column":6},"end":{"line":82,"column":7}},"26":{"start":{"line":81,"column":8},"end":{"line":81,"column":48}},"27":{"start":{"line":83,"column":6},"end":{"line":85,"column":7}},"28":{"start":{"line":84,"column":8},"end":{"line":84,"column":91}},"29":{"start":{"line":88,"column":23},"end":{"line":88,"column":93}},"30":{"start":{"line":89,"column":6},"end":{"line":89,"column":24}},"31":{"start":{"line":90,"column":6},"end":{"line":90,"column":38}},"32":{"start":{"line":91,"column":6},"end":{"line":91,"column":55}},"33":{"start":{"line":93,"column":23},"end":{"line":93,"column":53}},"34":{"start":{"line":94,"column":6},"end":{"line":94,"column":25}},"35":{"start":{"line":95,"column":6},"end":{"line":95,"column":42}},"36":{"start":{"line":96,"column":6},"end":{"line":96,"column":16}},"37":{"start":{"line":98,"column":6},"end":{"line":98,"column":26}},"38":{"start":{"line":102,"column":22},"end":{"line":127,"column":3}},"39":{"start":{"line":103,"column":4},"end":{"line":103,"column":23}},"40":{"start":{"line":104,"column":4},"end":{"line":104,"column":19}},"41":{"start":{"line":106,"column":4},"end":{"line":126,"column":5}},"42":{"start":{"line":107,"column":6},"end":{"line":109,"column":7}},"43":{"start":{"line":108,"column":8},"end":{"line":108,"column":48}},"44":{"start":{"line":110,"column":6},"end":{"line":112,"column":7}},"45":{"start":{"line":111,"column":8},"end":{"line":111,"column":48}},"46":{"start":{"line":115,"column":23},"end":{"line":115,"column":93}},"47":{"start":{"line":116,"column":6},"end":{"line":116,"column":24}},"48":{"start":{"line":117,"column":6},"end":{"line":117,"column":38}},"49":{"start":{"line":118,"column":6},"end":{"line":118,"column":55}},"50":{"start":{"line":120,"column":23},"end":{"line":120,"column":52}},"51":{"start":{"line":121,"column":6},"end":{"line":121,"column":25}},"52":{"start":{"line":122,"column":6},"end":{"line":122,"column":41}},"53":{"start":{"line":123,"column":6},"end":{"line":123,"column":16}},"54":{"start":{"line":125,"column":6},"end":{"line":125,"column":26}},"55":{"start":{"line":129,"column":23},"end":{"line":145,"column":3}},"56":{"start":{"line":130,"column":4},"end":{"line":130,"column":23}},"57":{"start":{"line":131,"column":4},"end":{"line":131,"column":19}},"58":{"start":{"line":133,"column":4},"end":{"line":144,"column":5}},"59":{"start":{"line":135,"column":6},"end":{"line":135,"column":20}},"60":{"start":{"line":136,"column":6},"end":{"line":136,"column":34}},"61":{"start":{"line":138,"column":23},"end":{"line":138,"column":53}},"62":{"start":{"line":139,"column":6},"end":{"line":139,"column":25}},"63":{"start":{"line":140,"column":6},"end":{"line":140,"column":42}},"64":{"start":{"line":141,"column":6},"end":{"line":141,"column":16}},"65":{"start":{"line":143,"column":6},"end":{"line":143,"column":26}},"66":{"start":{"line":147,"column":16},"end":{"line":154,"column":3}},"67":{"start":{"line":156,"column":2},"end":{"line":160,"column":4}},"68":{"start":{"line":163,"column":23},"end":{"line":169,"column":1}},"69":{"start":{"line":164,"column":18},"end":{"line":164,"column":41}},"70":{"start":{"line":165,"column":2},"end":{"line":167,"column":3}},"71":{"start":{"line":166,"column":4},"end":{"line":166,"column":67}},"72":{"start":{"line":168,"column":2},"end":{"line":168,"column":17}}},"fnMap":{"0":{"name":"(anonymous_0)","decl":{"start":{"line":41,"column":28},"end":{"line":41,"column":29}},"loc":{"start":{"line":41,"column":46},"end":{"line":161,"column":1}},"line":41},"1":{"name":"(anonymous_1)","decl":{"start":{"line":47,"column":12},"end":{"line":47,"column":13}},"loc":{"start":{"line":47,"column":18},"end":{"line":63,"column":3}},"line":47},"2":{"name":"(anonymous_2)","decl":{"start":{"line":48,"column":27},"end":{"line":48,"column":28}},"loc":{"start":{"line":48,"column":39},"end":{"line":60,"column":5}},"line":48},"3":{"name":"(anonymous_3)","decl":{"start":{"line":65,"column":24},"end":{"line":65,"column":25}},"loc":{"start":{"line":65,"column":35},"end":{"line":68,"column":3}},"line":65},"4":{"name":"(anonymous_4)","decl":{"start":{"line":70,"column":27},"end":{"line":70,"column":28}},"loc":{"start":{"line":70,"column":41},"end":{"line":73,"column":3}},"line":70},"5":{"name":"(anonymous_5)","decl":{"start":{"line":75,"column":23},"end":{"line":75,"column":24}},"loc":{"start":{"line":75,"column":50},"end":{"line":100,"column":3}},"line":75},"6":{"name":"(anonymous_6)","decl":{"start":{"line":102,"column":22},"end":{"line":102,"column":23}},"loc":{"start":{"line":102,"column":49},"end":{"line":127,"column":3}},"line":102},"7":{"name":"(anonymous_7)","decl":{"start":{"line":129,"column":23},"end":{"line":129,"column":24}},"loc":{"start":{"line":129,"column":35},"end":{"line":145,"column":3}},"line":129},"8":{"name":"(anonymous_8)","decl":{"start":{"line":163,"column":23},"end":{"line":163,"column":24}},"loc":{"start":{"line":163,"column":29},"end":{"line":169,"column":1}},"line":163}},"branchMap":{"0":{"loc":{"start":{"line":52,"column":8},"end":{"line":54,"column":9}},"type":"if","locations":[{"start":{"line":52,"column":8},"end":{"line":54,"column":9}},{"start":{},"end":{}}],"line":52},"1":{"loc":{"start":{"line":72,"column":11},"end":{"line":72,"column":83}},"type":"binary-expr","locations":[{"start":{"line":72,"column":11},"end":{"line":72,"column":31}},{"start":{"line":72,"column":35},"end":{"line":72,"column":60}},{"start":{"line":72,"column":64},"end":{"line":72,"column":83}}],"line":72},"2":{"loc":{"start":{"line":80,"column":6},"end":{"line":82,"column":7}},"type":"if","locations":[{"start":{"line":80,"column":6},"end":{"line":82,"column":7}},{"start":{},"end":{}}],"line":80},"3":{"loc":{"start":{"line":83,"column":6},"end":{"line":85,"column":7}},"type":"if","locations":[{"start":{"line":83,"column":6},"end":{"line":85,"column":7}},{"start":{},"end":{}}],"line":83},"4":{"loc":{"start":{"line":93,"column":23},"end":{"line":93,"column":53}},"type":"binary-expr","locations":[{"start":{"line":93,"column":23},"end":{"line":93,"column":34}},{"start":{"line":93,"column":38},"end":{"line":93,"column":53}}],"line":93},"5":{"loc":{"start":{"line":107,"column":6},"end":{"line":109,"column":7}},"type":"if","locations":[{"start":{"line":107,"column":6},"end":{"line":109,"column":7}},{"start":{},"end":{}}],"line":107},"6":{"loc":{"start":{"line":110,"column":6},"end":{"line":112,"column":7}},"type":"if","locations":[{"start":{"line":110,"column":6},"end":{"line":112,"column":7}},{"start":{},"end":{}}],"line":110},"7":{"loc":{"start":{"line":120,"column":23},"end":{"line":120,"column":52}},"type":"binary-expr","locations":[{"start":{"line":120,"column":23},"end":{"line":120,"column":34}},{"start":{"line":120,"column":38},"end":{"line":120,"column":52}}],"line":120},"8":{"loc":{"start":{"line":138,"column":23},"end":{"line":138,"column":53}},"type":"binary-expr","locations":[{"start":{"line":138,"column":23},"end":{"line":138,"column":34}},{"start":{"line":138,"column":38},"end":{"line":138,"column":53}}],"line":138},"9":{"loc":{"start":{"line":165,"column":2},"end":{"line":167,"column":3}},"type":"if","locations":[{"start":{"line":165,"column":2},"end":{"line":167,"column":3}},{"start":{},"end":{}}],"line":165}},"s":{"0":0,"1":0,"2":0,"3":0,"4":0,"5":0,"6":0,"7":0,"8":0,"9":0,"10":0,"11":0,"12":0,"13":0,"14":0,"15":0,"16":0,"17":0,"18":0,"19":0,"20":0,"21":0,"22":0,"23":0,"24":0,"25":0,"26":0,"27":0,"28":0,"29":0,"30":0,"31":0,"32":0,"33":0,"34":0,"35":0,"36":0,"37":0,"38":0,"39":0,"40":0,"41":0,"42":0,"43":0,"44":0,"45":0,"46":0,"47":0,"48":0,"49":0,"50":0,"51":0,"52":0,"53":0,"54":0,"55":0,"56":0,"57":0,"58":0,"59":0,"60":0,"61":0,"62":0,"63":0,"64":0,"65":0,"66":0,"67":0,"68":0,"69":0,"70":0,"71":0,"72":0},"f":{"0":0,"1":0,"2":0,"3":0,"4":0,"5":0,"6":0,"7":0,"8":0},"b":{"0":[0,0],"1":[0,0,0],"2":[0,0],"3":[0,0],"4":[0,0],"5":[0,0],"6":[0,0],"7":[0,0],"8":[0,0],"9":[0,0]}}
,"C:\\Projects\\Engram\\providers\\DatabaseProvider.js": {"path":"C:\\Projects\\Engram\\providers\\DatabaseProvider.js","statementMap":{"0":{"start":{"line":10,"column":24},"end":{"line":10,"column":43}},"1":{"start":{"line":12,"column":32},"end":{"line":111,"column":1}},"2":{"start":{"line":13,"column":28},"end":{"line":13,"column":40}},"3":{"start":{"line":14,"column":34},"end":{"line":14,"column":46}},"4":{"start":{"line":15,"column":36},"end":{"line":15,"column":50}},"5":{"start":{"line":18,"column":2},"end":{"line":37,"column":9}},"6":{"start":{"line":19,"column":21},"end":{"line":35,"column":5}},"7":{"start":{"line":20,"column":6},"end":{"line":34,"column":7}},"8":{"start":{"line":22,"column":8},"end":{"line":22,"column":39}},"9":{"start":{"line":24,"column":46},"end":{"line":27,"column":10}},"10":{"start":{"line":28,"column":8},"end":{"line":28,"column":30}},"11":{"start":{"line":29,"column":8},"end":{"line":29,"column":36}},"12":{"start":{"line":31,"column":8},"end":{"line":31,"column":52}},"13":{"start":{"line":33,"column":8},"end":{"line":33,"column":28}},"14":{"start":{"line":36,"column":4},"end":{"line":36,"column":15}},"15":{"start":{"line":39,"column":18},"end":{"line":44,"column":3}},"16":{"start":{"line":40,"column":21},"end":{"line":40,"column":37}},"17":{"start":{"line":41,"column":4},"end":{"line":41,"column":37}},"18":{"start":{"line":42,"column":4},"end":{"line":42,"column":23}},"19":{"start":{"line":43,"column":4},"end":{"line":43,"column":16}},"20":{"start":{"line":46,"column":21},"end":{"line":52,"column":3}},"21":{"start":{"line":47,"column":21},"end":{"line":49,"column":5}},"22":{"start":{"line":48,"column":6},"end":{"line":48,"column":53}},"23":{"start":{"line":50,"column":4},"end":{"line":50,"column":37}},"24":{"start":{"line":51,"column":4},"end":{"line":51,"column":23}},"25":{"start":{"line":54,"column":21},"end":{"line":58,"column":3}},"26":{"start":{"line":55,"column":21},"end":{"line":55,"column":57}},"27":{"start":{"line":55,"column":42},"end":{"line":55,"column":56}},"28":{"start":{"line":56,"column":4},"end":{"line":56,"column":37}},"29":{"start":{"line":57,"column":4},"end":{"line":57,"column":23}},"30":{"start":{"line":60,"column":21},"end":{"line":70,"column":3}},"31":{"start":{"line":61,"column":25},"end":{"line":61,"column":58}},"32":{"start":{"line":62,"column":4},"end":{"line":62,"column":45}},"33":{"start":{"line":65,"column":4},"end":{"line":67,"column":5}},"34":{"start":{"line":66,"column":6},"end":{"line":66,"column":56}},"35":{"start":{"line":69,"column":4},"end":{"line":69,"column":24}},"36":{"start":{"line":72,"column":24},"end":{"line":84,"column":3}},"37":{"start":{"line":73,"column":27},"end":{"line":73,"column":67}},"38":{"start":{"line":74,"column":4},"end":{"line":76,"column":7}},"39":{"start":{"line":75,"column":6},"end":{"line":75,"column":38}},"40":{"start":{"line":79,"column":4},"end":{"line":81,"column":5}},"41":{"start":{"line":80,"column":6},"end":{"line":80,"column":59}},"42":{"start":{"line":83,"column":4},"end":{"line":83,"column":26}},"43":{"start":{"line":86,"column":24},"end":{"line":92,"column":3}},"44":{"start":{"line":87,"column":4},"end":{"line":87,"column":36}},"45":{"start":{"line":88,"column":4},"end":{"line":88,"column":51}},"46":{"start":{"line":88,"column":37},"end":{"line":88,"column":48}},"47":{"start":{"line":91,"column":4},"end":{"line":91,"column":41}},"48":{"start":{"line":94,"column":16},"end":{"line":104,"column":3}},"49":{"start":{"line":106,"column":2},"end":{"line":110,"column":4}},"50":{"start":{"line":113,"column":27},"end":{"line":119,"column":1}},"51":{"start":{"line":114,"column":18},"end":{"line":114,"column":45}},"52":{"start":{"line":115,"column":2},"end":{"line":117,"column":3}},"53":{"start":{"line":116,"column":4},"end":{"line":116,"column":74}},"54":{"start":{"line":118,"column":2},"end":{"line":118,"column":17}}},"fnMap":{"0":{"name":"(anonymous_0)","decl":{"start":{"line":12,"column":32},"end":{"line":12,"column":33}},"loc":{"start":{"line":12,"column":50},"end":{"line":111,"column":1}},"line":12},"1":{"name":"(anonymous_1)","decl":{"start":{"line":18,"column":12},"end":{"line":18,"column":13}},"loc":{"start":{"line":18,"column":18},"end":{"line":37,"column":3}},"line":18},"2":{"name":"(anonymous_2)","decl":{"start":{"line":19,"column":21},"end":{"line":19,"column":22}},"loc":{"start":{"line":19,"column":33},"end":{"line":35,"column":5}},"line":19},"3":{"name":"(anonymous_3)","decl":{"start":{"line":39,"column":18},"end":{"line":39,"column":19}},"loc":{"start":{"line":39,"column":34},"end":{"line":44,"column":3}},"line":39},"4":{"name":"(anonymous_4)","decl":{"start":{"line":46,"column":21},"end":{"line":46,"column":22}},"loc":{"start":{"line":46,"column":44},"end":{"line":52,"column":3}},"line":46},"5":{"name":"(anonymous_5)","decl":{"start":{"line":47,"column":31},"end":{"line":47,"column":32}},"loc":{"start":{"line":48,"column":6},"end":{"line":48,"column":53}},"line":48},"6":{"name":"(anonymous_6)","decl":{"start":{"line":54,"column":21},"end":{"line":54,"column":22}},"loc":{"start":{"line":54,"column":35},"end":{"line":58,"column":3}},"line":54},"7":{"name":"(anonymous_7)","decl":{"start":{"line":55,"column":34},"end":{"line":55,"column":35}},"loc":{"start":{"line":55,"column":42},"end":{"line":55,"column":56}},"line":55},"8":{"name":"(anonymous_8)","decl":{"start":{"line":60,"column":21},"end":{"line":60,"column":22}},"loc":{"start":{"line":60,"column":40},"end":{"line":70,"column":3}},"line":60},"9":{"name":"(anonymous_9)","decl":{"start":{"line":72,"column":24},"end":{"line":72,"column":25}},"loc":{"start":{"line":72,"column":47},"end":{"line":84,"column":3}},"line":72},"10":{"name":"(anonymous_10)","decl":{"start":{"line":74,"column":29},"end":{"line":74,"column":30}},"loc":{"start":{"line":75,"column":6},"end":{"line":75,"column":38}},"line":75},"11":{"name":"(anonymous_11)","decl":{"start":{"line":86,"column":24},"end":{"line":86,"column":25}},"loc":{"start":{"line":86,"column":38},"end":{"line":92,"column":3}},"line":86},"12":{"name":"(anonymous_12)","decl":{"start":{"line":88,"column":32},"end":{"line":88,"column":33}},"loc":{"start":{"line":88,"column":37},"end":{"line":88,"column":48}},"line":88},"13":{"name":"(anonymous_13)","decl":{"start":{"line":113,"column":27},"end":{"line":113,"column":28}},"loc":{"start":{"line":113,"column":33},"end":{"line":119,"column":1}},"line":113}},"branchMap":{"0":{"loc":{"start":{"line":48,"column":6},"end":{"line":48,"column":53}},"type":"cond-expr","locations":[{"start":{"line":48,"column":23},"end":{"line":48,"column":46}},{"start":{"line":48,"column":49},"end":{"line":48,"column":53}}],"line":48},"1":{"loc":{"start":{"line":65,"column":4},"end":{"line":67,"column":5}},"type":"if","locations":[{"start":{"line":65,"column":4},"end":{"line":67,"column":5}},{"start":{},"end":{}}],"line":65},"2":{"loc":{"start":{"line":75,"column":6},"end":{"line":75,"column":38}},"type":"cond-expr","locations":[{"start":{"line":75,"column":20},"end":{"line":75,"column":34}},{"start":{"line":75,"column":
[...]
umn":10}}],"line":133},"12":{"loc":{"start":{"line":137,"column":26},"end":{"line":139,"column":11}},"type":"cond-expr","locations":[{"start":{"line":138,"column":6},"end":{"line":138,"column":45}},{"start":{"line":139,"column":6},"end":{"line":139,"column":11}}],"line":137},"13":{"loc":{"start":{"line":141,"column":2},"end":{"line":152,"column":3}},"type":"if","locations":[{"start":{"line":141,"column":2},"end":{"line":152,"column":3}},{"start":{"line":146,"column":9},"end":{"line":152,"column":3}}],"line":141},"14":{"loc":{"start":{"line":141,"column":6},"end":{"line":141,"column":40}},"type":"binary-expr","locations":[{"start":{"line":141,"column":6},"end":{"line":141,"column":21}},{"start":{"line":141,"column":25},"end":{"line":141,"column":40}}],"line":141},"15":{"loc":{"start":{"line":143,"column":24},"end":{"line":145,"column":30}},"type":"cond-expr","locations":[{"start":{"line":144,"column":8},"end":{"line":144,"column":52}},{"start":{"line":145,"column":8},"end":{"line":145,"column":30}}],"line":143},"16":{"loc":{"start":{"line":146,"column":9},"end":{"line":152,"column":3}},"type":"if","locations":[{"start":{"line":146,"column":9},"end":{"line":152,"column":3}},{"start":{"line":149,"column":9},"end":{"line":152,"column":3}}],"line":146},"17":{"loc":{"start":{"line":175,"column":21},"end":{"line":177,"column":7}},"type":"cond-expr","locations":[{"start":{"line":176,"column":6},"end":{"line":176,"column":93}},{"start":{"line":177,"column":6},"end":{"line":177,"column":7}}],"line":175},"18":{"loc":{"start":{"line":181,"column":26},"end":{"line":183,"column":11}},"type":"cond-expr","locations":[{"start":{"line":182,"column":6},"end":{"line":182,"column":45}},{"start":{"line":183,"column":6},"end":{"line":183,"column":11}}],"line":181},"19":{"loc":{"start":{"line":184,"column":2},"end":{"line":184,"column":35}},"type":"if","locations":[{"start":{"line":184,"column":2},"end":{"line":184,"column":35}},{"start":{},"end":{}}],"line":184},"20":{"loc":{"start":{"line":187,"column":28},"end":{"line":187,"column":54}},"type":"binary-expr","locations":[{"start":{"line":187,"column":28},"end":{"line":187,"column":48}},{"start":{"line":187,"column":52},"end":{"line":187,"column":54}}],"line":187},"21":{"loc":{"start":{"line":191,"column":2},"end":{"line":193,"column":53}},"type":"if","locations":[{"start":{"line":191,"column":2},"end":{"line":193,"column":53}},{"start":{"line":192,"column":7},"end":{"line":193,"column":53}}],"line":191},"22":{"loc":{"start":{"line":192,"column":7},"end":{"line":193,"column":53}},"type":"if","locations":[{"start":{"line":192,"column":7},"end":{"line":193,"column":53}},{"start":{"line":193,"column":7},"end":{"line":193,"column":53}}],"line":192},"23":{"loc":{"start":{"line":193,"column":7},"end":{"line":193,"column":53}},"type":"if","locations":[{"start":{"line":193,"column":7},"end":{"line":193,"column":53}},{"start":{},"end":{}}],"line":193},"24":{"loc":{"start":{"line":196,"column":2},"end":{"line":199,"column":3}},"type":"if","locations":[{"start":{"line":196,"column":2},"end":{"line":199,"column":3}},{"start":{},"end":{}}],"line":196}},"s":{"0":0,"1":0,"2":0,"3":0,"4":0,"5":0,"6":0,"7":0,"8":0,"9":0,"10":0,"11":0,"12":0,"13":0,"14":0,"15":0,"16":0,"17":0,"18":0,"19":0,"20":0,"21":0,"22":0,"23":0,"24":0,"25":0,"26":0,"27":0,"28":0,"29":0,"30":0,"31":0,"32":0,"33":0,"34":0,"35":0,"36":0,"37":0,"38":0,"39":0,"40":0,"41":0,"42":0,"43":0,"44":0,"45":0,"46":0,"47":0,"48":0,"49":0,"50":0,"51":0,"52":0},"f":{"0":0,"1":0,"2":0,"3":0,"4":0,"5":0},"b":{"0":[0],"1":[0,0],"2":[0,0],"3":[0,0],"4":[0,0],"5":[0,0],"6":[0,0],"7":[0,0],"8":[0,0],"9":[0,0],"10":[0,0],"11":[0,0],"12":[0,0],"13":[0,0],"14":[0,0],"15":[0,0],"16":[0,0],"17":[0,0],"18":[0,0],"19":[0,0],"20":[0,0],"21":[0,0],"22":[0,0],"23":[0,0],"24":[0,0]}}
,"C:\\Projects\\Engram\\utils\\useDebounce.js": {"path":"C:\\Projects\\Engram\\utils\\useDebounce.js","statementMap":{"0":{"start":{"line":4,"column":36},"end":{"line":4,"column":51}},"1":{"start":{"line":5,"column":2},"end":{"line":8,"column":21}},"2":{"start":{"line":6,"column":15},"end":{"line":6,"column":59}},"3":{"start":{"line":6,"column":32},"end":{"line":6,"column":51}},"4":{"start":{"line":7,"column":4},"end":{"line":7,"column":34}},"5":{"start":{"line":7,"column":17},"end":{"line":7,"column":33}},"6":{"start":{"line":9,"column":2},"end":{"line":9,"column":19}}},"fnMap":{"0":{"name":"useDebounce","decl":{"start":{"line":3,"column":16},"end":{"line":3,"column":27}},"loc":{"start":{"line":3,"column":48},"end":{"line":10,"column":1}},"line":3},"1":{"name":"(anonymous_1)","decl":{"start":{"line":5,"column":12},"end":{"line":5,"column":13}},"loc":{"start":{"line":5,"column":18},"end":{"line":8,"column":3}},"line":5},"2":{"name":"(anonymous_2)","decl":{"start":{"line":6,"column":26},"end":{"line":6,"column":27}},"loc":{"start":{"line":6,"column":32},"end":{"line":6,"column":51}},"line":6},"3":{"name":"(anonymous_3)","decl":{"start":{"line":7,"column":11},"end":{"line":7,"column":12}},"loc":{"start":{"line":7,"column":17},"end":{"line":7,"column":33}},"line":7}},"branchMap":{"0":{"loc":{"start":{"line":3,"column":35},"end":{"line":3,"column":46}},"type":"default-arg","locations":[{"start":{"line":3,"column":43},"end":{"line":3,"column":46}}],"line":3}},"s":{"0":3,"1":3,"2":2,"3":1,"4":2,"5":2,"6":3},"f":{"0":3,"1":2,"2":1,"3":2},"b":{"0":[0]},"_coverageSchema":"1a1c01bbd47fc00a2c39e90264f33305004495a9","hash":"b2a8f71841751141ccdd87e28f8c64c6288b829f"}
,"C:\\Projects\\Engram\\utils\\wishlist-storage.js": {"path":"C:\\Projects\\Engram\\utils\\wishlist-storage.js","statementMap":{"0":{"start":{"line":3,"column":21},"end":{"line":3,"column":39}},"1":{"start":{"line":4,"column":25},"end":{"line":4,"column":47}},"2":{"start":{"line":27,"column":2},"end":{"line":33,"column":3}},"3":{"start":{"line":28,"column":17},"end":{"line":28,"column":57}},"4":{"start":{"line":29,"column":4},"end":{"line":29,"column":40}},"5":{"start":{"line":31,"column":4},"end":{"line":31,"column":54}},"6":{"start":{"line":32,"column":4},"end":{"line":32,"column":14}},"7":{"start":{"line":40,"column":2},"end":{"line":63,"column":3}},"8":{"start":{"line":41,"column":21},"end":{"line":41,"column":40}},"9":{"start":{"line":43,"column":20},"end":{"line":49,"column":5}},"10":{"start":{"line":51,"column":4},"end":{"line":51,"column":27}},"11":{"start":{"line":52,"column":4},"end":{"line":52,"column":71}},"12":{"start":{"line":55,"column":4},"end":{"line":57,"column":5}},"13":{"start":{"line":56,"column":6},"end":{"line":56,"column":74}},"14":{"start":{"line":59,"column":4},"end":{"line":59,"column":19}},"15":{"start":{"line":61,"column":4},"end":{"line":61,"column":56}},"16":{"start":{"line":62,"column":4},"end":{"line":62,"column":16}},"17":{"start":{"line":70,"column":2},"end":{"line":82,"column":3}},"18":{"start":{"line":71,"column":21},"end":{"line":71,"column":40}},"19":{"start":{"line":72,"column":21},"end":{"line":72,"column":64}},"20":{"start":{"line":72,"column":45},"end":{"line":72,"column":63}},"21":{"start":{"line":73,"column":4},"end":{"line":73,"column":71}},"22":{"start":{"line":76,"column":4},"end":{"line":76,"column":35}},"23":{"start":{"line":78,"column":4},"end":{"line":78,"column":16}},"24":{"start":{"line":80,"column":4},"end":{"line":80,"column":61}},"25":{"start":{"line":81,"column":4},"end":{"line":81,"column":16}},"26":{"start":{"line":89,"column":2},"end":{"line":114,"column":3}},"27":{"start":{"line":90,"column":21},"end":{"line":90,"column":40}},"28":{"start":{"line":91,"column":18},"end":{"line":91,"column":64}},"29":{"start":{"line":91,"column":45},"end":{"line":91,"column":63}},"30":{"start":{"line":93,"column":4},"end":{"line":95,"column":5}},"31":{"start":{"line":94,"column":6},"end":{"line":94,"column":50}},"32":{"start":{"line":97,"column":4},"end":{"line":101,"column":6}},"33":{"start":{"line":103,"column":4},"end":{"line":103,"column":71}},"34":{"start":{"line":106,"column":4},"end":{"line":108,"column":5}},"35":{"start":{"line":107,"column":6},"end":{"line":107,"column":78}},"36":{"start":{"line":110,"column":4},"end":{"line":110,"column":27}},"37":{"start":{"line":112,"column":4},"end":{"line":112,"column":61}},"38":{"start":{"line":113,"column":4},"end":{"line":113,"column":16}},"39":{"start":{"line":121,"column":2},"end":{"line":130,"column":3}},"40":{"start":{"line":122,"column":21},"end":{"line":122,"column":40}},"41":{"start":{"line":123,"column":4},"end":{"line":126,"column":6}},"42":{"start":{"line":124,"column":6},"end":{"line":125,"column":66}},"43":{"start":{"line":128,"column":4},"end":{"line":128,"column":55}},"44":{"start":{"line":129,"column":4},"end":{"line":129,"column":17}},"45":{"start":{"line":137,"column":2},"end":{"line":152,"column":3}},"46":{"start":{"line":138,"column":21},"end":{"line":138,"column":40}},"47":{"start":{"line":140,"column":26},"end":{"line":140,"column":56}},"48":{"start":{"line":142,"column":4},"end":{"line":148,"column":7}},"49":{"start":{"line":143,"column":27},"end":{"line":143,"column":80}},"50":{"start":{"line":144,"column":6},"end":{"line":144,"column":50}},"51":{"start":{"line":144,"column":30},"end":{"line":144,"column":50}},"52":{"start":{"line":147,"column":6},"end":{"line":147,"column":59}},"53":{"start":{"line":150,"column":4},"end":{"line":150,"column":54}},"54":{"start":{"line":151,"column":4},"end":{"line":151,"column":14}},"55":{"start":{"line":160,"column":2},"end":{"line":166,"column":3}},"56":{"start":{"line":161,"column":17},"end":{"line":161,"column":61}},"57":{"start":{"line":162,"column":4},"end":{"line":162,"column":40}},"58":{"start":{"line":164,"column":4},"end":{"line":164,"column":57}},"59":{"start":{"line":165,"column":4},"end":{"line":165,"column":14}},"60":{"start":{"line":170,"column":2},"end":{"line":189,"column":3}},"61":{"start":{"line":171,"column":19},"end":{"line":171,"column":41}},"62":{"start":{"line":174,"column":21},"end":{"line":174,"column":84}},"63":{"start":{"line":174,"column":44},"end":{"line":174,"column":83}},"64":{"start":{"line":176,"column":4},"end":{"line":182,"column":7}},"65":{"start":{"line":184,"column":4},"end":{"line":184,"column":75}},"66":{"start":{"line":185,"column":4},"end":{"line":185,"column":16}},"67":{"start":{"line":187,"column":4},"end":{"line":187,"column":55}},"68":{"start":{"line":188,"column":4},"end":{"line":188,"column":17}},"69":{"start":{"line":193,"column":2},"end":{"line":201,"column":3}},"70":{"start":{"line":194,"column":19},"end":{"line":194,"column":41}},"71":{"start":{"line":195,"column":21},"end":{"line":195,"column":84}},"72":{"start":{"line":195,"column":44},"end":{"line":195,"column":83}},"73":{"start":{"line":196,"column":4},"end":{"line":196,"column":75}},"74":{"start":{"line":197,"column":4},"end":{"line":197,"column":16}},"75":{"start":{"line":199,"column":4},"end":{"line":199,"column":58}},"76":{"start":{"line":200,"column":4},"end":{"line":200,"column":17}},"77":{"start":{"line":209,"column":2},"end":{"line":238,"column":3}},"78":{"start":{"line":210,"column":19},"end":{"line":210,"column":41}},"79":{"start":{"line":211,"column":22},"end":{"line":211,"column":24}},"80":{"start":{"line":213,"column":4},"end":{"line":229,"column":5}},"81":{"start":{"line":217,"column":27},"end":{"line":217,"column":70}},"82":{"start":{"line":219,"column":6},"end":{"line":225,"column":7}},"83":{"start":{"line":220,"column":8},"end":{"line":224,"column":11}},"84":{"start":{"line":228,"column":6},"end":{"line":228,"column":51}},"85":{"start":{"line":232,"column":4},"end":{"line":232,"column":73}},"86":{"start":{"line":234,"column":4},"end":{"line":234,"column":21}},"87":{"start":{"line":236,"column":4},"end":{"line":236,"column":58}},"88":{"start":{"line":237,"column":4},"end":{"line":237,"column":14}},"89":{"start":{"line":247,"column":2},"end":{"line":247,"column":14}},"90":{"start":{"line":254,"column":2},"end":{"line":277,"column":3}},"91":{"start":{"line":255,"column":21},"end":{"line":255,"column":40}},"92":{"start":{"line":257,"column":23},"end":{"line":257,"column":81}},"93":{"start":{"line":257,"column":54},"end":{"line":257,"column":77}},"94":{"start":{"line":258,"column":28},"end":{"line":258,"column":76}},"95":{"start":{"line":258,"column":52},"end":{"line":258,"column":68}},"96":{"start":{"line":259,"column":25},"end":{"line":259,"column":81}},"97":{"start":{"line":259,"column":49},"end":{"line":259,"column":73}},"98":{"start":{"line":261,"column":4},"end":{"line":267,"column":6}},"99":{"start":{"line":269,"column":4},"end":{"line":269,"column":59}},"100":{"start":{"line":270,"column":4},"end":{"line":276,"column":6}}},"fnMap":{"0":{"name":"getWishList","decl":{"start":{"line":26,"column":22},"end":{"line":26,"column":33}},"loc":{"start":{"line":26,"column":36},"end":{"line":34,"column":1}},"line":26},"1":{"name":"addToWishList","decl":{"start":{"line":39,"column":22},"end":{"line":39,"column":35}},"loc":{"start":{"line":39,"column":42},"end":{"line":64,"column":1}},"line":39},"2":{"name":"removeFromWishList","decl":{"start":{"line":69,"column":22},"end":{"line":69,"column":40}},"loc":{"start":{"line":69,"column":49},"end":{"line":83,"column":1}},"line":69},"3":{"name":"(anonymous_3)","decl":{"start":{"line":72,"column":37},"end":{"line":72,"column":38}},"loc":{"start":{"line":72,"column":45},"end":{"line":72,"column":63}},"line":72},"4":{"name":"updateWishListItem","decl":{"start":{"line":88,"column":22},"end":{"line":88,"column":40}},"loc":{"start":{"line":88,"column":58},"end":{"line":115,"column":1}},"line":88},"5":{"name":"(anonymous_5)","decl":{"start":{"line":91,"column":37},"end":{"line":91,"column":38}},"loc":{"start":{"line":91,"column":45},"end":{"line":91,"column":63}},"line":91},"6":{"name":"isInWishList","decl":{"start":{"line":120,"column":22},"end":{"line":120,"column":34}},"loc":{"start":{"line":120,"column":48},"end":{"line":131,"column":1}},"line":120},"7":{"name":"(anonymous_7)","decl":{"start":{"line":123,"column":25},"end":{"line":123,"column":26}},"loc":{"start":{"line":124,"column":6},"end":{"line":125,"column":66}},"line":124},"8":{"name":"getWishListSorted","decl":{"start":{"line":136,"column":22},"end":{"line":136,"column":39}},"loc":{"start":{"line":136,"column":42},"end":{"line":153,"column":1}},"line":136},"9":{"name":"(anonymous_9)","decl":{"start":{"line":142,"column":25},"end":{"line":142,"column":26}},"loc":{"start":{"line":142,"column":35},"end":{"line":148,"column":5}},"line":142},"10":{"name":"getPriceAlerts","decl":{"start":{"line":159,"column":15},"end":{"line":159,"column":29}},"loc":{"start":{"line":159,"column":32},"end":{"line":167,"column":1}},"line":159},"11":{"name":"addPriceAlert","decl":{"start":{"line":169,"column":15},"end":{"line":169,"column":28}},"loc":{"start":{"line":169,"column":72},"end":{"line":190,"column":1}},"line":169},"12":{"name":"(anonymous_12)","decl":{"start":{"line":174,"column":35},"end":{"line":174,"column":36}},"loc":{"start":{"line":174,"column":44},"end":{"line":174,"column":83}},"line":174},"13":{"name":"removePriceAlert","decl":{"start":{"line":192,"column":15},"end":{"line":192,"column":31}},"loc":{"start":{"line":192,"column":48},"end":{"line":202,"column":1}},"line":192},"14":{"name":"(anonymous_14)","decl":{"start":{"line":195,"column":35},"end":{"line":195,"column":36}},"loc":{"start":{"line":195,"column":44},"end":{"line":195,"column":83}},"line":195},"15":{"name":"checkPriceAlerts","decl":{"start":{"line":208,"column":22},"end":{"line":208,"column":38}},"loc":{"start":{"line":208,"column":41},"end":{"line":239,"column":1}},"line":208},"16":{"name":"checkCurrentPrice","decl":{"start":{"line":241,"column":15},"end":{"line":241,"column":32}},"loc":{"start":{"line":241,"column":47},"end":{"line":248,"column":1}},"line":241},"17":{"name":"getWishListStats","decl":{"start":{"line":253,"column":22},"end":{"line":253,"column":38}},"loc":{"start":{"line":253,"column":41},"end":{"line":278,"column":1}},"line":253},"18":{"name":"(anonymous_18)","decl":{"start":{"line":257,"column":39},"end":{"line":257,"column":40}},"loc":{"start":{"line":257,"column":54},"end":{"line":257,"column":77}},"line":257},"19":{"name":"(anonymous_19)","decl":{"start":{"line":258,"column":44},"end":{"line":258,"column":45}},"loc":{"start":{"line":258,"column":52},"end":{"line":258,"column":68}},"line":258},"20":{"name":"(anonymous_20)","decl":{"start":{"line":259,"column":41},"end":{"line":259,"column":42}},"loc":{"start":{"line":259,"column":49},"end":{"line":259,"column":73}},"line":259}},"branchMap":{"0":{"loc":{"start":{"line":29,"column":11},"end":{"line":29,"column":39}},"type":"cond-expr","locations":[{"start":{"line":29,"column":18},"end":{"line":29,"column":34}},{"start":{"line":29,"column":37},"end":{"line":29,"column":39}}],"line":29},"1":{"loc":{"start":{"line":55,"column":4},"end":{"line":57,"column":5}},"type":"if","locations":[{"start":{"line":55,"column":4},"end":{"line":57,"column":5}},{"start":{},"end":{}}],"line":55},"2":{"loc":{"start":{"line":93,"column":4},"end":{"line":95,"column":5}},"type":"if","locations":[{"start":{"line":93,"column":4},"end":{"line":95,"column":5}},{"start":{},"end":{}}],"line":93},"3":{"loc":{"start":{"line":106,"column":4},"end":{"line":108,"column":5}},"type":"if","locations":[{"start":{"line":106,"column":4},"end":{"line":108,"column":5}},{"start":{},"end":{}}],"line":106},"4":{"loc":{"start":{"line":124,"column":6},"end":{"line":125,"column":66}},"type":"binary-expr","locations":[{"start":{"line":124,"column":6},"end":{"line":124,"column":66}},{"start":{"line":125,"column":6},"end":{"line":125,"column":66}}],"line":124},"5":{"loc":{"start":{"line":144,"column":6},"end":{"line":144,"column":50}},"type":"if","locations":[{"start":{"line":144,"column":6},"end":{"line":144,"column":50}},{"start":{},"end":{}}],"line":144},"6":{"loc":{"start":{"line":162,"column":11},"end":{"line":162,"column":39}},"type":"cond-expr","locations":[{"start":{"line":162,"column":18},"end":{"line":162,"column":34}},{"start":{"line":162,"column":37},"end":{"line":162,"column":39}}],"line":162},"7":{"loc":{"start":{"line":219,"column":6},"end":{"line":225,"column":7}},"type":"if","locations":[{"start":{"line":219,"column":6},"end":{"line":225,"column":7}},{"start":{},"end":{}}],"line":219},"8":{"loc":{"start":{"line":219,"column":10},"end":{"line":219,"column":59}},"type":"binary-expr","locations":[{"start":{"line":219,"column":10},"end":{"line":219,"column":22}},{"start":{"line":219,"column":26},"end":{"line":219,"column":59}}],"line":219},"9":{"loc":{"start":{"line":257,"column":61},"end":{"line":257,"column":76}},"type":"binary-expr","locations":[{"start":{"line":257,"column":61},"end":{"line":257,"column":71}},{"start":{"line":257,"column":75},"end":{"line":257,"column":76}}],"line":257},"10":{"loc":{"start":{"line":266,"column":20},"end":{"line":266,"column":74}},"type":"cond-expr","locations":[{"start":{"line":266,"column":42},"end":{"line":266,"column":70}},{"start":{"line":266,"column":73},"end":{"line":266,"column":74}}],"line":266}},"s":{"0":0,"1":0,"2":0,"3":0,"4":0,"5":0,"6":0,"7":0,"8":0,"9":0,"10":0,"11":0,"12":0,"13":0,"14":0,"15":0,"16":0,"17":0,"18":0,"19":0,"20":0,"21":0,"22":0,"23":0,"24":0,"25":0,"26":0,"27":0,"28":0,"29":0,"30":0,"31":0,"32":0,"33":0,"34":0,"35":0,"36":0,"37":0,"38":0,"39":0,"40":0,"41":0,"42":0,"43":0,"44":0,"45":0,"46":0,"47":0,"48":0,"49":0,"50":0,"51":0,"52":0,"53":0,"54":0,"55":0,"56":0,"57":0,"58":0,"59":0,"60":0,"61":0,"62":0,"63":0,"64":0,"65":0,"66":0,"67":0,"68":0,"69":0,"70":0,"71":0,"72":0,"73":0,"74":0,"75":0,"76":0,"77":0,"78":0,"79":0,"80":0,"81":0,"82":0,"83":0,"84":0,"85":0,"86":0,"87":0,"88":0,"89":0,"90":0,"91":0,"92":0,"93":0,"94":0,"95":0,"96":0,"97":0,"98":0,"99":0,"100":0},"f":{"0":0,"1":0,"2":0,"3":0,"4":0,"5":0,"6":0,"7":0,"8":0,"9":0,"10":0,"11":0,"12":0,"13":0,"14":0,"15":0,"16":0,"17":0,"18":0,"19":0,"20":0},"b":{"0":[0,0],"1":[0,0],"2":[0,0],"3":[0,0],"4":[0,0],"5":[0,0],"6":[0,0],"7":[0,0],"8":[0,0],"9":[0,0],"10":[0,0]}}
}
