TN:
SF:App.js
FN:47,(anonymous_0)
FN:56,(anonymous_1)
FN:57,(anonymous_2)
FN:69,(anonymous_3)
FN:90,(anonymous_4)
FN:121,(anonymous_5)
FN:134,(anonymous_6)
FN:158,(anonymous_7)
FN:170,(anonymous_8)
FN:233,(anonymous_9)
FN:241,(anonymous_10)
FN:270,(anonymous_11)
FN:299,(anonymous_12)
FN:309,(anonymous_13)
FN:319,(anonymous_14)
FN:329,(anonymous_15)
FN:338,(anonymous_16)
FN:543,(anonymous_17)
FNF:18
FNH:0
FNDA:0,(anonymous_0)
FNDA:0,(anonymous_1)
FNDA:0,(anonymous_2)
FNDA:0,(anonymous_3)
FNDA:0,(anonymous_4)
FNDA:0,(anonymous_5)
FNDA:0,(anonymous_6)
FNDA:0,(anonymous_7)
FNDA:0,(anonymous_8)
FNDA:0,(anonymous_9)
FNDA:0,(anonymous_10)
FNDA:0,(anonymous_11)
FNDA:0,(anonymous_12)
FNDA:0,(anonymous_13)
FNDA:0,(anonymous_14)
FNDA:0,(anonymous_15)
FNDA:0,(anonymous_16)
FNDA:0,(anonymous_17)
DA:47,0
DA:48,0
DA:49,0
DA:50,0
DA:51,0
DA:52,0
DA:53,0
DA:56,0
DA:57,0
DA:58,0
DA:59,0
DA:60,0
DA:61,0
DA:63,0
DA:66,0
DA:69,0
DA:70,0
DA:71,0
DA:73,0
DA:75,0
DA:92,0
DA:93,0
DA:94,0
DA:96,0
DA:97,0
DA:98,0
DA:101,0
DA:102,0
DA:103,0
DA:108,0
DA:112,0
DA:113,0
DA:114,0
DA:116,0
DA:117,0
DA:121,0
DA:122,0
DA:123,0
DA:124,0
DA:125,0
DA:126,0
DA:128,0
DA:130,0
DA:134,0
DA:135,0
DA:136,0
DA:137,0
DA:138,0
DA:142,0
DA:159,0
DA:160,0
DA:161,0
DA:162,0
DA:164,0
DA:171,0
DA:172,0
DA:173,0
DA:174,0
DA:176,0
DA:183,0
DA:187,0
DA:233,0
DA:241,0
DA:258,0
DA:265,0
DA:266,0
DA:267,0
DA:270,0
DA:271,0
DA:273,0
DA:300,0
DA:310,0
DA:320,0
DA:330,0
DA:338,0
DA:339,0
DA:340,0
DA:342,0
DA:372,0
DA:373,0
DA:376,0
DA:543,0
DA:544,0
DA:560,0
LF:84
LH:0
BRDA:73,0,0,0
BRDA:73,0,1,0
BRDA:96,1,0,0
BRDA:96,1,1,0
BRDA:136,2,0,0
BRDA:136,2,1,0
BRDA:202,3,0,0
BRDA:202,3,1,0
BRDA:203,4,0,0
BRDA:203,4,1,0
BRDA:212,5,0,0
BRDA:212,5,1,0
BRDA:223,6,0,0
BRDA:223,6,1,0
BRDA:227,7,0,0
BRDA:227,7,1,0
BRDA:232,8,0,0
BRDA:232,8,1,0
BRDA:240,9,0,0
BRDA:240,9,1,0
BRDA:300,10,0,0
BRDA:300,10,1,0
BRDA:310,11,0,0
BRDA:310,11,1,0
BRDA:320,12,0,0
BRDA:320,12,1,0
BRDA:330,13,0,0
BRDA:330,13,1,0
BRDA:372,14,0,0
BRDA:372,14,1,0
BRDA:378,15,0,0
BRDA:378,15,1,0
BRF:32
BRH:0
end_of_record
TN:
SF:constants.js
FNF:0
FNH:0
DA:1,4
LF:1
LH:1
BRF:0
BRH:0
end_of_record
TN:
SF:csv-parser.js
FN:9,(anonymous_0)
FN:11,(anonymous_1)
FN:70,(anonymous_2)
FN:104,(anonymous_3)
FN:107,(anonymous_4)
FN:135,(anonymous_5)
FN:205,(anonymous_6)
FN:223,(anonymous_7)
FN:259,(anonymous_8)
FN:282,(anonymous_9)
FN:304,(anonymous_10)
FN:344,(anonymous_11)
FN:396,(anonymous_12)
FNF:13
FNH:0
FNDA:0,(anonymous_0)
FNDA:0,(anonymous_1)
FNDA:0,(anonymous_2)
FNDA:0,(anonymous_3)
FNDA:0,(anonymous_4)
FNDA:0,(anonymous_5)
FNDA:0,(anonymous_6)
FNDA:0,(anonymous_7)
FNDA:0,(anonymous_8)
FNDA:0,(anonymous_9)
FNDA:0,(anonymous_10)
FNDA:0,(anonymous_11)
FNDA:0,(anonymous_12)
DA:9,0
DA:10,0
DA:11,0
DA:12,0
DA:13,0
DA:20,0
DA:21,0
DA:23,0
DA:24,0
DA:31,0
DA:32,0
DA:34,0
DA:35,0
DA:36,0
DA:37,0
DA:39,0
DA:40,0
DA:43,0
DA:50,0
DA:59,0
DA:60,0
DA:70,0
DA:71,0
DA:72,0
DA:73,0
DA:75,0
DA:76,0
DA:77,0
DA:79,0
DA:81,0
DA:82,0
DA:83,0
DA:85,0
DA:86,0
DA:88,0
DA:89,0
DA:91,0
DA:96,0
DA:98,0
DA:104,0
DA:105,0
DA:107,0
DA:108,0
DA:110,0
DA:111,0
DA:112,0
DA:113,0
DA:114,0
DA:115,0
DA:116,0
DA:117,0
DA:118,0
DA:119,0
DA:120,0
DA:121,0
DA:122,0
DA:123,0
DA:124,0
DA:125,0
DA:129,0
DA:135,0
DA:136,0
DA:137,0
DA:138,0
DA:141,0
DA:148,0
DA:149,0
DA:150,0
DA:151,0
DA:152,0
DA:157,0
DA:158,0
DA:159,0
DA:160,0
DA:161,0
DA:166,0
DA:167,0
DA:168,0
DA:169,0
DA:170,0
DA:171,0
DA:176,0
DA:177,0
DA:178,0
DA:179,0
DA:184,0
DA:185,0
DA:186,0
DA:187,0
DA:192,0
DA:193,0
DA:194,0
DA:195,0
DA:199,0
DA:205,0
DA:207,0
DA:210,0
DA:211,0
DA:214,0
DA:216,0
DA:223,0
DA:224,0
DA:226,0
DA:228,0
DA:229,0
DA:233,0
DA:234,0
DA:235,0
DA:236,0
DA:240,0
DA:241,0
DA:242,0
DA:243,0
DA:244,0
DA:245,0
DA:249,0
DA:251,0
DA:252,0
DA:259,0
DA:260,0
DA:275,0
DA:282,0
DA:283,0
DA:285,0
DA:287,0
DA:288,0
DA:290,0
DA:291,0
DA:295,0
DA:297,0
DA:304,0
DA:305,0
DA:308,0
DA:309,0
DA:310,0
DA:312,0
DA:313,0
DA:315,0
DA:316,0
DA:318,0
DA:322,0
DA:323,0
DA:327,0
DA:328,0
DA:332,0
DA:333,0
DA:337,0
DA:344,0
DA:345,0
DA:346,0
DA:349,0
DA:355,0
DA:356,0
DA:357,0
DA:362,0
DA:368,0
DA:369,0
DA:370,0
DA:375,0
DA:376,0
DA:377,0
DA:378,0
DA:383,0
DA:384,0
DA:385,0
DA:386,0
DA:390,0
DA:396,0
DA:397,0
DA:398,0
DA:400,0
DA:402,0
DA:405,0
DA:406,0
DA:410,0
DA:411,0
DA:415,0
DA:416,0
DA:417,0
DA:419,0
LF:180
LH:0
BRDA:12,0,0,0
BRDA:12,0,1,0
BRDA:23,1,0,0
BRDA:23,1,1,0
BRDA:39,2,0,0
BRDA:39,2,1,0
BRDA:56,3,0,0
BRDA:56,3,1,0
BRDA:79,4,0,0
BRDA:79,4,1,0
BRDA:79,5,0,0
BRDA:79,5,1,0
BRDA:83,6,0,0
BRDA:83,6,1,0
BRDA:86,7,0,0
BRDA:86,7,1,0
BRDA:86,8,0,0
BRDA:86,8,1,0
BRDA:110,9,0,0
BRDA:110,9,1,0
BRDA:110,10,0,0
BRDA:110,10,1,0
BRDA:112,11,0,0
BRDA:112,11,1,0
BRDA:112,12,0,0
BRDA:112,12,1,0
BRDA:114,13,0,0
BRDA:114,13,1,0
BRDA:114,14,0,0
BRDA:114,14,1,0
BRDA:114,14,2,0
BRDA:116,15,0,0
BRDA:116,15,1,0
BRDA:118,16,0,0
BRDA:118,16,1,0
BRDA:118,17,0,0
BRDA:118,17,1,0
BRDA:120,18,0,0
BRDA:120,18,1,0
BRDA:120,19,0,0
BRDA:120,19,1,0
BRDA:120,19,2,0
BRDA:122,20,0,0
BRDA:122,20,1,0
BRDA:122,21,0,0
BRDA:122,21,1,0
BRDA:122,21,2,0
BRDA:124,22,0,0
BRDA:124,22,1,0
BRDA:137,23,0,0
BRDA:137,23,1,0
BRDA:137,24,0,0
BRDA:137,24,1,0
BRDA:148,25,0,0
BRDA:148,25,1,0
BRDA:151,26,0,0
BRDA:151,26,1,0
BRDA:157,27,0,0
BRDA:157,27,1,0
BRDA:159,28,0,0
BRDA:159,28,1,0
BRDA:166,29,0,0
BRDA:166,29,1,0
BRDA:169,30,0,0
BRDA:169,30,1,0
BRDA:176,31,0,0
BRDA:176,31,1,0
BRDA:178,32,0,0
BRDA:178,32,1,0
BRDA:184,33,0,0
BRDA:184,33,1,0
BRDA:186,34,0,0
BRDA:186,34,1,0
BRDA:192,35,0,0
BRDA:192,35,1,0
BRDA:194,36,0,0
BRDA:194,36,1,0
BRDA:224,37,0,0
BRDA:224,37,1,0
BRDA:228,38,0,0
BRDA:228,38,1,0
BRDA:234,39,0,0
BRDA:234,39,1,0
BRDA:241,40,0,0
BRDA:241,40,1,0
BRDA:244,41,0,0
BRDA:244,41,1,0
BRDA:283,42,0,0
BRDA:283,42,1,0
BRDA:290,43,0,0
BRDA:290,43,1,0
BRDA:290,44,0,0
BRDA:290,44,1,0
BRDA:308,45,0,0
BRDA:308,45,1,0
BRDA:308,46,0,0
BRDA:308,46,1,0
BRDA:308,46,2,0
BRDA:309,47,0,0
BRDA:309,47,1,0
BRDA:309,48,0,0
BRDA:309,48,1,0
BRDA:309,48,2,0
BRDA:312,49,0,0
BRDA:312,49,1,0
BRDA:312,50,0,0
BRDA:312,50,1,0
BRDA:315,51,0,0
BRDA:315,51,1,0
BRDA:315,52,0,0
BRDA:315,52,1,0
BRDA:315,52,2,0
BRDA:322,53,0,0
BRDA:322,53,1,0
BRDA:322,54,0,0
BRDA:322,54,1,0
BRDA:322,54,2,0
BRDA:327,55,0,0
BRDA:327,55,1,0
BRDA:327,56,0,0
BRDA:327,56,1,0
BRDA:327,56,2,0
BRDA:332,57,0,0
BRDA:332,57,1,0
BRDA:332,58,0,0
BRDA:332,58,1,0
BRDA:346,59,0,0
BRDA:346,59,1,0
BRDA:356,60,0,0
BRDA:356,60,1,0
BRDA:369,61,0,0
BRDA:369,61,1,0
BRDA:369,62,0,0
BRDA:369,62,1,0
BRDA:375,63,0,0
BRDA:375,63,1,0
BRDA:377,64,0,0
BRDA:377,64,1,0
BRDA:385,65,0,0
BRDA:385,65,1,0
BRDA:397,66,0,0
BRDA:397,66,1,0
BRDA:400,67,0,0
BRDA:400,67,1,0
BRDA:405,68,0,0
BRDA:405,68,1,0
BRDA:405,69,0,0
BRDA:405,69,1,0
BRDA:410,70,0,0
BRDA:410,70,1,0
BRF:150
BRH:0
end_of_record
TN:
SF:index.js
FNF:0
FNH:0
DA:4,0
LF:1
LH:0
BRF:0
BRH:0
end_of_record
TN:
SF:jest.config.js
FNF:0
FNH:0
DA:1,0
LF:1
LH:0
BRF:0
BRH:0
end_of_record
TN:
SF:components\PhotoViewer.js
FN:7,(anonymous_0)
FN:10,(anonymous_1)
FN:11,(anonymous_2)
FN:13,(anonymous_3)
FN:14,(anonymous_4)
FN:31,(anonymous_5)
FN:36,(anonymous_6)
FNF:7
FNH:2
FNDA:2,(anonymous_0)
FNDA:0,(anonymous_1)
FNDA:0,(anonymous_2)
FNDA:0,(anonymous_3)
FNDA:0,(anonymous_4)
FNDA:0,(anonymous_5)
FNDA:2,(anonymous_6)
DA:5,1
DA:7,1
DA:8,2
DA:10,2
DA:11,0
DA:13,2
DA:14,0
DA:17,2
DA:19,1
DA:32,0
DA:33,0
DA:37,2
DA:57,1
DA:64,1
LF:14
LH:10
BRDA:8,0,0,2
BRDA:8,0,1,2
BRDA:14,1,0,0
BRDA:14,1,1,0
BRDA:17,2,0,1
BRDA:17,2,1,1
BRDA:17,3,0,2
BRDA:17,3,1,2
BRDA:45,4,0,1
BRDA:45,4,1,1
BRDA:49,5,0,1
BRDA:49,5,1,0
BRF:12
BRH:9
end_of_record
TN:
SF:components\QuickView.js
FN:6,(anonymous_0)
FN:9,(anonymous_1)
FN:11,(anonymous_2)
FN:105,(anonymous_3)
FNF:4
FNH:0
FNDA:0,(anonymous_0)
FNDA:0,(anonymous_1)
FNDA:0,(anonymous_2)
FNDA:0,(anonymous_3)
DA:6,0
DA:7,0
DA:9,0
DA:10,0
DA:11,0
DA:15,0
DA:105,0
DA:116,0
DA:124,0
LF:9
LH:0
BRDA:7,0,0,0
BRDA:7,0,1,0
BRDA:10,1,0,0
BRDA:10,1,1,0
BRDA:29,2,0,0
BRDA:29,2,1,0
BRDA:34,3,0,0
BRDA:34,3,1,0
BRDA:39,4,0,0
BRDA:39,4,1,0
BRDA:47,5,0,0
BRDA:47,5,1,0
BRDA:47,5,2,0
BRDA:47,5,3,0
BRDA:50,6,0,0
BRDA:50,6,1,0
BRDA:55,7,0,0
BRDA:55,7,1,0
BRDA:60,8,0,0
BRDA:60,8,1,0
BRDA:69,9,0,0
BRDA:69,9,1,0
BRDA:69,9,2,0
BRDA:72,10,0,0
BRDA:72,10,1,0
BRDA:77,11,0,0
BRDA:77,11,1,0
BRDA:86,12,0,0
BRDA:86,12,1,0
BRDA:98,13,0,0
BRDA:98,13,1,0
BRF:31
BRH:0
end_of_record
TN:
SF:components\UrgentMealSuggestion.js
FN:31,(anonymous_0)
FN:37,(anonymous_1)
FN:41,(anonymous_2)
FN:61,(anonymous_3)
FN:67,(anonymous_4)
FN:73,(anonymous_5)
FNF:6
FNH:0
FNDA:0,(anonymous_0)
FNDA:0,(anonymous_1)
FNDA:0,(anonymous_2)
FNDA:0,(anonymous_3)
FNDA:0,(anonymous_4)
FNDA:0,(anonymous_5)
DA:31,0
DA:32,0
DA:33,0
DA:34,0
DA:35,0
DA:37,0
DA:38,0
DA:41,0
DA:42,0
DA:43,0
DA:45,0
DA:46,0
DA:47,0
DA:50,0
DA:57,0
DA:61,0
DA:63,0
DA:68,0
DA:69,0
DA:73,0
DA:75,0
DA:79,0
DA:83,0
DA:84,0
DA:87,0
DA:89,0
DA:139,0
LF:27
LH:0
BRDA:45,0,0,0
BRDA:45,0,1,0
BRDA:69,1,0,0
BRDA:69,1,1,0
BRDA:83,2,0,0
BRDA:83,2,1,0
BRDA:83,3,0,0
BRDA:83,3,1,0
BRDA:123,4,0,0
BRDA:123,4,1,0
BRF:10
BRH:0
end_of_record
TN:
SF:providers\AuthProvider.js
FN:41,(anonymous_0)
FN:47,(anonymous_1)
FN:48,(anonymous_2)
FN:65,(anonymous_3)
FN:70,(anonymous_4)
FN:75,(anonymous_5)
FN:102,(anonymous_6)
FN:129,(anonymous_7)
FN:163,(anonymous_8)
FNF:9
FNH:0
FNDA:0,(anonymous_0)
FNDA:0,(anonymous_1)
FNDA:0,(anonymous_2)
FNDA:0,(anonymous_3)
FNDA:0,(anonymous_4)
FNDA:0,(anonymous_5)
FNDA:0,(anonymous_6)
FNDA:0,(anonymous_7)
FNDA:0,(anonymous_8)
DA:37,0
DA:39,0
DA:41,0
DA:42,0
DA:43,0
DA:44,0
DA:47,0
DA:48,0
DA:49,0
DA:51,0
DA:52,0
DA:53,0
DA:55,0
DA:57,0
DA:58,0
DA:62,0
DA:65,0
DA:66,0
DA:67,0
DA:70,0
DA:72,0
DA:75,0
DA:76,0
DA:77,0
DA:79,0
DA:80,0
DA:81,0
DA:83,0
DA:84,0
DA:88,0
DA:89,0
DA:90,0
DA:91,0
DA:93,0
DA:94,0
DA:95,0
DA:96,0
DA:98,0
DA:102,0
DA:103,0
DA:104,0
DA:106,0
DA:107,0
DA:108,0
DA:110,0
DA:111,0
DA:115,0
DA:116,0
DA:117,0
DA:118,0
DA:120,0
DA:121,0
DA:122,0
DA:123,0
DA:125,0
DA:129,0
DA:130,0
DA:131,0
DA:133,0
DA:135,0
DA:136,0
DA:138,0
DA:139,0
DA:140,0
DA:141,0
DA:143,0
DA:147,0
DA:156,0
DA:163,0
DA:164,0
DA:165,0
DA:166,0
DA:168,0
LF:73
LH:0
BRDA:52,0,0,0
BRDA:52,0,1,0
BRDA:72,1,0,0
BRDA:72,1,1,0
BRDA:72,1,2,0
BRDA:80,2,0,0
BRDA:80,2,1,0
BRDA:83,3,0,0
BRDA:83,3,1,0
BRDA:93,4,0,0
BRDA:93,4,1,0
BRDA:107,5,0,0
BRDA:107,5,1,0
BRDA:110,6,0,0
BRDA:110,6,1,0
BRDA:120,7,0,0
BRDA:120,7,1,0
BRDA:138,8,0,0
BRDA:138,8,1,0
BRDA:165,9,0,0
BRDA:165,9,1,0
BRF:21
BRH:0
end_of_record
TN:
SF:providers\DatabaseProvider.js
FN:12,(anonymous_0)
FN:18,(anonymous_1)
FN:19,(anonymous_2)
FN:39,(anonymous_3)
FN:46,(anonymous_4)
FN:47,(anonymous_5)
FN:54,(anonymous_6)
FN:55,(anonymous_7)
FN:60,(anonymous_8)
FN:72,(anonymous_9)
FN:74,(anonymous_10)
FN:86,(anonymous_11)
FN:88,(anonymous_12)
FN:113,(anonymous_13)
FNF:14
FNH:14
FNDA:14,(anonymous_0)
FNDA:4,(anonymous_1)
FNDA:4,(anonymous_2)
FNDA:1,(anonymous_3)
FNDA:1,(anonymous_4)
FNDA:1,(anonymous_5)
FNDA:1,(anonymous_6)
FNDA:1,(anonymous_7)
FNDA:1,(anonymous_8)
FNDA:1,(anonymous_9)
FNDA:1,(anonymous_10)
FNDA:1,(anonymous_11)
FNDA:1,(anonymous_12)
FNDA:14,(anonymous_13)
DA:10,1
DA:12,1
DA:13,14
DA:14,14
DA:15,14
DA:18,14
DA:19,4
DA:20,4
DA:22,4
DA:24,4
DA:28,4
DA:29,4
DA:31,0
DA:33,4
DA:36,4
DA:39,14
DA:40,1
DA:41,1
DA:42,1
DA:43,1
DA:46,14
DA:47,1
DA:48,1
DA:50,1
DA:51,1
DA:54,14
DA:55,1
DA:56,1
DA:57,1
DA:60,14
DA:61,1
DA:62,1
DA:65,1
DA:66,1
DA:69,1
DA:72,14
DA:73,1
DA:74,1
DA:75,1
DA:79,1
DA:80,0
DA:83,1
DA:86,14
DA:87,1
DA:88,1
DA:91,1
DA:94,14
DA:106,14
DA:113,1
DA:114,14
DA:115,14
DA:116,0
DA:118,14
LF:53
LH:50
BRDA:48,0,0,1
BRDA:48,0,1,0
BRDA:65,1,0,1
BRDA:65,1,1,0
BRDA:75,2,0,1
BRDA:75,2,1,0
BRDA:79,3,0,0
BRDA:79,3,1,1
BRDA:115,4,0,0
BRDA:115,4,1,14
BRF:10
BRH:5
end_of_record
TN:
SF:providers\PremiumProvider.js
FN:14,(anonymous_0)
FN:18,(anonymous_1)
FN:22,(anonymous_2)
FN:38,(anonymous_3)
FN:44,(anonymous_4)
FN:56,(anonymous_5)
FN:70,(anonymous_6)
FN:100,(anonymous_7)
FNF:8
FNH:0
FNDA:0,(anonymous_0)
FNDA:0,(anonymous_1)
FNDA:0,(anonymous_2)
FNDA:0,(anonymous_3)
FNDA:0,(anonymous_4)
FNDA:0,(anonymous_5)
FNDA:0,(anonymous_6)
FNDA:0,(anonymous_7)
DA:12,0
DA:14,0
DA:15,0
DA:16,0
DA:18,0
DA:19,0
DA:22,0
DA:23,0
DA:25,0
DA:28,0
DA:29,0
DA:31,0
DA:33,0
DA:34,0
DA:38,0
DA:39,0
DA:40,0
DA:41,0
DA:44,0
DA:45,0
DA:47,0
DA:49,0
DA:50,0
DA:53,0
DA:56,0
DA:57,0
DA:59,0
DA:60,0
DA:70,0
DA:74,0
DA:77,0
DA:80,0
DA:89,0
DA:96,0
DA:100,0
DA:101,0
DA:102,0
DA:103,0
DA:105,0
LF:39
LH:0
BRDA:47,0,0,0
BRDA:47,0,1,0
BRDA:59,1,0,0
BRDA:59,1,1,0
BRDA:102,2,0,0
BRDA:102,2,1,0
BRF:6
BRH:0
end_of_record
TN:
SF:providers\ThemeProvider.js
FN:37,(anonymous_0)
FN:41,(anonymous_1)
FN:42,(anonymous_2)
FN:49,(anonymous_3)
FN:68,(anonymous_4)
FNF:5
FNH:5
FNDA:5,(anonymous_0)
FNDA:3,(anonymous_1)
FNDA:3,(anonymous_2)
FNDA:1,(anonymous_3)
FNDA:5,(anonymous_4)
DA:4,1
DA:7,1
DA:23,1
DA:37,1
DA:38,5
DA:41,5
DA:42,3
DA:43,3
DA:44,3
DA:46,3
DA:49,5
DA:50,1
DA:51,1
DA:52,1
DA:55,5
DA:61,5
DA:68,1
DA:69,5
DA:70,5
DA:71,0
DA:73,5
LF:21
LH:20
BRDA:57,0,0,2
BRDA:57,0,1,3
BRDA:70,1,0,0
BRDA:70,1,1,5
BRF:4
BRH:3
end_of_record
TN:
SF:screens\BillsScreen.js
FN:6,(anonymous_0)
FNF:1
FNH:0
FNDA:0,(anonymous_0)
DA:6,0
DA:7,0
DA:9,0
DA:21,0
DA:27,0
LF:5
LH:0
BRF:0
BRH:0
end_of_record
TN:
SF:screens\CardSettingsScreen.js
FN:30,(anonymous_0)
FN:33,(anonymous_1)
FN:37,(anonymous_2)
FN:41,(anonymous_3)
FN:52,(anonymous_4)
FN:57,(anonymous_5)
FN:64,(anonymous_6)
FN:65,(anonymous_7)
FN:72,(anonymous_8)
FN:74,(anonymous_9)
FN:81,(anonymous_10)
FN:89,(anonymous_11)
FN:90,(anonymous_12)
FN:109,(anonymous_13)
FN:131,(anonymous_14)
FNF:15
FNH:0
FNDA:0,(anonymous_0)
FNDA:0,(anonymous_1)
FNDA:0,(anonymous_2)
FNDA:0,(anonymous_3)
FNDA:0,(anonymous_4)
FNDA:0,(anonymous_5)
FNDA:0,(anonymous_6)
FNDA:0,(anonymous_7)
FNDA:0,(anonymous_8)
FNDA:0,(anonymous_9)
FNDA:0,(anonymous_10)
FNDA:0,(anonymous_11)
FNDA:0,(anonymous_12)
FNDA:0,(anonymous_13)
FNDA:0,(anonymous_14)
DA:16,0
DA:28,0
DA:30,0
DA:31,0
DA:32,0
DA:33,0
DA:35,0
DA:37,0
DA:38,0
DA:41,0
DA:42,0
DA:43,0
DA:44,0
DA:45,0
DA:48,0
DA:52,0
DA:53,0
DA:54,0
DA:55,0
DA:56,0
DA:57,0
DA:60,0
DA:64,0
DA:65,0
DA:66,0
DA:67,0
DA:68,0
DA:71,0
DA:72,0
DA:73,0
DA:74,0
DA:76,0
DA:81,0
DA:82,0
DA:90,0
DA:91,0
DA:98,0
DA:110,0
DA:111,0
DA:131,0
DA:167,0
DA:173,0
LF:42
LH:0
BRDA:44,0,0,0
BRDA:44,0,1,0
BRDA:66,1,0,0
BRDA:66,1,1,0
BRDA:73,2,0,0
BRDA:73,2,1,0
BRDA:123,3,0,0
BRDA:123,3,1,0
BRDA:133,4,0,0
BRDA:133,4,1,0
BRDA:151,5,0,0
BRDA:151,5,1,0
BRF:12
BRH:0
end_of_record
TN:
SF:screens\DailyChecklistScreen.js
FN:32,(anonymous_0)
FN:47,(anonymous_1)
FN:52,(anonymous_2)
FN:72,(anonymous_3)
FN:86,(anonymous_4)
FN:110,(anonymous_5)
FN:119,(anonymous_6)
FN:128,(anonymous_7)
FN:136,(anonymous_8)
FN:145,(anonymous_9)
FN:154,(anonymous_10)
FN:155,(anonymous_11)
FN:202,(anonymous_12)
FN:203,(anonymous_13)
FN:218,(anonymous_14)
FN:222,(anonymous_15)
FN:303,(anonymous_16)
FN:315,(anonymous_17)
FN:336,(anonymous_18)
FN:344,(anonymous_19)
FN:370,(anonymous_20)
FNF:21
FNH:0
FNDA:0,(anonymous_0)
FNDA:0,(anonymous_1)
FNDA:0,(anonymous_2)
FNDA:0,(anonymous_3)
FNDA:0,(anonymous_4)
FNDA:0,(anonymous_5)
FNDA:0,(anonymous_6)
FNDA:0,(anonymous_7)
FNDA:0,(anonymous_8)
FNDA:0,(anonymous_9)
FNDA:0,(anonymous_10)
FNDA:0,(anonymous_11)
FNDA:0,(anonymous_12)
FNDA:0,(anonymous_13)
FNDA:0,(anonymous_14)
FNDA:0,(anonymous_15)
FNDA:0,(anonymous_16)
FNDA:0,(anonymous_17)
FNDA:0,(anonymous_18)
FNDA:0,(anonymous_19)
FNDA:0,(anonymous_20)
DA:32,0
DA:33,0
DA:34,0
DA:35,0
DA:36,0
DA:37,0
DA:38,0
DA:41,0
DA:42,0
DA:43,0
DA:44,0
DA:46,0
DA:48,0
DA:52,0
DA:53,0
DA:54,0
DA:55,0
DA:58,0
DA:59,0
DA:60,0
DA:61,0
DA:62,0
DA:66,0
DA:67,0
DA:68,0
DA:69,0
DA:72,0
DA:73,0
DA:74,0
DA:75,0
DA:76,0
DA:77,0
DA:79,0
DA:81,0
DA:82,0
DA:86,0
DA:87,0
DA:88,0
DA:89,0
DA:92,0
DA:100,0
DA:101,0
DA:102,0
DA:103,0
DA:104,0
DA:106,0
DA:110,0
DA:111,0
DA:120,0
DA:121,0
DA:128,0
DA:129,0
DA:137,0
DA:138,0
DA:145,0
DA:146,0
DA:147,0
DA:148,0
DA:150,0
DA:154,0
DA:155,0
DA:202,0
DA:203,0
DA:205,0
DA:206,0
DA:215,0
DA:218,0
DA:222,0
DA:303,0
DA:315,0
DA:337,0
DA:344,0
DA:371,0
DA:372,0
DA:373,0
DA:392,0
LF:76
LH:0
BRDA:61,0,0,0
BRDA:61,0,1,0
BRDA:74,1,0,0
BRDA:74,1,1,0
BRDA:76,2,0,0
BRDA:76,2,1,0
BRDA:87,3,0,0
BRDA:87,3,1,0
BRDA:96,4,0,0
BRDA:96,4,1,0
BRDA:100,5,0,0
BRDA:100,5,1,0
BRDA:106,6,0,0
BRDA:106,6,1,0
BRDA:159,7,0,0
BRDA:159,7,1,0
BRDA:161,8,0,0
BRDA:161,8,1,0
BRDA:170,9,0,0
BRDA:170,9,1,0
BRDA:174,10,0,0
BRDA:174,10,1,0
BRDA:179,11,0,0
BRDA:179,11,1,0
BRDA:187,12,0,0
BRDA:187,12,1,0
BRDA:191,13,0,0
BRDA:191,13,1,0
BRDA:205,14,0,0
BRDA:205,14,1,0
BRDA:227,15,0,0
BRDA:227,15,1,0
BRDA:252,16,0,0
BRDA:252,16,1,0
BRDA:261,17,0,0
BRDA:261,17,1,0
BRDA:270,18,0,0
BRDA:270,18,1,0
BRDA:300,19,0,0
BRDA:300,19,1,0
BRDA:305,20,0,0
BRDA:305,20,1,0
BRDA:312,21,0,0
BRDA:312,21,1,0
BRDA:317,22,0,0
BRDA:317,22,1,0
BRDA:341,23,0,0
BRDA:341,23,1,0
BRDA:349,24,0,0
BRDA:349,24,1,0
BRDA:351,25,0,0
BRDA:351,25,1,0
BRF:52
BRH:0
end_of_record
TN:
SF:screens\DashboardScreen.js
FN:32,(anonymous_0)
FN:36,(anonymous_1)
FN:40,(anonymous_2)
FN:44,(anonymous_3)
FN:56,(anonymous_4)
FN:58,(anonymous_5)
FN:70,(anonymous_6)
FN:73,(anonymous_7)
FN:86,(anonymous_8)
FN:98,(anonymous_9)
FN:120,(anonymous_10)
FN:126,(anonymous_11)
FN:133,(anonymous_12)
FN:140,(anonymous_13)
FN:147,(anonymous_14)
FN:161,(anonymous_15)
FN:168,(anonymous_16)
FN:175,(anonymous_17)
FN:182,(anonymous_18)
FN:189,(anonymous_19)
FN:196,(anonymous_20)
FN:205,(anonymous_21)
FN:211,(anonymous_22)
FN:225,(anonymous_23)
FN:236,(anonymous_24)
FN:239,(anonymous_25)
FN:272,(anonymous_26)
FN:275,(anonymous_27)
FN:310,(anonymous_28)
FN:313,(anonymous_29)
FN:335,(anonymous_30)
FN:338,(anonymous_31)
FN:371,(anonymous_32)
FN:374,(anonymous_33)
FN:391,(anonymous_34)
FN:394,(anonymous_35)
FN:408,(anonymous_36)
FN:414,(anonymous_37)
FN:427,(anonymous_38)
FN:460,(anonymous_39)
FN:474,(anonymous_40)
FN:488,(anonymous_41)
FN:500,(anonymous_42)
FN:508,(anonymous_43)
FNF:44
FNH:0
FNDA:0,(anonymous_0)
FNDA:0,(anonymous_1)
FNDA:0,(anonymous_2)
FNDA:0,(anonymous_3)
FNDA:0,(anonymous_4)
FNDA:0,(anonymous_5)
FNDA:0,(anonymous_6)
FNDA:0,(anonymous_7)
FNDA:0,(anonymous_8)
FNDA:0,(anonymous_9)
FNDA:0,(anonymous_10)
FNDA:0,(anonymous_11)
FNDA:0,(anonymous_12)
FNDA:0,(anonymous_13)
FNDA:0,(anonymous_14)
FNDA:0,(anonymous_15)
FNDA:0,(anonymous_16)
FNDA:0,(anonymous_17)
FNDA:0,(anonymous_18)
FNDA:0,(anonymous_19)
FNDA:0,(anonymous_20)
FNDA:0,(anonymous_21)
FNDA:0,(anonymous_22)
FNDA:0,(anonymous_23)
FNDA:0,(anonymous_24)
FNDA:0,(anonymous_25)
FNDA:0,(anonymous_26)
FNDA:0,(anonymous_27)
FNDA:0,(anonymous_28)
FNDA:0,(anonymous_29)
FNDA:0,(anonymous_30)
FNDA:0,(anonymous_31)
FNDA:0,(anonymous_32)
FNDA:0,(anonymous_33)
FNDA:0,(anonymous_34)
FNDA:0,(anonymous_35)
FNDA:0,(anonymous_36)
FNDA:0,(anonymous_37)
FNDA:0,(anonymous_38)
FNDA:0,(anonymous_39)
FNDA:0,(anonymous_40)
FNDA:0,(anonymous_41)
FNDA:0,(anonymous_42)
FNDA:0,(anonymous_43)
DA:18,0
DA:30,0
DA:32,0
DA:33,0
DA:34,0
DA:35,0
DA:36,0
DA:40,0
DA:41,0
DA:44,0
DA:45,0
DA:46,0
DA:47,0
DA:48,0
DA:51,0
DA:56,0
DA:57,0
DA:58,0
DA:59,0
DA:60,0
DA:61,0
DA:62,0
DA:64,0
DA:67,0
DA:70,0
DA:73,0
DA:74,0
DA:75,0
DA:76,0
DA:77,0
DA:80,0
DA:87,0
DA:88,0
DA:89,0
DA:90,0
DA:92,0
DA:99,0
DA:100,0
DA:101,0
DA:102,0
DA:104,0
DA:115,0
DA:120,0
DA:121,0
DA:126,0
DA:133,0
DA:140,0
DA:147,0
DA:161,0
DA:168,0
DA:175,0
DA:182,0
DA:189,0
DA:196,0
DA:205,0
DA:206,0
DA:208,0
DA:211,0
DA:226,0
DA:236,0
DA:237,0
DA:239,0
DA:272,0
DA:273,0
DA:275,0
DA:310,0
DA:311,0
DA:313,0
DA:335,0
DA:336,0
DA:338,0
DA:371,0
DA:372,0
DA:374,0
DA:391,0
DA:392,0
DA:394,0
DA:408,0
DA:409,0
DA:411,0
DA:414,0
DA:427,0
DA:428,0
DA:430,0
DA:432,0
DA:434,0
DA:436,0
DA:438,0
DA:440,0
DA:442,0
DA:444,0
DA:446,0
DA:448,0
DA:450,0
DA:454,0
DA:460,0
DA:474,0
DA:488,0
DA:500,0
DA:508,0
DA:517,0
DA:523,0
LF:102
LH:0
BRDA:47,0,0,0
BRDA:47,0,1,0
BRDA:59,1,0,0
BRDA:59,1,1,0
BRDA:62,2,0,0
BRDA:62,2,1,0
BRDA:75,3,0,0
BRDA:75,3,1,0
BRDA:206,4,0,0
BRDA:206,4,1,0
BRDA:223,5,0,0
BRDA:223,5,1,0
BRDA:409,6,0,0
BRDA:409,6,1,0
BRDA:428,7,0,0
BRDA:428,7,1,0
BRDA:430,8,0,0
BRDA:430,8,1,0
BRDA:430,8,2,0
BRDA:430,8,3,0
BRDA:430,8,4,0
BRDA:430,8,5,0
BRDA:430,8,6,0
BRDA:430,8,7,0
BRDA:430,8,8,0
BRDA:430,8,9,0
BRF:26
BRH:0
end_of_record
TN:
SF:screens\DontBuyAgainScreen.js
FN:35,(anonymous_0)
FN:53,(anonymous_1)
FN:63,(anonymous_2)
FN:71,(anonymous_3)
FN:82,(anonymous_4)
FN:93,(anonymous_5)
FN:130,(anonymous_6)
FN:139,(anonymous_7)
FN:148,(anonymous_8)
FN:156,(anonymous_9)
FN:165,(anonymous_10)
FN:175,(anonymous_11)
FN:231,(anonymous_12)
FN:235,(anonymous_13)
FN:251,(anonymous_14)
FN:350,(anonymous_15)
FN:358,(anonymous_16)
FN:374,(anonymous_17)
FN:382,(anonymous_18)
FN:393,(anonymous_19)
FN:401,(anonymous_20)
FN:424,(anonymous_21)
FNF:22
FNH:0
FNDA:0,(anonymous_0)
FNDA:0,(anonymous_1)
FNDA:0,(anonymous_2)
FNDA:0,(anonymous_3)
FNDA:0,(anonymous_4)
FNDA:0,(anonymous_5)
FNDA:0,(anonymous_6)
FNDA:0,(anonymous_7)
FNDA:0,(anonymous_8)
FNDA:0,(anonymous_9)
FNDA:0,(anonymous_10)
FNDA:0,(anonymous_11)
FNDA:0,(anonymous_12)
FNDA:0,(anonymous_13)
FNDA:0,(anonymous_14)
FNDA:0,(anonymous_15)
FNDA:0,(anonymous_16)
FNDA:0,(anonymous_17)
FNDA:0,(anonymous_18)
FNDA:0,(anonymous_19)
FNDA:0,(anonymous_20)
FNDA:0,(anonymous_21)
DA:35,0
DA:36,0
DA:37,0
DA:38,0
DA:39,0
DA:40,0
DA:41,0
DA:44,0
DA:45,0
DA:46,0
DA:47,0
DA:48,0
DA:49,0
DA:50,0
DA:52,0
DA:54,0
DA:57,0
DA:58,0
DA:63,0
DA:64,0
DA:65,0
DA:66,0
DA:67,0
DA:68,0
DA:71,0
DA:72,0
DA:73,0
DA:74,0
DA:82,0
DA:83,0
DA:84,0
DA:85,0
DA:86,0
DA:89,0
DA:90,0
DA:93,0
DA:94,0
DA:95,0
DA:96,0
DA:99,0
DA:100,0
DA:101,0
DA:104,0
DA:114,0
DA:115,0
DA:116,0
DA:117,0
DA:118,0
DA:119,0
DA:120,0
DA:121,0
DA:122,0
DA:123,0
DA:124,0
DA:126,0
DA:130,0
DA:131,0
DA:140,0
DA:141,0
DA:148,0
DA:149,0
DA:157,0
DA:158,0
DA:165,0
DA:166,0
DA:167,0
DA:168,0
DA:169,0
DA:171,0
DA:175,0
DA:228,0
DA:231,0
DA:235,0
DA:251,0
DA:351,0
DA:358,0
DA:375,0
DA:382,0
DA:394,0
DA:401,0
DA:425,0
DA:426,0
DA:427,0
DA:428,0
DA:429,0
DA:449,0
LF:86
LH:0
BRDA:57,0,0,0
BRDA:57,0,1,0
BRDA:73,1,0,0
BRDA:73,1,1,0
BRDA:84,2,0,0
BRDA:84,2,1,0
BRDA:94,3,0,0
BRDA:94,3,1,0
BRDA:99,4,0,0
BRDA:99,4,1,0
BRDA:114,5,0,0
BRDA:114,5,1,0
BRDA:126,6,0,0
BRDA:126,6,1,0
BRDA:185,7,0,0
BRDA:185,7,1,0
BRDA:219,8,0,0
BRDA:219,8,1,0
BRDA:250,9,0,0
BRDA:250,9,1,0
BRDA:257,10,0,0
BRDA:257,10,1,0
BRDA:264,11,0,0
BRDA:264,11,1,0
BRDA:277,12,0,0
BRDA:277,12,1,0
BRDA:280,13,0,0
BRDA:280,13,1,0
BRDA:284,14,0,0
BRDA:284,14,1,0
BRDA:355,15,0,0
BRDA:355,15,1,0
BRDA:363,16,0,0
BRDA:363,16,1,0
BRDA:365,17,0,0
BRDA:365,17,1,0
BRDA:379,18,0,0
BRDA:379,18,1,0
BRDA:384,19,0,0
BRDA:384,19,1,0
BRDA:398,20,0,0
BRDA:398,20,1,0
BRDA:403,21,0,0
BRDA:403,21,1,0
BRF:44
BRH:0
end_of_record
TN:
SF:screens\HomeInfoScreen.js
FN:6,(anonymous_0)
FNF:1
FNH:0
FNDA:0,(anonymous_0)
DA:6,0
DA:7,0
DA:9,0
DA:21,0
DA:27,0
LF:5
LH:0
BRF:0
BRH:0
end_of_record
TN:
SF:screens\HomeScreen.js
FN:34,getWarrantyStatus
FN:53,(anonymous_1)
FN:72,(anonymous_2)
FN:90,(anonymous_3)
FN:108,(anonymous_4)
FN:135,(anonymous_5)
FN:153,(anonymous_6)
FN:159,(anonymous_7)
FN:160,(anonymous_8)
FN:160,(anonymous_9)
FN:185,(anonymous_10)
FN:197,(anonymous_11)
FN:202,(anonymous_12)
FN:216,(anonymous_13)
FN:226,(anonymous_14)
FN:245,(anonymous_15)
FN:257,(anonymous_16)
FN:269,(anonymous_17)
FN:282,(anonymous_18)
FN:294,(anonymous_19)
FN:307,(anonymous_20)
FN:319,(anonymous_21)
FN:331,(anonymous_22)
FN:344,(anonymous_23)
FN:357,(anonymous_24)
FN:364,(anonymous_25)
FN:371,(anonymous_26)
FN:380,(anonymous_27)
FN:386,(anonymous_28)
FN:430,(anonymous_29)
FN:448,(anonymous_30)
FN:448,(anonymous_31)
FN:449,(anonymous_32)
FN:463,(anonymous_33)
FN:497,(anonymous_34)
FN:535,(anonymous_35)
FN:553,(anonymous_36)
FN:559,(anonymous_37)
FN:589,(anonymous_38)
FN:607,(anonymous_39)
FN:618,(anonymous_40)
FN:623,(anonymous_41)
FN:637,(anonymous_42)
FN:642,(anonymous_43)
FN:647,(anonymous_44)
FN:652,(anonymous_45)
FN:653,(anonymous_46)
FN:731,(anonymous_47)
FN:759,(anonymous_48)
FN:770,(anonymous_49)
FN:806,(anonymous_50)
FN:815,(anonymous_51)
FN:830,(anonymous_52)
FN:834,(anonymous_53)
FN:841,(anonymous_54)
FN:850,(anonymous_55)
FN:1177,DynamicBarcode
FN:1182,(anonymous_57)
FN:1184,(anonymous_58)
FN:1198,(anonymous_59)
FN:1212,(anonymous_60)
FNF:61
FNH:0
FNDA:0,getWarrantyStatus
FNDA:0,(anonymous_1)
FNDA:0,(anonymous_2)
FNDA:0,(anonymous_3)
FNDA:0,(anonymous_4)
FNDA:0,(anonymous_5)
FNDA:0,(anonymous_6)
FNDA:0,(anonymous_7)
FNDA:0,(anonymous_8)
FNDA:0,(anonymous_9)
FNDA:0,(anonymous_10)
FNDA:0,(anonymous_11)
FNDA:0,(anonymous_12)
FNDA:0,(anonymous_13)
FNDA:0,(anonymous_14)
FNDA:0,(anonymous_15)
FNDA:0,(anonymous_16)
FNDA:0,(anonymous_17)
FNDA:0,(anonymous_18)
FNDA:0,(anonymous_19)
FNDA:0,(anonymous_20)
FNDA:0,(anonymous_21)
FNDA:0,(anonymous_22)
FNDA:0,(anonymous_23)
FNDA:0,(anonymous_24)
FNDA:0,(anonymous_25)
FNDA:0,(anonymous_26)
FNDA:0,(anonymous_27)
FNDA:0,(anonymous_28)
FNDA:0,(anonymous_29)
FNDA:0,(anonymous_30)
FNDA:0,(anonymous_31)
FNDA:0,(anonymous_32)
FNDA:0,(anonymous_33)
FNDA:0,(anonymous_34)
FNDA:0,(anonymous_35)
FNDA:0,(anonymous_36)
FNDA:0,(anonymous_37)
FNDA:0,(anonymous_38)
FNDA:0,(anonymous_39)
FNDA:0,(anonymous_40)
FNDA:0,(anonymous_41)
FNDA:0,(anonymous_42)
FNDA:0,(anonymous_43)
FNDA:0,(anonymous_44)
FNDA:0,(anonymous_45)
FNDA:0,(anonymous_46)
FNDA:0,(anonymous_47)
FNDA:0,(anonymous_48)
FNDA:0,(anonymous_49)
FNDA:0,(anonymous_50)
FNDA:0,(anonymous_51)
FNDA:0,(anonymous_52)
FNDA:0,(anonymous_53)
FNDA:0,(anonymous_54)
FNDA:0,(anonymous_55)
FNDA:0,DynamicBarcode
FNDA:0,(anonymous_57)
FNDA:0,(anonymous_58)
FNDA:0,(anonymous_59)
FNDA:0,(anonymous_60)
DA:35,0
DA:36,0
DA:37,0
DA:38,0
DA:40,0
DA:42,0
DA:43,0
DA:44,0
DA:45,0
DA:46,0
DA:47,0
DA:49,0
DA:53,0
DA:54,0
DA:69,0
DA:72,0
DA:73,0
DA:90,0
DA:91,0
DA:92,0
DA:93,0
DA:101,0
DA:103,0
DA:105,0
DA:108,0
DA:109,0
DA:110,0
DA:111,0
DA:113,0
DA:114,0
DA:115,0
DA:117,0
DA:118,0
DA:135,0
DA:136,0
DA:137,0
DA:138,0
DA:139,0
DA:140,0
DA:142,0
DA:143,0
DA:145,0
DA:146,0
DA:149,0
DA:150,0
DA:151,0
DA:152,0
DA:153,0
DA:155,0
DA:159,0
DA:160,0
DA:163,0
DA:185,0
DA:197,0
DA:202,0
DA:217,0
DA:226,0
DA:245,0
DA:257,0
DA:269,0
DA:282,0
DA:294,0
DA:307,0
DA:319,0
DA:331,0
DA:344,0
DA:357,0
DA:365,0
DA:371,0
DA:380,0
DA:386,0
DA:420,0
DA:430,0
DA:431,0
DA:432,0
DA:433,0
DA:434,0
DA:435,0
DA:436,0
DA:437,0
DA:438,0
DA:439,0
DA:440,0
DA:441,0
DA:442,0
DA:443,0
DA:445,0
DA:448,0
DA:449,0
DA:451,0
DA:455,0
DA:457,0
DA:463,0
DA:464,0
DA:465,0
DA:468,0
DA:470,0
DA:471,0
DA:472,0
DA:473,0
DA:474,0
DA:477,0
DA:478,0
DA:479,0
DA:480,0
DA:484,0
DA:485,0
DA:486,0
DA:489,0
DA:491,0
DA:493,0
DA:494,0
DA:497,0
DA:498,0
DA:499,0
DA:500,0
DA:501,0
DA:504,0
DA:505,0
DA:506,0
DA:507,0
DA:508,0
DA:510,0
DA:513,0
DA:514,0
DA:523,0
DA:524,0
DA:527,0
DA:528,0
DA:530,0
DA:535,0
DA:536,0
DA:537,0
DA:538,0
DA:539,0
DA:540,0
DA:541,0
DA:542,0
DA:543,0
DA:545,0
DA:547,0
DA:548,0
DA:549,0
DA:553,0
DA:554,0
DA:555,0
DA:556,0
DA:557,0
DA:559,0
DA:560,0
DA:562,0
DA:563,0
DA:564,0
DA:567,0
DA:568,0
DA:569,0
DA:570,0
DA:571,0
DA:572,0
DA:573,0
DA:574,0
DA:577,0
DA:580,0
DA:581,0
DA:582,0
DA:584,0
DA:585,0
DA:589,0
DA:590,0
DA:592,0
DA:593,0
DA:594,0
DA:597,0
DA:598,0
DA:599,0
DA:600,0
DA:601,0
DA:603,0
DA:607,0
DA:608,0
DA:609,0
DA:610,0
DA:611,0
DA:612,0
DA:614,0
DA:618,0
DA:619,0
DA:624,0
DA:625,0
DA:626,0
DA:627,0
DA:628,0
DA:630,0
DA:637,0
DA:638,0
DA:639,0
DA:642,0
DA:643,0
DA:644,0
DA:647,0
DA:648,0
DA:650,0
DA:652,0
DA:653,0
DA:695,0
DA:731,0
DA:760,0
DA:770,0
DA:806,0
DA:816,0
DA:817,0
DA:831,0
DA:832,0
DA:835,0
DA:836,0
DA:841,0
DA:850,0
DA:861,0
DA:867,0
DA:1178,0
DA:1179,0
DA:1180,0
DA:1182,0
DA:1183,0
DA:1184,0
DA:1185,0
DA:1186,0
DA:1187,0
DA:1188,0
DA:1189,0
DA:1190,0
DA:1191,0
DA:1192,0
DA:1194,0
DA:1195,0
DA:1198,0
DA:1201,0
DA:1202,0
DA:1204,0
DA:1205,0
DA:1208,0
DA:1209,0
DA:1212,0
DA:1217,0
LF:244
LH:0
BRDA:35,0,0,0
BRDA:35,0,1,0
BRDA:38,1,0,0
BRDA:38,1,1,0
BRDA:42,2,0,0
BRDA:42,2,1,0
BRDA:44,3,0,0
BRDA:44,3,1,0
BRDA:46,4,0,0
BRDA:46,4,1,0
BRDA:54,5,0,0
BRDA:54,5,1,0
BRDA:73,6,0,0
BRDA:73,6,1,0
BRDA:92,7,0,0
BRDA:92,7,1,0
BRDA:97,8,0,0
BRDA:97,8,1,0
BRDA:97,8,2,0
BRDA:98,9,0,0
BRDA:98,9,1,0
BRDA:98,9,2,0
BRDA:99,10,0,0
BRDA:99,10,1,0
BRDA:99,10,2,0
BRDA:109,11,0,0
BRDA:109,11,1,0
BRDA:113,12,0,0
BRDA:113,12,1,0
BRDA:135,13,0,0
BRDA:138,14,0,0
BRDA:138,14,1,0
BRDA:140,15,0,0
BRDA:140,15,1,0
BRDA:143,16,0,0
BRDA:143,16,1,0
BRDA:146,17,0,0
BRDA:146,17,1,0
BRDA:149,18,0,0
BRDA:149,18,1,0
BRDA:153,19,0,0
BRDA:153,19,1,0
BRDA:160,20,0,0
BRDA:160,20,1,0
BRDA:169,21,0,0
BRDA:169,21,1,0
BRDA:203,22,0,0
BRDA:203,22,1,0
BRDA:206,23,0,0
BRDA:206,23,1,0
BRDA:210,24,0,0
BRDA:210,24,1,0
BRDA:222,25,0,0
BRDA:222,25,1,0
BRDA:228,26,0,0
BRDA:228,26,1,0
BRDA:268,27,0,0
BRDA:268,27,1,0
BRDA:281,28,0,0
BRDA:281,28,1,0
BRDA:364,29,0,0
BRDA:364,29,1,0
BRDA:379,30,0,0
BRDA:379,30,1,0
BRDA:385,31,0,0
BRDA:385,31,1,0
BRDA:399,32,0,0
BRDA:399,32,1,0
BRDA:399,32,2,0
BRDA:411,33,0,0
BRDA:411,33,1,0
BRDA:451,34,0,0
BRDA:451,34,1,0
BRDA:455,35,0,0
BRDA:455,35,1,0
BRDA:457,36,0,0
BRDA:457,36,1,0
BRDA:471,37,0,0
BRDA:471,37,1,0
BRDA:478,38,0,0
BRDA:478,38,1,0
BRDA:486,39,0,0
BRDA:486,39,1,0
BRDA:491,40,0,0
BRDA:491,40,1,0
BRDA:497,41,0,0
BRDA:497,41,1,0
BRDA:497,41,2,0
BRDA:498,42,0,0
BRDA:498,42,1,0
BRDA:499,43,0,0
BRDA:499,43,1,0
BRDA:500,44,0,0
BRDA:500,44,1,0
BRDA:501,45,0,0
BRDA:501,45,1,0
BRDA:505,46,0,0
BRDA:505,46,1,0
BRDA:506,47,0,0
BRDA:506,47,1,0
BRDA:507,48,0,0
BRDA:507,48,1,0
BRDA:508,49,0,0
BRDA:508,49,1,0
BRDA:516,50,0,0
BRDA:516,50,1,0
BRDA:528,51,0,0
BRDA:528,51,1,0
BRDA:540,52,0,0
BRDA:540,52,1,0
BRDA:548,53,0,0
BRDA:548,53,1,0
BRDA:559,54,0,0
BRDA:559,54,1,0
BRDA:560,55,0,0
BRDA:560,55,1,0
BRDA:570,56,0,0
BRDA:570,56,1,0
BRDA:571,57,0,0
BRDA:571,57,1,0
BRDA:585,58,0,0
BRDA:585,58,1,0
BRDA:593,59,0,0
BRDA:593,59,1,0
BRDA:597,60,0,0
BRDA:597,60,1,0
BRDA:597,60,2,0
BRDA:603,61,0,0
BRDA:603,61,1,0
BRDA:614,62,0,0
BRDA:614,62,1,0
BRDA:630,63,0,0
BRDA:630,63,1,0
BRDA:658,64,0,0
BRDA:658,64,1,0
BRDA:658,65,0,0
BRDA:658,65,1,0
BRDA:676,66,0,0
BRDA:676,66,1,0
BRDA:683,67,0,0
BRDA:683,67,1,0
BRDA:701,68,0,0
BRDA:701,68,1,0
BRDA:705,69,0,0
BRDA:705,69,1,0
BRDA:712,70,0,0
BRDA:712,70,1,0
BRDA:716,71,0,0
BRDA:716,71,1,0
BRDA:730,72,0,0
BRDA:730,72,1,0
BRDA:753,73,0,0
BRDA:753,73,1,0
BRDA:765,74,0,0
BRDA:765,74,1,0
BRDA:766,75,0,0
BRDA:766,75,1,0
BRDA:767,76,0,0
BRDA:767,76,1,0
BRDA:776,77,0,0
BRDA:776,77,1,0
BRDA:777,78,0,0
BRDA:777,78,1,0
BRDA:781,79,0,0
BRDA:781,79,1,0
BRDA:788,80,0,0
BRDA:788,80,1,0
BRDA:792,81,0,0
BRDA:792,81,1,0
BRDA:819,82,0,0
BRDA:819,82,1,0
BRDA:820,83,0,0
BRDA:820,83,1,0
BRDA:823,84,0,0
BRDA:823,84,1,0
BRDA:840,85,0,0
BRDA:840,85,1,0
BRDA:1187,86,0,0
BRDA:1187,86,1,0
BRDA:1190,87,0,0
BRDA:1190,87,1,0
BRDA:1195,88,0,0
BRDA:1195,88,1,0
BRDA:1201,89,0,0
BRDA:1201,89,1,0
BRDA:1204,90,0,0
BRDA:1204,90,1,0
BRDA:1204,91,0,0
BRDA:1204,91,1,0
BRF:189
BRH:0
end_of_record
TN:
SF:screens\ImportScreen.js
FN:16,(anonymous_0)
FN:28,(anonymous_1)
FN:29,(anonymous_2)
FN:36,(anonymous_3)
FN:57,(anonymous_4)
FN:76,(anonymous_5)
FN:98,(anonymous_6)
FN:108,(anonymous_7)
FN:159,(anonymous_8)
FN:174,(anonymous_9)
FN:278,(anonymous_10)
FN:288,(anonymous_11)
FN:319,(anonymous_12)
FN:321,(anonymous_13)
FN:329,(anonymous_14)
FNF:15
FNH:0
FNDA:0,(anonymous_0)
FNDA:0,(anonymous_1)
FNDA:0,(anonymous_2)
FNDA:0,(anonymous_3)
FNDA:0,(anonymous_4)
FNDA:0,(anonymous_5)
FNDA:0,(anonymous_6)
FNDA:0,(anonymous_7)
FNDA:0,(anonymous_8)
FNDA:0,(anonymous_9)
FNDA:0,(anonymous_10)
FNDA:0,(anonymous_11)
FNDA:0,(anonymous_12)
FNDA:0,(anonymous_13)
FNDA:0,(anonymous_14)
DA:16,0
DA:17,0
DA:18,0
DA:19,0
DA:21,0
DA:22,0
DA:23,0
DA:24,0
DA:25,0
DA:28,0
DA:29,0
DA:30,0
DA:31,0
DA:33,0
DA:36,0
DA:37,0
DA:38,0
DA:43,0
DA:44,0
DA:47,0
DA:48,0
DA:49,0
DA:52,0
DA:53,0
DA:57,0
DA:58,0
DA:60,0
DA:62,0
DA:63,0
DA:66,0
DA:68,0
DA:69,0
DA:70,0
DA:71,0
DA:75,0
DA:76,0
DA:77,0
DA:78,0
DA:82,0
DA:83,0
DA:84,0
DA:90,0
DA:92,0
DA:93,0
DA:94,0
DA:98,0
DA:99,0
DA:100,0
DA:101,0
DA:103,0
DA:105,0
DA:108,0
DA:109,0
DA:110,0
DA:111,0
DA:114,0
DA:116,0
DA:117,0
DA:118,0
DA:120,0
DA:121,0
DA:123,0
DA:124,0
DA:142,0
DA:143,0
DA:145,0
DA:146,0
DA:150,0
DA:152,0
DA:159,0
DA:164,0
DA:165,0
DA:166,0
DA:170,0
DA:174,0
DA:279,0
DA:288,0
DA:320,0
DA:321,0
DA:322,0
DA:329,0
DA:361,0
LF:82
LH:0
BRDA:31,0,0,0
BRDA:31,0,1,0
BRDA:43,1,0,0
BRDA:43,1,1,0
BRDA:47,2,0,0
BRDA:47,2,1,0
BRDA:47,3,0,0
BRDA:47,3,1,0
BRDA:68,4,0,0
BRDA:68,4,1,0
BRDA:69,5,0,0
BRDA:69,5,1,0
BRDA:77,6,0,0
BRDA:77,6,1,0
BRDA:100,7,0,0
BRDA:100,7,1,0
BRDA:109,8,0,0
BRDA:109,8,1,0
BRDA:126,9,0,0
BRDA:126,9,1,0
BRDA:128,10,0,0
BRDA:128,10,1,0
BRDA:129,11,0,0
BRDA:129,11,1,0
BRDA:130,12,0,0
BRDA:130,12,1,0
BRDA:131,13,0,0
BRDA:131,13,1,0
BRDA:139,14,0,0
BRDA:139,14,1,0
BRDA:154,15,0,0
BRDA:154,15,1,0
BRDA:155,16,0,0
BRDA:155,16,1,0
BRDA:181,17,0,0
BRDA:181,17,1,0
BRDA:209,18,0,0
BRDA:209,18,1,0
BRDA:263,19,0,0
BRDA:263,19,1,0
BRDA:285,20,0,0
BRDA:285,20,1,0
BRDA:297,21,0,0
BRDA:297,21,1,0
BRDA:299,22,0,0
BRDA:299,22,1,0
BRDA:306,23,0,0
BRDA:306,23,1,0
BRDA:308,24,0,0
BRDA:308,24,1,0
BRDA:341,25,0,0
BRDA:341,25,1,0
BRDA:343,26,0,0
BRDA:343,26,1,0
BRDA:349,27,0,0
BRDA:349,27,1,0
BRF:56
BRH:0
end_of_record
TN:
SF:screens\LegalScreen.js
FN:6,(anonymous_0)
FN:16,(anonymous_1)
FN:68,(anonymous_2)
FN:116,(anonymous_3)
FN:183,(anonymous_4)
FN:191,(anonymous_5)
FN:198,(anonymous_6)
FNF:7
FNH:0
FNDA:0,(anonymous_0)
FNDA:0,(anonymous_1)
FNDA:0,(anonymous_2)
FNDA:0,(anonymous_3)
FNDA:0,(anonymous_4)
FNDA:0,(anonymous_5)
FNDA:0,(anonymous_6)
DA:6,0
DA:7,0
DA:8,0
DA:10,0
DA:16,0
DA:17,0
DA:68,0
DA:69,0
DA:116,0
DA:117,0
DA:180,0
DA:183,0
DA:192,0
DA:198,0
DA:224,0
LF:15
LH:0
BRDA:196,0,0,0
BRDA:196,0,1,0
BRDA:203,1,0,0
BRDA:203,1,1,0
BRDA:207,2,0,0
BRDA:207,2,1,0
BRDA:216,3,0,0
BRDA:216,3,1,0
BRDA:217,4,0,0
BRDA:217,4,1,0
BRDA:218,5,0,0
BRDA:218,5,1,0
BRF:12
BRH:0
end_of_record
TN:
SF:screens\LoadingScreen.js
FN:5,(anonymous_0)
FNF:1
FNH:0
FNDA:0,(anonymous_0)
DA:5,0
DA:6,0
DA:7,0
LF:3
LH:0
BRF:0
BRH:0
end_of_record
TN:
SF:screens\LoginScreen.js
FN:16,(anonymous_0)
FN:23,(anonymous_1)
FN:98,(anonymous_2)
FNF:3
FNH:0
FNDA:0,(anonymous_0)
FNDA:0,(anonymous_1)
FNDA:0,(anonymous_2)
DA:16,0
DA:17,0
DA:18,0
DA:19,0
DA:20,0
DA:21,0
DA:23,0
DA:24,0
DA:26,0
DA:27,0
DA:28,0
DA:30,0
DA:31,0
DA:32,0
DA:35,0
DA:36,0
DA:38,0
DA:39,0
DA:43,0
DA:45,0
DA:98,0
DA:108,0
DA:114,0
LF:23
LH:0
BRDA:26,0,0,0
BRDA:26,0,1,0
BRDA:30,1,0,0
BRDA:30,1,1,0
BRDA:38,2,0,0
BRDA:38,2,1,0
BRDA:39,3,0,0
BRDA:39,3,1,0
BRDA:43,4,0,0
BRDA:43,4,1,0
BRDA:51,5,0,0
BRDA:51,5,1,0
BRDA:87,6,0,0
BRDA:87,6,1,0
BRDA:91,7,0,0
BRDA:91,7,1,0
BRF:16
BRH:0
end_of_record
TN:
SF:screens\MaintenanceScreen.js
FN:6,(anonymous_0)
FNF:1
FNH:0
FNDA:0,(anonymous_0)
DA:6,0
DA:7,0
DA:9,0
DA:35,0
DA:41,0
LF:5
LH:0
BRF:0
BRH:0
end_of_record
TN:
SF:screens\ManualLookupScreen.js
FN:15,(anonymous_0)
FN:27,(anonymous_1)
FN:28,(anonymous_2)
FN:35,(anonymous_3)
FN:41,(anonymous_4)
FN:70,(anonymous_5)
FN:106,(anonymous_6)
FN:116,(anonymous_7)
FN:118,(anonymous_8)
FN:128,(anonymous_9)
FN:179,(anonymous_10)
FN:203,(anonymous_11)
FN:221,(anonymous_12)
FN:243,(anonymous_13)
FNF:14
FNH:0
FNDA:0,(anonymous_0)
FNDA:0,(anonymous_1)
FNDA:0,(anonymous_2)
FNDA:0,(anonymous_3)
FNDA:0,(anonymous_4)
FNDA:0,(anonymous_5)
FNDA:0,(anonymous_6)
FNDA:0,(anonymous_7)
FNDA:0,(anonymous_8)
FNDA:0,(anonymous_9)
FNDA:0,(anonymous_10)
FNDA:0,(anonymous_11)
FNDA:0,(anonymous_12)
FNDA:0,(anonymous_13)
DA:15,0
DA:16,0
DA:17,0
DA:18,0
DA:19,0
DA:20,0
DA:22,0
DA:23,0
DA:24,0
DA:27,0
DA:28,0
DA:29,0
DA:30,0
DA:32,0
DA:35,0
DA:36,0
DA:37,0
DA:41,0
DA:42,0
DA:44,0
DA:45,0
DA:48,0
DA:49,0
DA:52,0
DA:55,0
DA:57,0
DA:62,0
DA:64,0
DA:65,0
DA:66,0
DA:70,0
DA:71,0
DA:73,0
DA:74,0
DA:76,0
DA:78,0
DA:79,0
DA:82,0
DA:84,0
DA:85,0
DA:86,0
DA:91,0
DA:92,0
DA:93,0
DA:94,0
DA:99,0
DA:101,0
DA:102,0
DA:106,0
DA:110,0
DA:111,0
DA:112,0
DA:116,0
DA:117,0
DA:118,0
DA:119,0
DA:124,0
DA:128,0
DA:179,0
DA:203,0
DA:222,0
DA:244,0
DA:298,0
LF:63
LH:0
BRDA:30,0,0,0
BRDA:30,0,1,0
BRDA:36,1,0,0
BRDA:36,1,1,0
BRDA:71,2,0,0
BRDA:71,2,1,0
BRDA:71,3,0,0
BRDA:71,3,1,0
BRDA:78,4,0,0
BRDA:78,4,1,0
BRDA:82,5,0,0
BRDA:82,5,1,0
BRDA:82,6,0,0
BRDA:82,6,1,0
BRDA:84,7,0,0
BRDA:84,7,1,0
BRDA:86,8,0,0
BRDA:86,8,1,0
BRDA:91,9,0,0
BRDA:91,9,1,0
BRDA:91,10,0,0
BRDA:91,10,1,0
BRDA:92,11,0,0
BRDA:92,11,1,0
BRDA:94,12,0,0
BRDA:94,12,1,0
BRDA:117,13,0,0
BRDA:117,13,1,0
BRDA:137,14,0,0
BRDA:137,14,1,0
BRDA:142,15,0,0
BRDA:142,15,1,0
BRDA:151,16,0,0
BRDA:151,16,1,0
BRDA:161,17,0,0
BRDA:161,17,1,0
BRDA:161,17,2,0
BRDA:164,18,0,0
BRDA:164,18,1,0
BRDA:173,19,0,0
BRDA:173,19,1,0
BRDA:188,20,0,0
BRDA:188,20,1,0
BRDA:212,21,0,0
BRDA:212,21,1,0
BRDA:212,21,2,0
BRDA:234,22,0,0
BRDA:234,22,1,0
BRDA:234,22,2,0
BRDA:256,23,0,0
BRDA:256,23,1,0
BRDA:256,23,2,0
BRDA:256,23,3,0
BRDA:256,23,4,0
BRDA:256,23,5,0
BRDA:256,23,6,0
BRDA:274,24,0,0
BRDA:274,24,1,0
BRDA:274,24,2,0
BRDA:274,24,3,0
BRDA:274,24,4,0
BRDA:274,24,5,0
BRDA:274,24,6,0
BRDA:274,24,7,0
BRDA:283,25,0,0
BRDA:283,25,1,0
BRF:66
BRH:0
end_of_record
TN:
SF:screens\MealHistoryScreen.js
FN:33,(anonymous_0)
FN:46,(anonymous_1)
FN:51,(anonymous_2)
FN:63,(anonymous_3)
FN:70,(anonymous_4)
FN:79,(anonymous_5)
FN:88,(anonymous_6)
FN:97,(anonymous_7)
FN:105,(anonymous_8)
FN:114,(anonymous_9)
FN:122,(anonymous_10)
FN:123,(anonymous_11)
FN:150,(anonymous_12)
FN:189,(anonymous_13)
FN:200,(anonymous_14)
FN:210,(anonymous_15)
FN:216,(anonymous_16)
FN:250,(anonymous_17)
FN:258,(anonymous_18)
FN:266,(anonymous_19)
FN:290,(anonymous_20)
FN:300,(anonymous_21)
FN:332,(anonymous_22)
FN:335,(anonymous_23)
FN:360,(anonymous_24)
FNF:25
FNH:0
FNDA:0,(anonymous_0)
FNDA:0,(anonymous_1)
FNDA:0,(anonymous_2)
FNDA:0,(anonymous_3)
FNDA:0,(anonymous_4)
FNDA:0,(anonymous_5)
FNDA:0,(anonymous_6)
FNDA:0,(anonymous_7)
FNDA:0,(anonymous_8)
FNDA:0,(anonymous_9)
FNDA:0,(anonymous_10)
FNDA:0,(anonymous_11)
FNDA:0,(anonymous_12)
FNDA:0,(anonymous_13)
FNDA:0,(anonymous_14)
FNDA:0,(anonymous_15)
FNDA:0,(anonymous_16)
FNDA:0,(anonymous_17)
FNDA:0,(anonymous_18)
FNDA:0,(anonymous_19)
FNDA:0,(anonymous_20)
FNDA:0,(anonymous_21)
FNDA:0,(anonymous_22)
FNDA:0,(anonymous_23)
FNDA:0,(anonymous_24)
DA:33,0
DA:34,0
DA:35,0
DA:36,0
DA:37,0
DA:38,0
DA:39,0
DA:40,0
DA:41,0
DA:42,0
DA:43,0
DA:45,0
DA:47,0
DA:51,0
DA:52,0
DA:53,0
DA:54,0
DA:55,0
DA:57,0
DA:58,0
DA:59,0
DA:60,0
DA:63,0
DA:64,0
DA:65,0
DA:66,0
DA:67,0
DA:70,0
DA:71,0
DA:73,0
DA:74,0
DA:75,0
DA:76,0
DA:79,0
DA:80,0
DA:89,0
DA:90,0
DA:97,0
DA:98,0
DA:107,0
DA:114,0
DA:115,0
DA:116,0
DA:118,0
DA:122,0
DA:123,0
DA:150,0
DA:190,0
DA:200,0
DA:209,0
DA:210,0
DA:213,0
DA:216,0
DA:250,0
DA:258,0
DA:266,0
DA:290,0
DA:301,0
DA:302,0
DA:333,0
DA:335,0
DA:361,0
DA:362,0
DA:381,0
LF:64
LH:0
BRDA:65,0,0,0
BRDA:65,0,1,0
BRDA:66,1,0,0
BRDA:66,1,1,0
BRDA:71,2,0,0
BRDA:71,2,1,0
BRDA:114,3,0,0
BRDA:140,4,0,0
BRDA:140,4,1,0
BRDA:159,5,0,0
BRDA:159,5,1,0
BRDA:159,5,2,0
BRDA:168,6,0,0
BRDA:168,6,1,0
BRDA:175,7,0,0
BRDA:175,7,1,0
BRDA:209,8,0,0
BRDA:209,8,1,0
BRDA:210,9,0,0
BRDA:210,9,1,0
BRDA:226,10,0,0
BRDA:226,10,1,0
BRDA:249,11,0,0
BRDA:249,11,1,0
BRDA:252,12,0,0
BRDA:252,12,1,0
BRDA:257,13,0,0
BRDA:257,13,1,0
BRDA:260,14,0,0
BRDA:260,14,1,0
BRDA:265,15,0,0
BRDA:265,15,1,0
BRDA:268,16,0,0
BRDA:268,16,1,0
BRDA:276,17,0,0
BRDA:276,17,1,0
BRDA:276,17,2,0
BRDA:282,18,0,0
BRDA:282,18,1,0
BRDA:289,19,0,0
BRDA:289,19,1,0
BRDA:291,20,0,0
BRDA:291,20,1,0
BRDA:311,21,0,0
BRDA:311,21,1,0
BRDA:313,22,0,0
BRDA:313,22,1,0
BRDA:338,23,0,0
BRDA:338,23,1,0
BRF:49
BRH:0
end_of_record
TN:
SF:screens\MealPlanningScreen.js
FN:28,(anonymous_0)
FN:44,(anonymous_1)
FN:64,(anonymous_2)
FN:69,(anonymous_3)
FN:81,(anonymous_4)
FN:87,(anonymous_5)
FN:93,(anonymous_6)
FN:101,(anonymous_7)
FN:109,(anonymous_8)
FN:119,(anonymous_9)
FN:133,(anonymous_10)
FN:142,(anonymous_11)
FN:151,(anonymous_12)
FN:164,(anonymous_13)
FN:169,(anonymous_14)
FN:191,(anonymous_15)
FN:200,(anonymous_16)
FN:208,(anonymous_17)
FN:218,(anonymous_18)
FN:224,(anonymous_19)
FN:225,(anonymous_20)
FN:234,(anonymous_21)
FN:264,(anonymous_22)
FN:268,(anonymous_23)
FN:296,(anonymous_24)
FN:358,(anonymous_25)
FN:362,(anonymous_26)
FN:370,(anonymous_27)
FN:383,(anonymous_28)
FNF:29
FNH:0
FNDA:0,(anonymous_0)
FNDA:0,(anonymous_1)
FNDA:0,(anonymous_2)
FNDA:0,(anonymous_3)
FNDA:0,(anonymous_4)
FNDA:0,(anonymous_5)
FNDA:0,(anonymous_6)
FNDA:0,(anonymous_7)
FNDA:0,(anonymous_8)
FNDA:0,(anonymous_9)
FNDA:0,(anonymous_10)
FNDA:0,(anonymous_11)
FNDA:0,(anonymous_12)
FNDA:0,(anonymous_13)
FNDA:0,(anonymous_14)
FNDA:0,(anonymous_15)
FNDA:0,(anonymous_16)
FNDA:0,(anonymous_17)
FNDA:0,(anonymous_18)
FNDA:0,(anonymous_19)
FNDA:0,(anonymous_20)
FNDA:0,(anonymous_21)
FNDA:0,(anonymous_22)
FNDA:0,(anonymous_23)
FNDA:0,(anonymous_24)
FNDA:0,(anonymous_25)
FNDA:0,(anonymous_26)
FNDA:0,(anonymous_27)
FNDA:0,(anonymous_28)
DA:28,0
DA:29,0
DA:30,0
DA:31,0
DA:32,0
DA:33,0
DA:34,0
DA:37,0
DA:38,0
DA:39,0
DA:40,0
DA:41,0
DA:44,0
DA:45,0
DA:46,0
DA:49,0
DA:50,0
DA:52,0
DA:53,0
DA:54,0
DA:55,0
DA:56,0
DA:59,0
DA:63,0
DA:65,0
DA:69,0
DA:70,0
DA:71,0
DA:72,0
DA:73,0
DA:75,0
DA:76,0
DA:77,0
DA:78,0
DA:81,0
DA:82,0
DA:83,0
DA:84,0
DA:87,0
DA:88,0
DA:89,0
DA:90,0
DA:93,0
DA:94,0
DA:95,0
DA:96,0
DA:97,0
DA:98,0
DA:101,0
DA:102,0
DA:103,0
DA:104,0
DA:105,0
DA:106,0
DA:109,0
DA:110,0
DA:111,0
DA:112,0
DA:115,0
DA:119,0
DA:123,0
DA:125,0
DA:126,0
DA:127,0
DA:129,0
DA:133,0
DA:134,0
DA:143,0
DA:144,0
DA:151,0
DA:152,0
DA:153,0
DA:155,0
DA:157,0
DA:158,0
DA:159,0
DA:162,0
DA:164,0
DA:170,0
DA:172,0
DA:173,0
DA:184,0
DA:191,0
DA:192,0
DA:193,0
DA:194,0
DA:195,0
DA:196,0
DA:200,0
DA:201,0
DA:203,0
DA:204,0
DA:208,0
DA:218,0
DA:220,0
DA:224,0
DA:225,0
DA:234,0
DA:261,0
DA:264,0
DA:268,0
DA:297,0
DA:299,0
DA:358,0
DA:363,0
DA:370,0
DA:383,0
DA:401,0
LF:108
LH:0
BRDA:45,0,0,0
BRDA:45,0,1,0
BRDA:45,1,0,0
BRDA:45,1,1,0
BRDA:50,2,0,0
BRDA:50,2,1,0
BRDA:103,3,0,0
BRDA:103,3,1,0
BRDA:104,4,0,0
BRDA:104,4,1,0
BRDA:105,5,0,0
BRDA:105,5,1,0
BRDA:110,6,0,0
BRDA:110,6,1,0
BRDA:119,7,0,0
BRDA:119,7,1,0
BRDA:125,8,0,0
BRDA:125,8,1,0
BRDA:153,9,0,0
BRDA:153,9,1,0
BRDA:157,10,0,0
BRDA:157,10,1,0
BRDA:192,11,0,0
BRDA:192,11,1,0
BRDA:192,11,2,0
BRDA:192,11,3,0
BRDA:203,12,0,0
BRDA:203,12,1,0
BRDA:243,13,0,0
BRDA:243,13,1,0
BRDA:252,14,0,0
BRDA:252,14,1,0
BRDA:283,15,0,0
BRDA:283,15,1,0
BRDA:297,16,0,0
BRDA:297,16,1,0
BRDA:301,17,0,0
BRDA:301,17,1,0
BRDA:302,18,0,0
BRDA:302,18,1,0
BRDA:327,19,0,0
BRDA:327,19,1,0
BRDA:348,20,0,0
BRDA:348,20,1,0
BRDA:348,20,2,0
BRDA:355,21,0,0
BRDA:355,21,1,0
BRDA:367,22,0,0
BRDA:367,22,1,0
BRF:49
BRH:0
end_of_record
TN:
SF:screens\NotesScreen.js
FN:27,(anonymous_0)
FN:36,(anonymous_1)
FN:40,(anonymous_2)
FN:51,(anonymous_3)
FN:60,(anonymous_4)
FN:79,(anonymous_5)
FN:85,(anonymous_6)
FN:95,(anonymous_7)
FN:104,(anonymous_8)
FN:105,(anonymous_9)
FN:113,(anonymous_10)
FN:121,(anonymous_11)
FN:129,(anonymous_12)
FN:137,(anonymous_13)
FN:138,(anonymous_14)
FN:141,(anonymous_15)
FN:142,(anonymous_16)
FN:166,(anonymous_17)
FN:179,(anonymous_18)
FN:183,(anonymous_19)
FN:184,(anonymous_20)
FN:244,(anonymous_21)
FN:254,(anonymous_22)
FN:306,(anonymous_23)
FNF:24
FNH:0
FNDA:0,(anonymous_0)
FNDA:0,(anonymous_1)
FNDA:0,(anonymous_2)
FNDA:0,(anonymous_3)
FNDA:0,(anonymous_4)
FNDA:0,(anonymous_5)
FNDA:0,(anonymous_6)
FNDA:0,(anonymous_7)
FNDA:0,(anonymous_8)
FNDA:0,(anonymous_9)
FNDA:0,(anonymous_10)
FNDA:0,(anonymous_11)
FNDA:0,(anonymous_12)
FNDA:0,(anonymous_13)
FNDA:0,(anonymous_14)
FNDA:0,(anonymous_15)
FNDA:0,(anonymous_16)
FNDA:0,(anonymous_17)
FNDA:0,(anonymous_18)
FNDA:0,(anonymous_19)
FNDA:0,(anonymous_20)
FNDA:0,(anonymous_21)
FNDA:0,(anonymous_22)
FNDA:0,(anonymous_23)
DA:18,0
DA:20,0
DA:27,0
DA:28,0
DA:29,0
DA:30,0
DA:31,0
DA:32,0
DA:33,0
DA:34,0
DA:36,0
DA:37,0
DA:40,0
DA:41,0
DA:42,0
DA:43,0
DA:44,0
DA:47,0
DA:51,0
DA:52,0
DA:53,0
DA:54,0
DA:56,0
DA:60,0
DA:61,0
DA:62,0
DA:63,0
DA:66,0
DA:74,0
DA:75,0
DA:76,0
DA:79,0
DA:80,0
DA:81,0
DA:82,0
DA:85,0
DA:86,0
DA:91,0
DA:92,0
DA:95,0
DA:96,0
DA:105,0
DA:106,0
DA:113,0
DA:114,0
DA:115,0
DA:116,0
DA:117,0
DA:118,0
DA:121,0
DA:122,0
DA:123,0
DA:124,0
DA:125,0
DA:126,0
DA:129,0
DA:130,0
DA:131,0
DA:132,0
DA:133,0
DA:134,0
DA:137,0
DA:138,0
DA:141,0
DA:142,0
DA:143,0
DA:146,0
DA:167,0
DA:168,0
DA:170,0
DA:180,0
DA:183,0
DA:184,0
DA:245,0
DA:254,0
DA:307,0
DA:308,0
DA:321,0
DA:327,0
LF:79
LH:0
BRDA:43,0,0,0
BRDA:43,0,1,0
BRDA:61,1,0,0
BRDA:61,1,1,0
BRDA:80,2,0,0
BRDA:80,2,1,0
BRDA:86,3,0,0
BRDA:86,3,1,0
BRDA:125,4,0,0
BRDA:125,4,1,0
BRDA:138,5,0,0
BRDA:138,5,1,0
BRDA:159,6,0,0
BRDA:159,6,1,0
BRDA:168,7,0,0
BRDA:168,7,1,0
BRDA:191,8,0,0
BRDA:191,8,1,0
BRDA:224,9,0,0
BRDA:224,9,1,0
BRDA:250,10,0,0
BRDA:250,10,1,0
BRDA:259,11,0,0
BRDA:259,11,1,0
BRDA:263,12,0,0
BRDA:263,12,1,0
BRDA:295,13,0,0
BRDA:295,13,1,0
BRDA:298,14,0,0
BRDA:298,14,1,0
BRDA:303,15,0,0
BRDA:303,15,1,0
BRF:32
BRH:0
end_of_record
TN:
SF:screens\PaywallScreen.js
FN:19,(anonymous_0)
FN:30,(anonymous_1)
FN:43,(anonymous_2)
FN:61,(anonymous_3)
FN:75,(anonymous_4)
FN:104,(anonymous_5)
FN:132,(anonymous_6)
FN:154,(anonymous_7)
FN:196,(anonymous_8)
FN:260,(anonymous_9)
FNF:10
FNH:0
FNDA:0,(anonymous_0)
FNDA:0,(anonymous_1)
FNDA:0,(anonymous_2)
FNDA:0,(anonymous_3)
FNDA:0,(anonymous_4)
FNDA:0,(anonymous_5)
FNDA:0,(anonymous_6)
FNDA:0,(anonymous_7)
FNDA:0,(anonymous_8)
FNDA:0,(anonymous_9)
DA:19,0
DA:20,0
DA:21,0
DA:22,0
DA:24,0
DA:25,0
DA:26,0
DA:28,0
DA:30,0
DA:31,0
DA:33,0
DA:34,0
DA:36,0
DA:37,0
DA:43,0
DA:47,0
DA:50,0
DA:53,0
DA:55,0
DA:56,0
DA:57,0
DA:61,0
DA:62,0
DA:64,0
DA:65,0
DA:67,0
DA:68,0
DA:69,0
DA:75,0
DA:80,0
DA:86,0
DA:89,0
DA:91,0
DA:92,0
DA:93,0
DA:97,0
DA:104,0
DA:133,0
DA:154,0
DA:196,0
DA:260,0
DA:261,0
DA:274,0
DA:277,0
LF:44
LH:0
BRDA:36,0,0,0
BRDA:36,0,1,0
BRDA:47,1,0,0
BRDA:47,1,1,0
BRDA:50,2,0,0
BRDA:50,2,1,0
BRDA:67,3,0,0
BRDA:67,3,1,0
BRDA:68,4,0,0
BRDA:68,4,1,0
BRDA:86,5,0,0
BRDA:86,5,1,0
BRDA:103,6,0,0
BRDA:103,6,1,0
BRDA:114,7,0,0
BRDA:114,7,1,0
BRDA:150,8,0,0
BRDA:150,8,1,0
BRDA:163,9,0,0
BRDA:163,9,1,0
BRDA:165,10,0,0
BRDA:165,10,1,0
BRDA:192,11,0,0
BRDA:192,11,1,0
BRDA:200,12,0,0
BRDA:200,12,1,0
BRDA:202,13,0,0
BRDA:202,13,1,0
BRDA:233,14,0,0
BRDA:233,14,1,0
BRDA:247,15,0,0
BRDA:247,15,1,0
BRDA:274,16,0,0
BRDA:274,16,1,0
BRF:34
BRH:0
end_of_record
TN:
SF:screens\ProductDetailScreen.js
FN:7,daysUntil
FN:16,(anonymous_1)
FN:20,(anonymous_2)
FN:24,(anonymous_3)
FN:34,(anonymous_4)
FN:58,(anonymous_5)
FN:65,(anonymous_6)
FN:75,(anonymous_7)
FN:136,(anonymous_8)
FN:136,(anonymous_9)
FN:148,(anonymous_10)
FN:150,(anonymous_11)
FN:151,(anonymous_12)
FN:159,(anonymous_13)
FNF:14
FNH:0
FNDA:0,daysUntil
FNDA:0,(anonymous_1)
FNDA:0,(anonymous_2)
FNDA:0,(anonymous_3)
FNDA:0,(anonymous_4)
FNDA:0,(anonymous_5)
FNDA:0,(anonymous_6)
FNDA:0,(anonymous_7)
FNDA:0,(anonymous_8)
FNDA:0,(anonymous_9)
FNDA:0,(anonymous_10)
FNDA:0,(anonymous_11)
FNDA:0,(anonymous_12)
FNDA:0,(anonymous_13)
DA:8,0
DA:9,0
DA:10,0
DA:11,0
DA:12,0
DA:13,0
DA:16,0
DA:17,0
DA:18,0
DA:20,0
DA:21,0
DA:22,0
DA:24,0
DA:25,0
DA:26,0
DA:29,0
DA:34,0
DA:58,0
DA:65,0
DA:75,0
DA:136,0
DA:148,0
DA:151,0
DA:159,0
DA:165,0
DA:174,0
LF:26
LH:0
BRDA:8,0,0,0
BRDA:8,0,1,0
BRDA:11,1,0,0
BRDA:11,1,1,0
BRDA:18,2,0,0
BRDA:18,2,1,0
BRDA:33,3,0,0
BRDA:33,3,1,0
BRDA:40,4,0,0
BRDA:40,4,1,0
BRDA:43,5,0,0
BRDA:43,5,1,0
BRDA:46,6,0,0
BRDA:46,6,1,0
BRDA:49,7,0,0
BRDA:49,7,1,0
BRDA:50,8,0,0
BRDA:50,8,1,0
BRDA:83,9,0,0
BRDA:83,9,1,0
BRDA:83,10,0,0
BRDA:83,10,1,0
BRDA:83,10,2,0
BRDA:87,11,0,0
BRDA:87,11,1,0
BRDA:93,12,0,0
BRDA:93,12,1,0
BRDA:99,13,0,0
BRDA:99,13,1,0
BRDA:110,14,0,0
BRDA:110,14,1,0
BRDA:110,15,0,0
BRDA:110,15,1,0
BRDA:114,16,0,0
BRDA:114,16,1,0
BRDA:120,17,0,0
BRDA:120,17,1,0
BRDA:131,18,0,0
BRDA:131,18,1,0
BRDA:144,19,0,0
BRDA:144,19,1,0
BRF:41
BRH:0
end_of_record
TN:
SF:screens\ProductsScreen.js
FN:34,getWarrantyStatus
FN:53,(anonymous_1)
FN:70,(anonymous_2)
FN:86,(anonymous_3)
FN:104,(anonymous_4)
FN:129,(anonymous_5)
FN:147,(anonymous_6)
FN:153,(anonymous_7)
FN:154,(anonymous_8)
FN:154,(anonymous_9)
FN:179,(anonymous_10)
FN:191,(anonymous_11)
FN:196,(anonymous_12)
FN:210,(anonymous_13)
FN:220,(anonymous_14)
FN:239,(anonymous_15)
FN:251,(anonymous_16)
FN:263,(anonymous_17)
FN:276,(anonymous_18)
FN:288,(anonymous_19)
FN:300,(anonymous_20)
FN:313,(anonymous_21)
FN:326,(anonymous_22)
FN:333,(anonymous_23)
FN:340,(anonymous_24)
FN:349,(anonymous_25)
FN:355,(anonymous_26)
FN:399,(anonymous_27)
FN:417,(anonymous_28)
FN:417,(anonymous_29)
FN:418,(anonymous_30)
FN:432,(anonymous_31)
FN:466,(anonymous_32)
FN:486,(anonymous_33)
FN:504,(anonymous_34)
FN:510,(anonymous_35)
FN:540,(anonymous_36)
FN:558,(anonymous_37)
FN:569,(anonymous_38)
FN:574,(anonymous_39)
FN:588,(anonymous_40)
FN:593,(anonymous_41)
FN:598,(anonymous_42)
FN:603,(anonymous_43)
FN:604,(anonymous_44)
FN:663,(anonymous_45)
FN:705,(anonymous_46)
FN:720,(anonymous_47)
FN:730,(anonymous_48)
FN:772,(anonymous_49)
FN:798,(anonymous_50)
FN:813,(anonymous_51)
FN:817,(anonymous_52)
FN:824,(anonymous_53)
FN:833,(anonymous_54)
FN:1217,DynamicBarcode
FN:1222,(anonymous_56)
FN:1224,(anonymous_57)
FN:1238,(anonymous_58)
FN:1252,(anonymous_59)
FNF:60
FNH:0
FNDA:0,getWarrantyStatus
FNDA:0,(anonymous_1)
FNDA:0,(anonymous_2)
FNDA:0,(anonymous_3)
FNDA:0,(anonymous_4)
FNDA:0,(anonymous_5)
FNDA:0,(anonymous_6)
FNDA:0,(anonymous_7)
FNDA:0,(anonymous_8)
FNDA:0,(anonymous_9)
FNDA:0,(anonymous_10)
FNDA:0,(anonymous_11)
FNDA:0,(anonymous_12)
FNDA:0,(anonymous_13)
FNDA:0,(anonymous_14)
FNDA:0,(anonymous_15)
FNDA:0,(anonymous_16)
FNDA:0,(anonymous_17)
FNDA:0,(anonymous_18)
FNDA:0,(anonymous_19)
FNDA:0,(anonymous_20)
FNDA:0,(anonymous_21)
FNDA:0,(anonymous_22)
FNDA:0,(anonymous_23)
FNDA:0,(anonymous_24)
FNDA:0,(anonymous_25)
FNDA:0,(anonymous_26)
FNDA:0,(anonymous_27)
FNDA:0,(anonymous_28)
FNDA:0,(anonymous_29)
FNDA:0,(anonymous_30)
FNDA:0,(anonymous_31)
FNDA:0,(anonymous_32)
FNDA:0,(anonymous_33)
FNDA:0,(anonymous_34)
FNDA:0,(anonymous_35)
FNDA:0,(anonymous_36)
FNDA:0,(anonymous_37)
FNDA:0,(anonymous_38)
FNDA:0,(anonymous_39)
FNDA:0,(anonymous_40)
FNDA:0,(anonymous_41)
FNDA:0,(anonymous_42)
FNDA:0,(anonymous_43)
FNDA:0,(anonymous_44)
FNDA:0,(anonymous_45)
FNDA:0,(anonymous_46)
FNDA:0,(anonymous_47)
FNDA:0,(anonymous_48)
FNDA:0,(anonymous_49)
FNDA:0,(anonymous_50)
FNDA:0,(anonymous_51)
FNDA:0,(anonymous_52)
FNDA:0,(anonymous_53)
FNDA:0,(anonymous_54)
FNDA:0,DynamicBarcode
FNDA:0,(anonymous_56)
FNDA:0,(anonymous_57)
FNDA:0,(anonymous_58)
FNDA:0,(anonymous_59)
DA:35,0
DA:36,0
DA:37,0
DA:38,0
DA:40,0
DA:42,0
DA:43,0
DA:44,0
DA:45,0
DA:46,0
DA:47,0
DA:49,0
DA:53,0
DA:54,0
DA:67,0
DA:70,0
DA:71,0
DA:86,0
DA:87,0
DA:88,0
DA:89,0
DA:97,0
DA:99,0
DA:101,0
DA:104,0
DA:105,0
DA:106,0
DA:107,0
DA:109,0
DA:110,0
DA:111,0
DA:113,0
DA:114,0
DA:129,0
DA:130,0
DA:131,0
DA:132,0
DA:133,0
DA:134,0
DA:136,0
DA:137,0
DA:139,0
DA:140,0
DA:143,0
DA:144,0
DA:145,0
DA:146,0
DA:147,0
DA:149,0
DA:153,0
DA:154,0
DA:157,0
DA:179,0
DA:191,0
DA:196,0
DA:211,0
DA:220,0
DA:239,0
DA:251,0
DA:263,0
DA:276,0
DA:288,0
DA:300,0
DA:313,0
DA:326,0
DA:334,0
DA:340,0
DA:349,0
DA:355,0
DA:389,0
DA:399,0
DA:400,0
DA:401,0
DA:402,0
DA:403,0
DA:404,0
DA:405,0
DA:406,0
DA:407,0
DA:408,0
DA:409,0
DA:410,0
DA:411,0
DA:412,0
DA:414,0
DA:417,0
DA:418,0
DA:420,0
DA:424,0
DA:426,0
DA:432,0
DA:433,0
DA:434,0
DA:437,0
DA:439,0
DA:440,0
DA:441,0
DA:442,0
DA:443,0
DA:446,0
DA:447,0
DA:448,0
DA:449,0
DA:453,0
DA:454,0
DA:455,0
DA:458,0
DA:460,0
DA:462,0
DA:463,0
DA:466,0
DA:467,0
DA:468,0
DA:469,0
DA:472,0
DA:473,0
DA:474,0
DA:475,0
DA:478,0
DA:479,0
DA:481,0
DA:486,0
DA:487,0
DA:488,0
DA:489,0
DA:490,0
DA:491,0
DA:492,0
DA:493,0
DA:494,0
DA:496,0
DA:498,0
DA:499,0
DA:500,0
DA:504,0
DA:505,0
DA:506,0
DA:507,0
DA:508,0
DA:510,0
DA:511,0
DA:513,0
DA:514,0
DA:515,0
DA:518,0
DA:519,0
DA:520,0
DA:521,0
DA:522,0
DA:523,0
DA:524,0
DA:525,0
DA:528,0
DA:531,0
DA:532,0
DA:533,0
DA:535,0
DA:536,0
DA:540,0
DA:541,0
DA:543,0
DA:544,0
DA:545,0
DA:548,0
DA:549,0
DA:550,0
DA:551,0
DA:552,0
DA:554,0
DA:558,0
DA:559,0
DA:560,0
DA:561,0
DA:562,0
DA:563,0
DA:565,0
DA:569,0
DA:570,0
DA:575,0
DA:576,0
DA:577,0
DA:578,0
DA:579,0
DA:581,0
DA:588,0
DA:589,0
DA:590,0
DA:593,0
DA:594,0
DA:595,0
DA:598,0
DA:599,0
DA:601,0
DA:603,0
DA:604,0
DA:649,0
DA:663,0
DA:705,0
DA:721,0
DA:730,0
DA:772,0
DA:799,0
DA:800,0
DA:814,0
DA:815,0
DA:818,0
DA:819,0
DA:824,0
DA:833,0
DA:844,0
DA:850,0
DA:1218,0
DA:1219,0
DA:1220,0
DA:1222,0
DA:1223,0
DA:1224,0
DA:1225,0
DA:1226,0
DA:1227,0
DA:1228,0
DA:1229,0
DA:1230,0
DA:1231,0
DA:1232,0
DA:1234,0
DA:1235,0
DA:1238,0
DA:1241,0
DA:1242,0
DA:1244,0
DA:1245,0
DA:1248,0
DA:1249,0
DA:1252,0
DA:1257,0
LF:236
LH:0
BRDA:35,0,0,0
BRDA:35,0,1,0
BRDA:38,1,0,0
BRDA:38,1,1,0
BRDA:42,2,0,0
BRDA:42,2,1,0
BRDA:44,3,0,0
BRDA:44,3,1,0
BRDA:46,4,0,0
BRDA:46,4,1,0
BRDA:54,5,0,0
BRDA:54,5,1,0
BRDA:71,6,0,0
BRDA:71,6,1,0
BRDA:88,7,0,0
BRDA:88,7,1,0
BRDA:93,8,0,0
BRDA:93,8,1,0
BRDA:93,8,2,0
BRDA:94,9,0,0
BRDA:94,9,1,0
BRDA:94,9,2,0
BRDA:95,10,0,0
BRDA:95,10,1,0
BRDA:95,10,2,0
BRDA:105,11,0,0
BRDA:105,11,1,0
BRDA:109,12,0,0
BRDA:109,12,1,0
BRDA:129,13,0,0
BRDA:132,14,0,0
BRDA:132,14,1,0
BRDA:134,15,0,0
BRDA:134,15,1,0
BRDA:137,16,0,0
BRDA:137,16,1,0
BRDA:140,17,0,0
BRDA:140,17,1,0
BRDA:143,18,0,0
BRDA:143,18,1,0
BRDA:147,19,0,0
BRDA:147,19,1,0
BRDA:154,20,0,0
BRDA:154,20,1,0
BRDA:163,21,0,0
BRDA:163,21,1,0
BRDA:197,22,0,0
BRDA:197,22,1,0
BRDA:200,23,0,0
BRDA:200,23,1,0
BRDA:204,24,0,0
BRDA:204,24,1,0
BRDA:216,25,0,0
BRDA:216,25,1,0
BRDA:222,26,0,0
BRDA:222,26,1,0
BRDA:333,27,0,0
BRDA:333,27,1,0
BRDA:348,28,0,0
BRDA:348,28,1,0
BRDA:354,29,0,0
BRDA:354,29,1,0
BRDA:368,30,0,0
BRDA:368,30,1,0
BRDA:368,30,2,0
BRDA:380,31,0,0
BRDA:380,31,1,0
BRDA:420,32,0,0
BRDA:420,32,1,0
BRDA:424,33,0,0
BRDA:424,33,1,0
BRDA:426,34,0,0
BRDA:426,34,1,0
BRDA:440,35,0,0
BRDA:440,35,1,0
BRDA:447,36,0,0
BRDA:447,36,1,0
BRDA:455,37,0,0
BRDA:455,37,1,0
BRDA:460,38,0,0
BRDA:460,38,1,0
BRDA:467,39,0,0
BRDA:467,39,1,0
BRDA:468,40,0,0
BRDA:468,40,1,0
BRDA:468,40,2,0
BRDA:469,41,0,0
BRDA:469,41,1,0
BRDA:469,41,2,0
BRDA:473,42,0,0
BRDA:473,42,1,0
BRDA:479,43,0,0
BRDA:479,43,1,0
BRDA:491,44,0,0
BRDA:491,44,1,0
BRDA:499,45,0,0
BRDA:499,45,1,0
BRDA:510,46,0,0
BRDA:510,46,1,0
BRDA:511,47,0,0
BRDA:511,47,1,0
BRDA:521,48,0,0
BRDA:521,48,1,0
BRDA:522,49,0,0
BRDA:522,49,1,0
BRDA:536,50,0,0
BRDA:536,50,1,0
BRDA:544,51,0,0
BRDA:544,51,1,0
BRDA:548,52,0,0
BRDA:548,52,1,0
BRDA:548,52,2,0
BRDA:554,53,0,0
BRDA:554,53,1,0
BRDA:565,54,0,0
BRDA:565,54,1,0
BRDA:581,55,0,0
BRDA:581,55,1,0
BRDA:609,56,0,0
BRDA:609,56,1,0
BRDA:609,57,0,0
BRDA:609,57,1,0
BRDA:630,58,0,0
BRDA:630,58,1,0
BRDA:637,59,0,0
BRDA:637,59,1,0
BRDA:662,60,0,0
BRDA:662,60,1,0
BRDA:676,61,0,0
BRDA:676,61,1,0
BRDA:688,62,0,0
BRDA:688,62,1,0
BRDA:713,63,0,0
BRDA:713,63,1,0
BRDA:726,64,0,0
BRDA:726,64,1,0
BRDA:727,65,0,0
BRDA:727,65,1,0
BRDA:733,66,0,0
BRDA:733,66,1,0
BRDA:735,67,0,0
BRDA:735,67,1,0
BRDA:742,68,0,0
BRDA:742,68,1,0
BRDA:743,69,0,0
BRDA:743,69,1,0
BRDA:754,70,0,0
BRDA:754,70,1,0
BRDA:758,71,0,0
BRDA:758,71,1,0
BRDA:774,72,0,0
BRDA:774,72,1,0
BRDA:775,73,0,0
BRDA:775,73,1,0
BRDA:802,74,0,0
BRDA:802,74,1,0
BRDA:803,75,0,0
BRDA:803,75,1,0
BRDA:806,76,0,0
BRDA:806,76,1,0
BRDA:823,77,0,0
BRDA:823,77,1,0
BRDA:1227,78,0,0
BRDA:1227,78,1,0
BRDA:1230,79,0,0
BRDA:1230,79,1,0
BRDA:1235,80,0,0
BRDA:1235,80,1,0
BRDA:1241,81,0,0
BRDA:1241,81,1,0
BRDA:1244,82,0,0
BRDA:1244,82,1,0
BRDA:1244,83,0,0
BRDA:1244,83,1,0
BRF:174
BRH:0
end_of_record
TN:
SF:screens\ProfileScreen.js
FN:7,(anonymous_0)
FN:25,(anonymous_1)
FN:32,(anonymous_2)
FN:39,(anonymous_3)
FNF:4
FNH:0
FNDA:0,(anonymous_0)
FNDA:0,(anonymous_1)
FNDA:0,(anonymous_2)
FNDA:0,(anonymous_3)
DA:7,0
DA:8,0
DA:9,0
DA:11,0
DA:25,0
DA:32,0
DA:39,0
DA:56,0
DA:62,0
LF:9
LH:0
BRDA:19,0,0,0
BRDA:19,0,1,0
BRF:2
BRH:0
end_of_record
TN:
SF:screens\QuickAddScreen.js
FN:14,(anonymous_0)
FN:24,(anonymous_1)
FN:30,(anonymous_2)
FN:55,(anonymous_3)
FN:63,(anonymous_4)
FN:64,(anonymous_5)
FN:64,(anonymous_6)
FN:67,(anonymous_7)
FN:112,(anonymous_8)
FN:119,(anonymous_9)
FN:131,(anonymous_10)
FN:138,(anonymous_11)
FN:140,(anonymous_12)
FN:151,(anonymous_13)
FN:169,(anonymous_14)
FN:174,(anonymous_15)
FNF:16
FNH:0
FNDA:0,(anonymous_0)
FNDA:0,(anonymous_1)
FNDA:0,(anonymous_2)
FNDA:0,(anonymous_3)
FNDA:0,(anonymous_4)
FNDA:0,(anonymous_5)
FNDA:0,(anonymous_6)
FNDA:0,(anonymous_7)
FNDA:0,(anonymous_8)
FNDA:0,(anonymous_9)
FNDA:0,(anonymous_10)
FNDA:0,(anonymous_11)
FNDA:0,(anonymous_12)
FNDA:0,(anonymous_13)
FNDA:0,(anonymous_14)
FNDA:0,(anonymous_15)
DA:14,0
DA:15,0
DA:16,0
DA:17,0
DA:19,0
DA:20,0
DA:21,0
DA:24,0
DA:25,0
DA:26,0
DA:30,0
DA:31,0
DA:32,0
DA:35,0
DA:36,0
DA:37,0
DA:38,0
DA:42,0
DA:48,0
DA:49,0
DA:52,0
DA:53,0
DA:55,0
DA:58,0
DA:59,0
DA:63,0
DA:64,0
DA:67,0
DA:68,0
DA:69,0
DA:70,0
DA:73,0
DA:74,0
DA:77,0
DA:78,0
DA:79,0
DA:80,0
DA:84,0
DA:86,0
DA:87,0
DA:103,0
DA:106,0
DA:113,0
DA:114,0
DA:119,0
DA:124,0
DA:125,0
DA:127,0
DA:131,0
DA:132,0
DA:134,0
DA:138,0
DA:140,0
DA:147,0
DA:151,0
DA:170,0
DA:174,0
DA:224,0
LF:58
LH:0
BRDA:20,0,0,0
BRDA:20,0,1,0
BRDA:25,1,0,0
BRDA:25,1,1,0
BRDA:36,2,0,0
BRDA:36,2,1,0
BRDA:48,3,0,0
BRDA:48,3,1,0
BRDA:48,4,0,0
BRDA:48,4,1,0
BRDA:48,4,2,0
BRDA:68,5,0,0
BRDA:68,5,1,0
BRDA:78,6,0,0
BRDA:78,6,1,0
BRDA:108,7,0,0
BRDA:108,7,1,0
BRDA:132,8,0,0
BRDA:132,8,1,0
BRDA:185,9,0,0
BRDA:185,9,1,0
BRDA:189,10,0,0
BRDA:189,10,1,0
BRDA:198,11,0,0
BRDA:198,11,1,0
BRDA:209,12,0,0
BRDA:209,12,1,0
BRDA:212,13,0,0
BRDA:212,13,1,0
BRDA:216,14,0,0
BRDA:216,14,1,0
BRF:31
BRH:0
end_of_record
TN:
SF:screens\QuickLookupScreen.js
FN:16,(anonymous_0)
FN:26,(anonymous_1)
FN:27,(anonymous_2)
FN:38,(anonymous_3)
FN:44,(anonymous_4)
FN:69,(anonymous_5)
FN:119,(anonymous_6)
FN:131,(anonymous_7)
FN:149,(anonymous_8)
FN:167,(anonymous_9)
FN:264,(anonymous_10)
FN:275,(anonymous_11)
FN:285,(anonymous_12)
FN:306,(anonymous_13)
FN:316,(anonymous_14)
FN:359,(anonymous_15)
FNF:16
FNH:0
FNDA:0,(anonymous_0)
FNDA:0,(anonymous_1)
FNDA:0,(anonymous_2)
FNDA:0,(anonymous_3)
FNDA:0,(anonymous_4)
FNDA:0,(anonymous_5)
FNDA:0,(anonymous_6)
FNDA:0,(anonymous_7)
FNDA:0,(anonymous_8)
FNDA:0,(anonymous_9)
FNDA:0,(anonymous_10)
FNDA:0,(anonymous_11)
FNDA:0,(anonymous_12)
FNDA:0,(anonymous_13)
FNDA:0,(anonymous_14)
FNDA:0,(anonymous_15)
DA:16,0
DA:17,0
DA:18,0
DA:19,0
DA:20,0
DA:21,0
DA:22,0
DA:23,0
DA:26,0
DA:27,0
DA:28,0
DA:29,0
DA:31,0
DA:34,0
DA:38,0
DA:39,0
DA:40,0
DA:44,0
DA:45,0
DA:46,0
DA:48,0
DA:49,0
DA:50,0
DA:51,0
DA:54,0
DA:59,0
DA:60,0
DA:61,0
DA:64,0
DA:65,0
DA:69,0
DA:70,0
DA:71,0
DA:73,0
DA:75,0
DA:76,0
DA:79,0
DA:81,0
DA:82,0
DA:85,0
DA:89,0
DA:90,0
DA:91,0
DA:92,0
DA:93,0
DA:94,0
DA:100,0
DA:101,0
DA:102,0
DA:103,0
DA:107,0
DA:108,0
DA:109,0
DA:111,0
DA:112,0
DA:119,0
DA:125,0
DA:126,0
DA:127,0
DA:131,0
DA:134,0
DA:135,0
DA:142,0
DA:144,0
DA:145,0
DA:149,0
DA:150,0
DA:152,0
DA:154,0
DA:167,0
DA:266,0
DA:275,0
DA:285,0
DA:286,0
DA:287,0
DA:290,0
DA:291,0
DA:292,0
DA:294,0
DA:295,0
DA:296,0
DA:297,0
DA:298,0
DA:299,0
DA:301,0
DA:302,0
DA:306,0
DA:307,0
DA:308,0
DA:309,0
DA:312,0
DA:316,0
DA:360,0
DA:361,0
DA:362,0
DA:389,0
LF:96
LH:0
BRDA:29,0,0,0
BRDA:29,0,1,0
BRDA:39,1,0,0
BRDA:39,1,1,0
BRDA:49,2,0,0
BRDA:49,2,1,0
BRDA:59,3,0,0
BRDA:59,3,1,0
BRDA:59,4,0,0
BRDA:59,4,1,0
BRDA:59,4,2,0
BRDA:89,5,0,0
BRDA:89,5,1,0
BRDA:92,6,0,0
BRDA:92,6,1,0
BRDA:92,7,0,0
BRDA:92,7,1,0
BRDA:100,8,0,0
BRDA:100,8,1,0
BRDA:102,9,0,0
BRDA:102,9,1,0
BRDA:111,10,0,0
BRDA:111,10,1,0
BRDA:150,11,0,0
BRDA:150,11,1,0
BRDA:186,12,0,0
BRDA:186,12,1,0
BRDA:188,13,0,0
BRDA:188,13,1,0
BRDA:194,14,0,0
BRDA:194,14,1,0
BRDA:218,15,0,0
BRDA:218,15,1,0
BRDA:224,16,0,0
BRDA:224,16,1,0
BRDA:230,17,0,0
BRDA:230,17,1,0
BRDA:245,18,0,0
BRDA:245,18,1,0
BRDA:261,19,0,0
BRDA:261,19,1,0
BRDA:286,20,0,0
BRDA:286,20,1,0
BRDA:294,21,0,0
BRDA:294,21,1,0
BRDA:296,22,0,0
BRDA:296,22,1,0
BRDA:298,23,0,0
BRDA:298,23,1,0
BRDA:307,24,0,0
BRDA:307,24,1,0
BRDA:308,25,0,0
BRDA:308,25,1,0
BRDA:325,26,0,0
BRDA:325,26,1,0
BRDA:338,27,0,0
BRDA:338,27,1,0
BRDA:341,28,0,0
BRDA:341,28,1,0
BRDA:353,29,0,0
BRDA:353,29,1,0
BRDA:356,30,0,0
BRDA:356,30,1,0
BRDA:356,30,2,0
BRDA:374,31,0,0
BRDA:374,31,1,0
BRF:66
BRH:0
end_of_record
TN:
SF:screens\ReceiveTransferScreen.js
FN:14,(anonymous_0)
FN:24,(anonymous_1)
FN:30,(anonymous_2)
FN:51,(anonymous_3)
FN:70,(anonymous_4)
FN:86,(anonymous_5)
FN:122,(anonymous_6)
FN:137,(anonymous_7)
FN:172,(anonymous_8)
FNF:9
FNH:0
FNDA:0,(anonymous_0)
FNDA:0,(anonymous_1)
FNDA:0,(anonymous_2)
FNDA:0,(anonymous_3)
FNDA:0,(anonymous_4)
FNDA:0,(anonymous_5)
FNDA:0,(anonymous_6)
FNDA:0,(anonymous_7)
FNDA:0,(anonymous_8)
DA:14,0
DA:15,0
DA:16,0
DA:17,0
DA:19,0
DA:20,0
DA:21,0
DA:22,0
DA:24,0
DA:25,0
DA:26,0
DA:30,0
DA:31,0
DA:32,0
DA:34,0
DA:35,0
DA:37,0
DA:38,0
DA:40,0
DA:43,0
DA:45,0
DA:46,0
DA:47,0
DA:51,0
DA:52,0
DA:54,0
DA:56,0
DA:58,0
DA:60,0
DA:62,0
DA:64,0
DA:70,0
DA:75,0
DA:78,0
DA:80,0
DA:81,0
DA:82,0
DA:86,0
DA:87,0
DA:89,0
DA:90,0
DA:91,0
DA:93,0
DA:94,0
DA:95,0
DA:96,0
DA:99,0
DA:100,0
DA:112,0
DA:113,0
DA:122,0
DA:131,0
DA:133,0
DA:137,0
DA:173,0
DA:320,0
LF:56
LH:0
BRDA:25,0,0,0
BRDA:25,0,1,0
BRDA:37,1,0,0
BRDA:37,1,1,0
BRDA:60,2,0,0
BRDA:60,2,1,0
BRDA:75,3,0,0
BRDA:75,3,1,0
BRDA:87,4,0,0
BRDA:87,4,1,0
BRDA:93,5,0,0
BRDA:93,5,1,0
BRDA:94,6,0,0
BRDA:94,6,1,0
BRDA:95,7,0,0
BRDA:95,7,1,0
BRDA:99,8,0,0
BRDA:99,8,1,0
BRDA:112,9,0,0
BRDA:112,9,1,0
BRDA:145,10,0,0
BRDA:145,10,1,0
BRDA:159,11,0,0
BRDA:159,11,1,0
BRDA:170,12,0,0
BRDA:170,12,1,0
BRDA:170,12,2,0
BRDA:184,13,0,0
BRDA:184,13,1,0
BRDA:201,14,0,0
BRDA:201,14,1,0
BRDA:218,15,0,0
BRDA:218,15,1,0
BRDA:235,16,0,0
BRDA:235,16,1,0
BRDA:247,17,0,0
BRDA:247,17,1,0
BRDA:259,18,0,0
BRDA:259,18,1,0
BRDA:262,19,0,0
BRDA:262,19,1,0
BRDA:264,20,0,0
BRDA:264,20,1,0
BRDA:267,21,0,0
BRDA:267,21,1,0
BRDA:273,22,0,0
BRDA:273,22,1,0
BRDA:285,23,0,0
BRDA:285,23,1,0
BRDA:298,24,0,0
BRDA:298,24,1,0
BRDA:305,25,0,0
BRDA:305,25,1,0
BRF:53
BRH:0
end_of_record
TN:
SF:screens\RemindersScreen.js
FN:6,(anonymous_0)
FNF:1
FNH:0
FNDA:0,(anonymous_0)
DA:6,0
DA:7,0
DA:9,0
DA:21,0
DA:27,0
LF:5
LH:0
BRF:0
BRH:0
end_of_record
TN:
SF:screens\RoomWizardScreen.js
FN:28,(anonymous_0)
FN:42,(anonymous_1)
FN:79,(anonymous_2)
FN:87,(anonymous_3)
FN:97,(anonymous_4)
FN:114,(anonymous_5)
FN:125,(anonymous_6)
FN:149,(anonymous_7)
FN:159,(anonymous_8)
FN:170,(anonymous_9)
FN:171,(anonymous_10)
FN:198,(anonymous_11)
FN:211,(anonymous_12)
FN:221,(anonymous_13)
FN:222,(anonymous_14)
FN:222,(anonymous_15)
FN:225,(anonymous_16)
FN:236,(anonymous_17)
FN:255,(anonymous_18)
FN:260,(anonymous_19)
FN:299,(anonymous_20)
FN:300,(anonymous_21)
FN:347,(anonymous_22)
FN:348,(anonymous_23)
FN:358,(anonymous_24)
FN:362,(anonymous_25)
FN:375,(anonymous_26)
FN:387,(anonymous_27)
FN:430,(anonymous_28)
FN:459,(anonymous_29)
FN:467,(anonymous_30)
FNF:31
FNH:0
FNDA:0,(anonymous_0)
FNDA:0,(anonymous_1)
FNDA:0,(anonymous_2)
FNDA:0,(anonymous_3)
FNDA:0,(anonymous_4)
FNDA:0,(anonymous_5)
FNDA:0,(anonymous_6)
FNDA:0,(anonymous_7)
FNDA:0,(anonymous_8)
FNDA:0,(anonymous_9)
FNDA:0,(anonymous_10)
FNDA:0,(anonymous_11)
FNDA:0,(anonymous_12)
FNDA:0,(anonymous_13)
FNDA:0,(anonymous_14)
FNDA:0,(anonymous_15)
FNDA:0,(anonymous_16)
FNDA:0,(anonymous_17)
FNDA:0,(anonymous_18)
FNDA:0,(anonymous_19)
FNDA:0,(anonymous_20)
FNDA:0,(anonymous_21)
FNDA:0,(anonymous_22)
FNDA:0,(anonymous_23)
FNDA:0,(anonymous_24)
FNDA:0,(anonymous_25)
FNDA:0,(anonymous_26)
FNDA:0,(anonymous_27)
FNDA:0,(anonymous_28)
FNDA:0,(anonymous_29)
FNDA:0,(anonymous_30)
DA:15,0
DA:28,0
DA:29,0
DA:30,0
DA:31,0
DA:33,0
DA:34,0
DA:35,0
DA:36,0
DA:37,0
DA:38,0
DA:39,0
DA:42,0
DA:43,0
DA:79,0
DA:87,0
DA:97,0
DA:98,0
DA:115,0
DA:117,0
DA:126,0
DA:127,0
DA:149,0
DA:159,0
DA:170,0
DA:171,0
DA:172,0
DA:173,0
DA:175,0
DA:176,0
DA:177,0
DA:178,0
DA:181,0
DA:186,0
DA:187,0
DA:189,0
DA:190,0
DA:193,0
DA:194,0
DA:195,0
DA:198,0
DA:207,0
DA:211,0
DA:212,0
DA:215,0
DA:216,0
DA:217,0
DA:221,0
DA:222,0
DA:225,0
DA:226,0
DA:227,0
DA:228,0
DA:230,0
DA:233,0
DA:236,0
DA:256,0
DA:260,0
DA:299,0
DA:300,0
DA:301,0
DA:303,0
DA:304,0
DA:305,0
DA:308,0
DA:310,0
DA:311,0
DA:312,0
DA:316,0
DA:317,0
DA:318,0
DA:319,0
DA:320,0
DA:321,0
DA:323,0
DA:326,0
DA:344,0
DA:347,0
DA:348,0
DA:349,0
DA:350,0
DA:352,0
DA:358,0
DA:362,0
DA:367,0
DA:368,0
DA:372,0
DA:375,0
DA:388,0
DA:389,0
DA:391,0
DA:430,0
DA:431,0
DA:459,0
DA:467,0
DA:477,0
DA:488,0
LF:97
LH:0
BRDA:104,0,0,0
BRDA:104,0,1,0
BRDA:105,1,0,0
BRDA:105,1,1,0
BRDA:122,2,0,0
BRDA:122,2,1,0
BRDA:123,3,0,0
BRDA:123,3,1,0
BRDA:136,4,0,0
BRDA:136,4,1,0
BRDA:152,5,0,0
BRDA:152,5,1,0
BRDA:156,6,0,0
BRDA:156,6,1,0
BRDA:176,7,0,0
BRDA:176,7,1,0
BRDA:186,8,0,0
BRDA:186,8,1,0
BRDA:186,9,0,0
BRDA:186,9,1,0
BRDA:186,9,2,0
BRDA:201,10,0,0
BRDA:201,10,1,0
BRDA:202,11,0,0
BRDA:202,11,1,0
BRDA:203,12,0,0
BRDA:203,12,1,0
BRDA:226,13,0,0
BRDA:226,13,1,0
BRDA:247,14,0,0
BRDA:247,14,1,0
BRDA:248,15,0,0
BRDA:248,15,1,0
BRDA:270,16,0,0
BRDA:270,16,1,0
BRDA:274,17,0,0
BRDA:274,17,1,0
BRDA:281,18,0,0
BRDA:281,18,1,0
BRDA:304,19,0,0
BRDA:304,19,1,0
BRDA:312,20,0,0
BRDA:312,20,1,0
BRDA:316,21,0,0
BRDA:316,21,1,0
BRDA:316,22,0,0
BRDA:316,22,1,0
BRDA:318,23,0,0
BRDA:318,23,1,0
BRDA:320,24,0,0
BRDA:320,24,1,0
BRDA:338,25,0,0
BRDA:338,25,1,0
BRDA:338,26,0,0
BRDA:338,26,1,0
BRDA:388,27,0,0
BRDA:388,27,1,0
BRDA:389,28,0,0
BRDA:389,28,1,0
BRDA:394,29,0,0
BRDA:394,29,1,0
BRDA:400,30,0,0
BRDA:400,30,1,0
BRDA:406,31,0,0
BRDA:406,31,1,0
BRDA:441,32,0,0
BRDA:441,32,1,0
BRDA:479,33,0,0
BRDA:479,33,1,0
BRDA:480,34,0,0
BRDA:480,34,1,0
BRDA:481,35,0,0
BRDA:481,35,1,0
BRDA:482,36,0,0
BRDA:482,36,1,0
BRDA:483,37,0,0
BRDA:483,37,1,0
BRF:77
BRH:0
end_of_record
TN:
SF:screens\RoommatesScreen.js
FN:6,(anonymous_0)
FNF:1
FNH:0
FNDA:0,(anonymous_0)
DA:6,0
DA:7,0
DA:9,0
DA:21,0
DA:27,0
LF:5
LH:0
BRF:0
BRH:0
end_of_record
TN:
SF:screens\SharedShoppingScreen.js
FN:34,(anonymous_0)
FN:47,(anonymous_1)
FN:52,(anonymous_2)
FN:66,(anonymous_3)
FN:91,(anonymous_4)
FN:101,(anonymous_5)
FN:119,(anonymous_6)
FN:124,(anonymous_7)
FN:133,(anonymous_8)
FN:142,(anonymous_9)
FN:143,(anonymous_10)
FN:157,(anonymous_11)
FN:166,(anonymous_12)
FN:169,(anonymous_13)
FN:170,(anonymous_14)
FN:190,(anonymous_15)
FN:204,(anonymous_16)
FN:248,(anonymous_17)
FN:253,(anonymous_18)
FN:261,(anonymous_19)
FN:262,(anonymous_20)
FN:268,(anonymous_21)
FN:283,(anonymous_22)
FN:295,(anonymous_23)
FN:299,(anonymous_24)
FN:312,(anonymous_25)
FN:393,(anonymous_26)
FNF:27
FNH:0
FNDA:0,(anonymous_0)
FNDA:0,(anonymous_1)
FNDA:0,(anonymous_2)
FNDA:0,(anonymous_3)
FNDA:0,(anonymous_4)
FNDA:0,(anonymous_5)
FNDA:0,(anonymous_6)
FNDA:0,(anonymous_7)
FNDA:0,(anonymous_8)
FNDA:0,(anonymous_9)
FNDA:0,(anonymous_10)
FNDA:0,(anonymous_11)
FNDA:0,(anonymous_12)
FNDA:0,(anonymous_13)
FNDA:0,(anonymous_14)
FNDA:0,(anonymous_15)
FNDA:0,(anonymous_16)
FNDA:0,(anonymous_17)
FNDA:0,(anonymous_18)
FNDA:0,(anonymous_19)
FNDA:0,(anonymous_20)
FNDA:0,(anonymous_21)
FNDA:0,(anonymous_22)
FNDA:0,(anonymous_23)
FNDA:0,(anonymous_24)
FNDA:0,(anonymous_25)
FNDA:0,(anonymous_26)
DA:34,0
DA:35,0
DA:36,0
DA:37,0
DA:38,0
DA:39,0
DA:42,0
DA:43,0
DA:44,0
DA:46,0
DA:48,0
DA:52,0
DA:53,0
DA:54,0
DA:56,0
DA:57,0
DA:58,0
DA:59,0
DA:62,0
DA:63,0
DA:66,0
DA:67,0
DA:68,0
DA:69,0
DA:72,0
DA:81,0
DA:82,0
DA:83,0
DA:84,0
DA:85,0
DA:87,0
DA:91,0
DA:92,0
DA:94,0
DA:102,0
DA:103,0
DA:108,0
DA:110,0
DA:111,0
DA:114,0
DA:115,0
DA:119,0
DA:120,0
DA:121,0
DA:124,0
DA:125,0
DA:134,0
DA:135,0
DA:142,0
DA:143,0
DA:145,0
DA:146,0
DA:147,0
DA:150,0
DA:158,0
DA:159,0
DA:166,0
DA:167,0
DA:168,0
DA:169,0
DA:170,0
DA:172,0
DA:173,0
DA:190,0
DA:197,0
DA:204,0
DA:248,0
DA:253,0
DA:261,0
DA:262,0
DA:264,0
DA:265,0
DA:268,0
DA:283,0
DA:292,0
DA:295,0
DA:299,0
DA:313,0
DA:314,0
DA:316,0
DA:394,0
DA:395,0
DA:396,0
DA:415,0
LF:84
LH:0
BRDA:56,0,0,0
BRDA:56,0,1,0
BRDA:67,1,0,0
BRDA:67,1,1,0
BRDA:74,2,0,0
BRDA:74,2,1,0
BRDA:81,3,0,0
BRDA:81,3,1,0
BRDA:87,4,0,0
BRDA:87,4,1,0
BRDA:92,5,0,0
BRDA:92,5,1,0
BRDA:92,6,0,0
BRDA:92,6,1,0
BRDA:108,7,0,0
BRDA:108,7,1,0
BRDA:145,8,0,0
BRDA:145,8,1,0
BRDA:152,9,0,0
BRDA:152,9,1,0
BRDA:168,10,0,0
BRDA:168,10,1,0
BRDA:172,11,0,0
BRDA:172,11,1,0
BRDA:183,12,0,0
BRDA:183,12,1,0
BRDA:186,13,0,0
BRDA:186,13,1,0
BRDA:206,14,0,0
BRDA:206,14,1,0
BRDA:206,15,0,0
BRDA:206,15,1,0
BRDA:208,16,0,0
BRDA:208,16,1,0
BRDA:208,17,0,0
BRDA:208,17,1,0
BRDA:215,18,0,0
BRDA:215,18,1,0
BRDA:218,19,0,0
BRDA:218,19,1,0
BRDA:227,20,0,0
BRDA:227,20,1,0
BRDA:236,21,0,0
BRDA:236,21,1,0
BRDA:245,22,0,0
BRDA:245,22,1,0
BRDA:264,23,0,0
BRDA:264,23,1,0
BRDA:305,24,0,0
BRDA:305,24,1,0
BRDA:314,25,0,0
BRDA:314,25,1,0
BRDA:330,26,0,0
BRDA:330,26,1,0
BRDA:339,27,0,0
BRDA:339,27,1,0
BRDA:353,28,0,0
BRDA:353,28,1,0
BRF:58
BRH:0
end_of_record
TN:
SF:screens\ShoppingListScreen.js
FN:21,(anonymous_0)
FN:30,(anonymous_1)
FN:35,(anonymous_2)
FN:48,(anonymous_3)
FN:54,(anonymous_4)
FN:61,(anonymous_5)
FN:70,(anonymous_6)
FN:81,(anonymous_7)
FN:94,(anonymous_8)
FN:105,(anonymous_9)
FN:126,(anonymous_10)
FN:139,(anonymous_11)
FN:154,(anonymous_12)
FN:155,(anonymous_13)
FN:161,(anonymous_14)
FN:182,(anonymous_15)
FN:203,(anonymous_16)
FN:226,(anonymous_17)
FN:230,(anonymous_18)
FN:263,(anonymous_19)
FN:269,(anonymous_20)
FN:270,(anonymous_21)
FN:303,(anonymous_22)
FN:307,(anonymous_23)
FN:308,(anonymous_24)
FN:339,(anonymous_25)
FNF:26
FNH:0
FNDA:0,(anonymous_0)
FNDA:0,(anonymous_1)
FNDA:0,(anonymous_2)
FNDA:0,(anonymous_3)
FNDA:0,(anonymous_4)
FNDA:0,(anonymous_5)
FNDA:0,(anonymous_6)
FNDA:0,(anonymous_7)
FNDA:0,(anonymous_8)
FNDA:0,(anonymous_9)
FNDA:0,(anonymous_10)
FNDA:0,(anonymous_11)
FNDA:0,(anonymous_12)
FNDA:0,(anonymous_13)
FNDA:0,(anonymous_14)
FNDA:0,(anonymous_15)
FNDA:0,(anonymous_16)
FNDA:0,(anonymous_17)
FNDA:0,(anonymous_18)
FNDA:0,(anonymous_19)
FNDA:0,(anonymous_20)
FNDA:0,(anonymous_21)
FNDA:0,(anonymous_22)
FNDA:0,(anonymous_23)
FNDA:0,(anonymous_24)
FNDA:0,(anonymous_25)
DA:21,0
DA:22,0
DA:23,0
DA:24,0
DA:25,0
DA:26,0
DA:27,0
DA:29,0
DA:31,0
DA:35,0
DA:36,0
DA:37,0
DA:38,0
DA:40,0
DA:41,0
DA:43,0
DA:44,0
DA:48,0
DA:49,0
DA:50,0
DA:51,0
DA:54,0
DA:55,0
DA:56,0
DA:57,0
DA:61,0
DA:62,0
DA:71,0
DA:72,0
DA:73,0
DA:81,0
DA:82,0
DA:83,0
DA:84,0
DA:87,0
DA:95,0
DA:96,0
DA:97,0
DA:105,0
DA:106,0
DA:107,0
DA:108,0
DA:111,0
DA:117,0
DA:118,0
DA:119,0
DA:120,0
DA:122,0
DA:126,0
DA:127,0
DA:129,0
DA:131,0
DA:133,0
DA:135,0
DA:139,0
DA:140,0
DA:142,0
DA:144,0
DA:146,0
DA:148,0
DA:150,0
DA:154,0
DA:155,0
DA:157,0
DA:158,0
DA:161,0
DA:182,0
DA:204,0
DA:205,0
DA:223,0
DA:226,0
DA:230,0
DA:264,0
DA:265,0
DA:269,0
DA:270,0
DA:304,0
DA:307,0
DA:308,0
DA:340,0
DA:341,0
DA:360,0
LF:82
LH:0
BRDA:56,0,0,0
BRDA:56,0,1,0
BRDA:72,1,0,0
BRDA:72,1,1,0
BRDA:82,2,0,0
BRDA:82,2,1,0
BRDA:89,3,0,0
BRDA:89,3,1,0
BRDA:96,4,0,0
BRDA:96,4,1,0
BRDA:106,5,0,0
BRDA:106,5,1,0
BRDA:117,6,0,0
BRDA:117,6,1,0
BRDA:122,7,0,0
BRDA:122,7,1,0
BRDA:127,8,0,0
BRDA:127,8,1,0
BRDA:127,8,2,0
BRDA:127,8,3,0
BRDA:140,9,0,0
BRDA:140,9,1,0
BRDA:140,9,2,0
BRDA:140,9,3,0
BRDA:140,9,4,0
BRDA:157,10,0,0
BRDA:157,10,1,0
BRDA:189,11,0,0
BRDA:189,11,1,0
BRDA:235,12,0,0
BRDA:235,12,1,0
BRDA:241,13,0,0
BRDA:241,13,1,0
BRDA:260,14,0,0
BRDA:260,14,1,0
BRDA:282,15,0,0
BRDA:282,15,1,0
BRDA:295,16,0,0
BRDA:295,16,1,0
BRDA:324,17,0,0
BRDA:324,17,1,0
BRF:41
BRH:0
end_of_record
TN:
SF:screens\SignupScreen.js
FN:17,(anonymous_0)
FN:25,(anonymous_1)
FN:138,(anonymous_2)
FNF:3
FNH:0
FNDA:0,(anonymous_0)
FNDA:0,(anonymous_1)
FNDA:0,(anonymous_2)
DA:17,0
DA:18,0
DA:19,0
DA:20,0
DA:21,0
DA:22,0
DA:23,0
DA:25,0
DA:26,0
DA:28,0
DA:29,0
DA:30,0
DA:32,0
DA:33,0
DA:34,0
DA:36,0
DA:37,0
DA:38,0
DA:40,0
DA:41,0
DA:42,0
DA:44,0
DA:45,0
DA:46,0
DA:48,0
DA:49,0
DA:50,0
DA:52,0
DA:53,0
DA:54,0
DA:56,0
DA:57,0
DA:58,0
DA:61,0
DA:62,0
DA:64,0
DA:65,0
DA:69,0
DA:71,0
DA:138,0
DA:148,0
DA:154,0
LF:42
LH:0
BRDA:28,0,0,0
BRDA:28,0,1,0
BRDA:32,1,0,0
BRDA:32,1,1,0
BRDA:36,2,0,0
BRDA:36,2,1,0
BRDA:40,3,0,0
BRDA:40,3,1,0
BRDA:44,4,0,0
BRDA:44,4,1,0
BRDA:48,5,0,0
BRDA:48,5,1,0
BRDA:52,6,0,0
BRDA:52,6,1,0
BRDA:56,7,0,0
BRDA:56,7,1,0
BRDA:64,8,0,0
BRDA:64,8,1,0
BRDA:65,9,0,0
BRDA:65,9,1,0
BRDA:69,10,0,0
BRDA:69,10,1,0
BRDA:77,11,0,0
BRDA:77,11,1,0
BRDA:127,12,0,0
BRDA:127,12,1,0
BRDA:131,13,0,0
BRDA:131,13,1,0
BRF:28
BRH:0
end_of_record
TN:
SF:screens\TimeRemindersScreen.js
FN:31,(anonymous_0)
FN:46,(anonymous_1)
FN:51,(anonymous_2)
FN:61,(anonymous_3)
FN:88,(anonymous_4)
FN:97,(anonymous_5)
FN:106,(anonymous_6)
FN:111,(anonymous_7)
FN:122,(anonymous_8)
FN:165,(anonymous_9)
FN:174,(anonymous_10)
FN:181,(anonymous_11)
FN:185,(anonymous_12)
FN:219,(anonymous_13)
FN:224,(anonymous_14)
FN:237,(anonymous_15)
FN:306,(anonymous_16)
FNF:17
FNH:0
FNDA:0,(anonymous_0)
FNDA:0,(anonymous_1)
FNDA:0,(anonymous_2)
FNDA:0,(anonymous_3)
FNDA:0,(anonymous_4)
FNDA:0,(anonymous_5)
FNDA:0,(anonymous_6)
FNDA:0,(anonymous_7)
FNDA:0,(anonymous_8)
FNDA:0,(anonymous_9)
FNDA:0,(anonymous_10)
FNDA:0,(anonymous_11)
FNDA:0,(anonymous_12)
FNDA:0,(anonymous_13)
FNDA:0,(anonymous_14)
FNDA:0,(anonymous_15)
FNDA:0,(anonymous_16)
DA:31,0
DA:32,0
DA:33,0
DA:34,0
DA:35,0
DA:36,0
DA:39,0
DA:40,0
DA:41,0
DA:42,0
DA:43,0
DA:45,0
DA:47,0
DA:51,0
DA:52,0
DA:53,0
DA:54,0
DA:56,0
DA:57,0
DA:58,0
DA:61,0
DA:62,0
DA:63,0
DA:64,0
DA:67,0
DA:78,0
DA:79,0
DA:80,0
DA:81,0
DA:82,0
DA:83,0
DA:84,0
DA:88,0
DA:89,0
DA:98,0
DA:99,0
DA:106,0
DA:107,0
DA:108,0
DA:111,0
DA:112,0
DA:113,0
DA:115,0
DA:122,0
DA:165,0
DA:174,0
DA:175,0
DA:178,0
DA:181,0
DA:185,0
DA:219,0
DA:224,0
DA:238,0
DA:239,0
DA:307,0
DA:308,0
DA:309,0
DA:310,0
DA:311,0
DA:330,0
LF:60
LH:0
BRDA:62,0,0,0
BRDA:62,0,1,0
BRDA:62,1,0,0
BRDA:62,1,1,0
BRDA:62,1,2,0
BRDA:72,2,0,0
BRDA:72,2,1,0
BRDA:78,3,0,0
BRDA:78,3,1,0
BRDA:133,4,0,0
BRDA:133,4,1,0
BRDA:141,5,0,0
BRDA:141,5,1,0
BRDA:162,6,0,0
BRDA:162,6,1,0
BRDA:162,7,0,0
BRDA:162,7,1,0
BRDA:190,8,0,0
BRDA:190,8,1,0
BRDA:196,9,0,0
BRDA:196,9,1,0
BRDA:210,10,0,0
BRDA:210,10,1,0
BRDA:219,11,0,0
BRDA:219,11,1,0
BRDA:228,12,0,0
BRDA:228,12,1,0
BRF:27
BRH:0
end_of_record
TN:
SF:screens\TransferScreen.js
FN:23,(anonymous_0)
FN:36,(anonymous_1)
FN:37,(anonymous_2)
FN:44,(anonymous_3)
FN:75,(anonymous_4)
FN:90,(anonymous_5)
FN:101,(anonymous_6)
FN:177,(anonymous_7)
FN:194,(anonymous_8)
FN:217,(anonymous_9)
FN:227,(anonymous_10)
FNF:11
FNH:0
FNDA:0,(anonymous_0)
FNDA:0,(anonymous_1)
FNDA:0,(anonymous_2)
FNDA:0,(anonymous_3)
FNDA:0,(anonymous_4)
FNDA:0,(anonymous_5)
FNDA:0,(anonymous_6)
FNDA:0,(anonymous_7)
FNDA:0,(anonymous_8)
FNDA:0,(anonymous_9)
FNDA:0,(anonymous_10)
DA:23,0
DA:24,0
DA:25,0
DA:26,0
DA:28,0
DA:29,0
DA:30,0
DA:31,0
DA:32,0
DA:33,0
DA:36,0
DA:37,0
DA:38,0
DA:39,0
DA:41,0
DA:44,0
DA:45,0
DA:47,0
DA:48,0
DA:54,0
DA:55,0
DA:56,0
DA:58,0
DA:64,0
DA:67,0
DA:69,0
DA:70,0
DA:71,0
DA:75,0
DA:76,0
DA:78,0
DA:79,0
DA:81,0
DA:86,0
DA:90,0
DA:91,0
DA:94,0
DA:97,0
DA:101,0
DA:177,0
DA:194,0
DA:218,0
DA:227,0
DA:317,0
LF:44
LH:0
BRDA:39,0,0,0
BRDA:39,0,1,0
BRDA:54,1,0,0
BRDA:54,1,1,0
BRDA:64,2,0,0
BRDA:64,2,1,0
BRDA:76,3,0,0
BRDA:76,3,1,0
BRDA:91,4,0,0
BRDA:91,4,1,0
BRDA:117,5,0,0
BRDA:117,5,1,0
BRDA:117,5,2,0
BRDA:121,6,0,0
BRDA:121,6,1,0
BRDA:186,7,0,0
BRDA:186,7,1,0
BRDA:188,8,0,0
BRDA:188,8,1,0
BRDA:203,9,0,0
BRDA:203,9,1,0
BRDA:205,10,0,0
BRDA:205,10,1,0
BRDA:223,11,0,0
BRDA:223,11,1,0
BRDA:233,12,0,0
BRDA:233,12,1,0
BRDA:237,13,0,0
BRDA:237,13,1,0
BRDA:245,14,0,0
BRDA:245,14,1,0
BRDA:251,15,0,0
BRDA:251,15,1,0
BRDA:263,16,0,0
BRDA:263,16,1,0
BRDA:270,17,0,0
BRDA:270,17,1,0
BRF:37
BRH:0
end_of_record
TN:
SF:screens\UpgradeFinderScreen.js
FN:15,(anonymous_0)
FN:28,(anonymous_1)
FN:29,(anonymous_2)
FN:36,(anonymous_3)
FN:40,(anonymous_4)
FN:45,(anonymous_5)
FN:66,(anonymous_6)
FN:86,(anonymous_7)
FN:95,(anonymous_8)
FN:100,(anonymous_9)
FN:115,(anonymous_10)
FN:183,(anonymous_11)
FN:198,(anonymous_12)
FN:226,(anonymous_13)
FN:241,(anonymous_14)
FN:264,(anonymous_15)
FN:268,(anonymous_16)
FN:297,(anonymous_17)
FN:317,(anonymous_18)
FN:330,(anonymous_19)
FN:339,(anonymous_20)
FNF:21
FNH:0
FNDA:0,(anonymous_0)
FNDA:0,(anonymous_1)
FNDA:0,(anonymous_2)
FNDA:0,(anonymous_3)
FNDA:0,(anonymous_4)
FNDA:0,(anonymous_5)
FNDA:0,(anonymous_6)
FNDA:0,(anonymous_7)
FNDA:0,(anonymous_8)
FNDA:0,(anonymous_9)
FNDA:0,(anonymous_10)
FNDA:0,(anonymous_11)
FNDA:0,(anonymous_12)
FNDA:0,(anonymous_13)
FNDA:0,(anonymous_14)
FNDA:0,(anonymous_15)
FNDA:0,(anonymous_16)
FNDA:0,(anonymous_17)
FNDA:0,(anonymous_18)
FNDA:0,(anonymous_19)
FNDA:0,(anonymous_20)
DA:15,0
DA:16,0
DA:17,0
DA:18,0
DA:19,0
DA:21,0
DA:22,0
DA:23,0
DA:24,0
DA:25,0
DA:28,0
DA:29,0
DA:30,0
DA:31,0
DA:33,0
DA:36,0
DA:37,0
DA:40,0
DA:41,0
DA:43,0
DA:45,0
DA:46,0
DA:47,0
DA:48,0
DA:49,0
DA:51,0
DA:54,0
DA:55,0
DA:57,0
DA:58,0
DA:60,0
DA:61,0
DA:62,0
DA:66,0
DA:67,0
DA:68,0
DA:70,0
DA:79,0
DA:86,0
DA:91,0
DA:95,0
DA:96,0
DA:97,0
DA:100,0
DA:101,0
DA:103,0
DA:104,0
DA:105,0
DA:107,0
DA:115,0
DA:184,0
DA:199,0
DA:227,0
DA:228,0
DA:241,0
DA:242,0
DA:243,0
DA:244,0
DA:247,0
DA:248,0
DA:260,0
DA:264,0
DA:268,0
DA:298,0
DA:318,0
DA:330,0
DA:339,0
DA:369,0
LF:68
LH:0
BRDA:31,0,0,0
BRDA:31,0,1,0
BRDA:46,1,0,0
BRDA:46,1,1,0
BRDA:57,2,0,0
BRDA:57,2,1,0
BRDA:101,3,0,0
BRDA:101,3,1,0
BRDA:133,4,0,0
BRDA:133,4,1,0
BRDA:134,5,0,0
BRDA:134,5,1,0
BRDA:136,6,0,0
BRDA:136,6,1,0
BRDA:137,7,0,0
BRDA:137,7,1,0
BRDA:140,8,0,0
BRDA:140,8,1,0
BRDA:141,9,0,0
BRDA:141,9,1,0
BRDA:158,10,0,0
BRDA:158,10,1,0
BRDA:171,11,0,0
BRDA:171,11,1,0
BRDA:173,12,0,0
BRDA:173,12,1,0
BRDA:180,13,0,0
BRDA:180,13,1,0
BRDA:180,13,2,0
BRDA:195,14,0,0
BRDA:195,14,1,0
BRDA:195,14,2,0
BRDA:210,15,0,0
BRDA:210,15,1,0
BRDA:242,16,0,0
BRDA:242,16,1,0
BRDA:243,17,0,0
BRDA:243,17,1,0
BRDA:247,18,0,0
BRDA:247,18,1,0
BRDA:275,19,0,0
BRDA:275,19,1,0
BRDA:283,20,0,0
BRDA:283,20,1,0
BRDA:292,21,0,0
BRDA:292,21,1,0
BRDA:308,22,0,0
BRDA:308,22,1,0
BRDA:317,23,0,0
BRDA:317,23,1,0
BRDA:364,24,0,0
BRDA:364,24,1,0
BRF:52
BRH:0
end_of_record
TN:
SF:screens\WishListScreen.js
FN:15,(anonymous_0)
FN:25,(anonymous_1)
FN:26,(anonymous_2)
FN:34,(anonymous_3)
FN:39,(anonymous_4)
FN:53,(anonymous_5)
FN:59,(anonymous_6)
FN:68,(anonymous_7)
FN:82,(anonymous_8)
FN:87,(anonymous_9)
FN:112,(anonymous_10)
FN:122,(anonymous_11)
FN:128,(anonymous_12)
FN:137,(anonymous_13)
FN:150,(anonymous_14)
FN:196,(anonymous_15)
FN:221,(anonymous_16)
FN:245,(anonymous_17)
FN:252,(anonymous_18)
FN:259,(anonymous_19)
FN:263,(anonymous_20)
FN:267,(anonymous_21)
FN:280,(anonymous_22)
FN:288,(anonymous_23)
FN:338,(anonymous_24)
FNF:25
FNH:0
FNDA:0,(anonymous_0)
FNDA:0,(anonymous_1)
FNDA:0,(anonymous_2)
FNDA:0,(anonymous_3)
FNDA:0,(anonymous_4)
FNDA:0,(anonymous_5)
FNDA:0,(anonymous_6)
FNDA:0,(anonymous_7)
FNDA:0,(anonymous_8)
FNDA:0,(anonymous_9)
FNDA:0,(anonymous_10)
FNDA:0,(anonymous_11)
FNDA:0,(anonymous_12)
FNDA:0,(anonymous_13)
FNDA:0,(anonymous_14)
FNDA:0,(anonymous_15)
FNDA:0,(anonymous_16)
FNDA:0,(anonymous_17)
FNDA:0,(anonymous_18)
FNDA:0,(anonymous_19)
FNDA:0,(anonymous_20)
FNDA:0,(anonymous_21)
FNDA:0,(anonymous_22)
FNDA:0,(anonymous_23)
FNDA:0,(anonymous_24)
DA:15,0
DA:16,0
DA:17,0
DA:18,0
DA:19,0
DA:20,0
DA:21,0
DA:22,0
DA:25,0
DA:26,0
DA:27,0
DA:28,0
DA:30,0
DA:33,0
DA:35,0
DA:39,0
DA:40,0
DA:41,0
DA:42,0
DA:43,0
DA:45,0
DA:46,0
DA:48,0
DA:49,0
DA:53,0
DA:54,0
DA:55,0
DA:56,0
DA:59,0
DA:60,0
DA:69,0
DA:70,0
DA:71,0
DA:72,0
DA:74,0
DA:82,0
DA:83,0
DA:84,0
DA:87,0
DA:88,0
DA:90,0
DA:91,0
DA:92,0
DA:94,0
DA:95,0
DA:96,0
DA:99,0
DA:103,0
DA:104,0
DA:105,0
DA:106,0
DA:108,0
DA:112,0
DA:113,0
DA:114,0
DA:115,0
DA:116,0
DA:118,0
DA:122,0
DA:123,0
DA:124,0
DA:128,0
DA:129,0
DA:130,0
DA:131,0
DA:132,0
DA:133,0
DA:137,0
DA:138,0
DA:139,0
DA:140,0
DA:141,0
DA:142,0
DA:146,0
DA:150,0
DA:197,0
DA:222,0
DA:245,0
DA:253,0
DA:259,0
DA:263,0
DA:267,0
DA:280,0
DA:288,0
DA:339,0
DA:340,0
DA:363,0
LF:87
LH:0
BRDA:28,0,0,0
BRDA:28,0,1,0
BRDA:84,1,0,0
BRDA:84,1,1,0
BRDA:88,2,0,0
BRDA:88,2,1,0
BRDA:94,3,0,0
BRDA:94,3,1,0
BRDA:94,4,0,0
BRDA:94,4,1,0
BRDA:123,5,0,0
BRDA:123,5,1,0
BRDA:129,6,0,0
BRDA:129,6,1,0
BRDA:129,6,2,0
BRDA:129,6,3,0
BRDA:138,7,0,0
BRDA:138,7,1,0
BRDA:138,7,2,0
BRDA:138,7,3,0
BRDA:158,8,0,0
BRDA:158,8,1,0
BRDA:194,9,0,0
BRDA:194,9,1,0
BRDA:219,10,0,0
BRDA:219,10,1,0
BRDA:219,10,2,0
BRDA:232,11,0,0
BRDA:232,11,1,0
BRDA:277,12,0,0
BRDA:277,12,1,0
BRDA:310,13,0,0
BRDA:310,13,1,0
BRF:33
BRH:0
end_of_record
TN:
SF:utils\backup.js
FN:5,exportData
FN:51,importData
FN:72,(anonymous_2)
FNF:3
FNH:3
FNDA:1,exportData
FNDA:1,importData
FNDA:5,(anonymous_2)
DA:6,1
DA:9,1
DA:11,1
DA:13,1
DA:15,1
DA:16,1
DA:18,1
DA:20,0
DA:21,0
DA:22,0
DA:25,1
DA:33,1
DA:34,1
DA:35,1
DA:36,1
DA:38,1
DA:39,1
DA:41,1
DA:42,1
DA:44,0
DA:46,0
DA:47,0
DA:52,1
DA:54,1
DA:55,1
DA:57,1
DA:58,1
DA:60,0
DA:61,0
DA:64,1
DA:65,1
DA:67,1
DA:68,1
DA:69,1
DA:70,1
DA:72,5
DA:74,0
DA:75,0
LF:38
LH:28
BRDA:13,0,0,0
BRDA:13,0,1,1
BRDA:16,1,0,0
BRDA:16,1,1,1
BRDA:39,2,0,1
BRDA:39,2,1,0
BRDA:57,3,0,0
BRDA:57,3,1,1
BRDA:67,4,0,1
BRDA:67,4,1,0
BRDA:68,5,0,1
BRDA:68,5,1,0
BRDA:69,6,0,1
BRDA:69,6,1,0
BRDA:70,7,0,0
BRDA:70,7,1,1
BRF:16
BRH:8
end_of_record
TN:
SF:utils\barcode-lookup.js
FN:4,fetchProductInfo
FNF:1
FNH:1
[...]
DA:116,0
DA:123,0
DA:124,0
LF:45
LH:14
BRDA:31,0,0,0
BRDA:31,0,1,1
BRDA:31,1,0,1
BRDA:31,1,1,0
BRDA:75,2,0,0
BRDA:75,2,1,0
BRDA:81,3,0,0
BRDA:81,3,1,0
BRDA:92,4,0,0
BRDA:92,4,1,0
BRDA:99,5,0,0
BRDA:99,5,1,0
BRDA:99,6,0,0
BRDA:99,6,1,0
BRDA:102,7,0,0
BRDA:102,7,1,0
BRDA:110,8,0,0
BRDA:110,8,1,0
BRDA:119,9,0,0
BRDA:119,9,1,0
BRF:20
BRH:2
end_of_record
TN:
SF:utils\pdf-export.js
FN:22,(anonymous_0)
FN:33,(anonymous_1)
FN:49,(anonymous_2)
FN:65,(anonymous_3)
FN:83,(anonymous_4)
FN:90,(anonymous_5)
FN:95,(anonymous_6)
FN:291,(anonymous_7)
FN:295,(anonymous_8)
FN:383,(anonymous_9)
FN:412,(anonymous_10)
FN:436,(anonymous_11)
FN:449,(anonymous_12)
FNF:13
FNH:0
FNDA:0,(anonymous_0)
FNDA:0,(anonymous_1)
FNDA:0,(anonymous_2)
FNDA:0,(anonymous_3)
FNDA:0,(anonymous_4)
FNDA:0,(anonymous_5)
FNDA:0,(anonymous_6)
FNDA:0,(anonymous_7)
FNDA:0,(anonymous_8)
FNDA:0,(anonymous_9)
FNDA:0,(anonymous_10)
FNDA:0,(anonymous_11)
FNDA:0,(anonymous_12)
DA:9,0
DA:10,0
DA:11,0
DA:12,0
DA:13,0
DA:15,0
DA:16,0
DA:22,0
DA:23,0
DA:24,0
DA:33,0
DA:34,0
DA:35,0
DA:36,0
DA:42,0
DA:49,0
DA:50,0
DA:52,0
DA:53,0
DA:54,0
DA:56,0
DA:57,0
DA:58,0
DA:59,0
DA:65,0
DA:72,0
DA:74,0
DA:81,0
DA:82,0
DA:83,0
DA:87,0
DA:88,0
DA:89,0
DA:90,0
DA:91,0
DA:92,0
DA:93,0
DA:95,0
DA:101,0
DA:291,0
DA:296,0
DA:298,0
DA:383,0
DA:384,0
DA:385,0
DA:388,0
DA:389,0
DA:392,0
DA:393,0
DA:395,0
DA:400,0
DA:402,0
DA:403,0
DA:412,0
DA:413,0
DA:414,0
DA:417,0
DA:419,0
DA:420,0
DA:421,0
DA:424,0
DA:430,0
DA:436,0
DA:437,0
DA:449,0
DA:450,0
LF:66
LH:0
BRDA:11,0,0,0
BRDA:11,0,1,0
BRDA:13,1,0,0
BRDA:13,1,1,0
BRDA:23,2,0,0
BRDA:23,2,1,0
BRDA:34,3,0,0
BRDA:34,3,1,0
BRDA:50,4,0,0
BRDA:50,4,1,0
BRDA:56,5,0,0
BRDA:56,5,1,0
BRDA:57,6,0,0
BRDA:57,6,1,0
BRDA:58,7,0,0
BRDA:58,7,1,0
BRDA:65,8,0,0
BRDA:67,9,0,0
BRDA:68,10,0,0
BRDA:69,11,0,0
BRDA:70,12,0,0
BRDA:71,13,0,0
BRDA:82,14,0,0
BRDA:82,14,1,0
BRDA:83,15,0,0
BRDA:83,15,1,0
BRDA:88,16,0,0
BRDA:88,16,1,0
BRDA:91,17,0,0
BRDA:91,17,1,0
BRDA:92,18,0,0
BRDA:92,18,1,0
BRDA:273,19,0,0
BRDA:273,19,1,0
BRDA:279,20,0,0
BRDA:279,20,1,0
BRDA:292,21,0,0
BRDA:292,21,1,0
BRDA:302,22,0,0
BRDA:302,22,1,0
BRDA:303,23,0,0
BRDA:303,23,1,0
BRDA:307,24,0,0
BRDA:307,24,1,0
BRDA:307,25,0,0
BRDA:307,25,1,0
BRDA:307,25,2,0
BRDA:312,26,0,0
BRDA:312,26,1,0
BRDA:319,27,0,0
BRDA:319,27,1,0
BRDA:319,28,0,0
BRDA:319,28,1,0
BRDA:326,29,0,0
BRDA:326,29,1,0
BRDA:326,30,0,0
BRDA:326,30,1,0
BRDA:338,31,0,0
BRDA:338,31,1,0
BRDA:345,32,0,0
BRDA:345,32,1,0
BRDA:352,33,0,0
BRDA:352,33,1,0
BRDA:363,34,0,0
BRDA:363,34,1,0
BRDA:383,35,0,0
BRDA:384,36,0,0
BRDA:384,36,1,0
BRDA:388,37,0,0
BRDA:388,37,1,0
BRDA:388,38,0,0
BRDA:388,38,1,0
BRDA:412,39,0,0
BRDA:413,40,0,0
BRDA:413,40,1,0
BRDA:420,41,0,0
BRDA:420,41,1,0
BRF:77
BRH:0
end_of_record
TN:
SF:utils\photo.js
FN:5,filenameFromUri
FN:14,persistPhoto
FNF:2
FNH:0
FNDA:0,filenameFromUri
FNDA:0,persistPhoto
DA:6,0
DA:7,0
DA:8,0
DA:10,0
DA:15,0
DA:16,0
DA:17,0
DA:18,0
DA:19,0
DA:20,0
DA:21,0
DA:23,0
DA:24,0
LF:13
LH:0
BRDA:8,0,0,0
BRDA:8,0,1,0
BRDA:17,1,0,0
BRDA:17,1,1,0
BRDA:19,2,0,0
BRDA:19,2,1,0
BRF:6
BRH:0
end_of_record
TN:
SF:utils\receipt-ocr.js
FN:47,(anonymous_0)
FN:99,(anonymous_1)
FN:112,(anonymous_2)
FN:126,parseReceipt
FN:157,(anonymous_4)
FN:157,(anonymous_5)
FN:160,(anonymous_6)
FN:161,(anonymous_7)
FN:173,(anonymous_8)
FN:174,(anonymous_9)
FN:186,(anonymous_10)
FN:187,(anonymous_11)
FN:199,(anonymous_12)
FN:200,(anonymous_13)
FN:202,(anonymous_14)
FN:216,(anonymous_15)
FN:218,(anonymous_16)
FN:224,(anonymous_17)
FN:229,(anonymous_18)
FN:244,(anonymous_19)
FN:245,(anonymous_20)
FNF:21
FNH:20
FNDA:9,(anonymous_0)
FNDA:9,(anonymous_1)
FNDA:27,(anonymous_2)
FNDA:10,parseReceipt
FNDA:36,(anonymous_4)
FNDA:36,(anonymous_5)
FNDA:36,(anonymous_6)
FNDA:180,(anonymous_7)
FNDA:36,(anonymous_8)
FNDA:108,(anonymous_9)
FNDA:36,(anonymous_10)
FNDA:144,(anonymous_11)
FNDA:36,(anonymous_12)
FNDA:72,(anonymous_13)
FNDA:45,(anonymous_14)
FNDA:9,(anonymous_15)
FNDA:0,(anonymous_16)
FNDA:9,(anonymous_17)
FNDA:18,(anonymous_18)
FNDA:9,(anonymous_19)
FNDA:27,(anonymous_20)
DA:5,1
DA:19,1
DA:29,1
DA:39,1
DA:47,1
DA:48,9
DA:50,9
DA:53,9
DA:54,9
DA:55,0
DA:56,0
DA:57,0
DA:58,0
DA:59,0
DA:63,9
DA:64,9
DA:68,9
DA:69,0
DA:70,0
DA:71,0
DA:74,9
DA:75,9
DA:76,9
DA:77,9
DA:81,0
DA:82,0
DA:83,0
DA:84,0
DA:87,9
DA:90,0
DA:92,0
DA:99,1
DA:100,9
DA:101,9
DA:102,9
DA:103,9
DA:105,0
DA:112,1
DA:113,27
DA:115,27
DA:116,27
DA:117,27
DA:119,0
DA:127,10
DA:129,10
DA:134,10
DA:135,10
DA:136,9
DA:139,9
DA:140,9
DA:143,9
DA:157,36
DA:160,9
DA:161,36
DA:162,180
DA:163,180
DA:164,9
DA:165,9
DA:166,9
DA:173,9
DA:174,36
DA:175,108
DA:176,108
DA:177,27
DA:178,27
DA:179,27
DA:186,9
DA:187,36
DA:188,144
DA:189,144
DA:190,9
DA:191,9
DA:192,9
DA:199,9
DA:200,36
DA:201,72
DA:202,72
DA:203,45
DA:204,9
DA:205,9
DA:206,9
DA:214,9
DA:216,9
DA:218,9
DA:219,9
DA:222,9
DA:224,9
DA:227,9
DA:229,18
DA:230,9
DA:233,9
DA:235,9
DA:238,9
DA:240,9
DA:244,9
DA:245,27
DA:246,9
DA:247,9
DA:249,9
DA:251,1
DA:252,1
LF:101
LH:85
BRDA:54,0,0,0
BRDA:54,0,1,9
BRDA:64,1,0,9
BRDA:64,1,1,0
BRDA:68,2,0,0
BRDA:68,2,1,9
BRDA:74,3,0,9
BRDA:74,3,1,0
BRDA:84,4,0,0
BRDA:84,4,1,0
BRDA:99,5,0,0
BRDA:117,6,0,27
BRDA:117,6,1,0
BRDA:117,7,0,27
BRDA:117,7,1,27
BRDA:163,8,0,9
BRDA:163,8,1,171
BRDA:165,9,0,9
BRDA:165,9,1,0
BRDA:176,10,0,27
BRDA:176,10,1,81
BRDA:176,11,0,108
BRDA:176,11,1,27
BRDA:178,12,0,27
BRDA:178,12,1,0
BRDA:189,13,0,9
BRDA:189,13,1,135
BRDA:190,14,0,0
BRDA:190,14,1,9
BRDA:191,15,0,9
BRDA:191,15,1,0
BRDA:191,16,0,9
BRDA:191,16,1,9
BRDA:201,17,0,36
BRDA:201,17,1,36
BRDA:203,18,0,9
BRDA:203,18,1,36
BRDA:203,19,0,45
BRDA:203,19,1,9
BRDA:205,20,0,9
BRDA:205,20,1,0
BRDA:205,21,0,9
BRDA:205,21,1,9
BRDA:214,22,0,9
BRDA:214,22,1,0
BRDA:227,23,0,9
BRDA:227,23,1,0
BRDA:233,24,0,9
BRDA:233,24,1,0
BRDA:238,25,0,9
BRDA:238,25,1,0
BRF:51
BRH:34
end_of_record
TN:
SF:utils\smart-meal-suggestions.js
FN:22,(anonymous_0)
FN:32,(anonymous_1)
FN:38,(anonymous_2)
FN:42,(anonymous_3)
FN:55,(anonymous_4)
FN:57,(anonymous_5)
FN:72,(anonymous_6)
FN:73,(anonymous_7)
FN:87,(anonymous_8)
FN:99,(anonymous_9)
FN:119,(anonymous_10)
FN:129,(anonymous_11)
FN:142,(anonymous_12)
FN:150,(anonymous_13)
FN:162,(anonymous_14)
FN:168,(anonymous_15)
FN:169,(anonymous_16)
FN:172,(anonymous_17)
FN:173,(anonymous_18)
FN:182,(anonymous_19)
FN:204,(anonymous_20)
FN:226,(anonymous_21)
FNF:22
FNH:12
FNDA:5,(anonymous_0)
FNDA:4,(anonymous_1)
FNDA:3,(anonymous_2)
FNDA:0,(anonymous_3)
FNDA:4,(anonymous_4)
FNDA:4,(anonymous_5)
FNDA:4,(anonymous_6)
FNDA:1,(anonymous_7)
FNDA:0,(anonymous_8)
FNDA:3,(anonymous_9)
FNDA:3,(anonymous_10)
FNDA:5,(anonymous_11)
FNDA:2,(anonymous_12)
FNDA:0,(anonymous_13)
FNDA:0,(anonymous_14)
FNDA:0,(anonymous_15)
FNDA:0,(anonymous_16)
FNDA:0,(anonymous_17)
FNDA:0,(anonymous_18)
FNDA:0,(anonymous_19)
FNDA:1,(anonymous_20)
FNDA:0,(anonymous_21)
DA:22,1
DA:23,5
DA:25,5
DA:28,5
DA:31,5
DA:33,4
DA:35,4
DA:36,4
DA:38,3
DA:42,0
DA:44,5
DA:45,2
DA:49,3
DA:51,3
DA:52,3
DA:55,3
DA:57,4
DA:58,4
DA:63,4
DA:66,4
DA:69,3
DA:71,3
DA:72,4
DA:73,1
DA:76,3
DA:77,3
DA:87,3
DA:88,0
DA:91,0
DA:92,0
DA:99,1
DA:100,3
DA:101,3
DA:102,3
DA:103,3
DA:105,3
DA:106,0
DA:107,3
DA:108,0
DA:109,3
DA:110,3
DA:112,0
DA:119,1
DA:120,3
DA:121,3
DA:122,3
DA:123,0
DA:129,1
DA:130,5
DA:136,5
DA:142,1
DA:143,2
DA:144,2
DA:150,1
DA:151,0
DA:152,0
DA:162,1
DA:163,0
DA:164,0
DA:167,0
DA:168,0
DA:169,0
DA:172,0
DA:173,0
DA:174,0
DA:182,1
DA:183,0
DA:185,0
DA:186,0
DA:189,0
DA:190,0
DA:204,1
DA:205,1
DA:207,1
DA:226,1
DA:227,0
DA:232,0
DA:237,0
DA:238,0
LF:79
LH:52
BRDA:22,0,0,0
BRDA:33,1,0,0
BRDA:33,1,1,4
BRDA:36,2,0,4
BRDA:36,2,1,4
BRDA:44,3,0,2
BRDA:44,3,1,3
BRDA:58,4,0,4
BRDA:58,4,1,0
BRDA:63,5,0,4
BRDA:63,5,1,1
BRDA:66,6,0,4
BRDA:66,6,1,0
BRDA:69,7,0,3
BRDA:69,7,1,0
BRDA:76,8,0,3
BRDA:76,8,1,0
BRDA:105,9,0,0
BRDA:105,9,1,3
BRDA:107,10,0,0
BRDA:107,10,1,3
BRDA:109,11,0,3
BRDA:109,11,1,0
BRDA:120,12,0,0
BRDA:120,12,1,3
BRDA:121,13,0,0
BRDA:121,13,1,3
BRDA:122,14,0,3
BRDA:122,14,1,0
BRDA:136,15,0,5
BRDA:136,15,1,0
BRDA:174,16,0,0
BRDA:174,16,1,0
BRDA:185,17,0,0
BRDA:185,17,1,0
BRF:35
BRH:18
end_of_record
TN:
SF:utils\storage.js
FN:6,(anonymous_0)
FN:11,(anonymous_1)
FN:20,(anonymous_2)
FN:25,(anonymous_3)
FN:30,(anonymous_4)
FN:35,(anonymous_5)
FN:39,(anonymous_6)
FN:51,(anonymous_7)
FN:53,(anonymous_8)
FN:65,(anonymous_9)
FN:67,(anonymous_10)
FN:71,(anonymous_11)
FN:73,(anonymous_12)
FN:77,(anonymous_13)
FN:82,(anonymous_14)
FNF:15
FNH:11
FNDA:0,(anonymous_0)
FNDA:0,(anonymous_1)
FNDA:6,(anonymous_2)
FNDA:4,(anonymous_3)
FNDA:16,(anonymous_4)
FNDA:9,(anonymous_5)
FNDA:4,(anonymous_6)
FNDA:3,(anonymous_7)
FNDA:2,(anonymous_8)
FNDA:2,(anonymous_9)
FNDA:2,(anonymous_10)
FNDA:0,(anonymous_11)
FNDA:0,(anonymous_12)
FNDA:5,(anonymous_13)
FNDA:2,(anonymous_14)
DA:4,3
DA:7,0
DA:8,0
DA:12,0
DA:13,0
DA:15,0
DA:21,6
DA:22,6
DA:26,4
DA:31,16
DA:32,16
DA:36,9
DA:40,4
DA:41,4
DA:46,4
DA:47,4
DA:48,4
DA:52,3
DA:53,3
DA:54,3
DA:56,2
DA:61,2
DA:62,2
DA:66,2
DA:67,2
DA:68,2
DA:72,0
DA:73,0
DA:78,5
DA:79,5
DA:83,2
LF:31
LH:24
BRDA:8,0,0,0
BRDA:8,0,1,0
BRDA:12,1,0,0
BRDA:12,1,1,0
BRDA:22,2,0,2
BRDA:22,2,1,4
BRDA:32,3,0,8
BRDA:32,3,1,8
BRDA:43,4,0,4
BRDA:43,4,1,0
BRDA:44,5,0,4
BRDA:44,5,1,4
BRDA:54,6,0,1
BRDA:54,6,1,2
BRDA:79,7,0,2
BRDA:79,7,1,3
BRF:16
BRH:11
end_of_record
TN:
SF:utils\time-reminders.js
FN:61,(anonymous_0)
FN:106,(anonymous_1)
FN:116,(anonymous_2)
FN:119,(anonymous_3)
FN:139,(anonymous_4)
FN:142,(anonymous_5)
FN:152,(anonymous_6)
FN:174,(anonymous_7)
FN:269,(anonymous_8)
FN:275,(anonymous_9)
FN:291,(anonymous_10)
FN:304,(anonymous_11)
FN:309,(anonymous_12)
FN:324,(anonymous_13)
FN:330,(anonymous_14)
FN:335,(anonymous_15)
FN:361,(anonymous_16)
FN:372,(anonymous_17)
FN:383,(anonymous_18)
FN:394,(anonymous_19)
FNF:20
FNH:0
FNDA:0,(anonymous_0)
FNDA:0,(anonymous_1)
FNDA:0,(anonymous_2)
FNDA:0,(anonymous_3)
FNDA:0,(anonymous_4)
FNDA:0,(anonymous_5)
FNDA:0,(anonymous_6)
FNDA:0,(anonymous_7)
FNDA:0,(anonymous_8)
FNDA:0,(anonymous_9)
FNDA:0,(anonymous_10)
FNDA:0,(anonymous_11)
FNDA:0,(anonymous_12)
FNDA:0,(anonymous_13)
FNDA:0,(anonymous_14)
FNDA:0,(anonymous_15)
FNDA:0,(anonymous_16)
FNDA:0,(anonymous_17)
FNDA:0,(anonymous_18)
FNDA:0,(anonymous_19)
DA:22,0
DA:23,0
DA:61,0
DA:62,0
DA:63,0
DA:65,0
DA:96,0
DA:97,0
DA:99,0
DA:101,0
DA:102,0
DA:106,0
DA:107,0
DA:108,0
DA:109,0
DA:111,0
DA:112,0
DA:116,0
DA:117,0
DA:118,0
DA:119,0
DA:121,0
DA:122,0
DA:125,0
DA:131,0
DA:132,0
DA:134,0
DA:135,0
DA:139,0
DA:140,0
DA:141,0
DA:142,0
DA:143,0
DA:145,0
DA:147,0
DA:148,0
DA:152,0
DA:153,0
DA:154,0
DA:159,0
DA:160,0
DA:165,0
DA:167,0
DA:168,0
DA:174,0
DA:175,0
DA:177,0
DA:178,0
DA:179,0
DA:182,0
DA:183,0
DA:184,0
DA:185,0
DA:186,0
DA:188,0
DA:189,0
DA:192,0
DA:193,0
DA:201,0
DA:202,0
DA:209,0
DA:210,0
DA:217,0
DA:218,0
DA:225,0
DA:232,0
DA:233,0
DA:234,0
DA:237,0
DA:238,0
DA:239,0
DA:241,0
DA:242,0
DA:250,0
DA:251,0
DA:258,0
DA:259,0
DA:266,0
DA:269,0
DA:270,0
DA:271,0
DA:272,0
DA:273,0
DA:275,0
DA:276,0
DA:278,0
DA:279,0
DA:280,0
DA:283,0
DA:284,0
DA:285,0
DA:286,0
DA:287,0
DA:290,0
DA:292,0
DA:293,0
DA:294,0
DA:295,0
DA:296,0
DA:299,0
DA:300,0
DA:304,0
DA:305,0
DA:306,0
DA:307,0
DA:309,0
DA:310,0
DA:312,0
DA:313,0
DA:314,0
DA:317,0
DA:318,0
DA:324,0
DA:325,0
DA:326,0
DA:327,0
DA:328,0
DA:330,0
DA:331,0
DA:332,0
DA:335,0
DA:336,0
DA:337,0
DA:340,0
DA:348,0
DA:349,0
DA:361,0
DA:362,0
DA:364,0
DA:365,0
DA:366,0
DA:367,0
DA:369,0
DA:372,0
DA:373,0
DA:380,0
DA:383,0
DA:384,0
DA:389,0
DA:394,0
DA:395,0
DA:438,0
DA:439,0
DA:442,0
LF:144
LH:0
BRDA:68,0,0,0
BRDA:68,0,1,0
BRDA:71,1,0,0
BRDA:71,1,1,0
BRDA:72,2,0,0
BRDA:72,2,1,0
BRDA:73,3,0,0
BRDA:73,3,1,0
BRDA:74,4,0,0
BRDA:74,4,1,0
BRDA:77,5,0,0
BRDA:77,5,1,0
BRDA:78,6,0,0
BRDA:78,6,1,0
BRDA:79,7,0,0
BRDA:79,7,1,0
BRDA:80,8,0,0
BRDA:80,8,1,0
BRDA:83,9,0,0
BRDA:83,9,1,0
BRDA:84,10,0,0
BRDA:84,10,1,0
BRDA:87,11,0,0
BRDA:87,11,1,0
BRDA:88,12,0,0
BRDA:88,12,1,0
BRDA:109,13,0,0
BRDA:109,13,1,0
BRDA:121,14,0,0
BRDA:121,14,1,0
BRDA:159,15,0,0
BRDA:159,15,1,0
BRDA:159,16,0,0
BRDA:159,16,1,0
BRDA:177,17,0,0
BRDA:177,17,1,0
BRDA:178,18,0,0
BRDA:178,18,1,0
BRDA:178,19,0,0
BRDA:178,19,1,0
BRDA:188,20,0,0
BRDA:188,20,1,0
BRDA:192,21,0,0
BRDA:192,21,1,0
BRDA:201,22,0,0
BRDA:201,22,1,0
BRDA:209,23,0,0
BRDA:209,23,1,0
BRDA:217,24,0,0
BRDA:217,24,1,0
BRDA:232,25,0,0
BRDA:232,25,1,0
BRDA:233,26,0,0
BRDA:233,26,1,0
BRDA:241,27,0,0
BRDA:241,27,1,0
BRDA:250,28,0,0
BRDA:250,28,1,0
BRDA:269,29,0,0
BRDA:276,30,0,0
BRDA:276,30,1,0
BRDA:276,31,0,0
BRDA:276,31,1,0
BRDA:278,32,0,0
BRDA:278,32,1,0
BRDA:278,33,0,0
BRDA:278,33,1,0
BRDA:278,33,2,0
BRDA:280,34,0,0
BRDA:280,34,1,0
BRDA:283,35,0,0
BRDA:283,35,1,0
BRDA:283,36,0,0
BRDA:283,36,1,0
BRDA:294,37,0,0
BRDA:294,37,1,0
BRDA:294,38,0,0
BRDA:294,38,1,0
BRDA:295,39,0,0
BRDA:295,39,1,0
BRDA:295,40,0,0
BRDA:295,40,1,0
BRDA:310,41,0,0
BRDA:310,41,1,0
BRDA:310,42,0,0
BRDA:310,42,1,0
BRDA:331,43,0,0
BRDA:331,43,1,0
BRDA:362,44,0,0
BRDA:362,44,1,0
BRDA:366,45,0,0
BRDA:366,45,1,0
BRDA:367,46,0,0
BRDA:367,46,1,0
BRDA:380,47,0,0
BRDA:380,47,1,0
BRDA:389,48,0,0
BRDA:389,48,1,0
BRF:98
BRH:0
end_of_record
TN:
SF:utils\transfer-generator.js
FN:15,(anonymous_0)
FN:89,(anonymous_1)
FN:96,(anonymous_2)
FN:99,(anonymous_3)
FN:139,(anonymous_4)
FN:142,(anonymous_5)
FN:210,(anonymous_6)
FN:215,(anonymous_7)
FN:218,(anonymous_8)
FN:230,(anonymous_9)
FN:233,(anonymous_10)
FN:245,(anonymous_11)
FN:250,(anonymous_12)
FN:251,(anonymous_13)
FN:252,(anonymous_14)
FN:253,(anonymous_15)
FN:279,(anonymous_16)
FN:282,(anonymous_17)
FN:290,(anonymous_18)
FN:293,(anonymous_19)
FN:311,(anonymous_20)
FN:324,(anonymous_21)
FN:330,(anonymous_22)
FN:352,(anonymous_23)
FNF:24
FNH:0
FNDA:0,(anonymous_0)
FNDA:0,(anonymous_1)
FNDA:0,(anonymous_2)
FNDA:0,(anonymous_3)
FNDA:0,(anonymous_4)
FNDA:0,(anonymous_5)
FNDA:0,(anonymous_6)
FNDA:0,(anonymous_7)
FNDA:0,(anonymous_8)
FNDA:0,(anonymous_9)
FNDA:0,(anonymous_10)
FNDA:0,(anonymous_11)
FNDA:0,(anonymous_12)
FNDA:0,(anonymous_13)
FNDA:0,(anonymous_14)
FNDA:0,(anonymous_15)
FNDA:0,(anonymous_16)
FNDA:0,(anonymous_17)
FNDA:0,(anonymous_18)
FNDA:0,(anonymous_19)
FNDA:0,(anonymous_20)
FNDA:0,(anonymous_21)
FNDA:0,(anonymous_22)
FNDA:0,(anonymous_23)
DA:9,0
DA:10,0
DA:15,0
DA:16,0
DA:21,0
DA:24,0
DA:27,0
DA:66,0
DA:69,0
DA:71,0
DA:78,0
DA:79,0
DA:89,0
DA:90,0
DA:96,0
DA:97,0
DA:98,0
DA:99,0
DA:101,0
DA:102,0
DA:109,0
DA:110,0
DA:117,0
DA:118,0
DA:119,0
DA:120,0
DA:123,0
DA:128,0
DA:129,0
DA:139,0
DA:140,0
DA:141,0
DA:142,0
DA:144,0
DA:145,0
DA:151,0
DA:152,0
DA:158,0
DA:159,0
DA:166,0
DA:167,0
DA:168,0
DA:169,0
DA:172,0
DA:194,0
DA:199,0
DA:200,0
DA:210,0
DA:211,0
DA:212,0
DA:215,0
DA:218,0
DA:220,0
DA:222,0
DA:223,0
DA:230,0
DA:231,0
DA:232,0
DA:233,0
DA:234,0
DA:235,0
DA:237,0
DA:238,0
DA:245,0
DA:246,0
DA:247,0
DA:248,0
DA:250,0
DA:251,0
DA:252,0
DA:253,0
DA:255,0
DA:263,0
DA:264,0
DA:279,0
DA:280,0
DA:281,0
DA:282,0
DA:284,0
DA:290,0
DA:291,0
DA:292,0
DA:293,0
DA:295,0
DA:296,0
DA:298,0
DA:301,0
DA:303,0
DA:304,0
DA:311,0
DA:312,0
DA:313,0
DA:314,0
DA:316,0
DA:317,0
DA:324,0
DA:325,0
DA:326,0
DA:327,0
DA:330,0
DA:331,0
DA:334,0
DA:336,0
DA:341,0
DA:342,0
DA:352,0
DA:353,0
DA:354,0
DA:356,0
LF:109
LH:0
BRDA:15,0,0,0
BRDA:18,1,0,0
BRDA:19,2,0,0
BRDA:20,3,0,0
BRDA:43,4,0,0
BRDA:43,4,1,0
BRDA:50,5,0,0
BRDA:50,5,1,0
BRDA:53,6,0,0
BRDA:53,6,1,0
BRDA:54,7,0,0
BRDA:54,7,1,0
BRDA:101,8,0,0
BRDA:101,8,1,0
BRDA:109,9,0,0
BRDA:109,9,1,0
BRDA:117,10,0,0
BRDA:117,10,1,0
BRDA:144,11,0,0
BRDA:144,11,1,0
BRDA:151,12,0,0
BRDA:151,12,1,0
BRDA:158,13,0,0
BRDA:158,13,1,0
BRDA:250,14,0,0
BRDA:250,14,1,0
BRDA:251,15,0,0
BRDA:251,15,1,0
BRDA:253,16,0,0
BRDA:253,16,1,0
BRDA:295,17,0,0
BRDA:295,17,1,0
BRDA:314,18,0,0
BRDA:314,18,1,0
BRDA:331,19,0,0
BRDA:331,19,1,0
BRDA:358,20,0,0
BRDA:358,20,1,0
BRF:38
BRH:0
end_of_record
TN:
SF:utils\upc-api.js
FN:4,fetchOpenFoodFacts
FNF:1
FNH:1
FNDA:2,fetchOpenFoodFacts
DA:5,2
DA:6,2
DA:8,2
DA:9,2
DA:10,2
DA:11,2
DA:12,2
DA:13,2
DA:15,1
DA:16,1
DA:23,0
DA:24,0
LF:12
LH:10
BRDA:5,0,0,2
BRDA:5,0,1,0
BRDA:6,1,0,0
BRDA:6,1,1,2
BRDA:11,2,0,0
BRDA:11,2,1,2
BRDA:13,3,0,1
BRDA:13,3,1,1
BRDA:17,4,0,1
BRDA:17,4,1,0
BRDA:17,4,2,0
BRDA:18,5,0,1
BRDA:18,5,1,0
BRDA:19,6,0,1
BRDA:19,6,1,1
BRDA:20,7,0,1
BRDA:20,7,1,1
BRF:17
BRH:11
end_of_record
TN:
SF:utils\upgrade-finder.js
FN:45,findUpgrades
FN:82,searchMockDatabase
FN:95,searchOnline
FN:119,compareProducts
FN:160,getPriceAlertLevels
FN:171,getUpgradeScore
FNF:6
FNH:0
FNDA:0,findUpgrades
FNDA:0,searchMockDatabase
FNDA:0,searchOnline
FNDA:0,compareProducts
FNDA:0,getPriceAlertLevels
FNDA:0,getUpgradeScore
DA:8,0
DA:46,0
DA:48,0
DA:51,0
DA:52,0
DA:53,0
DA:60,0
DA:61,0
DA:62,0
DA:68,0
DA:73,0
DA:74,0
DA:83,0
DA:85,0
DA:86,0
DA:87,0
DA:88,0
DA:92,0
DA:103,0
DA:109,0
DA:111,0
DA:112,0
DA:120,0
DA:133,0
DA:137,0
DA:141,0
DA:142,0
DA:143,0
DA:146,0
DA:147,0
DA:148,0
DA:150,0
DA:151,0
DA:154,0
DA:161,0
DA:172,0
DA:175,0
DA:178,0
DA:181,0
DA:184,0
DA:187,0
DA:188,0
DA:191,0
DA:192,0
DA:193,0
DA:196,0
DA:197,0
DA:198,0
DA:201,0
LF:49
LH:0
BRDA:45,0,0,0
BRDA:52,1,0,0
BRDA:52,1,1,0
BRDA:61,2,0,0
BRDA:61,2,1,0
BRDA:87,3,0,0
BRDA:87,3,1,0
BRDA:87,4,0,0
BRDA:87,4,1,0
BRDA:121,5,0,0
BRDA:121,5,1,0
BRDA:122,6,0,0
BRDA:122,6,1,0
BRDA:125,7,0,0
BRDA:125,7,1,0
BRDA:126,8,0,0
BRDA:126,8,1,0
BRDA:127,9,0,0
BRDA:127,9,1,0
BRDA:128,10,0,0
BRDA:128,10,1,0
BRDA:133,11,0,0
BRDA:133,11,1,0
BRDA:137,12,0,0
BRDA:137,12,1,0
BRDA:141,13,0,0
BRDA:141,13,1,0
BRDA:141,14,0,0
BRDA:141,14,1,0
BRDA:143,15,0,0
BRDA:143,15,1,0
BRDA:146,16,0,0
BRDA:146,16,1,0
BRDA:175,17,0,0
BRDA:175,17,1,0
BRDA:181,18,0,0
BRDA:181,18,1,0
BRDA:184,19,0,0
BRDA:184,19,1,0
BRDA:187,20,0,0
BRDA:187,20,1,0
BRDA:191,21,0,0
BRDA:191,21,1,0
BRDA:192,22,0,0
BRDA:192,22,1,0
BRDA:193,23,0,0
BRDA:193,23,1,0
BRDA:196,24,0,0
BRDA:196,24,1,0
BRF:49
BRH:0
end_of_record
TN:
SF:utils\useDebounce.js
FN:3,useDebounce
FN:5,(anonymous_1)
FN:6,(anonymous_2)
FN:7,(anonymous_3)
FNF:4
FNH:4
FNDA:3,useDebounce
FNDA:2,(anonymous_1)
FNDA:1,(anonymous_2)
FNDA:2,(anonymous_3)
DA:4,3
DA:5,3
DA:6,2
DA:7,2
DA:9,3
LF:5
LH:5
BRDA:3,0,0,0
BRF:1
BRH:0
end_of_record
TN:
SF:utils\wishlist-storage.js
FN:26,getWishList
FN:39,addToWishList
FN:69,removeFromWishList
FN:72,(anonymous_3)
FN:88,updateWishListItem
FN:91,(anonymous_5)
FN:120,isInWishList
FN:123,(anonymous_7)
FN:136,getWishListSorted
FN:142,(anonymous_9)
FN:159,getPriceAlerts
FN:169,addPriceAlert
FN:174,(anonymous_12)
FN:192,removePriceAlert
FN:195,(anonymous_14)
FN:208,checkPriceAlerts
FN:241,checkCurrentPrice
FN:253,getWishListStats
FN:257,(anonymous_18)
FN:258,(anonymous_19)
FN:259,(anonymous_20)
FNF:21
FNH:0
FNDA:0,getWishList
FNDA:0,addToWishList
FNDA:0,removeFromWishList
FNDA:0,(anonymous_3)
FNDA:0,updateWishListItem
FNDA:0,(anonymous_5)
FNDA:0,isInWishList
FNDA:0,(anonymous_7)
FNDA:0,getWishListSorted
FNDA:0,(anonymous_9)
FNDA:0,getPriceAlerts
FNDA:0,addPriceAlert
FNDA:0,(anonymous_12)
FNDA:0,removePriceAlert
FNDA:0,(anonymous_14)
FNDA:0,checkPriceAlerts
FNDA:0,checkCurrentPrice
FNDA:0,getWishListStats
FNDA:0,(anonymous_18)
FNDA:0,(anonymous_19)
FNDA:0,(anonymous_20)
DA:3,0
DA:4,0
DA:27,0
DA:28,0
DA:29,0
DA:31,0
DA:32,0
DA:40,0
DA:41,0
DA:43,0
DA:51,0
DA:52,0
DA:55,0
DA:56,0
DA:59,0
DA:61,0
DA:62,0
DA:70,0
DA:71,0
DA:72,0
DA:73,0
DA:76,0
DA:78,0
DA:80,0
DA:81,0
DA:89,0
DA:90,0
DA:91,0
DA:93,0
DA:94,0
DA:97,0
DA:103,0
DA:106,0
DA:107,0
DA:110,0
DA:112,0
DA:113,0
DA:121,0
DA:122,0
DA:123,0
DA:124,0
DA:128,0
DA:129,0
DA:137,0
DA:138,0
DA:140,0
DA:142,0
DA:143,0
DA:144,0
DA:147,0
DA:150,0
DA:151,0
DA:160,0
DA:161,0
DA:162,0
DA:164,0
DA:165,0
DA:170,0
DA:171,0
DA:174,0
DA:176,0
DA:184,0
DA:185,0
DA:187,0
DA:188,0
DA:193,0
DA:194,0
DA:195,0
DA:196,0
DA:197,0
DA:199,0
DA:200,0
DA:209,0
DA:210,0
DA:211,0
DA:213,0
DA:217,0
DA:219,0
DA:220,0
DA:228,0
DA:232,0
DA:234,0
DA:236,0
DA:237,0
DA:247,0
DA:254,0
DA:255,0
DA:257,0
DA:258,0
DA:259,0
DA:261,0
DA:269,0
DA:270,0
LF:93
LH:0
BRDA:29,0,0,0
BRDA:29,0,1,0
BRDA:55,1,0,0
BRDA:55,1,1,0
BRDA:93,2,0,0
BRDA:93,2,1,0
BRDA:106,3,0,0
BRDA:106,3,1,0
BRDA:124,4,0,0
BRDA:124,4,1,0
BRDA:144,5,0,0
BRDA:144,5,1,0
BRDA:162,6,0,0
BRDA:162,6,1,0
BRDA:219,7,0,0
BRDA:219,7,1,0
BRDA:219,8,0,0
BRDA:219,8,1,0
BRDA:257,9,0,0
BRDA:257,9,1,0
BRDA:266,10,0,0
BRDA:266,10,1,0
BRF:22
BRH:0
end_of_record
