TN:
SF:App.js
FN:59,(anonymous_0)
FN:75,(anonymous_1)
FN:76,(anonymous_2)
FN:93,(anonymous_3)
FN:98,(anonymous_4)
FN:122,(anonymous_5)
FN:155,(anonymous_6)
FN:168,(anonymous_7)
FN:192,(anonymous_8)
FN:206,(anonymous_9)
FN:297,(anonymous_10)
FN:300,(anonymous_11)
FN:302,(anonymous_12)
FN:310,(anonymous_13)
FN:327,(anonymous_14)
FN:414,(anonymous_15)
FN:429,(anonymous_16)
FN:465,(anonymous_17)
FN:494,(anonymous_18)
FN:504,(anonymous_19)
FN:514,(anonymous_20)
FN:524,(anonymous_21)
FN:533,(anonymous_22)
FN:736,(anonymous_23)
FNF:24
FNH:0
FNDA:0,(anonymous_0)
FNDA:0,(anonymous_1)
FNDA:0,(anonymous_2)
FNDA:0,(anonymous_3)
FNDA:0,(anonymous_4)
FNDA:0,(anonymous_5)
FNDA:0,(anonymous_6)
FNDA:0,(anonymous_7)
FNDA:0,(anonymous_8)
FNDA:0,(anonymous_9)
FNDA:0,(anonymous_10)
FNDA:0,(anonymous_11)
FNDA:0,(anonymous_12)
FNDA:0,(anonymous_13)
FNDA:0,(anonymous_14)
FNDA:0,(anonymous_15)
FNDA:0,(anonymous_16)
FNDA:0,(anonymous_17)
FNDA:0,(anonymous_18)
FNDA:0,(anonymous_19)
FNDA:0,(anonymous_20)
FNDA:0,(anonymous_21)
FNDA:0,(anonymous_22)
FNDA:0,(anonymous_23)
DA:57,0
DA:59,0
DA:60,0
DA:61,0
DA:62,0
DA:63,0
DA:64,0
DA:65,0
DA:68,0
DA:69,0
DA:75,0
DA:76,0
DA:77,0
DA:78,0
DA:81,0
DA:82,0
DA:84,0
DA:85,0
DA:87,0
DA:90,0
DA:93,0
DA:94,0
DA:95,0
DA:98,0
DA:99,0
DA:103,0
DA:105,0
DA:107,0
DA:124,0
DA:125,0
DA:126,0
DA:128,0
DA:129,0
DA:132,0
DA:135,0
DA:136,0
DA:137,0
DA:142,0
DA:146,0
DA:147,0
DA:148,0
DA:150,0
DA:151,0
DA:155,0
DA:156,0
DA:157,0
DA:158,0
DA:159,0
DA:160,0
DA:162,0
DA:164,0
DA:168,0
DA:169,0
DA:170,0
DA:171,0
DA:172,0
DA:176,0
DA:193,0
DA:194,0
DA:197,0
DA:198,0
DA:200,0
DA:207,0
DA:208,0
DA:211,0
DA:212,0
DA:214,0
DA:221,0
DA:225,0
DA:299,0
DA:300,0
DA:303,0
DA:311,0
DA:328,0
DA:414,0
DA:429,0
DA:453,0
DA:460,0
DA:461,0
DA:462,0
DA:465,0
DA:466,0
DA:468,0
DA:495,0
DA:505,0
DA:515,0
DA:525,0
DA:533,0
DA:534,0
DA:535,0
DA:537,0
DA:567,0
DA:568,0
DA:572,0
DA:736,0
DA:737,0
DA:753,0
LF:97
LH:0
BRDA:85,0,0,0
BRDA:85,0,1,0
BRDA:105,1,0,0
BRDA:105,1,1,0
BRDA:128,2,0,0
BRDA:128,2,1,0
BRDA:170,3,0,0
BRDA:170,3,1,0
BRDA:258,4,0,0
BRDA:258,4,1,0
BRDA:265,5,0,0
BRDA:265,5,1,0
BRDA:319,6,0,0
BRDA:319,6,1,0
BRDA:340,7,0,0
BRDA:340,7,1,0
BRDA:352,8,0,0
BRDA:352,8,1,0
BRDA:373,9,0,0
BRDA:373,9,1,0
BRDA:394,10,0,0
BRDA:394,10,1,0
BRDA:400,11,0,0
BRDA:400,11,1,0
BRDA:412,12,0,0
BRDA:412,12,1,0
BRDA:427,13,0,0
BRDA:427,13,1,0
BRDA:495,14,0,0
BRDA:495,14,1,0
BRDA:505,15,0,0
BRDA:505,15,1,0
BRDA:515,16,0,0
BRDA:515,16,1,0
BRDA:525,17,0,0
BRDA:525,17,1,0
BRDA:567,18,0,0
BRDA:567,18,1,0
BRF:38
BRH:0
end_of_record
TN:
SF:constants.js
FNF:0
FNH:0
DA:1,0
LF:1
LH:0
BRF:0
BRH:0
end_of_record
TN:
SF:csv-parser.js
FN:9,(anonymous_0)
FN:11,(anonymous_1)
FN:70,(anonymous_2)
FN:104,(anonymous_3)
FN:107,(anonymous_4)
FN:147,(anonymous_5)
FN:217,(anonymous_6)
FN:238,(anonymous_7)
FN:274,(anonymous_8)
FN:308,(anonymous_9)
FN:330,(anonymous_10)
FN:390,(anonymous_11)
FN:469,(anonymous_12)
FNF:13
FNH:0
FNDA:0,(anonymous_0)
FNDA:0,(anonymous_1)
FNDA:0,(anonymous_2)
FNDA:0,(anonymous_3)
FNDA:0,(anonymous_4)
FNDA:0,(anonymous_5)
FNDA:0,(anonymous_6)
FNDA:0,(anonymous_7)
FNDA:0,(anonymous_8)
FNDA:0,(anonymous_9)
FNDA:0,(anonymous_10)
FNDA:0,(anonymous_11)
FNDA:0,(anonymous_12)
DA:9,0
DA:10,0
DA:11,0
DA:12,0
DA:13,0
DA:20,0
DA:21,0
DA:23,0
DA:24,0
DA:31,0
DA:32,0
DA:34,0
DA:35,0
DA:36,0
DA:37,0
DA:39,0
DA:40,0
DA:43,0
DA:50,0
DA:59,0
DA:60,0
DA:70,0
DA:71,0
DA:72,0
DA:73,0
DA:75,0
DA:76,0
DA:77,0
DA:79,0
DA:81,0
DA:82,0
DA:83,0
DA:85,0
DA:86,0
DA:88,0
DA:89,0
DA:91,0
DA:96,0
DA:98,0
DA:104,0
DA:105,0
DA:107,0
DA:108,0
DA:110,0
DA:111,0
DA:112,0
DA:113,0
DA:114,0
DA:119,0
DA:120,0
DA:121,0
DA:122,0
DA:123,0
DA:124,0
DA:129,0
DA:130,0
DA:135,0
DA:136,0
DA:137,0
DA:141,0
DA:147,0
DA:148,0
DA:149,0
DA:150,0
DA:153,0
DA:160,0
DA:161,0
DA:162,0
DA:163,0
DA:164,0
DA:169,0
DA:170,0
DA:171,0
DA:172,0
DA:173,0
DA:178,0
DA:179,0
DA:180,0
DA:181,0
DA:182,0
DA:183,0
DA:188,0
DA:189,0
DA:190,0
DA:191,0
DA:196,0
DA:197,0
DA:198,0
DA:199,0
DA:204,0
DA:205,0
DA:206,0
DA:207,0
DA:211,0
DA:217,0
DA:219,0
DA:222,0
DA:223,0
DA:229,0
DA:231,0
DA:238,0
DA:239,0
DA:241,0
DA:243,0
DA:244,0
DA:248,0
DA:249,0
DA:250,0
DA:251,0
DA:255,0
DA:256,0
DA:257,0
DA:258,0
DA:259,0
DA:260,0
DA:264,0
DA:266,0
DA:267,0
DA:274,0
DA:275,0
DA:301,0
DA:308,0
DA:309,0
DA:311,0
DA:313,0
DA:314,0
DA:316,0
DA:317,0
DA:321,0
DA:323,0
DA:330,0
DA:331,0
DA:334,0
DA:339,0
DA:344,0
DA:346,0
DA:347,0
DA:349,0
DA:354,0
DA:356,0
DA:360,0
DA:365,0
DA:369,0
DA:374,0
DA:378,0
DA:379,0
DA:383,0
DA:390,0
DA:391,0
DA:392,0
DA:395,0
DA:412,0
DA:413,0
DA:414,0
DA:419,0
DA:435,0
DA:436,0
DA:437,0
DA:442,0
DA:443,0
DA:444,0
DA:445,0
DA:450,0
DA:457,0
DA:458,0
DA:459,0
DA:463,0
DA:469,0
DA:470,0
DA:471,0
DA:473,0
DA:475,0
DA:478,0
DA:479,0
DA:483,0
DA:484,0
DA:488,0
DA:489,0
DA:490,0
DA:492,0
LF:180
LH:0
BRDA:12,0,0,0
BRDA:12,0,1,0
BRDA:23,1,0,0
BRDA:23,1,1,0
BRDA:39,2,0,0
BRDA:39,2,1,0
BRDA:56,3,0,0
BRDA:56,3,1,0
BRDA:79,4,0,0
BRDA:79,4,1,0
BRDA:79,5,0,0
BRDA:79,5,1,0
BRDA:83,6,0,0
BRDA:83,6,1,0
BRDA:86,7,0,0
BRDA:86,7,1,0
BRDA:86,8,0,0
BRDA:86,8,1,0
BRDA:110,9,0,0
BRDA:110,9,1,0
BRDA:110,10,0,0
BRDA:110,10,1,0
BRDA:112,11,0,0
BRDA:112,11,1,0
BRDA:112,12,0,0
BRDA:112,12,1,0
BRDA:114,13,0,0
BRDA:114,13,1,0
BRDA:115,14,0,0
BRDA:115,14,1,0
BRDA:115,14,2,0
BRDA:120,15,0,0
BRDA:120,15,1,0
BRDA:122,16,0,0
BRDA:122,16,1,0
BRDA:122,17,0,0
BRDA:122,17,1,0
BRDA:124,18,0,0
BRDA:124,18,1,0
BRDA:125,19,0,0
BRDA:125,19,1,0
BRDA:125,19,2,0
BRDA:130,20,0,0
BRDA:130,20,1,0
BRDA:131,21,0,0
BRDA:131,21,1,0
BRDA:131,21,2,0
BRDA:136,22,0,0
BRDA:136,22,1,0
BRDA:149,23,0,0
BRDA:149,23,1,0
BRDA:149,24,0,0
BRDA:149,24,1,0
BRDA:160,25,0,0
BRDA:160,25,1,0
BRDA:163,26,0,0
BRDA:163,26,1,0
BRDA:169,27,0,0
BRDA:169,27,1,0
BRDA:171,28,0,0
BRDA:171,28,1,0
BRDA:178,29,0,0
BRDA:178,29,1,0
BRDA:181,30,0,0
BRDA:181,30,1,0
BRDA:188,31,0,0
BRDA:188,31,1,0
BRDA:190,32,0,0
BRDA:190,32,1,0
BRDA:196,33,0,0
BRDA:196,33,1,0
BRDA:198,34,0,0
BRDA:198,34,1,0
BRDA:204,35,0,0
BRDA:204,35,1,0
BRDA:206,36,0,0
BRDA:206,36,1,0
BRDA:239,37,0,0
BRDA:239,37,1,0
BRDA:243,38,0,0
BRDA:243,38,1,0
BRDA:249,39,0,0
BRDA:249,39,1,0
BRDA:256,40,0,0
BRDA:256,40,1,0
BRDA:259,41,0,0
BRDA:259,41,1,0
BRDA:309,42,0,0
BRDA:309,42,1,0
BRDA:316,43,0,0
BRDA:316,43,1,0
BRDA:316,44,0,0
BRDA:316,44,1,0
BRDA:334,45,0,0
BRDA:334,45,1,0
BRDA:335,46,0,0
BRDA:335,46,1,0
BRDA:335,46,2,0
BRDA:339,47,0,0
BRDA:339,47,1,0
BRDA:340,48,0,0
BRDA:340,48,1,0
BRDA:340,48,2,0
BRDA:346,49,0,0
BRDA:346,49,1,0
BRDA:346,50,0,0
BRDA:346,50,1,0
BRDA:349,51,0,0
BRDA:349,51,1,0
BRDA:350,52,0,0
BRDA:350,52,1,0
BRDA:350,52,2,0
BRDA:360,53,0,0
BRDA:360,53,1,0
BRDA:361,54,0,0
BRDA:361,54,1,0
BRDA:361,54,2,0
BRDA:369,55,0,0
BRDA:369,55,1,0
BRDA:370,56,0,0
BRDA:370,56,1,0
BRDA:370,56,2,0
BRDA:378,57,0,0
BRDA:378,57,1,0
BRDA:378,58,0,0
BRDA:378,58,1,0
BRDA:392,59,0,0
BRDA:392,59,1,0
BRDA:413,60,0,0
BRDA:413,60,1,0
BRDA:436,61,0,0
BRDA:436,61,1,0
BRDA:436,62,0,0
BRDA:436,62,1,0
BRDA:442,63,0,0
BRDA:442,63,1,0
BRDA:444,64,0,0
BRDA:444,64,1,0
BRDA:458,65,0,0
BRDA:458,65,1,0
BRDA:470,66,0,0
BRDA:470,66,1,0
BRDA:473,67,0,0
BRDA:473,67,1,0
BRDA:478,68,0,0
BRDA:478,68,1,0
BRDA:478,69,0,0
BRDA:478,69,1,0
BRDA:483,70,0,0
BRDA:483,70,1,0
BRF:150
BRH:0
end_of_record
TN:
SF:eslint.config.js
FNF:0
FNH:0
DA:2,0
DA:3,0
DA:5,0
LF:3
LH:0
BRF:0
BRH:0
end_of_record
TN:
SF:expo-env.d.ts
FNF:0
FNH:0
LF:0
LH:0
BRF:0
BRH:0
end_of_record
TN:
SF:index.js
FNF:0
FNH:0
DA:4,0
LF:1
LH:0
BRF:0
BRH:0
end_of_record
TN:
SF:jest.config.js
FNF:0
FNH:0
DA:1,0
LF:1
LH:0
BRF:0
BRH:0
end_of_record
TN:
SF:test-ocr.js
FN:6,(anonymous_0)
FNF:1
FNH:0
FNDA:0,(anonymous_0)
DA:4,0
DA:6,0
DA:8,0
DA:9,0
DA:10,0
DA:11,0
DA:12,0
DA:13,0
DA:14,0
DA:15,0
DA:16,0
DA:18,0
LF:12
LH:0
BRF:0
BRH:0
end_of_record
TN:
SF:app\_layout.tsx
FN:16,RootLayout
FNF:1
FNH:0
FNDA:0,RootLayout
DA:12,0
DA:17,0
DA:19,0
LF:3
LH:0
BRDA:20,0,0,0
BRDA:20,0,1,0
BRF:2
BRH:0
end_of_record
TN:
SF:app\auth.tsx
FN:22,AuthScreen
FN:28,(anonymous_1)
FN:63,(anonymous_2)
FNF:3
FNH:0
FNDA:0,AuthScreen
FNDA:0,(anonymous_1)
FNDA:0,(anonymous_2)
DA:10,0
DA:19,0
DA:20,0
DA:23,0
DA:24,0
DA:25,0
DA:26,0
DA:28,0
DA:29,0
DA:30,0
DA:31,0
DA:32,0
DA:34,0
DA:37,0
DA:41,0
DA:63,0
DA:69,0
LF:17
LH:0
BRDA:31,0,0,0
BRDA:31,0,1,0
BRDA:43,1,0,0
BRDA:43,1,1,0
BRDA:59,2,0,0
BRDA:59,2,1,0
BRDA:60,3,0,0
BRDA:60,3,1,0
BRDA:62,4,0,0
BRDA:62,4,1,0
BRF:10
BRH:0
end_of_record
TN:
SF:app\detail.tsx
FN:4,DetailScreen
FNF:1
FNH:0
FNDA:0,DetailScreen
DA:5,0
DA:7,0
DA:19,0
LF:3
LH:0
BRDA:5,0,0,0
BRDA:5,0,1,0
BRDA:10,1,0,0
BRDA:10,1,1,0
BRF:4
BRH:0
end_of_record
TN:
SF:app\modal.tsx
FN:7,ModalScreen
FNF:1
FNH:0
FNDA:0,ModalScreen
DA:8,0
DA:18,0
LF:2
LH:0
BRF:0
BRH:0
end_of_record
TN:
SF:app\photo-ocr-barcode.tsx
FN:7,PhotoOCRBarcodeScreen
FN:13,(anonymous_1)
FN:24,(anonymous_2)
FN:40,(anonymous_3)
FNF:4
FNH:0
FNDA:0,PhotoOCRBarcodeScreen
FNDA:0,(anonymous_1)
FNDA:0,(anonymous_2)
FNDA:0,(anonymous_3)
DA:8,0
DA:9,0
DA:10,0
DA:11,0
DA:13,0
DA:14,0
DA:17,0
DA:18,0
DA:19,0
DA:20,0
DA:24,0
DA:25,0
DA:26,0
DA:29,0
DA:40,0
DA:46,0
LF:16
LH:0
BRDA:17,0,0,0
BRDA:17,0,1,0
BRDA:32,1,0,0
BRDA:32,1,1,0
BRDA:33,2,0,0
BRDA:33,2,1,0
BRDA:35,3,0,0
BRDA:35,3,1,0
BRDA:38,4,0,0
BRDA:38,4,1,0
BRDA:39,5,0,0
BRDA:39,5,1,0
BRF:12
BRH:0
end_of_record
TN:
SF:app\products.tsx
FN:15,fuzzyMatch
FN:16,(anonymous_1)
FN:23,ProductsScreen
FN:31,(anonymous_3)
FN:57,(anonymous_4)
FN:58,(anonymous_5)
FNF:6
FNH:0
FNDA:0,fuzzyMatch
FNDA:0,(anonymous_1)
FNDA:0,ProductsScreen
FNDA:0,(anonymous_3)
FNDA:0,(anonymous_4)
FNDA:0,(anonymous_5)
DA:16,0
DA:17,0
DA:18,0
DA:19,0
DA:24,0
DA:25,0
DA:26,0
DA:27,0
DA:29,0
DA:31,0
DA:32,0
DA:33,0
DA:34,0
DA:35,0
DA:39,0
DA:57,0
DA:59,0
DA:71,0
LF:18
LH:0
BRDA:19,0,0,0
BRDA:19,0,1,0
BRDA:29,1,0,0
BRDA:29,1,1,0
BRDA:32,2,0,0
BRDA:32,2,1,0
BRDA:60,3,0,0
BRDA:60,3,1,0
BRF:8
BRH:0
end_of_record
TN:
SF:app\settings.tsx
FN:12,SettingsScreen
FN:13,(anonymous_1)
FNF:2
FNH:0
FNDA:0,SettingsScreen
FNDA:0,(anonymous_1)
DA:6,0
DA:13,0
DA:14,0
DA:15,0
DA:16,0
DA:19,0
DA:27,0
LF:7
LH:0
BRF:0
BRH:0
end_of_record
TN:
SF:app\theme-toggle.tsx
FN:5,ThemeToggleScreen
FN:8,(anonymous_1)
FNF:2
FNH:0
FNDA:0,ThemeToggleScreen
FNDA:0,(anonymous_1)
DA:6,0
DA:8,0
DA:9,0
DA:13,0
DA:25,0
LF:5
LH:0
BRF:0
BRH:0
end_of_record
TN:
SF:app\(tabs)\_layout.tsx
FN:9,TabLayout
FN:24,(anonymous_1)
FN:33,(anonymous_2)
FN:42,(anonymous_3)
FN:51,(anonymous_4)
FN:60,(anonymous_5)
FN:69,(anonymous_6)
FN:82,(anonymous_7)
FN:91,(anonymous_8)
FNF:9
FNH:0
FNDA:0,TabLayout
FNDA:0,(anonymous_1)
FNDA:0,(anonymous_2)
FNDA:0,(anonymous_3)
FNDA:0,(anonymous_4)
FNDA:0,(anonymous_5)
FNDA:0,(anonymous_6)
FNDA:0,(anonymous_7)
FNDA:0,(anonymous_8)
DA:10,0
DA:12,0
DA:25,0
DA:34,0
DA:43,0
DA:52,0
DA:61,0
DA:70,0
DA:83,0
DA:92,0
LF:10
LH:0
BRDA:15,0,0,0
BRDA:15,0,1,0
BRF:2
BRH:0
end_of_record
TN:
SF:app\(tabs)\explore.tsx
FN:12,TabTwoScreen
FNF:1
FNH:0
FNDA:0,TabTwoScreen
DA:13,0
DA:115,0
LF:2
LH:0
BRF:0
BRH:0
end_of_record
TN:
SF:app\(tabs)\index.tsx
FN:10,HomeScreen
FN:51,(anonymous_1)
FN:56,(anonymous_2)
FN:63,(anonymous_3)
FNF:4
FNH:0
FNDA:0,HomeScreen
FNDA:0,(anonymous_1)
FNDA:0,(anonymous_2)
FNDA:0,(anonymous_3)
DA:11,0
DA:51,0
DA:56,0
DA:63,0
DA:90,0
LF:5
LH:0
BRF:0
BRH:0
end_of_record
TN:
SF:components\Banner.js
FN:4,(anonymous_0)
FN:13,(anonymous_1)
FN:20,(anonymous_2)
FN:25,(anonymous_3)
FN:27,(anonymous_4)
FNF:5
FNH:0
FNDA:0,(anonymous_0)
FNDA:0,(anonymous_1)
FNDA:0,(anonymous_2)
FNDA:0,(anonymous_3)
FNDA:0,(anonymous_4)
DA:4,0
DA:11,0
DA:13,0
DA:14,0
DA:15,0
DA:20,0
DA:21,0
DA:25,0
DA:27,0
DA:31,0
DA:33,0
DA:44,0
LF:12
LH:0
BRDA:8,0,0,0
BRDA:9,1,0,0
BRDA:14,2,0,0
BRDA:14,2,1,0
BRDA:25,3,0,0
BRDA:25,3,1,0
BRDA:31,4,0,0
BRDA:31,4,1,0
BRDA:47,5,0,0
BRDA:47,5,1,0
BRF:10
BRH:0
end_of_record
TN:
SF:components\PhotoViewer.js
FN:16,(anonymous_0)
FN:19,(anonymous_1)
FN:20,(anonymous_2)
FN:22,(anonymous_3)
FN:23,(anonymous_4)
FN:45,(anonymous_5)
FN:50,(anonymous_6)
FNF:7
FNH:0
FNDA:0,(anonymous_0)
FNDA:0,(anonymous_1)
FNDA:0,(anonymous_2)
FNDA:0,(anonymous_3)
FNDA:0,(anonymous_4)
FNDA:0,(anonymous_5)
FNDA:0,(anonymous_6)
DA:14,0
DA:16,0
DA:17,0
DA:19,0
DA:20,0
DA:22,0
DA:23,0
DA:26,0
DA:28,0
DA:46,0
DA:47,0
DA:51,0
DA:94,0
DA:101,0
LF:14
LH:0
BRDA:17,0,0,0
BRDA:17,0,1,0
BRDA:23,1,0,0
BRDA:23,1,1,0
BRDA:26,2,0,0
BRDA:26,2,1,0
BRDA:26,3,0,0
BRDA:26,3,1,0
BRDA:66,4,0,0
BRDA:66,4,1,0
BRDA:82,5,0,0
BRDA:82,5,1,0
BRF:12
BRH:0
end_of_record
TN:
SF:components\QuickView.js
FN:14,(anonymous_0)
FN:17,(anonymous_1)
FN:19,(anonymous_2)
FN:156,(anonymous_3)
FNF:4
FNH:0
FNDA:0,(anonymous_0)
FNDA:0,(anonymous_1)
FNDA:0,(anonymous_2)
FNDA:0,(anonymous_3)
DA:14,0
DA:15,0
DA:17,0
DA:18,0
DA:19,0
DA:23,0
DA:157,0
DA:158,0
DA:170,0
DA:178,0
LF:10
LH:0
BRDA:15,0,0,0
BRDA:15,0,1,0
BRDA:18,1,0,0
BRDA:18,1,1,0
BRDA:50,2,0,0
BRDA:50,2,1,0
BRDA:56,3,0,0
BRDA:56,3,1,0
BRDA:61,4,0,0
BRDA:61,4,1,0
BRDA:70,5,0,0
BRDA:70,5,1,0
BRDA:70,5,2,0
BRDA:70,5,3,0
BRDA:79,6,0,0
BRDA:79,6,1,0
BRDA:85,7,0,0
BRDA:85,7,1,0
BRDA:91,8,0,0
BRDA:91,8,1,0
BRDA:101,9,0,0
BRDA:101,9,1,0
BRDA:101,9,2,0
BRDA:108,10,0,0
BRDA:108,10,1,0
BRDA:114,11,0,0
BRDA:114,11,1,0
BRDA:124,12,0,0
BRDA:124,12,1,0
BRDA:144,13,0,0
BRDA:144,13,1,0
BRF:31
BRH:0
end_of_record
TN:
SF:components\Toast.js
FN:4,(anonymous_0)
FN:13,(anonymous_1)
FN:20,(anonymous_2)
FN:25,(anonymous_3)
FN:27,(anonymous_4)
FNF:5
FNH:0
FNDA:0,(anonymous_0)
FNDA:0,(anonymous_1)
FNDA:0,(anonymous_2)
FNDA:0,(anonymous_3)
FNDA:0,(anonymous_4)
DA:4,0
DA:11,0
DA:13,0
DA:14,0
DA:15,0
DA:20,0
DA:21,0
DA:25,0
DA:27,0
DA:31,0
DA:33,0
DA:44,0
LF:12
LH:0
BRDA:8,0,0,0
BRDA:9,1,0,0
BRDA:14,2,0,0
BRDA:14,2,1,0
BRDA:25,3,0,0
BRDA:25,3,1,0
BRDA:31,4,0,0
BRDA:31,4,1,0
BRDA:47,5,0,0
BRDA:47,5,1,0
BRF:10
BRH:0
end_of_record
TN:
SF:components\UrgentMealSuggestion.js
FN:31,(anonymous_0)
FN:37,(anonymous_1)
FN:41,(anonymous_2)
FN:61,(anonymous_3)
FN:67,(anonymous_4)
FN:73,(anonymous_5)
FNF:6
FNH:0
FNDA:0,(anonymous_0)
FNDA:0,(anonymous_1)
FNDA:0,(anonymous_2)
FNDA:0,(anonymous_3)
FNDA:0,(anonymous_4)
FNDA:0,(anonymous_5)
DA:31,0
DA:32,0
DA:33,0
DA:34,0
DA:35,0
DA:37,0
DA:38,0
DA:41,0
DA:42,0
DA:43,0
DA:45,0
DA:46,0
DA:47,0
DA:50,0
DA:57,0
DA:61,0
DA:63,0
DA:68,0
DA:69,0
DA:73,0
DA:75,0
DA:79,0
DA:83,0
DA:84,0
DA:87,0
DA:89,0
DA:140,0
LF:27
LH:0
BRDA:45,0,0,0
BRDA:45,0,1,0
BRDA:69,1,0,0
BRDA:69,1,1,0
BRDA:83,2,0,0
BRDA:83,2,1,0
BRDA:83,3,0,0
BRDA:83,3,1,0
BRDA:124,4,0,0
BRDA:124,4,1,0
BRF:10
BRH:0
end_of_record
TN:
SF:components\external-link.tsx
FN:12,ExternalLink
FN:18,(anonymous_1)
FNF:2
FNH:0
FNDA:0,ExternalLink
FNDA:0,(anonymous_1)
DA:13,0
DA:19,0
DA:21,0
DA:23,0
LF:4
LH:0
BRDA:19,0,0,0
BRDA:19,0,1,0
BRF:2
BRH:0
end_of_record
TN:
SF:components\haptic-tab.tsx
FN:5,HapticTab
FN:9,(anonymous_1)
FNF:2
FNH:0
FNDA:0,HapticTab
FNDA:0,(anonymous_1)
DA:6,0
DA:10,0
DA:12,0
DA:14,0
LF:4
LH:0
BRDA:10,0,0,0
BRDA:10,0,1,0
BRF:2
BRH:0
end_of_record
TN:
SF:components\hello-wave.tsx
FN:3,HelloWave
FNF:1
FNH:0
FNDA:0,HelloWave
DA:4,0
LF:1
LH:0
BRF:0
BRH:0
end_of_record
TN:
SF:components\parallax-scroll-view.tsx
FN:21,ParallaxScrollView
FN:30,(anonymous_1)
FNF:2
FNH:0
FNDA:0,ParallaxScrollView
FNDA:0,(anonymous_1)
DA:14,0
DA:26,0
DA:27,0
DA:28,0
DA:29,0
DA:30,0
DA:31,0
DA:51,0
DA:71,0
LF:9
LH:0
BRDA:27,0,0,0
BRDA:27,0,1,0
BRF:2
BRH:0
end_of_record
TN:
SF:components\themed-text.tsx
FN:11,ThemedText
FNF:1
FNH:0
FNDA:0,ThemedText
DA:18,0
DA:20,0
DA:36,0
LF:3
LH:0
BRDA:15,0,0,0
BRDA:24,1,0,0
BRDA:24,1,1,0
BRDA:25,2,0,0
BRDA:25,2,1,0
BRDA:26,3,0,0
BRDA:26,3,1,0
BRDA:27,4,0,0
BRDA:27,4,1,0
BRDA:28,5,0,0
BRDA:28,5,1,0
BRF:11
BRH:0
end_of_record
TN:
SF:components\themed-view.tsx
FN:10,ThemedView
FNF:1
FNH:0
FNDA:0,ThemedView
DA:16,0
DA:21,0
LF:2
LH:0
BRF:0
BRH:0
end_of_record
TN:
SF:components\ui\collapsible.tsx
FN:10,Collapsible
FN:21,(anonymous_1)
FN:21,(anonymous_2)
FNF:3
FNH:0
FNDA:0,Collapsible
FNDA:0,(anonymous_1)
FNDA:0,(anonymous_2)
DA:14,0
DA:15,0
DA:17,0
DA:21,0
DA:39,0
LF:5
LH:0
BRDA:15,0,0,0
BRDA:15,0,1,0
BRDA:28,1,0,0
BRDA:28,1,1,0
BRDA:29,2,0,0
BRDA:29,2,1,0
BRDA:34,3,0,0
BRDA:34,3,1,0
BRF:8
BRH:0
end_of_record
TN:
SF:components\ui\icon-symbol.ios.tsx
FN:4,IconSymbol
FNF:1
FNH:0
FNDA:0,IconSymbol
DA:17,0
LF:1
LH:0
BRDA:6,0,0,0
BRDA:9,1,0,0
BRF:2
BRH:0
end_of_record
TN:
SF:components\ui\icon-symbol.tsx
FN:31,IconSymbol
FNF:1
FNH:0
FNDA:0,IconSymbol
DA:19,0
DA:43,0
LF:2
LH:0
BRDA:33,0,0,0
BRF:1
BRH:0
end_of_record
TN:
SF:constants\theme.ts
FNF:0
FNH:0
DA:8,0
DA:9,0
DA:11,0
DA:30,0
LF:4
LH:0
BRF:0
BRH:0
end_of_record
TN:
SF:hooks\use-color-scheme.ts
FNF:0
FNH:0
LF:0
LH:0
BRF:0
BRH:0
end_of_record
TN:
SF:hooks\use-color-scheme.web.ts
FN:7,useColorScheme
FN:10,(anonymous_1)
FNF:2
FNH:0
FNDA:0,useColorScheme
FNDA:0,(anonymous_1)
DA:8,0
DA:10,0
DA:11,0
DA:14,0
DA:16,0
DA:17,0
DA:20,0
LF:7
LH:0
BRDA:16,0,0,0
BRDA:16,0,1,0
BRF:2
BRH:0
end_of_record
TN:
SF:hooks\use-theme-color.ts
FN:9,useThemeColor
FNF:1
FNH:0
FNDA:0,useThemeColor
DA:13,0
DA:14,0
DA:16,0
DA:17,0
DA:19,0
LF:5
LH:0
BRDA:13,0,0,0
BRDA:13,0,1,0
BRDA:16,1,0,0
BRDA:16,1,1,0
BRF:4
BRH:0
end_of_record
TN:
SF:providers\AuthProvider.js
FN:41,(anonymous_0)
FN:47,(anonymous_1)
FN:48,(anonymous_2)
FN:65,(anonymous_3)
FN:70,(anonymous_4)
FN:77,(anonymous_5)
FN:110,(anonymous_6)
FN:141,(anonymous_7)
FN:171,(anonymous_8)
FNF:9
FNH:0
FNDA:0,(anonymous_0)
FNDA:0,(anonymous_1)
FNDA:0,(anonymous_2)
FNDA:0,(anonymous_3)
FNDA:0,(anonymous_4)
FNDA:0,(anonymous_5)
FNDA:0,(anonymous_6)
FNDA:0,(anonymous_7)
FNDA:0,(anonymous_8)
DA:37,0
DA:39,0
DA:41,0
DA:42,0
DA:43,0
DA:44,0
DA:47,0
DA:48,0
DA:49,0
DA:51,0
DA:52,0
DA:53,0
DA:55,0
DA:57,0
DA:58,0
DA:62,0
DA:65,0
DA:66,0
DA:67,0
DA:70,0
DA:72,0
DA:77,0
DA:78,0
DA:79,0
DA:81,0
DA:82,0
DA:83,0
DA:85,0
DA:86,0
DA:92,0
DA:97,0
DA:98,0
DA:99,0
DA:101,0
DA:102,0
DA:103,0
DA:104,0
DA:106,0
DA:110,0
DA:111,0
DA:112,0
DA:114,0
DA:115,0
DA:116,0
DA:118,0
DA:119,0
DA:123,0
DA:128,0
DA:129,0
DA:130,0
DA:132,0
DA:133,0
DA:134,0
DA:135,0
DA:137,0
DA:141,0
DA:142,0
DA:143,0
DA:145,0
DA:147,0
DA:148,0
DA:150,0
DA:151,0
DA:152,0
DA:153,0
DA:155,0
DA:159,0
DA:168,0
DA:171,0
DA:172,0
DA:173,0
DA:174,0
DA:176,0
LF:73
LH:0
BRDA:52,0,0,0
BRDA:52,0,1,0
BRDA:73,1,0,0
BRDA:73,1,1,0
BRDA:73,1,2,0
BRDA:82,2,0,0
BRDA:82,2,1,0
BRDA:85,3,0,0
BRDA:85,3,1,0
BRDA:101,4,0,0
BRDA:101,4,1,0
BRDA:115,5,0,0
BRDA:115,5,1,0
BRDA:118,6,0,0
BRDA:118,6,1,0
BRDA:132,7,0,0
BRDA:132,7,1,0
BRDA:150,8,0,0
BRDA:150,8,1,0
BRDA:173,9,0,0
BRDA:173,9,1,0
BRF:21
BRH:0
end_of_record
TN:
SF:providers\DatabaseProvider.js
FN:12,(anonymous_0)
FN:18,(anonymous_1)
FN:19,(anonymous_2)
FN:39,(anonymous_3)
FN:46,(anonymous_4)
FN:47,(anonymous_5)
FN:54,(anonymous_6)
FN:55,(anonymous_7)
FN:60,(anonymous_8)
FN:72,(anonymous_9)
FN:74,(anonymous_10)
FN:84,(anonymous_11)
FN:86,(anonymous_12)
FN:111,(anonymous_13)
FNF:14
FNH:0
FNDA:0,(anonymous_0)
FNDA:0,(anonymous_1)
FNDA:0,(anonymous_2)
FNDA:0,(anonymous_3)
FNDA:0,(anonymous_4)
FNDA:0,(anonymous_5)
FNDA:0,(anonymous_6)
FNDA:0,(anonymous_7)
FNDA:0,(anonymous_8)
FNDA:0,(anonymous_9)
FNDA:0,(anonymous_10)
FNDA:0,(anonymous_11)
FNDA:0,(anonymous_12)
FNDA:0,(anonymous_13)
DA:10,0
DA:12,0
DA:13,0
DA:14,0
DA:15,0
DA:18,0
DA:19,0
DA:20,0
DA:22,0
DA:24,0
DA:28,0
DA:29,0
DA:31,0
DA:33,0
DA:36,0
DA:39,0
DA:40,0
DA:41,0
DA:42,0
DA:43,0
DA:46,0
DA:47,0
DA:48,0
DA:50,0
DA:51,0
DA:54,0
DA:55,0
DA:56,0
DA:57,0
DA:60,0
DA:61,0
DA:62,0
DA:65,0
DA:66,0
DA:69,0
DA:72,0
DA:73,0
DA:74,0
DA:77,0
DA:78,0
DA:81,0
DA:84,0
DA:85,0
DA:86,0
DA:89,0
DA:92,0
DA:104,0
DA:111,0
DA:112,0
DA:113,0
DA:114,0
DA:116,0
LF:52
LH:0
BRDA:48,0,0,0
BRDA:48,0,1,0
BRDA:65,1,0,0
BRDA:65,1,1,0
BRDA:74,2,0,0
BRDA:74,2,1,0
BRDA:77,3,0,0
BRDA:77,3,1,0
BRDA:113,4,0,0
BRDA:113,4,1,0
BRF:10
BRH:0
end_of_record
TN:
SF:providers\PremiumProvider.js
FN:14,(anonymous_0)
FN:18,(anonymous_1)
FN:22,(anonymous_2)
FN:38,(anonymous_3)
FN:44,(anonymous_4)
FN:56,(anonymous_5)
FN:67,(anonymous_6)
FN:95,(anonymous_7)
FNF:8
FNH:0
FNDA:0,(anonymous_0)
FNDA:0,(anonymous_1)
FNDA:0,(anonymous_2)
FNDA:0,(anonymous_3)
FNDA:0,(anonymous_4)
FNDA:0,(anonymous_5)
FNDA:0,(anonymous_6)
FNDA:0,(anonymous_7)
DA:12,0
DA:14,0
DA:15,0
DA:16,0
DA:18,0
DA:19,0
DA:22,0
DA:23,0
DA:25,0
DA:28,0
DA:29,0
DA:31,0
DA:33,0
DA:34,0
DA:38,0
DA:39,0
DA:40,0
DA:41,0
DA:44,0
DA:45,0
DA:47,0
DA:49,0
DA:50,0
DA:53,0
DA:56,0
DA:57,0
DA:59,0
DA:60,0
DA:68,0
DA:71,0
DA:74,0
DA:77,0
DA:86,0
DA:91,0
DA:95,0
DA:96,0
DA:97,0
DA:98,0
DA:100,0
LF:39
LH:0
BRDA:47,0,0,0
BRDA:47,0,1,0
BRDA:59,1,0,0
BRDA:59,1,1,0
BRDA:97,2,0,0
BRDA:97,2,1,0
BRF:6
BRH:0
end_of_record
TN:
SF:providers\ThemeProvider.js
FN:37,(anonymous_0)
FN:41,(anonymous_1)
FN:42,(anonymous_2)
FN:49,(anonymous_3)
FN:66,(anonymous_4)
FNF:5
FNH:0
FNDA:0,(anonymous_0)
FNDA:0,(anonymous_1)
FNDA:0,(anonymous_2)
FNDA:0,(anonymous_3)
FNDA:0,(anonymous_4)
DA:4,0
DA:7,0
DA:23,0
DA:37,0
DA:38,0
DA:41,0
DA:42,0
DA:43,0
DA:44,0
DA:46,0
DA:49,0
DA:50,0
DA:51,0
DA:52,0
DA:55,0
DA:61,0
DA:66,0
DA:67,0
DA:68,0
DA:69,0
DA:71,0
LF:21
LH:0
BRDA:57,0,0,0
BRDA:57,0,1,0
BRDA:68,1,0,0
BRDA:68,1,1,0
BRF:4
BRH:0
end_of_record
TN:
SF:screens\BatchReviewScreen.js
FN:12,BatchReviewScreen
FN:17,(anonymous_1)
FN:19,(anonymous_2)
FN:28,(anonymous_3)
FN:29,(anonymous_4)
FN:35,(anonymous_5)
FN:36,(anonymous_6)
FN:39,(anonymous_7)
FN:53,(anonymous_8)
FNF:9
FNH:0
FNDA:0,BatchReviewScreen
FNDA:0,(anonymous_1)
FNDA:0,(anonymous_2)
FNDA:0,(anonymous_3)
FNDA:0,(anonymous_4)
FNDA:0,(anonymous_5)
FNDA:0,(anonymous_6)
FNDA:0,(anonymous_7)
FNDA:0,(anonymous_8)
DA:13,0
DA:14,0
DA:17,0
DA:19,0
DA:20,0
DA:23,0
DA:28,0
DA:30,0
DA:35,0
DA:37,0
DA:39,0
DA:53,0
DA:61,0
LF:13
LH:0
BRDA:17,0,0,0
BRDA:17,0,1,0
BRF:2
BRH:0
end_of_record
TN:
SF:screens\BillsScreen.js
FN:6,(anonymous_0)
FNF:1
FNH:0
FNDA:0,(anonymous_0)
DA:6,0
DA:7,0
DA:9,0
DA:26,0
DA:32,0
LF:5
LH:0
BRF:0
BRH:0
end_of_record
TN:
SF:screens\CardSettingsScreen.js
FN:75,(anonymous_0)
FN:78,(anonymous_1)
FN:82,(anonymous_2)
FN:86,(anonymous_3)
FN:97,(anonymous_4)
FN:102,(anonymous_5)
FN:109,(anonymous_6)
FN:110,(anonymous_7)
FN:120,(anonymous_8)
FN:122,(anonymous_9)
FN:129,(anonymous_10)
FN:134,(anonymous_11)
FN:135,(anonymous_12)
FN:155,(anonymous_13)
FN:184,(anonymous_14)
FNF:15
FNH:0
FNDA:0,(anonymous_0)
FNDA:0,(anonymous_1)
FNDA:0,(anonymous_2)
FNDA:0,(anonymous_3)
FNDA:0,(anonymous_4)
FNDA:0,(anonymous_5)
FNDA:0,(anonymous_6)
FNDA:0,(anonymous_7)
FNDA:0,(anonymous_8)
FNDA:0,(anonymous_9)
FNDA:0,(anonymous_10)
FNDA:0,(anonymous_11)
FNDA:0,(anonymous_12)
FNDA:0,(anonymous_13)
FNDA:0,(anonymous_14)
DA:16,0
DA:73,0
DA:75,0
DA:76,0
DA:77,0
DA:78,0
DA:80,0
DA:82,0
DA:83,0
DA:86,0
DA:87,0
DA:88,0
DA:89,0
DA:90,0
DA:93,0
DA:97,0
DA:98,0
DA:99,0
DA:100,0
DA:101,0
DA:102,0
DA:105,0
DA:109,0
DA:110,0
DA:111,0
DA:112,0
DA:116,0
DA:119,0
DA:120,0
DA:121,0
DA:122,0
DA:124,0
DA:129,0
DA:130,0
DA:135,0
DA:136,0
DA:142,0
DA:156,0
DA:157,0
DA:184,0
DA:228,0
DA:234,0
LF:42
LH:0
BRDA:89,0,0,0
BRDA:89,0,1,0
BRDA:111,1,0,0
BRDA:111,1,1,0
BRDA:121,2,0,0
BRDA:121,2,1,0
BRDA:174,3,0,0
BRDA:174,3,1,0
BRDA:186,4,0,0
BRDA:186,4,1,0
BRDA:208,5,0,0
BRDA:208,5,1,0
BRF:12
BRH:0
end_of_record
TN:
SF:screens\DailyChecklistScreen.js
FN:41,(anonymous_0)
FN:56,(anonymous_1)
FN:61,(anonymous_2)
FN:81,(anonymous_3)
FN:95,(anonymous_4)
FN:119,(anonymous_5)
FN:125,(anonymous_6)
FN:133,(anonymous_7)
FN:138,(anonymous_8)
FN:146,(anonymous_9)
FN:158,(anonymous_10)
FN:159,(anonymous_11)
FN:225,(anonymous_12)
FN:226,(anonymous_13)
FN:248,(anonymous_14)
FN:257,(anonymous_15)
FN:360,(anonymous_16)
FN:380,(anonymous_17)
FN:417,(anonymous_18)
FN:427,(anonymous_19)
FN:469,(anonymous_20)
FNF:21
FNH:0
FNDA:0,(anonymous_0)
FNDA:0,(anonymous_1)
FNDA:0,(anonymous_2)
FNDA:0,(anonymous_3)
FNDA:0,(anonymous_4)
FNDA:0,(anonymous_5)
FNDA:0,(anonymous_6)
FNDA:0,(anonymous_7)
FNDA:0,(anonymous_8)
FNDA:0,(anonymous_9)
FNDA:0,(anonymous_10)
FNDA:0,(anonymous_11)
FNDA:0,(anonymous_12)
FNDA:0,(anonymous_13)
FNDA:0,(anonymous_14)
FNDA:0,(anonymous_15)
FNDA:0,(anonymous_16)
FNDA:0,(anonymous_17)
FNDA:0,(anonymous_18)
FNDA:0,(anonymous_19)
FNDA:0,(anonymous_20)
DA:41,0
DA:42,0
DA:43,0
DA:44,0
DA:45,0
DA:46,0
DA:47,0
DA:50,0
DA:51,0
DA:52,0
DA:53,0
DA:55,0
DA:57,0
DA:61,0
DA:62,0
DA:63,0
DA:64,0
DA:67,0
DA:68,0
DA:69,0
DA:70,0
DA:71,0
DA:75,0
DA:76,0
DA:77,0
DA:78,0
DA:81,0
DA:82,0
DA:83,0
DA:84,0
DA:85,0
DA:86,0
DA:88,0
DA:90,0
DA:91,0
DA:95,0
DA:96,0
DA:97,0
DA:98,0
DA:101,0
DA:109,0
DA:110,0
DA:111,0
DA:112,0
DA:113,0
DA:115,0
DA:119,0
DA:120,0
DA:126,0
DA:127,0
DA:133,0
DA:134,0
DA:139,0
DA:140,0
DA:146,0
DA:147,0
DA:148,0
DA:149,0
DA:151,0
DA:158,0
DA:159,0
DA:225,0
DA:226,0
DA:228,0
DA:229,0
DA:242,0
DA:248,0
DA:257,0
DA:360,0
DA:380,0
DA:418,0
DA:427,0
DA:470,0
DA:471,0
DA:472,0
DA:498,0
LF:76
LH:0
BRDA:70,0,0,0
BRDA:70,0,1,0
BRDA:83,1,0,0
BRDA:83,1,1,0
BRDA:85,2,0,0
BRDA:85,2,1,0
BRDA:96,3,0,0
BRDA:96,3,1,0
BRDA:105,4,0,0
BRDA:105,4,1,0
BRDA:109,5,0,0
BRDA:109,5,1,0
BRDA:115,6,0,0
BRDA:115,6,1,0
BRDA:163,7,0,0
BRDA:163,7,1,0
BRDA:165,8,0,0
BRDA:165,8,1,0
BRDA:179,9,0,0
BRDA:179,9,1,0
BRDA:186,10,0,0
BRDA:186,10,1,0
BRDA:194,11,0,0
BRDA:194,11,1,0
BRDA:208,12,0,0
BRDA:208,12,1,0
BRDA:214,13,0,0
BRDA:214,13,1,0
BRDA:228,14,0,0
BRDA:228,14,1,0
BRDA:264,15,0,0
BRDA:264,15,1,0
BRDA:297,16,0,0
BRDA:297,16,1,0
BRDA:306,17,0,0
BRDA:306,17,1,0
BRDA:315,18,0,0
BRDA:315,18,1,0
BRDA:355,19,0,0
BRDA:355,19,1,0
BRDA:365,20,0,0
BRDA:365,20,1,0
BRDA:375,21,0,0
BRDA:375,21,1,0
BRDA:385,22,0,0
BRDA:385,22,1,0
BRDA:422,23,0,0
BRDA:422,23,1,0
BRDA:432,24,0,0
BRDA:432,24,1,0
BRDA:437,25,0,0
BRDA:437,25,1,0
BRF:52
BRH:0
end_of_record
TN:
SF:screens\DashboardScreen.js
FN:69,(anonymous_0)
FN:73,(anonymous_1)
FN:77,(anonymous_2)
FN:83,(anonymous_3)
FN:86,(anonymous_4)
FN:90,(anonymous_5)
FN:102,(anonymous_6)
FN:104,(anonymous_7)
FN:118,(anonymous_8)
FN:121,(anonymous_9)
FN:131,(anonymous_10)
FN:148,(anonymous_11)
FN:174,(anonymous_12)
FN:182,(anonymous_13)
FN:189,(anonymous_14)
FN:196,(anonymous_15)
FN:203,(anonymous_16)
FN:217,(anonymous_17)
FN:224,(anonymous_18)
FN:231,(anonymous_19)
FN:238,(anonymous_20)
FN:245,(anonymous_21)
FN:252,(anonymous_22)
FN:261,(anonymous_23)
FN:267,(anonymous_24)
FN:284,(anonymous_25)
FN:295,(anonymous_26)
FN:298,(anonymous_27)
FN:333,(anonymous_28)
FN:336,(anonymous_29)
FN:388,(anonymous_30)
FN:391,(anonymous_31)
FN:417,(anonymous_32)
FN:420,(anonymous_33)
FN:457,(anonymous_34)
FN:460,(anonymous_35)
FN:479,(anonymous_36)
FN:482,(anonymous_37)
FN:498,(anonymous_38)
FN:508,(anonymous_39)
FN:523,(anonymous_40)
FN:558,(anonymous_41)
FN:593,(anonymous_42)
FN:616,(anonymous_43)
FN:628,(anonymous_44)
FN:638,(anonymous_45)
FNF:46
FNH:0
FNDA:0,(anonymous_0)
FNDA:0,(anonymous_1)
FNDA:0,(anonymous_2)
FNDA:0,(anonymous_3)
FNDA:0,(anonymous_4)
FNDA:0,(anonymous_5)
FNDA:0,(anonymous_6)
FNDA:0,(anonymous_7)
FNDA:0,(anonymous_8)
FNDA:0,(anonymous_9)
FNDA:0,(anonymous_10)
FNDA:0,(anonymous_11)
FNDA:0,(anonymous_12)
FNDA:0,(anonymous_13)
FNDA:0,(anonymous_14)
FNDA:0,(anonymous_15)
FNDA:0,(anonymous_16)
FNDA:0,(anonymous_17)
FNDA:0,(anonymous_18)
FNDA:0,(anonymous_19)
FNDA:0,(anonymous_20)
FNDA:0,(anonymous_21)
FNDA:0,(anonymous_22)
FNDA:0,(anonymous_23)
FNDA:0,(anonymous_24)
FNDA:0,(anonymous_25)
FNDA:0,(anonymous_26)
FNDA:0,(anonymous_27)
FNDA:0,(anonymous_28)
FNDA:0,(anonymous_29)
FNDA:0,(anonymous_30)
FNDA:0,(anonymous_31)
FNDA:0,(anonymous_32)
FNDA:0,(anonymous_33)
FNDA:0,(anonymous_34)
FNDA:0,(anonymous_35)
FNDA:0,(anonymous_36)
FNDA:0,(anonymous_37)
FNDA:0,(anonymous_38)
FNDA:0,(anonymous_39)
FNDA:0,(anonymous_40)
FNDA:0,(anonymous_41)
FNDA:0,(anonymous_42)
FNDA:0,(anonymous_43)
FNDA:0,(anonymous_44)
FNDA:0,(anonymous_45)
DA:19,0
DA:67,0
DA:69,0
DA:70,0
DA:71,0
DA:72,0
DA:73,0
DA:77,0
DA:78,0
DA:82,0
DA:86,0
DA:90,0
DA:91,0
DA:92,0
DA:93,0
DA:94,0
DA:97,0
DA:102,0
DA:103,0
DA:104,0
DA:105,0
DA:106,0
DA:107,0
DA:110,0
DA:112,0
DA:115,0
DA:118,0
DA:121,0
DA:122,0
DA:123,0
DA:124,0
DA:125,0
DA:128,0
DA:132,0
DA:133,0
DA:136,0
DA:137,0
DA:142,0
DA:149,0
DA:150,0
DA:153,0
DA:154,0
DA:159,0
DA:169,0
DA:174,0
DA:175,0
DA:182,0
DA:189,0
DA:196,0
DA:203,0
DA:217,0
DA:224,0
DA:231,0
DA:238,0
DA:245,0
DA:252,0
DA:261,0
DA:262,0
DA:264,0
DA:267,0
DA:285,0
DA:295,0
DA:296,0
DA:298,0
DA:333,0
DA:334,0
DA:336,0
DA:388,0
DA:389,0
DA:391,0
DA:417,0
DA:418,0
DA:420,0
DA:457,0
DA:458,0
DA:460,0
DA:479,0
DA:480,0
DA:482,0
DA:498,0
DA:499,0
DA:501,0
DA:508,0
DA:523,0
DA:524,0
DA:526,0
DA:528,0
DA:530,0
DA:532,0
DA:534,0
DA:536,0
DA:538,0
DA:540,0
DA:542,0
DA:544,0
DA:546,0
DA:550,0
DA:558,0
DA:593,0
DA:616,0
DA:629,0
DA:638,0
DA:647,0
DA:653,0
LF:104
LH:0
BRDA:93,0,0,0
BRDA:93,0,1,0
BRDA:105,1,0,0
BRDA:105,1,1,0
BRDA:110,2,0,0
BRDA:110,2,1,0
BRDA:123,3,0,0
BRDA:123,3,1,0
BRDA:262,4,0,0
BRDA:262,4,1,0
BRDA:282,5,0,0
BRDA:282,5,1,0
BRDA:499,6,0,0
BRDA:499,6,1,0
BRDA:524,7,0,0
BRDA:524,7,1,0
BRDA:526,8,0,0
BRDA:526,8,1,0
BRDA:526,8,2,0
BRDA:526,8,3,0
BRDA:526,8,4,0
BRDA:526,8,5,0
BRDA:526,8,6,0
BRDA:526,8,7,0
BRDA:526,8,8,0
BRDA:526,8,9,0
BRF:26
BRH:0
end_of_record
TN:
SF:screens\DontBuyAgainScreen.js
FN:44,(anonymous_0)
FN:62,(anonymous_1)
FN:72,(anonymous_2)
FN:80,(anonymous_3)
FN:87,(anonymous_4)
FN:98,(anonymous_5)
FN:135,(anonymous_6)
FN:144,(anonymous_7)
FN:153,(anonymous_8)
FN:158,(anonymous_9)
FN:166,(anonymous_10)
FN:184,(anonymous_11)
FN:247,(anonymous_12)
FN:256,(anonymous_13)
FN:274,(anonymous_14)
FN:446,(anonymous_15)
FN:456,(anonymous_16)
FN:490,(anonymous_17)
FN:500,(anonymous_18)
FN:521,(anonymous_19)
FN:531,(anonymous_20)
FN:575,(anonymous_21)
FNF:22
FNH:0
FNDA:0,(anonymous_0)
FNDA:0,(anonymous_1)
FNDA:0,(anonymous_2)
FNDA:0,(anonymous_3)
FNDA:0,(anonymous_4)
FNDA:0,(anonymous_5)
FNDA:0,(anonymous_6)
FNDA:0,(anonymous_7)
FNDA:0,(anonymous_8)
FNDA:0,(anonymous_9)
FNDA:0,(anonymous_10)
FNDA:0,(anonymous_11)
FNDA:0,(anonymous_12)
FNDA:0,(anonymous_13)
FNDA:0,(anonymous_14)
FNDA:0,(anonymous_15)
FNDA:0,(anonymous_16)
FNDA:0,(anonymous_17)
FNDA:0,(anonymous_18)
FNDA:0,(anonymous_19)
FNDA:0,(anonymous_20)
FNDA:0,(anonymous_21)
DA:44,0
DA:45,0
DA:46,0
DA:47,0
DA:48,0
DA:49,0
DA:50,0
DA:53,0
DA:54,0
DA:55,0
DA:56,0
DA:57,0
DA:58,0
DA:59,0
DA:61,0
DA:63,0
DA:66,0
DA:67,0
DA:72,0
DA:73,0
DA:74,0
DA:75,0
DA:76,0
DA:77,0
DA:80,0
DA:81,0
DA:82,0
DA:83,0
DA:87,0
DA:88,0
DA:89,0
DA:90,0
DA:91,0
DA:94,0
DA:95,0
DA:98,0
DA:99,0
DA:100,0
DA:101,0
DA:104,0
DA:105,0
DA:106,0
DA:109,0
DA:119,0
DA:120,0
DA:121,0
DA:122,0
DA:123,0
DA:124,0
DA:125,0
DA:126,0
DA:127,0
DA:128,0
DA:129,0
DA:131,0
DA:135,0
DA:136,0
DA:145,0
DA:146,0
DA:153,0
DA:154,0
DA:159,0
DA:160,0
DA:166,0
DA:167,0
DA:168,0
DA:169,0
DA:170,0
DA:172,0
DA:184,0
DA:241,0
DA:247,0
DA:256,0
DA:274,0
DA:447,0
DA:456,0
DA:491,0
DA:500,0
DA:522,0
DA:531,0
DA:576,0
DA:577,0
DA:578,0
DA:579,0
DA:580,0
DA:609,0
LF:86
LH:0
BRDA:66,0,0,0
BRDA:66,0,1,0
BRDA:82,1,0,0
BRDA:82,1,1,0
BRDA:89,2,0,0
BRDA:89,2,1,0
BRDA:99,3,0,0
BRDA:99,3,1,0
BRDA:104,4,0,0
BRDA:104,4,1,0
BRDA:119,5,0,0
BRDA:119,5,1,0
BRDA:131,6,0,0
BRDA:131,6,1,0
BRDA:196,7,0,0
BRDA:196,7,1,0
BRDA:232,8,0,0
BRDA:232,8,1,0
BRDA:273,9,0,0
BRDA:273,9,1,0
BRDA:284,10,0,0
BRDA:284,10,1,0
BRDA:295,11,0,0
BRDA:295,11,1,0
BRDA:314,12,0,0
BRDA:314,12,1,0
BRDA:317,13,0,0
BRDA:317,13,1,0
BRDA:323,14,0,0
BRDA:323,14,1,0
BRDA:451,15,0,0
BRDA:451,15,1,0
BRDA:461,16,0,0
BRDA:461,16,1,0
BRDA:466,17,0,0
BRDA:466,17,1,0
BRDA:495,18,0,0
BRDA:495,18,1,0
BRDA:505,19,0,0
BRDA:505,19,1,0
BRDA:526,20,0,0
BRDA:526,20,1,0
BRDA:536,21,0,0
BRDA:536,21,1,0
BRF:44
BRH:0
end_of_record
TN:
SF:screens\HomeInfoScreen.js
FN:6,(anonymous_0)
FNF:1
FNH:0
FNDA:0,(anonymous_0)
DA:6,0
DA:7,0
DA:9,0
DA:24,0
DA:30,0
LF:5
LH:0
BRF:0
BRH:0
end_of_record
TN:
SF:screens\HomeScreen.js
FN:38,getWarrantyStatus
FN:79,(anonymous_1)
FN:108,(anonymous_2)
FN:128,(anonymous_3)
FN:153,(anonymous_4)
FN:180,(anonymous_5)
FN:199,(anonymous_6)
FN:208,(anonymous_7)
FN:209,(anonymous_8)
FN:211,(anonymous_9)
FN:252,(anonymous_10)
FN:268,(anonymous_11)
FN:275,(anonymous_12)
FN:294,(anonymous_13)
FN:307,(anonymous_14)
FN:334,(anonymous_15)
FN:352,(anonymous_16)
FN:372,(anonymous_17)
FN:393,(anonymous_18)
FN:413,(anonymous_19)
FN:434,(anonymous_20)
FN:454,(anonymous_21)
FN:474,(anonymous_22)
FN:495,(anonymous_23)
FN:516,(anonymous_24)
FN:525,(anonymous_25)
FN:547,(anonymous_26)
FN:567,(anonymous_27)
FN:576,(anonymous_28)
FN:622,(anonymous_29)
FN:643,(anonymous_30)
FN:643,(anonymous_31)
FN:645,(anonymous_32)
FN:660,(anonymous_33)
FN:701,(anonymous_34)
FN:742,(anonymous_35)
FN:767,(anonymous_36)
FN:774,(anonymous_37)
FN:819,(anonymous_38)
FN:837,(anonymous_39)
FN:848,(anonymous_40)
FN:853,(anonymous_41)
FN:867,(anonymous_42)
FN:872,(anonymous_43)
FN:877,(anonymous_44)
FN:882,(anonymous_45)
FN:883,(anonymous_46)
FN:997,(anonymous_47)
FN:1029,(anonymous_48)
FN:1041,(anonymous_49)
FN:1080,(anonymous_50)
FN:1089,(anonymous_51)
FN:1104,(anonymous_52)
FN:1108,(anonymous_53)
FN:1119,(anonymous_54)
FN:1135,(anonymous_55)
FN:1465,DynamicBarcode
FN:1470,(anonymous_57)
FN:1472,(anonymous_58)
FN:1487,(anonymous_59)
FN:1511,(anonymous_60)
FNF:61
FNH:0
FNDA:0,getWarrantyStatus
FNDA:0,(anonymous_1)
FNDA:0,(anonymous_2)
FNDA:0,(anonymous_3)
FNDA:0,(anonymous_4)
FNDA:0,(anonymous_5)
FNDA:0,(anonymous_6)
FNDA:0,(anonymous_7)
FNDA:0,(anonymous_8)
FNDA:0,(anonymous_9)
FNDA:0,(anonymous_10)
FNDA:0,(anonymous_11)
FNDA:0,(anonymous_12)
FNDA:0,(anonymous_13)
FNDA:0,(anonymous_14)
FNDA:0,(anonymous_15)
FNDA:0,(anonymous_16)
FNDA:0,(anonymous_17)
FNDA:0,(anonymous_18)
FNDA:0,(anonymous_19)
FNDA:0,(anonymous_20)
FNDA:0,(anonymous_21)
FNDA:0,(anonymous_22)
FNDA:0,(anonymous_23)
FNDA:0,(anonymous_24)
FNDA:0,(anonymous_25)
FNDA:0,(anonymous_26)
FNDA:0,(anonymous_27)
FNDA:0,(anonymous_28)
FNDA:0,(anonymous_29)
FNDA:0,(anonymous_30)
FNDA:0,(anonymous_31)
FNDA:0,(anonymous_32)
FNDA:0,(anonymous_33)
FNDA:0,(anonymous_34)
FNDA:0,(anonymous_35)
FNDA:0,(anonymous_36)
FNDA:0,(anonymous_37)
FNDA:0,(anonymous_38)
FNDA:0,(anonymous_39)
FNDA:0,(anonymous_40)
FNDA:0,(anonymous_41)
FNDA:0,(anonymous_42)
FNDA:0,(anonymous_43)
FNDA:0,(anonymous_44)
FNDA:0,(anonymous_45)
FNDA:0,(anonymous_46)
FNDA:0,(anonymous_47)
FNDA:0,(anonymous_48)
FNDA:0,(anonymous_49)
FNDA:0,(anonymous_50)
FNDA:0,(anonymous_51)
FNDA:0,(anonymous_52)
FNDA:0,(anonymous_53)
FNDA:0,(anonymous_54)
FNDA:0,(anonymous_55)
FNDA:0,DynamicBarcode
FNDA:0,(anonymous_57)
FNDA:0,(anonymous_58)
FNDA:0,(anonymous_59)
FNDA:0,(anonymous_60)
DA:39,0
DA:40,0
DA:41,0
DA:42,0
DA:44,0
DA:48,0
DA:49,0
DA:55,0
DA:56,0
DA:62,0
DA:63,0
DA:70,0
DA:79,0
DA:88,0
DA:105,0
DA:108,0
DA:109,0
DA:128,0
DA:129,0
DA:130,0
DA:131,0
DA:146,0
DA:148,0
DA:150,0
DA:153,0
DA:154,0
DA:155,0
DA:156,0
DA:158,0
DA:159,0
DA:160,0
DA:162,0
DA:163,0
DA:180,0
DA:181,0
DA:182,0
DA:183,0
DA:184,0
DA:185,0
DA:187,0
DA:188,0
DA:190,0
DA:192,0
DA:195,0
DA:196,0
DA:197,0
DA:198,0
DA:199,0
DA:204,0
DA:208,0
DA:209,0
DA:211,0
DA:215,0
DA:252,0
DA:269,0
DA:275,0
DA:295,0
DA:307,0
DA:334,0
DA:353,0
DA:373,0
DA:394,0
DA:414,0
DA:435,0
DA:455,0
DA:475,0
DA:496,0
DA:517,0
DA:526,0
DA:547,0
DA:567,0
DA:576,0
DA:612,0
DA:622,0
DA:623,0
DA:625,0
DA:626,0
DA:627,0
DA:628,0
DA:629,0
DA:630,0
DA:631,0
DA:632,0
DA:633,0
DA:634,0
DA:635,0
DA:636,0
DA:638,0
DA:641,0
DA:643,0
DA:645,0
DA:648,0
DA:652,0
DA:654,0
DA:660,0
DA:661,0
DA:662,0
DA:665,0
DA:667,0
DA:668,0
DA:669,0
DA:673,0
DA:674,0
DA:677,0
DA:678,0
DA:679,0
DA:680,0
DA:684,0
DA:685,0
DA:686,0
DA:689,0
DA:691,0
DA:693,0
DA:694,0
DA:698,0
DA:701,0
DA:704,0
DA:705,0
DA:706,0
DA:707,0
DA:710,0
DA:711,0
DA:712,0
DA:713,0
DA:714,0
DA:715,0
DA:717,0
DA:720,0
DA:721,0
DA:730,0
DA:731,0
DA:734,0
DA:735,0
DA:737,0
DA:742,0
DA:743,0
DA:744,0
DA:745,0
DA:747,0
DA:748,0
DA:749,0
DA:753,0
DA:754,0
DA:756,0
DA:758,0
DA:759,0
DA:763,0
DA:767,0
DA:768,0
DA:769,0
DA:770,0
DA:771,0
DA:773,0
DA:774,0
DA:776,0
DA:778,0
DA:779,0
DA:780,0
DA:783,0
DA:784,0
DA:785,0
DA:786,0
DA:787,0
DA:795,0
DA:796,0
DA:797,0
DA:800,0
DA:803,0
DA:811,0
DA:812,0
DA:814,0
DA:815,0
DA:819,0
DA:820,0
DA:822,0
DA:823,0
DA:824,0
DA:827,0
DA:828,0
DA:829,0
DA:830,0
DA:831,0
DA:833,0
DA:837,0
DA:838,0
DA:839,0
DA:840,0
DA:841,0
DA:842,0
DA:844,0
DA:848,0
DA:849,0
DA:854,0
DA:855,0
DA:856,0
DA:857,0
DA:858,0
DA:860,0
DA:867,0
DA:868,0
DA:869,0
DA:872,0
DA:873,0
DA:874,0
DA:877,0
DA:878,0
DA:880,0
DA:882,0
DA:884,0
DA:950,0
DA:997,0
DA:1030,0
DA:1041,0
DA:1080,0
DA:1090,0
DA:1091,0
DA:1105,0
DA:1106,0
DA:1109,0
DA:1110,0
DA:1119,0
DA:1135,0
DA:1149,0
DA:1155,0
DA:1466,0
DA:1467,0
DA:1468,0
DA:1470,0
DA:1471,0
DA:1472,0
DA:1473,0
DA:1474,0
DA:1475,0
DA:1476,0
DA:1478,0
DA:1479,0
DA:1480,0
DA:1481,0
DA:1483,0
DA:1484,0
DA:1487,0
DA:1488,0
DA:1492,0
DA:1493,0
DA:1499,0
DA:1500,0
DA:1507,0
DA:1508,0
DA:1511,0
DA:1516,0
LF:250
LH:0
BRDA:39,0,0,0
BRDA:39,0,1,0
BRDA:42,1,0,0
BRDA:42,1,1,0
BRDA:48,2,0,0
BRDA:48,2,1,0
BRDA:55,3,0,0
BRDA:55,3,1,0
BRDA:62,4,0,0
BRDA:62,4,1,0
BRDA:89,5,0,0
BRDA:89,5,1,0
BRDA:110,6,0,0
BRDA:110,6,1,0
BRDA:130,7,0,0
BRDA:130,7,1,0
BRDA:136,8,0,0
BRDA:136,8,1,0
BRDA:136,8,2,0
BRDA:140,9,0,0
BRDA:140,9,1,0
BRDA:140,9,2,0
BRDA:144,10,0,0
BRDA:144,10,1,0
BRDA:144,10,2,0
BRDA:154,11,0,0
BRDA:154,11,1,0
BRDA:158,12,0,0
BRDA:158,12,1,0
BRDA:180,13,0,0
BRDA:183,14,0,0
BRDA:183,14,1,0
BRDA:185,15,0,0
BRDA:185,15,1,0
BRDA:188,16,0,0
BRDA:188,16,1,0
BRDA:192,17,0,0
BRDA:192,17,1,0
BRDA:195,18,0,0
BRDA:195,18,1,0
BRDA:201,19,0,0
BRDA:201,19,1,0
BRDA:211,20,0,0
BRDA:211,20,1,0
BRDA:228,21,0,0
BRDA:228,21,1,0
BRDA:278,22,0,0
BRDA:278,22,1,0
BRDA:282,23,0,0
BRDA:282,23,1,0
BRDA:288,24,0,0
BRDA:288,24,1,0
BRDA:301,25,0,0
BRDA:301,25,1,0
BRDA:311,26,0,0
BRDA:311,26,1,0
BRDA:371,27,0,0
BRDA:371,27,1,0
BRDA:392,28,0,0
BRDA:392,28,1,0
BRDA:525,29,0,0
BRDA:525,29,1,0
BRDA:565,30,0,0
BRDA:565,30,1,0
BRDA:574,31,0,0
BRDA:574,31,1,0
BRDA:589,32,0,0
BRDA:589,32,1,0
BRDA:589,32,2,0
BRDA:602,33,0,0
BRDA:602,33,1,0
BRDA:648,34,0,0
BRDA:648,34,1,0
BRDA:652,35,0,0
BRDA:652,35,1,0
BRDA:654,36,0,0
BRDA:654,36,1,0
BRDA:668,37,0,0
BRDA:668,37,1,0
BRDA:678,38,0,0
BRDA:678,38,1,0
BRDA:686,39,0,0
BRDA:686,39,1,0
BRDA:691,40,0,0
BRDA:691,40,1,0
BRDA:698,41,0,0
BRDA:698,41,1,0
BRDA:698,41,2,0
BRDA:704,42,0,0
BRDA:704,42,1,0
BRDA:705,43,0,0
BRDA:705,43,1,0
BRDA:706,44,0,0
BRDA:706,44,1,0
BRDA:707,45,0,0
BRDA:707,45,1,0
BRDA:711,46,0,0
BRDA:711,46,1,0
BRDA:712,47,0,0
BRDA:712,47,1,0
BRDA:713,48,0,0
BRDA:713,48,1,0
BRDA:715,49,0,0
BRDA:715,49,1,0
BRDA:723,50,0,0
BRDA:723,50,1,0
BRDA:735,51,0,0
BRDA:735,51,1,0
BRDA:748,52,0,0
BRDA:748,52,1,0
BRDA:761,53,0,0
BRDA:761,53,1,0
BRDA:774,54,0,0
BRDA:774,54,1,0
BRDA:776,55,0,0
BRDA:776,55,1,0
BRDA:786,56,0,0
BRDA:786,56,1,0
BRDA:789,57,0,0
BRDA:789,57,1,0
BRDA:815,58,0,0
BRDA:815,58,1,0
BRDA:823,59,0,0
BRDA:823,59,1,0
BRDA:827,60,0,0
BRDA:827,60,1,0
BRDA:827,60,2,0
BRDA:833,61,0,0
BRDA:833,61,1,0
BRDA:844,62,0,0
BRDA:844,62,1,0
BRDA:860,63,0,0
BRDA:860,63,1,0
BRDA:893,64,0,0
BRDA:893,64,1,0
BRDA:893,65,0,0
BRDA:893,65,1,0
BRDA:922,66,0,0
BRDA:922,66,1,0
BRDA:933,67,0,0
BRDA:933,67,1,0
BRDA:960,68,0,0
BRDA:960,68,1,0
BRDA:965,69,0,0
BRDA:965,69,1,0
BRDA:974,70,0,0
BRDA:974,70,1,0
BRDA:979,71,0,0
BRDA:979,71,1,0
BRDA:995,72,0,0
BRDA:995,72,1,0
BRDA:1023,73,0,0
BRDA:1023,73,1,0
BRDA:1036,74,0,0
BRDA:1036,74,1,0
BRDA:1037,75,0,0
BRDA:1037,75,1,0
BRDA:1038,76,0,0
BRDA:1038,76,1,0
BRDA:1048,77,0,0
BRDA:1048,77,1,0
BRDA:1049,78,0,0
BRDA:1049,78,1,0
BRDA:1053,79,0,0
BRDA:1053,79,1,0
BRDA:1060,80,0,0
BRDA:1060,80,1,0
BRDA:1064,81,0,0
BRDA:1064,81,1,0
BRDA:1093,82,0,0
BRDA:1093,82,1,0
BRDA:1094,83,0,0
BRDA:1094,83,1,0
BRDA:1097,84,0,0
BRDA:1097,84,1,0
BRDA:1114,85,0,0
BRDA:1114,85,1,0
BRDA:1475,86,0,0
BRDA:1475,86,1,0
BRDA:1479,87,0,0
BRDA:1479,87,1,0
BRDA:1484,88,0,0
BRDA:1484,88,1,0
BRDA:1492,89,0,0
BRDA:1492,89,1,0
BRDA:1499,90,0,0
BRDA:1499,90,1,0
BRDA:1499,91,0,0
BRDA:1499,91,1,0
BRF:189
BRH:0
end_of_record
TN:
SF:screens\ImportScreen.js
FN:29,(anonymous_0)
FN:41,(anonymous_1)
FN:42,(anonymous_2)
FN:52,(anonymous_3)
FN:73,(anonymous_4)
FN:92,(anonymous_5)
FN:114,(anonymous_6)
FN:124,(anonymous_7)
FN:178,(anonymous_8)
FN:195,(anonymous_9)
FN:332,(anonymous_10)
FN:344,(anonymous_11)
FN:396,(anonymous_12)
FN:398,(anonymous_13)
FN:406,(anonymous_14)
FNF:15
FNH:0
FNDA:0,(anonymous_0)
FNDA:0,(anonymous_1)
FNDA:0,(anonymous_2)
FNDA:0,(anonymous_3)
FNDA:0,(anonymous_4)
FNDA:0,(anonymous_5)
FNDA:0,(anonymous_6)
FNDA:0,(anonymous_7)
FNDA:0,(anonymous_8)
FNDA:0,(anonymous_9)
FNDA:0,(anonymous_10)
FNDA:0,(anonymous_11)
FNDA:0,(anonymous_12)
FNDA:0,(anonymous_13)
FNDA:0,(anonymous_14)
DA:29,0
DA:30,0
DA:31,0
DA:32,0
DA:34,0
DA:35,0
DA:36,0
DA:37,0
DA:38,0
DA:41,0
DA:42,0
DA:43,0
DA:47,0
DA:49,0
DA:52,0
DA:53,0
DA:54,0
DA:59,0
DA:60,0
DA:63,0
DA:64,0
DA:65,0
DA:68,0
DA:69,0
DA:73,0
DA:74,0
DA:76,0
DA:78,0
DA:79,0
DA:82,0
DA:84,0
DA:85,0
DA:86,0
DA:87,0
DA:91,0
DA:92,0
DA:93,0
DA:94,0
DA:98,0
DA:99,0
DA:100,0
DA:106,0
DA:108,0
DA:109,0
DA:110,0
DA:114,0
DA:115,0
DA:116,0
DA:117,0
DA:119,0
DA:121,0
DA:124,0
DA:125,0
DA:126,0
DA:130,0
DA:133,0
DA:135,0
DA:136,0
DA:137,0
DA:139,0
DA:140,0
DA:142,0
DA:143,0
DA:161,0
DA:162,0
DA:164,0
DA:165,0
DA:169,0
DA:171,0
DA:178,0
DA:183,0
DA:184,0
DA:185,0
DA:189,0
DA:195,0
DA:333,0
DA:344,0
DA:397,0
DA:398,0
DA:399,0
DA:406,0
DA:439,0
LF:82
LH:0
BRDA:47,0,0,0
BRDA:47,0,1,0
BRDA:59,1,0,0
BRDA:59,1,1,0
BRDA:63,2,0,0
BRDA:63,2,1,0
BRDA:63,3,0,0
BRDA:63,3,1,0
BRDA:84,4,0,0
BRDA:84,4,1,0
BRDA:85,5,0,0
BRDA:85,5,1,0
BRDA:93,6,0,0
BRDA:93,6,1,0
BRDA:116,7,0,0
BRDA:116,7,1,0
BRDA:125,8,0,0
BRDA:125,8,1,0
BRDA:145,9,0,0
BRDA:145,9,1,0
BRDA:147,10,0,0
BRDA:147,10,1,0
BRDA:148,11,0,0
BRDA:148,11,1,0
BRDA:149,12,0,0
BRDA:149,12,1,0
BRDA:150,13,0,0
BRDA:150,13,1,0
BRDA:158,14,0,0
BRDA:158,14,1,0
BRDA:173,15,0,0
BRDA:173,15,1,0
BRDA:174,16,0,0
BRDA:174,16,1,0
BRDA:204,17,0,0
BRDA:204,17,1,0
BRDA:246,18,0,0
BRDA:246,18,1,0
BRDA:312,19,0,0
BRDA:312,19,1,0
BRDA:339,20,0,0
BRDA:339,20,1,0
BRDA:360,21,0,0
BRDA:360,21,1,0
BRDA:363,22,0,0
BRDA:363,22,1,0
BRDA:376,23,0,0
BRDA:376,23,1,0
BRDA:382,24,0,0
BRDA:382,24,1,0
BRDA:418,25,0,0
BRDA:418,25,1,0
BRDA:420,26,0,0
BRDA:420,26,1,0
BRDA:427,27,0,0
BRDA:427,27,1,0
BRF:56
BRH:0
end_of_record
TN:
SF:screens\LegalScreen.js
FN:13,(anonymous_0)
FN:23,(anonymous_1)
FN:97,(anonymous_2)
FN:165,(anonymous_3)
FN:260,(anonymous_4)
FN:272,(anonymous_5)
FN:282,(anonymous_6)
FNF:7
FNH:0
FNDA:0,(anonymous_0)
FNDA:0,(anonymous_1)
FNDA:0,(anonymous_2)
FNDA:0,(anonymous_3)
FNDA:0,(anonymous_4)
FNDA:0,(anonymous_5)
FNDA:0,(anonymous_6)
DA:13,0
DA:14,0
DA:15,0
DA:17,0
DA:23,0
DA:24,0
DA:97,0
DA:98,0
DA:165,0
DA:166,0
DA:254,0
DA:260,0
DA:273,0
DA:282,0
DA:317,0
LF:15
LH:0
BRDA:277,0,0,0
BRDA:277,0,1,0
BRDA:288,1,0,0
BRDA:288,1,1,0
BRDA:296,2,0,0
BRDA:296,2,1,0
BRDA:309,3,0,0
BRDA:309,3,1,0
BRDA:310,4,0,0
BRDA:310,4,1,0
BRDA:311,5,0,0
BRDA:311,5,1,0
BRF:12
BRH:0
end_of_record
TN:
SF:screens\LoadingScreen.js
FN:5,(anonymous_0)
FNF:1
FNH:0
FNDA:0,(anonymous_0)
DA:5,0
DA:6,0
DA:7,0
LF:3
LH:0
BRF:0
BRH:0
end_of_record
TN:
SF:screens\LoginScreen.js
FN:16,(anonymous_0)
FN:23,(anonymous_1)
FN:115,(anonymous_2)
FNF:3
FNH:0
FNDA:0,(anonymous_0)
FNDA:0,(anonymous_1)
FNDA:0,(anonymous_2)
DA:16,0
DA:17,0
DA:18,0
DA:19,0
DA:20,0
DA:21,0
DA:23,0
DA:24,0
DA:26,0
DA:27,0
DA:28,0
DA:30,0
DA:31,0
DA:32,0
DA:35,0
DA:36,0
DA:38,0
DA:39,0
DA:46,0
DA:48,0
DA:115,0
DA:127,0
DA:133,0
LF:23
LH:0
BRDA:26,0,0,0
BRDA:26,0,1,0
BRDA:30,1,0,0
BRDA:30,1,1,0
BRDA:38,2,0,0
BRDA:38,2,1,0
BRDA:41,3,0,0
BRDA:41,3,1,0
BRDA:46,4,0,0
BRDA:46,4,1,0
BRDA:58,5,0,0
BRDA:58,5,1,0
BRDA:102,6,0,0
BRDA:102,6,1,0
BRDA:107,7,0,0
BRDA:107,7,1,0
BRF:16
BRH:0
end_of_record
TN:
SF:screens\MaintenanceScreen.js
FN:6,(anonymous_0)
FNF:1
FNH:0
FNDA:0,(anonymous_0)
DA:6,0
DA:7,0
DA:9,0
DA:40,0
DA:46,0
LF:5
LH:0
BRF:0
BRH:0
end_of_record
TN:
SF:screens\ManualLookupScreen.js
FN:24,(anonymous_0)
FN:36,(anonymous_1)
FN:37,(anonymous_2)
FN:47,(anonymous_3)
FN:53,(anonymous_4)
FN:84,(anonymous_5)
FN:119,(anonymous_6)
FN:128,(anonymous_7)
FN:130,(anonymous_8)
FN:142,(anonymous_9)
FN:214,(anonymous_10)
FN:248,(anonymous_11)
FN:268,(anonymous_12)
FN:296,(anonymous_13)
FNF:14
FNH:0
FNDA:0,(anonymous_0)
FNDA:0,(anonymous_1)
FNDA:0,(anonymous_2)
FNDA:0,(anonymous_3)
FNDA:0,(anonymous_4)
FNDA:0,(anonymous_5)
FNDA:0,(anonymous_6)
FNDA:0,(anonymous_7)
FNDA:0,(anonymous_8)
FNDA:0,(anonymous_9)
FNDA:0,(anonymous_10)
FNDA:0,(anonymous_11)
FNDA:0,(anonymous_12)
FNDA:0,(anonymous_13)
DA:24,0
DA:25,0
DA:26,0
DA:27,0
DA:28,0
DA:29,0
DA:31,0
DA:32,0
DA:33,0
DA:36,0
DA:37,0
DA:38,0
DA:42,0
DA:44,0
DA:47,0
DA:48,0
DA:49,0
DA:53,0
DA:54,0
DA:56,0
DA:57,0
DA:62,0
DA:63,0
DA:66,0
DA:69,0
DA:71,0
DA:76,0
DA:78,0
DA:79,0
DA:80,0
DA:84,0
DA:85,0
DA:87,0
DA:88,0
DA:90,0
DA:92,0
DA:93,0
DA:96,0
DA:98,0
DA:99,0
DA:100,0
DA:105,0
DA:106,0
DA:107,0
DA:108,0
DA:113,0
DA:115,0
DA:116,0
DA:119,0
DA:122,0
DA:123,0
DA:124,0
DA:128,0
DA:129,0
DA:130,0
DA:131,0
DA:136,0
DA:142,0
DA:214,0
DA:248,0
DA:269,0
DA:297,0
DA:361,0
LF:63
LH:0
BRDA:42,0,0,0
BRDA:42,0,1,0
BRDA:48,1,0,0
BRDA:48,1,1,0
BRDA:85,2,0,0
BRDA:85,2,1,0
BRDA:85,3,0,0
BRDA:85,3,1,0
BRDA:92,4,0,0
BRDA:92,4,1,0
BRDA:96,5,0,0
BRDA:96,5,1,0
BRDA:96,6,0,0
BRDA:96,6,1,0
BRDA:98,7,0,0
BRDA:98,7,1,0
BRDA:100,8,0,0
BRDA:100,8,1,0
BRDA:105,9,0,0
BRDA:105,9,1,0
BRDA:105,10,0,0
BRDA:105,10,1,0
BRDA:106,11,0,0
BRDA:106,11,1,0
BRDA:108,12,0,0
BRDA:108,12,1,0
BRDA:129,13,0,0
BRDA:129,13,1,0
BRDA:153,14,0,0
BRDA:153,14,1,0
BRDA:158,15,0,0
BRDA:158,15,1,0
BRDA:169,16,0,0
BRDA:169,16,1,0
BRDA:179,17,0,0
BRDA:179,17,1,0
BRDA:179,17,2,0
BRDA:182,18,0,0
BRDA:182,18,1,0
BRDA:203,19,0,0
BRDA:203,19,1,0
BRDA:223,20,0,0
BRDA:223,20,1,0
BRDA:257,21,0,0
BRDA:257,21,1,0
BRDA:257,21,2,0
BRDA:285,22,0,0
BRDA:285,22,1,0
BRDA:285,22,2,0
BRDA:309,23,0,0
BRDA:309,23,1,0
BRDA:309,23,2,0
BRDA:309,23,3,0
BRDA:309,23,4,0
BRDA:309,23,5,0
BRDA:309,23,6,0
BRDA:335,24,0,0
BRDA:335,24,1,0
BRDA:335,24,2,0
BRDA:335,24,3,0
BRDA:335,24,4,0
BRDA:335,24,5,0
BRDA:335,24,6,0
BRDA:335,24,7,0
BRDA:346,25,0,0
BRDA:346,25,1,0
BRF:66
BRH:0
end_of_record
TN:
SF:screens\MealHistoryScreen.js
FN:42,(anonymous_0)
FN:55,(anonymous_1)
FN:60,(anonymous_2)
FN:72,(anonymous_3)
FN:79,(anonymous_4)
FN:88,(anonymous_5)
FN:94,(anonymous_6)
FN:102,(anonymous_7)
FN:110,(anonymous_8)
FN:119,(anonymous_9)
FN:130,(anonymous_10)
FN:131,(anonymous_11)
FN:158,(anonymous_12)
FN:210,(anonymous_13)
FN:224,(anonymous_14)
FN:237,(anonymous_15)
FN:246,(anonymous_16)
FN:302,(anonymous_17)
FN:322,(anonymous_18)
FN:342,(anonymous_19)
FN:374,(anonymous_20)
FN:401,(anonymous_21)
FN:446,(anonymous_22)
FN:449,(anonymous_23)
FN:483,(anonymous_24)
FNF:25
FNH:0
FNDA:0,(anonymous_0)
FNDA:0,(anonymous_1)
FNDA:0,(anonymous_2)
FNDA:0,(anonymous_3)
FNDA:0,(anonymous_4)
FNDA:0,(anonymous_5)
FNDA:0,(anonymous_6)
FNDA:0,(anonymous_7)
FNDA:0,(anonymous_8)
FNDA:0,(anonymous_9)
FNDA:0,(anonymous_10)
FNDA:0,(anonymous_11)
FNDA:0,(anonymous_12)
FNDA:0,(anonymous_13)
FNDA:0,(anonymous_14)
FNDA:0,(anonymous_15)
FNDA:0,(anonymous_16)
FNDA:0,(anonymous_17)
FNDA:0,(anonymous_18)
FNDA:0,(anonymous_19)
FNDA:0,(anonymous_20)
FNDA:0,(anonymous_21)
FNDA:0,(anonymous_22)
FNDA:0,(anonymous_23)
FNDA:0,(anonymous_24)
DA:42,0
DA:43,0
DA:44,0
DA:45,0
DA:46,0
DA:47,0
DA:48,0
DA:49,0
DA:50,0
DA:51,0
DA:52,0
DA:54,0
DA:56,0
DA:60,0
DA:61,0
DA:62,0
DA:63,0
DA:64,0
DA:66,0
DA:67,0
DA:68,0
DA:69,0
DA:72,0
DA:73,0
DA:74,0
DA:75,0
DA:76,0
DA:79,0
DA:80,0
DA:82,0
DA:83,0
DA:84,0
DA:85,0
DA:88,0
DA:89,0
DA:95,0
DA:96,0
DA:102,0
DA:103,0
DA:112,0
DA:119,0
DA:120,0
DA:121,0
DA:123,0
DA:130,0
DA:131,0
DA:158,0
DA:211,0
DA:224,0
DA:234,0
DA:237,0
DA:240,0
DA:246,0
DA:302,0
DA:322,0
DA:342,0
DA:375,0
DA:402,0
DA:403,0
DA:447,0
DA:449,0
DA:484,0
DA:485,0
DA:511,0
LF:64
LH:0
BRDA:74,0,0,0
BRDA:74,0,1,0
BRDA:75,1,0,0
BRDA:75,1,1,0
BRDA:80,2,0,0
BRDA:80,2,1,0
BRDA:119,3,0,0
BRDA:148,4,0,0
BRDA:148,4,1,0
BRDA:169,5,0,0
BRDA:169,5,1,0
BRDA:169,5,2,0
BRDA:183,6,0,0
BRDA:183,6,1,0
BRDA:190,7,0,0
BRDA:190,7,1,0
BRDA:234,8,0,0
BRDA:234,8,1,0
BRDA:236,9,0,0
BRDA:236,9,1,0
BRDA:260,10,0,0
BRDA:260,10,1,0
BRDA:297,11,0,0
BRDA:297,11,1,0
BRDA:307,12,0,0
BRDA:307,12,1,0
BRDA:317,13,0,0
BRDA:317,13,1,0
BRDA:327,14,0,0
BRDA:327,14,1,0
BRDA:337,15,0,0
BRDA:337,15,1,0
BRDA:347,16,0,0
BRDA:347,16,1,0
BRDA:358,17,0,0
BRDA:358,17,1,0
BRDA:358,17,2,0
BRDA:365,18,0,0
BRDA:365,18,1,0
BRDA:373,19,0,0
BRDA:373,19,1,0
BRDA:377,20,0,0
BRDA:377,20,1,0
BRDA:417,21,0,0
BRDA:417,21,1,0
BRDA:425,22,0,0
BRDA:425,22,1,0
BRDA:452,23,0,0
BRDA:452,23,1,0
BRF:49
BRH:0
end_of_record
TN:
SF:screens\MealPlanningScreen.js
FN:37,(anonymous_0)
FN:53,(anonymous_1)
FN:75,(anonymous_2)
FN:80,(anonymous_3)
FN:92,(anonymous_4)
FN:98,(anonymous_5)
FN:104,(anonymous_6)
FN:112,(anonymous_7)
FN:120,(anonymous_8)
FN:131,(anonymous_9)
FN:150,(anonymous_10)
FN:156,(anonymous_11)
FN:164,(anonymous_12)
FN:180,(anonymous_13)
FN:185,(anonymous_14)
FN:210,(anonymous_15)
FN:223,(anonymous_16)
FN:234,(anonymous_17)
FN:249,(anonymous_18)
FN:259,(anonymous_19)
FN:260,(anonymous_20)
FN:274,(anonymous_21)
FN:321,(anonymous_22)
FN:330,(anonymous_23)
FN:364,(anonymous_24)
FN:460,(anonymous_25)
FN:468,(anonymous_26)
FN:476,(anonymous_27)
FN:498,(anonymous_28)
FNF:29
FNH:0
FNDA:0,(anonymous_0)
FNDA:0,(anonymous_1)
FNDA:0,(anonymous_2)
FNDA:0,(anonymous_3)
FNDA:0,(anonymous_4)
FNDA:0,(anonymous_5)
FNDA:0,(anonymous_6)
FNDA:0,(anonymous_7)
FNDA:0,(anonymous_8)
FNDA:0,(anonymous_9)
FNDA:0,(anonymous_10)
FNDA:0,(anonymous_11)
FNDA:0,(anonymous_12)
FNDA:0,(anonymous_13)
FNDA:0,(anonymous_14)
FNDA:0,(anonymous_15)
FNDA:0,(anonymous_16)
FNDA:0,(anonymous_17)
FNDA:0,(anonymous_18)
FNDA:0,(anonymous_19)
FNDA:0,(anonymous_20)
FNDA:0,(anonymous_21)
FNDA:0,(anonymous_22)
FNDA:0,(anonymous_23)
FNDA:0,(anonymous_24)
FNDA:0,(anonymous_25)
FNDA:0,(anonymous_26)
FNDA:0,(anonymous_27)
FNDA:0,(anonymous_28)
DA:37,0
DA:38,0
DA:39,0
DA:40,0
DA:41,0
DA:42,0
DA:43,0
DA:46,0
DA:47,0
DA:48,0
DA:49,0
DA:50,0
DA:53,0
DA:54,0
DA:55,0
DA:58,0
DA:59,0
DA:61,0
DA:62,0
DA:63,0
DA:66,0
DA:67,0
DA:70,0
DA:74,0
DA:76,0
DA:80,0
DA:81,0
DA:82,0
DA:83,0
DA:84,0
DA:86,0
DA:87,0
DA:88,0
DA:89,0
DA:92,0
DA:93,0
DA:94,0
DA:95,0
DA:98,0
DA:99,0
DA:100,0
DA:101,0
DA:104,0
DA:105,0
DA:106,0
DA:107,0
DA:108,0
DA:109,0
DA:112,0
DA:113,0
DA:114,0
DA:115,0
DA:116,0
DA:117,0
DA:120,0
DA:121,0
DA:122,0
DA:123,0
DA:126,0
DA:131,0
DA:135,0
DA:142,0
DA:143,0
DA:144,0
DA:146,0
DA:150,0
DA:151,0
DA:157,0
DA:158,0
DA:164,0
DA:165,0
DA:166,0
DA:168,0
DA:170,0
DA:171,0
DA:175,0
DA:178,0
DA:180,0
DA:186,0
DA:188,0
DA:189,0
DA:200,0
DA:210,0
DA:211,0
DA:213,0
DA:215,0
DA:217,0
DA:219,0
DA:223,0
DA:224,0
DA:226,0
DA:227,0
DA:234,0
DA:248,0
DA:249,0
DA:252,0
DA:259,0
DA:260,0
DA:274,0
DA:315,0
DA:321,0
DA:330,0
DA:365,0
DA:371,0
DA:460,0
DA:469,0
DA:476,0
DA:498,0
DA:523,0
LF:109
LH:0
BRDA:54,0,0,0
BRDA:54,0,1,0
BRDA:54,1,0,0
BRDA:54,1,1,0
BRDA:59,2,0,0
BRDA:59,2,1,0
BRDA:114,3,0,0
BRDA:114,3,1,0
BRDA:115,4,0,0
BRDA:115,4,1,0
BRDA:116,5,0,0
BRDA:116,5,1,0
BRDA:121,6,0,0
BRDA:121,6,1,0
BRDA:131,7,0,0
BRDA:131,7,1,0
BRDA:142,8,0,0
BRDA:142,8,1,0
BRDA:166,9,0,0
BRDA:166,9,1,0
BRDA:170,10,0,0
BRDA:170,10,1,0
BRDA:211,11,0,0
BRDA:211,11,1,0
BRDA:211,11,2,0
BRDA:211,11,3,0
BRDA:226,12,0,0
BRDA:226,12,1,0
BRDA:287,13,0,0
BRDA:287,13,1,0
BRDA:303,14,0,0
BRDA:303,14,1,0
BRDA:350,15,0,0
BRDA:350,15,1,0
BRDA:365,16,0,0
BRDA:365,16,1,0
BRDA:376,17,0,0
BRDA:376,17,1,0
BRDA:384,18,0,0
BRDA:384,18,1,0
BRDA:411,19,0,0
BRDA:411,19,1,0
BRDA:448,20,0,0
BRDA:448,20,1,0
BRDA:448,20,2,0
BRDA:457,21,0,0
BRDA:457,21,1,0
BRDA:473,22,0,0
BRDA:473,22,1,0
BRF:49
BRH:0
end_of_record
TN:
SF:screens\NotesScreen.js
FN:37,(anonymous_0)
FN:46,(anonymous_1)
FN:50,(anonymous_2)
FN:61,(anonymous_3)
FN:70,(anonymous_4)
FN:89,(anonymous_5)
FN:95,(anonymous_6)
FN:105,(anonymous_7)
FN:111,(anonymous_8)
FN:112,(anonymous_9)
FN:119,(anonymous_10)
FN:127,(anonymous_11)
FN:135,(anonymous_12)
FN:143,(anonymous_13)
FN:145,(anonymous_14)
FN:149,(anonymous_15)
FN:150,(anonymous_16)
FN:176,(anonymous_17)
FN:193,(anonymous_18)
FN:197,(anonymous_19)
FN:198,(anonymous_20)
FN:279,(anonymous_21)
FN:290,(anonymous_22)
FN:352,(anonymous_23)
FNF:24
FNH:0
FNDA:0,(anonymous_0)
FNDA:0,(anonymous_1)
FNDA:0,(anonymous_2)
FNDA:0,(anonymous_3)
FNDA:0,(anonymous_4)
FNDA:0,(anonymous_5)
FNDA:0,(anonymous_6)
FNDA:0,(anonymous_7)
FNDA:0,(anonymous_8)
FNDA:0,(anonymous_9)
FNDA:0,(anonymous_10)
FNDA:0,(anonymous_11)
FNDA:0,(anonymous_12)
FNDA:0,(anonymous_13)
FNDA:0,(anonymous_14)
FNDA:0,(anonymous_15)
FNDA:0,(anonymous_16)
FNDA:0,(anonymous_17)
FNDA:0,(anonymous_18)
FNDA:0,(anonymous_19)
FNDA:0,(anonymous_20)
FNDA:0,(anonymous_21)
FNDA:0,(anonymous_22)
FNDA:0,(anonymous_23)
DA:18,0
DA:20,0
DA:37,0
DA:38,0
DA:39,0
DA:40,0
DA:41,0
DA:42,0
DA:43,0
DA:44,0
DA:46,0
DA:47,0
DA:50,0
DA:51,0
DA:52,0
DA:53,0
DA:54,0
DA:57,0
DA:61,0
DA:62,0
DA:63,0
DA:64,0
DA:66,0
DA:70,0
DA:71,0
DA:72,0
DA:73,0
DA:76,0
DA:84,0
DA:85,0
DA:86,0
DA:89,0
DA:90,0
DA:91,0
DA:92,0
DA:95,0
DA:96,0
DA:101,0
DA:102,0
DA:105,0
DA:106,0
DA:112,0
DA:113,0
DA:119,0
DA:120,0
DA:121,0
DA:122,0
DA:123,0
DA:124,0
DA:127,0
DA:128,0
DA:129,0
DA:130,0
DA:131,0
DA:132,0
DA:135,0
DA:136,0
DA:137,0
DA:138,0
DA:139,0
DA:140,0
DA:143,0
DA:144,0
DA:145,0
DA:149,0
DA:150,0
DA:151,0
DA:154,0
DA:177,0
DA:178,0
DA:180,0
DA:194,0
DA:197,0
DA:198,0
DA:280,0
DA:290,0
DA:353,0
DA:354,0
DA:367,0
DA:373,0
LF:80
LH:0
BRDA:53,0,0,0
BRDA:53,0,1,0
BRDA:71,1,0,0
BRDA:71,1,1,0
BRDA:90,2,0,0
BRDA:90,2,1,0
BRDA:96,3,0,0
BRDA:96,3,1,0
BRDA:131,4,0,0
BRDA:131,4,1,0
BRDA:145,5,0,0
BRDA:145,5,1,0
BRDA:169,6,0,0
BRDA:169,6,1,0
BRDA:178,7,0,0
BRDA:178,7,1,0
BRDA:212,8,0,0
BRDA:212,8,1,0
BRDA:256,9,0,0
BRDA:256,9,1,0
BRDA:286,10,0,0
BRDA:286,10,1,0
BRDA:295,11,0,0
BRDA:295,11,1,0
BRDA:300,12,0,0
BRDA:300,12,1,0
BRDA:341,13,0,0
BRDA:341,13,1,0
BRDA:344,14,0,0
BRDA:344,14,1,0
BRDA:349,15,0,0
BRDA:349,15,1,0
BRF:32
BRH:0
end_of_record
TN:
SF:screens\PaywallScreen.js
FN:27,(anonymous_0)
FN:38,(anonymous_1)
FN:51,(anonymous_2)
FN:69,(anonymous_3)
FN:83,(anonymous_4)
FN:116,(anonymous_5)
FN:144,(anonymous_6)
FN:173,(anonymous_7)
FN:227,(anonymous_8)
FN:299,(anonymous_9)
FNF:10
FNH:0
FNDA:0,(anonymous_0)
FNDA:0,(anonymous_1)
FNDA:0,(anonymous_2)
FNDA:0,(anonymous_3)
FNDA:0,(anonymous_4)
FNDA:0,(anonymous_5)
FNDA:0,(anonymous_6)
FNDA:0,(anonymous_7)
FNDA:0,(anonymous_8)
FNDA:0,(anonymous_9)
DA:27,0
DA:28,0
DA:29,0
DA:30,0
DA:32,0
DA:33,0
DA:34,0
DA:36,0
DA:38,0
DA:39,0
DA:41,0
DA:42,0
DA:44,0
DA:45,0
DA:51,0
DA:55,0
DA:58,0
DA:61,0
DA:63,0
DA:64,0
DA:65,0
DA:69,0
DA:70,0
DA:72,0
DA:73,0
DA:75,0
DA:76,0
DA:77,0
DA:83,0
DA:88,0
DA:94,0
DA:97,0
DA:99,0
DA:100,0
DA:101,0
DA:105,0
DA:116,0
DA:145,0
DA:173,0
DA:227,0
DA:299,0
DA:300,0
DA:315,0
DA:318,0
LF:44
LH:0
BRDA:44,0,0,0
BRDA:44,0,1,0
BRDA:55,1,0,0
BRDA:55,1,1,0
BRDA:58,2,0,0
BRDA:58,2,1,0
BRDA:75,3,0,0
BRDA:75,3,1,0
BRDA:76,4,0,0
BRDA:76,4,1,0
BRDA:94,5,0,0
BRDA:94,5,1,0
BRDA:115,6,0,0
BRDA:115,6,1,0
BRDA:126,7,0,0
BRDA:126,7,1,0
BRDA:167,8,0,0
BRDA:167,8,1,0
BRDA:183,9,0,0
BRDA:183,9,1,0
BRDA:189,10,0,0
BRDA:189,10,1,0
BRDA:221,11,0,0
BRDA:221,11,1,0
BRDA:232,12,0,0
BRDA:232,12,1,0
BRDA:238,13,0,0
BRDA:238,13,1,0
BRDA:274,14,0,0
BRDA:274,14,1,0
BRDA:286,15,0,0
BRDA:286,15,1,0
BRDA:315,16,0,0
BRDA:315,16,1,0
BRF:34
BRH:0
end_of_record
TN:
SF:screens\ProductDetailScreen.js
FN:17,daysUntil
FN:26,(anonymous_1)
FN:31,(anonymous_2)
FN:37,(anonymous_3)
FN:53,(anonymous_4)
FN:87,(anonymous_5)
FN:96,(anonymous_6)
FN:111,(anonymous_7)
FN:210,(anonymous_8)
FN:210,(anonymous_9)
FN:226,(anonymous_10)
FN:228,(anonymous_11)
FN:229,(anonymous_12)
FN:243,(anonymous_13)
FNF:14
FNH:0
FNDA:0,daysUntil
FNDA:0,(anonymous_1)
FNDA:0,(anonymous_2)
FNDA:0,(anonymous_3)
FNDA:0,(anonymous_4)
FNDA:0,(anonymous_5)
FNDA:0,(anonymous_6)
FNDA:0,(anonymous_7)
FNDA:0,(anonymous_8)
FNDA:0,(anonymous_9)
FNDA:0,(anonymous_10)
FNDA:0,(anonymous_11)
FNDA:0,(anonymous_12)
FNDA:0,(anonymous_13)
DA:18,0
DA:19,0
DA:20,0
DA:21,0
DA:22,0
DA:23,0
DA:26,0
DA:27,0
DA:28,0
DA:30,0
DA:31,0
DA:34,0
DA:35,0
DA:37,0
DA:38,0
DA:39,0
DA:42,0
DA:53,0
DA:88,0
DA:97,0
DA:111,0
DA:210,0
DA:226,0
DA:229,0
DA:243,0
DA:250,0
DA:259,0
LF:27
LH:0
BRDA:18,0,0,0
BRDA:18,0,1,0
BRDA:21,1,0,0
BRDA:21,1,1,0
BRDA:28,2,0,0
BRDA:28,2,1,0
BRDA:49,3,0,0
BRDA:49,3,1,0
BRDA:60,4,0,0
BRDA:60,4,1,0
BRDA:65,5,0,0
BRDA:65,5,1,0
BRDA:70,6,0,0
BRDA:70,6,1,0
BRDA:75,7,0,0
BRDA:75,7,1,0
BRDA:78,8,0,0
BRDA:78,8,1,0
BRDA:119,9,0,0
BRDA:119,9,1,0
BRDA:119,10,0,0
BRDA:119,10,1,0
BRDA:119,10,2,0
BRDA:132,11,0,0
BRDA:132,11,1,0
BRDA:142,12,0,0
BRDA:142,12,1,0
BRDA:152,13,0,0
BRDA:152,13,1,0
BRDA:167,14,0,0
BRDA:167,14,1,0
BRDA:167,15,0,0
BRDA:167,15,1,0
BRDA:178,16,0,0
BRDA:178,16,1,0
BRDA:188,17,0,0
BRDA:188,17,1,0
BRDA:203,18,0,0
BRDA:203,18,1,0
BRDA:222,19,0,0
BRDA:222,19,1,0
BRF:41
BRH:0
end_of_record
TN:
SF:screens\ProductsScreen.js
FN:39,getWarrantyStatus
FN:80,(anonymous_1)
FN:107,(anonymous_2)
FN:125,(anonymous_3)
FN:150,(anonymous_4)
FN:175,(anonymous_5)
FN:194,(anonymous_6)
FN:203,(anonymous_7)
FN:204,(anonymous_8)
FN:206,(anonymous_9)
FN:247,(anonymous_10)
FN:263,(anonymous_11)
FN:270,(anonymous_12)
FN:289,(anonymous_13)
FN:302,(anonymous_14)
FN:329,(anonymous_15)
FN:347,(anonymous_16)
FN:367,(anonymous_17)
FN:388,(anonymous_18)
FN:408,(anonymous_19)
FN:428,(anonymous_20)
FN:449,(anonymous_21)
FN:470,(anonymous_22)
FN:479,(anonymous_23)
FN:501,(anonymous_24)
FN:521,(anonymous_25)
FN:530,(anonymous_26)
FN:576,(anonymous_27)
FN:579,(anonymous_28)
FN:582,(anonymous_29)
FN:605,(anonymous_30)
FN:605,(anonymous_31)
FN:607,(anonymous_32)
FN:620,(anonymous_33)
FN:669,(anonymous_34)
FN:697,(anonymous_35)
FN:722,(anonymous_36)
FN:729,(anonymous_37)
FN:774,(anonymous_38)
FN:792,(anonymous_39)
FN:803,(anonymous_40)
FN:808,(anonymous_41)
FN:822,(anonymous_42)
FN:827,(anonymous_43)
FN:832,(anonymous_44)
FN:837,(anonymous_45)
FN:838,(anonymous_46)
FN:940,(anonymous_47)
FN:999,(anonymous_48)
FN:1021,(anonymous_49)
FN:1033,(anonymous_50)
FN:1077,(anonymous_51)
FN:1116,(anonymous_52)
FN:1131,(anonymous_53)
FN:1135,(anonymous_54)
FN:1146,(anonymous_55)
FN:1162,(anonymous_56)
FN:1549,DynamicBarcode
FN:1554,(anonymous_58)
FN:1556,(anonymous_59)
FN:1571,(anonymous_60)
FN:1595,(anonymous_61)
FNF:62
FNH:0
FNDA:0,getWarrantyStatus
FNDA:0,(anonymous_1)
FNDA:0,(anonymous_2)
FNDA:0,(anonymous_3)
FNDA:0,(anonymous_4)
FNDA:0,(anonymous_5)
FNDA:0,(anonymous_6)
FNDA:0,(anonymous_7)
FNDA:0,(anonymous_8)
FNDA:0,(anonymous_9)
FNDA:0,(anonymous_10)
FNDA:0,(anonymous_11)
FNDA:0,(anonymous_12)
FNDA:0,(anonymous_13)
FNDA:0,(anonymous_14)
FNDA:0,(anonymous_15)
FNDA:0,(anonymous_16)
FNDA:0,(anonymous_17)
FNDA:0,(anonymous_18)
FNDA:0,(anonymous_19)
FNDA:0,(anonymous_20)
FNDA:0,(anonymous_21)
FNDA:0,(anonymous_22)
FNDA:0,(anonymous_23)
FNDA:0,(anonymous_24)
FNDA:0,(anonymous_25)
FNDA:0,(anonymous_26)
FNDA:0,(anonymous_27)
FNDA:0,(anonymous_28)
FNDA:0,(anonymous_29)
FNDA:0,(anonymous_30)
FNDA:0,(anonymous_31)
FNDA:0,(anonymous_32)
FNDA:0,(anonymous_33)
FNDA:0,(anonymous_34)
FNDA:0,(anonymous_35)
FNDA:0,(anonymous_36)
FNDA:0,(anonymous_37)
FNDA:0,(anonymous_38)
FNDA:0,(anonymous_39)
FNDA:0,(anonymous_40)
FNDA:0,(anonymous_41)
FNDA:0,(anonymous_42)
FNDA:0,(anonymous_43)
FNDA:0,(anonymous_44)
FNDA:0,(anonymous_45)
FNDA:0,(anonymous_46)
FNDA:0,(anonymous_47)
FNDA:0,(anonymous_48)
FNDA:0,(anonymous_49)
FNDA:0,(anonymous_50)
FNDA:0,(anonymous_51)
FNDA:0,(anonymous_52)
FNDA:0,(anonymous_53)
FNDA:0,(anonymous_54)
FNDA:0,(anonymous_55)
FNDA:0,(anonymous_56)
FNDA:0,DynamicBarcode
FNDA:0,(anonymous_58)
FNDA:0,(anonymous_59)
FNDA:0,(anonymous_60)
FNDA:0,(anonymous_61)
DA:40,0
DA:41,0
DA:42,0
DA:43,0
DA:45,0
DA:49,0
DA:50,0
DA:56,0
DA:57,0
DA:63,0
DA:64,0
DA:71,0
DA:80,0
DA:89,0
DA:104,0
DA:107,0
DA:108,0
DA:125,0
DA:126,0
DA:127,0
DA:128,0
DA:143,0
DA:145,0
DA:147,0
DA:150,0
DA:151,0
DA:152,0
DA:153,0
DA:155,0
DA:156,0
DA:157,0
DA:159,0
DA:160,0
DA:175,0
DA:176,0
DA:177,0
DA:178,0
DA:179,0
DA:180,0
DA:182,0
DA:183,0
DA:185,0
DA:187,0
DA:190,0
DA:191,0
DA:192,0
DA:193,0
DA:194,0
DA:199,0
DA:203,0
DA:204,0
DA:206,0
DA:210,0
DA:247,0
DA:264,0
DA:270,0
DA:290,0
DA:302,0
DA:329,0
DA:348,0
DA:368,0
DA:389,0
DA:409,0
DA:429,0
DA:450,0
DA:471,0
DA:480,0
DA:501,0
DA:521,0
DA:530,0
DA:566,0
DA:576,0
DA:578,0
DA:582,0
DA:585,0
DA:587,0
DA:588,0
DA:589,0
DA:590,0
DA:591,0
DA:592,0
DA:593,0
DA:594,0
DA:595,0
DA:596,0
DA:597,0
DA:598,0
DA:600,0
DA:603,0
DA:605,0
DA:607,0
DA:610,0
DA:614,0
DA:616,0
DA:620,0
DA:621,0
DA:622,0
DA:625,0
DA:627,0
DA:628,0
DA:629,0
DA:633,0
DA:634,0
DA:637,0
DA:638,0
DA:639,0
DA:640,0
DA:644,0
DA:647,0
DA:648,0
DA:649,0
DA:652,0
DA:655,0
DA:657,0
DA:661,0
DA:662,0
DA:663,0
DA:664,0
DA:667,0
DA:669,0
DA:671,0
DA:672,0
DA:673,0
DA:675,0
DA:682,0
DA:683,0
DA:689,0
DA:690,0
DA:692,0
DA:697,0
DA:698,0
DA:699,0
DA:700,0
DA:702,0
DA:703,0
DA:704,0
DA:708,0
DA:709,0
DA:711,0
DA:713,0
DA:714,0
DA:718,0
DA:722,0
DA:723,0
DA:724,0
DA:725,0
DA:726,0
DA:728,0
DA:729,0
DA:731,0
DA:733,0
DA:734,0
DA:735,0
DA:738,0
DA:739,0
DA:740,0
DA:741,0
DA:742,0
DA:750,0
DA:751,0
DA:752,0
DA:755,0
DA:758,0
DA:766,0
DA:767,0
DA:769,0
DA:770,0
DA:774,0
DA:775,0
DA:777,0
DA:778,0
DA:779,0
DA:782,0
DA:783,0
DA:784,0
DA:785,0
DA:786,0
DA:788,0
DA:792,0
DA:793,0
DA:794,0
DA:795,0
DA:796,0
DA:797,0
DA:799,0
DA:803,0
DA:804,0
DA:809,0
DA:810,0
DA:811,0
DA:812,0
DA:813,0
DA:815,0
DA:822,0
DA:823,0
DA:824,0
DA:827,0
DA:828,0
DA:829,0
DA:832,0
DA:833,0
DA:835,0
DA:837,0
DA:839,0
DA:911,0
DA:940,0
DA:999,0
DA:1022,0
DA:1033,0
DA:1077,0
DA:1117,0
DA:1118,0
DA:1132,0
DA:1133,0
DA:1136,0
DA:1137,0
DA:1146,0
DA:1162,0
DA:1176,0
DA:1182,0
DA:1550,0
DA:1551,0
DA:1552,0
DA:1554,0
DA:1555,0
DA:1556,0
DA:1557,0
DA:1558,0
DA:1559,0
DA:1560,0
DA:1562,0
DA:1563,0
DA:1564,0
DA:1565,0
DA:1567,0
DA:1568,0
DA:1571,0
DA:1572,0
DA:1576,0
DA:1577,0
DA:1583,0
DA:1584,0
DA:1591,0
DA:1592,0
DA:1595,0
DA:1600,0
LF:246
LH:0
BRDA:40,0,0,0
BRDA:40,0,1,0
BRDA:43,1,0,0
BRDA:43,1,1,0
BRDA:49,2,0,0
BRDA:49,2,1,0
BRDA:56,3,0,0
BRDA:56,3,1,0
BRDA:63,4,0,0
BRDA:63,4,1,0
BRDA:90,5,0,0
BRDA:90,5,1,0
BRDA:109,6,0,0
BRDA:109,6,1,0
BRDA:127,7,0,0
BRDA:127,7,1,0
BRDA:133,8,0,0
BRDA:133,8,1,0
BRDA:133,8,2,0
BRDA:137,9,0,0
BRDA:137,9,1,0
BRDA:137,9,2,0
BRDA:141,10,0,0
BRDA:141,10,1,0
BRDA:141,10,2,0
BRDA:151,11,0,0
BRDA:151,11,1,0
BRDA:155,12,0,0
BRDA:155,12,1,0
BRDA:175,13,0,0
BRDA:178,14,0,0
BRDA:178,14,1,0
BRDA:180,15,0,0
BRDA:180,15,1,0
BRDA:183,16,0,0
BRDA:183,16,1,0
BRDA:187,17,0,0
BRDA:187,17,1,0
BRDA:190,18,0,0
BRDA:190,18,1,0
BRDA:196,19,0,0
BRDA:196,19,1,0
BRDA:206,20,0,0
BRDA:206,20,1,0
BRDA:223,21,0,0
BRDA:223,21,1,0
BRDA:273,22,0,0
BRDA:273,22,1,0
BRDA:277,23,0,0
BRDA:277,23,1,0
BRDA:283,24,0,0
BRDA:283,24,1,0
BRDA:296,25,0,0
BRDA:296,25,1,0
BRDA:306,26,0,0
BRDA:306,26,1,0
BRDA:479,27,0,0
BRDA:479,27,1,0
BRDA:519,28,0,0
BRDA:519,28,1,0
BRDA:528,29,0,0
BRDA:528,29,1,0
BRDA:543,30,0,0
BRDA:543,30,1,0
BRDA:543,30,2,0
BRDA:556,31,0,0
BRDA:556,31,1,0
BRDA:610,32,0,0
BRDA:610,32,1,0
BRDA:614,33,0,0
BRDA:614,33,1,0
BRDA:616,34,0,0
BRDA:616,34,1,0
BRDA:628,35,0,0
BRDA:628,35,1,0
BRDA:638,36,0,0
BRDA:638,36,1,0
BRDA:649,37,0,0
BRDA:649,37,1,0
BRDA:655,38,0,0
BRDA:655,38,1,0
BRDA:659,39,0,0
BRDA:659,39,1,0
BRDA:671,40,0,0
BRDA:671,40,1,0
BRDA:672,41,0,0
BRDA:672,41,1,0
BRDA:672,41,2,0
BRDA:673,42,0,0
BRDA:673,42,1,0
BRDA:673,42,2,0
BRDA:677,43,0,0
BRDA:677,43,1,0
BRDA:690,44,0,0
BRDA:690,44,1,0
BRDA:703,45,0,0
BRDA:703,45,1,0
BRDA:716,46,0,0
BRDA:716,46,1,0
BRDA:729,47,0,0
BRDA:729,47,1,0
BRDA:731,48,0,0
BRDA:731,48,1,0
BRDA:741,49,0,0
BRDA:741,49,1,0
BRDA:744,50,0,0
BRDA:744,50,1,0
BRDA:770,51,0,0
BRDA:770,51,1,0
BRDA:778,52,0,0
BRDA:778,52,1,0
BRDA:782,53,0,0
BRDA:782,53,1,0
BRDA:782,53,2,0
BRDA:788,54,0,0
BRDA:788,54,1,0
BRDA:799,55,0,0
BRDA:799,55,1,0
BRDA:815,56,0,0
BRDA:815,56,1,0
BRDA:848,57,0,0
BRDA:848,57,1,0
BRDA:848,58,0,0
BRDA:848,58,1,0
BRDA:883,59,0,0
BRDA:883,59,1,0
BRDA:894,60,0,0
BRDA:894,60,1,0
BRDA:939,61,0,0
BRDA:939,61,1,0
BRDA:960,62,0,0
BRDA:960,62,1,0
BRDA:975,63,0,0
BRDA:975,63,1,0
BRDA:1011,64,0,0
BRDA:1011,64,1,0
BRDA:1028,65,0,0
BRDA:1028,65,1,0
BRDA:1030,66,0,0
BRDA:1030,66,1,0
BRDA:1036,67,0,0
BRDA:1036,67,1,0
BRDA:1038,68,0,0
BRDA:1038,68,1,0
BRDA:1045,69,0,0
BRDA:1045,69,1,0
BRDA:1046,70,0,0
BRDA:1046,70,1,0
BRDA:1057,71,0,0
BRDA:1057,71,1,0
BRDA:1061,72,0,0
BRDA:1061,72,1,0
BRDA:1080,73,0,0
BRDA:1080,73,1,0
BRDA:1083,74,0,0
BRDA:1083,74,1,0
BRDA:1120,75,0,0
BRDA:1120,75,1,0
BRDA:1121,76,0,0
BRDA:1121,76,1,0
BRDA:1124,77,0,0
BRDA:1124,77,1,0
BRDA:1141,78,0,0
BRDA:1141,78,1,0
BRDA:1559,79,0,0
BRDA:1559,79,1,0
BRDA:1563,80,0,0
BRDA:1563,80,1,0
BRDA:1568,81,0,0
BRDA:1568,81,1,0
BRDA:1576,82,0,0
BRDA:1576,82,1,0
BRDA:1583,83,0,0
BRDA:1583,83,1,0
BRDA:1583,84,0,0
BRDA:1583,84,1,0
BRF:176
BRH:0
end_of_record
TN:
SF:screens\ProfileScreen.js
FN:14,(anonymous_0)
FN:34,(anonymous_1)
FN:43,(anonymous_2)
FN:52,(anonymous_3)
FNF:4
FNH:0
FNDA:0,(anonymous_0)
FNDA:0,(anonymous_1)
FNDA:0,(anonymous_2)
FNDA:0,(anonymous_3)
DA:14,0
DA:15,0
DA:16,0
DA:18,0
DA:34,0
DA:43,0
DA:52,0
DA:71,0
DA:77,0
LF:9
LH:0
BRDA:28,0,0,0
BRDA:28,0,1,0
BRF:2
BRH:0
end_of_record
TN:
SF:screens\QuickAddScreen.js
FN:27,(anonymous_0)
FN:50,(anonymous_1)
FN:51,(anonymous_2)
FN:81,(anonymous_3)
FN:92,(anonymous_4)
FN:101,(anonymous_5)
FN:114,(anonymous_6)
FN:121,(anonymous_7)
FN:127,(anonymous_8)
FN:133,(anonymous_9)
FN:134,(anonymous_10)
FN:134,(anonymous_11)
FN:138,(anonymous_12)
FN:149,(anonymous_13)
FN:181,(anonymous_14)
FN:183,(anonymous_15)
FN:190,(anonymous_16)
FN:196,(anonymous_17)
FN:201,(anonymous_18)
FN:206,(anonymous_19)
FN:213,(anonymous_20)
FN:215,(anonymous_21)
FN:226,(anonymous_22)
FN:230,(anonymous_23)
FN:238,(anonymous_24)
FN:244,(anonymous_25)
FN:246,(anonymous_26)
FN:261,(anonymous_27)
FN:267,(anonymous_28)
FN:272,(anonymous_29)
FN:304,(anonymous_30)
FN:321,(anonymous_31)
FN:329,(anonymous_32)
FNF:33
FNH:0
FNDA:0,(anonymous_0)
FNDA:0,(anonymous_1)
FNDA:0,(anonymous_2)
FNDA:0,(anonymous_3)
FNDA:0,(anonymous_4)
FNDA:0,(anonymous_5)
FNDA:0,(anonymous_6)
FNDA:0,(anonymous_7)
FNDA:0,(anonymous_8)
FNDA:0,(anonymous_9)
FNDA:0,(anonymous_10)
FNDA:0,(anonymous_11)
FNDA:0,(anonymous_12)
FNDA:0,(anonymous_13)
FNDA:0,(anonymous_14)
FNDA:0,(anonymous_15)
FNDA:0,(anonymous_16)
FNDA:0,(anonymous_17)
FNDA:0,(anonymous_18)
FNDA:0,(anonymous_19)
FNDA:0,(anonymous_20)
FNDA:0,(anonymous_21)
FNDA:0,(anonymous_22)
FNDA:0,(anonymous_23)
FNDA:0,(anonymous_24)
FNDA:0,(anonymous_25)
FNDA:0,(anonymous_26)
FNDA:0,(anonymous_27)
FNDA:0,(anonymous_28)
FNDA:0,(anonymous_29)
FNDA:0,(anonymous_30)
FNDA:0,(anonymous_31)
FNDA:0,(anonymous_32)
DA:27,0
DA:28,0
DA:29,0
DA:30,0
DA:31,0
DA:32,0
DA:36,0
DA:37,0
DA:38,0
DA:39,0
DA:40,0
DA:41,0
DA:42,0
DA:43,0
DA:44,0
DA:46,0
DA:47,0
DA:50,0
DA:51,0
DA:52,0
DA:53,0
DA:54,0
DA:55,0
DA:57,0
DA:58,0
DA:59,0
DA:60,0
DA:61,0
DA:62,0
DA:67,0
DA:68,0
DA:69,0
DA:71,0
DA:72,0
DA:73,0
DA:74,0
DA:77,0
DA:81,0
DA:82,0
DA:92,0
DA:93,0
DA:94,0
DA:96,0
DA:97,0
DA:98,0
DA:99,0
DA:100,0
DA:101,0
DA:102,0
DA:105,0
DA:110,0
DA:111,0
DA:112,0
DA:113,0
DA:114,0
DA:115,0
DA:117,0
DA:119,0
DA:120,0
DA:121,0
DA:123,0
DA:124,0
DA:125,0
DA:126,0
DA:127,0
DA:128,0
DA:133,0
DA:134,0
DA:138,0
DA:139,0
DA:140,0
DA:141,0
DA:142,0
DA:143,0
DA:144,0
DA:145,0
DA:146,0
DA:147,0
DA:148,0
DA:149,0
DA:150,0
DA:151,0
DA:153,0
DA:154,0
DA:155,0
DA:170,0
DA:171,0
DA:172,0
DA:173,0
DA:174,0
DA:177,0
DA:178,0
DA:179,0
DA:180,0
DA:181,0
DA:183,0
DA:184,0
DA:187,0
DA:188,0
DA:189,0
DA:190,0
DA:192,0
DA:196,0
DA:197,0
DA:198,0
DA:199,0
DA:200,0
DA:201,0
DA:202,0
DA:206,0
DA:207,0
DA:209,0
DA:212,0
DA:213,0
DA:216,0
DA:217,0
DA:218,0
DA:226,0
DA:227,0
DA:229,0
DA:230,0
DA:231,0
DA:232,0
DA:235,0
DA:238,0
DA:240,0
DA:243,0
DA:244,0
DA:246,0
DA:253,0
DA:261,0
DA:267,0
DA:272,0
DA:304,0
DA:322,0
DA:329,0
DA:391,0
LF:137
LH:0
BRDA:31,0,0,0
BRDA:31,0,1,0
BRDA:57,1,0,0
BRDA:57,1,1,0
BRDA:60,2,0,0
BRDA:60,2,1,0
BRDA:60,3,0,0
BRDA:60,3,1,0
BRDA:60,3,2,0
BRDA:62,4,0,0
BRDA:62,4,1,0
BRDA:63,5,0,0
BRDA:63,5,1,0
BRDA:63,5,2,0
BRDA:68,6,0,0
BRDA:68,6,1,0
BRDA:68,7,0,0
BRDA:68,7,1,0
BRDA:68,7,2,0
BRDA:71,8,0,0
BRDA:71,8,1,0
BRDA:71,9,0,0
BRDA:71,9,1,0
BRDA:71,9,2,0
BRDA:73,10,0,0
BRDA:73,10,1,0
BRDA:73,11,0,0
BRDA:73,11,1,0
BRDA:73,11,2,0
BRDA:82,12,0,0
BRDA:82,12,1,0
BRDA:83,13,0,0
BRDA:83,13,1,0
BRDA:83,13,2,0
BRDA:97,14,0,0
BRDA:97,14,1,0
BRDA:110,15,0,0
BRDA:110,15,1,0
BRDA:110,16,0,0
BRDA:110,16,1,0
BRDA:110,16,2,0
BRDA:139,17,0,0
BRDA:139,17,1,0
BRDA:145,18,0,0
BRDA:145,18,1,0
BRDA:154,19,0,0
BRDA:154,19,1,0
BRDA:200,20,0,0
BRDA:200,20,1,0
BRDA:207,21,0,0
BRDA:207,21,1,0
BRDA:209,22,0,0
BRDA:209,22,1,0
BRDA:227,23,0,0
BRDA:227,23,1,0
BRDA:229,24,0,0
BRDA:229,24,1,0
BRDA:229,25,0,0
BRDA:229,25,1,0
BRDA:231,26,0,0
BRDA:231,26,1,0
BRDA:231,27,0,0
BRDA:231,27,1,0
BRDA:240,28,0,0
BRDA:240,28,1,0
BRDA:340,29,0,0
BRDA:340,29,1,0
BRDA:348,30,0,0
BRDA:348,30,1,0
BRDA:361,31,0,0
BRDA:361,31,1,0
BRDA:375,32,0,0
BRDA:375,32,1,0
BRDA:379,33,0,0
BRDA:379,33,1,0
BRDA:383,34,0,0
BRDA:383,34,1,0
BRF:77
BRH:0
end_of_record
TN:
SF:screens\QuickLookupScreen.js
FN:25,(anonymous_0)
FN:35,(anonymous_1)
FN:36,(anonymous_2)
FN:50,(anonymous_3)
FN:56,(anonymous_4)
FN:84,(anonymous_5)
FN:134,(anonymous_6)
FN:147,(anonymous_7)
FN:165,(anonymous_8)
FN:183,(anonymous_9)
FN:303,(anonymous_10)
FN:314,(anonymous_11)
FN:328,(anonymous_12)
FN:351,(anonymous_13)
FN:364,(anonymous_14)
FN:415,(anonymous_15)
FNF:16
FNH:0
FNDA:0,(anonymous_0)
FNDA:0,(anonymous_1)
FNDA:0,(anonymous_2)
FNDA:0,(anonymous_3)
FNDA:0,(anonymous_4)
FNDA:0,(anonymous_5)
FNDA:0,(anonymous_6)
FNDA:0,(anonymous_7)
FNDA:0,(anonymous_8)
FNDA:0,(anonymous_9)
FNDA:0,(anonymous_10)
FNDA:0,(anonymous_11)
FNDA:0,(anonymous_12)
FNDA:0,(anonymous_13)
FNDA:0,(anonymous_14)
FNDA:0,(anonymous_15)
DA:25,0
DA:26,0
DA:27,0
DA:28,0
DA:29,0
DA:30,0
DA:31,0
DA:32,0
DA:35,0
DA:36,0
DA:37,0
DA:41,0
DA:43,0
DA:46,0
DA:50,0
DA:51,0
DA:52,0
DA:56,0
DA:57,0
DA:58,0
DA:60,0
DA:61,0
DA:62,0
DA:66,0
DA:69,0
DA:74,0
DA:75,0
DA:76,0
DA:79,0
DA:80,0
DA:84,0
DA:85,0
DA:86,0
DA:88,0
DA:90,0
DA:91,0
DA:94,0
DA:96,0
DA:97,0
DA:100,0
DA:104,0
DA:105,0
DA:106,0
DA:107,0
DA:108,0
DA:109,0
DA:115,0
DA:116,0
DA:117,0
DA:118,0
DA:122,0
DA:123,0
DA:124,0
DA:126,0
DA:127,0
DA:135,0
DA:141,0
DA:142,0
DA:143,0
DA:147,0
DA:150,0
DA:151,0
DA:158,0
DA:160,0
DA:161,0
DA:165,0
DA:166,0
DA:168,0
DA:170,0
DA:184,0
DA:305,0
DA:315,0
DA:328,0
DA:329,0
DA:330,0
DA:333,0
DA:334,0
DA:335,0
DA:339,0
DA:340,0
DA:341,0
DA:342,0
DA:343,0
DA:344,0
DA:346,0
DA:347,0
DA:351,0
DA:352,0
DA:353,0
DA:354,0
DA:357,0
DA:364,0
DA:416,0
DA:417,0
DA:418,0
DA:445,0
LF:96
LH:0
BRDA:41,0,0,0
BRDA:41,0,1,0
BRDA:51,1,0,0
BRDA:51,1,1,0
BRDA:61,2,0,0
BRDA:61,2,1,0
BRDA:74,3,0,0
BRDA:74,3,1,0
BRDA:74,4,0,0
BRDA:74,4,1,0
BRDA:74,4,2,0
BRDA:104,5,0,0
BRDA:104,5,1,0
BRDA:107,6,0,0
BRDA:107,6,1,0
BRDA:107,7,0,0
BRDA:107,7,1,0
BRDA:115,8,0,0
BRDA:115,8,1,0
BRDA:117,9,0,0
BRDA:117,9,1,0
BRDA:126,10,0,0
BRDA:126,10,1,0
BRDA:166,11,0,0
BRDA:166,11,1,0
BRDA:214,12,0,0
BRDA:214,12,1,0
BRDA:220,13,0,0
BRDA:220,13,1,0
BRDA:229,14,0,0
BRDA:229,14,1,0
BRDA:257,15,0,0
BRDA:257,15,1,0
BRDA:263,16,0,0
BRDA:263,16,1,0
BRDA:269,17,0,0
BRDA:269,17,1,0
BRDA:284,18,0,0
BRDA:284,18,1,0
BRDA:300,19,0,0
BRDA:300,19,1,0
BRDA:329,20,0,0
BRDA:329,20,1,0
BRDA:339,21,0,0
BRDA:339,21,1,0
BRDA:341,22,0,0
BRDA:341,22,1,0
BRDA:343,23,0,0
BRDA:343,23,1,0
BRDA:352,24,0,0
BRDA:352,24,1,0
BRDA:353,25,0,0
BRDA:353,25,1,0
BRDA:377,26,0,0
BRDA:377,26,1,0
BRDA:391,27,0,0
BRDA:391,27,1,0
BRDA:394,28,0,0
BRDA:394,28,1,0
BRDA:406,29,0,0
BRDA:406,29,1,0
BRDA:409,30,0,0
BRDA:409,30,1,0
BRDA:409,30,2,0
BRDA:430,31,0,0
BRDA:430,31,1,0
BRF:66
BRH:0
end_of_record
TN:
SF:screens\ReceiveTransferScreen.js
FN:23,(anonymous_0)
FN:33,(anonymous_1)
FN:39,(anonymous_2)
FN:60,(anonymous_3)
FN:79,(anonymous_4)
FN:95,(anonymous_5)
FN:137,(anonymous_6)
FN:154,(anonymous_7)
FN:193,(anonymous_8)
FNF:9
FNH:0
FNDA:0,(anonymous_0)
FNDA:0,(anonymous_1)
FNDA:0,(anonymous_2)
FNDA:0,(anonymous_3)
FNDA:0,(anonymous_4)
FNDA:0,(anonymous_5)
FNDA:0,(anonymous_6)
FNDA:0,(anonymous_7)
FNDA:0,(anonymous_8)
DA:23,0
DA:24,0
DA:25,0
DA:26,0
DA:28,0
DA:29,0
DA:30,0
DA:31,0
DA:33,0
DA:34,0
DA:35,0
DA:39,0
DA:40,0
DA:41,0
DA:43,0
DA:44,0
DA:46,0
DA:47,0
DA:49,0
DA:52,0
DA:54,0
DA:55,0
DA:56,0
DA:60,0
DA:61,0
DA:63,0
DA:65,0
DA:67,0
DA:69,0
DA:71,0
DA:73,0
DA:79,0
DA:84,0
DA:87,0
DA:89,0
DA:90,0
DA:91,0
DA:95,0
DA:96,0
DA:98,0
DA:99,0
DA:100,0
DA:102,0
DA:103,0
DA:104,0
DA:105,0
DA:106,0
DA:107,0
DA:110,0
DA:111,0
DA:125,0
DA:126,0
DA:137,0
DA:146,0
DA:148,0
DA:154,0
DA:194,0
DA:361,0
LF:58
LH:0
BRDA:34,0,0,0
BRDA:34,0,1,0
BRDA:46,1,0,0
BRDA:46,1,1,0
BRDA:69,2,0,0
BRDA:69,2,1,0
BRDA:84,3,0,0
BRDA:84,3,1,0
BRDA:96,4,0,0
BRDA:96,4,1,0
BRDA:102,5,0,0
BRDA:102,5,1,0
BRDA:103,6,0,0
BRDA:103,6,1,0
BRDA:105,7,0,0
BRDA:105,7,1,0
BRDA:110,8,0,0
BRDA:110,8,1,0
BRDA:125,9,0,0
BRDA:125,9,1,0
BRDA:164,10,0,0
BRDA:164,10,1,0
BRDA:179,11,0,0
BRDA:179,11,1,0
BRDA:191,12,0,0
BRDA:191,12,1,0
BRDA:191,12,2,0
BRDA:205,13,0,0
BRDA:205,13,1,0
BRDA:230,14,0,0
BRDA:230,14,1,0
BRDA:249,15,0,0
BRDA:249,15,1,0
BRDA:268,16,0,0
BRDA:268,16,1,0
BRDA:280,17,0,0
BRDA:280,17,1,0
BRDA:292,18,0,0
BRDA:292,18,1,0
BRDA:296,19,0,0
BRDA:296,19,1,0
BRDA:302,20,0,0
BRDA:302,20,1,0
BRDA:306,21,0,0
BRDA:306,21,1,0
BRDA:314,22,0,0
BRDA:314,22,1,0
BRDA:326,23,0,0
BRDA:326,23,1,0
BRDA:339,24,0,0
BRDA:339,24,1,0
BRDA:346,25,0,0
BRDA:346,25,1,0
BRF:53
BRH:0
end_of_record
TN:
SF:screens\RemindersScreen.js
FN:6,(anonymous_0)
FNF:1
FNH:0
FNDA:0,(anonymous_0)
DA:6,0
DA:7,0
DA:9,0
DA:24,0
DA:30,0
LF:5
LH:0
BRF:0
BRH:0
end_of_record
TN:
SF:screens\RoomWizardScreen.js
FN:36,(anonymous_0)
FN:50,(anonymous_1)
FN:88,(anonymous_2)
FN:96,(anonymous_3)
FN:106,(anonymous_4)
FN:123,(anonymous_5)
FN:137,(anonymous_6)
FN:170,(anonymous_7)
FN:180,(anonymous_8)
FN:191,(anonymous_9)
FN:192,(anonymous_10)
FN:219,(anonymous_11)
FN:232,(anonymous_12)
FN:242,(anonymous_13)
FN:243,(anonymous_14)
FN:243,(anonymous_15)
FN:246,(anonymous_16)
FN:258,(anonymous_17)
FN:292,(anonymous_18)
FN:303,(anonymous_19)
FN:347,(anonymous_20)
FN:348,(anonymous_21)
FN:399,(anonymous_22)
FN:400,(anonymous_23)
FN:410,(anonymous_24)
FN:414,(anonymous_25)
FN:428,(anonymous_26)
FN:446,(anonymous_27)
FN:505,(anonymous_28)
FN:543,(anonymous_29)
FN:554,(anonymous_30)
FNF:31
FNH:0
FNDA:0,(anonymous_0)
FNDA:0,(anonymous_1)
FNDA:0,(anonymous_2)
FNDA:0,(anonymous_3)
FNDA:0,(anonymous_4)
FNDA:0,(anonymous_5)
FNDA:0,(anonymous_6)
FNDA:0,(anonymous_7)
FNDA:0,(anonymous_8)
FNDA:0,(anonymous_9)
FNDA:0,(anonymous_10)
FNDA:0,(anonymous_11)
FNDA:0,(anonymous_12)
FNDA:0,(anonymous_13)
FNDA:0,(anonymous_14)
FNDA:0,(anonymous_15)
FNDA:0,(anonymous_16)
FNDA:0,(anonymous_17)
FNDA:0,(anonymous_18)
FNDA:0,(anonymous_19)
FNDA:0,(anonymous_20)
FNDA:0,(anonymous_21)
FNDA:0,(anonymous_22)
FNDA:0,(anonymous_23)
FNDA:0,(anonymous_24)
FNDA:0,(anonymous_25)
FNDA:0,(anonymous_26)
FNDA:0,(anonymous_27)
FNDA:0,(anonymous_28)
FNDA:0,(anonymous_29)
FNDA:0,(anonymous_30)
DA:23,0
DA:36,0
DA:37,0
DA:38,0
DA:39,0
DA:41,0
DA:42,0
DA:43,0
DA:44,0
DA:45,0
DA:46,0
DA:47,0
DA:50,0
DA:51,0
DA:88,0
DA:96,0
DA:106,0
DA:107,0
DA:124,0
DA:126,0
DA:138,0
DA:139,0
DA:170,0
DA:180,0
DA:191,0
DA:192,0
DA:193,0
DA:194,0
DA:196,0
DA:197,0
DA:198,0
DA:199,0
DA:202,0
DA:207,0
DA:208,0
DA:210,0
DA:211,0
DA:214,0
DA:215,0
DA:216,0
DA:219,0
DA:228,0
DA:232,0
DA:233,0
DA:236,0
DA:237,0
DA:238,0
DA:242,0
DA:243,0
DA:246,0
DA:247,0
DA:248,0
DA:249,0
DA:251,0
DA:254,0
DA:258,0
DA:293,0
DA:303,0
DA:347,0
DA:348,0
DA:349,0
DA:351,0
DA:355,0
DA:356,0
DA:359,0
DA:361,0
DA:362,0
DA:363,0
DA:367,0
DA:368,0
DA:369,0
DA:370,0
DA:371,0
DA:372,0
DA:374,0
DA:377,0
DA:396,0
DA:399,0
DA:400,0
DA:401,0
DA:402,0
DA:404,0
DA:410,0
DA:414,0
DA:419,0
DA:420,0
DA:424,0
DA:428,0
DA:447,0
DA:448,0
DA:450,0
DA:505,0
DA:506,0
DA:543,0
DA:554,0
DA:564,0
DA:577,0
LF:97
LH:0
BRDA:113,0,0,0
BRDA:113,0,1,0
BRDA:114,1,0,0
BRDA:114,1,1,0
BRDA:133,2,0,0
BRDA:133,2,1,0
BRDA:135,3,0,0
BRDA:135,3,1,0
BRDA:153,4,0,0
BRDA:153,4,1,0
BRDA:173,5,0,0
BRDA:173,5,1,0
BRDA:177,6,0,0
BRDA:177,6,1,0
BRDA:197,7,0,0
BRDA:197,7,1,0
BRDA:207,8,0,0
BRDA:207,8,1,0
BRDA:207,9,0,0
BRDA:207,9,1,0
BRDA:207,9,2,0
BRDA:222,10,0,0
BRDA:222,10,1,0
BRDA:223,11,0,0
BRDA:223,11,1,0
BRDA:224,12,0,0
BRDA:224,12,1,0
BRDA:247,13,0,0
BRDA:247,13,1,0
BRDA:284,14,0,0
BRDA:284,14,1,0
BRDA:285,15,0,0
BRDA:285,15,1,0
BRDA:315,16,0,0
BRDA:315,16,1,0
BRDA:320,17,0,0
BRDA:320,17,1,0
BRDA:329,18,0,0
BRDA:329,18,1,0
BRDA:355,19,0,0
BRDA:355,19,1,0
BRDA:363,20,0,0
BRDA:363,20,1,0
BRDA:367,21,0,0
BRDA:367,21,1,0
BRDA:367,22,0,0
BRDA:367,22,1,0
BRDA:369,23,0,0
BRDA:369,23,1,0
BRDA:371,24,0,0
BRDA:371,24,1,0
BRDA:390,25,0,0
BRDA:390,25,1,0
BRDA:390,26,0,0
BRDA:390,26,1,0
BRDA:447,27,0,0
BRDA:447,27,1,0
BRDA:448,28,0,0
BRDA:448,28,1,0
BRDA:456,29,0,0
BRDA:456,29,1,0
BRDA:466,30,0,0
BRDA:466,30,1,0
BRDA:478,31,0,0
BRDA:478,31,1,0
BRDA:517,32,0,0
BRDA:517,32,1,0
BRDA:568,33,0,0
BRDA:568,33,1,0
BRDA:569,34,0,0
BRDA:569,34,1,0
BRDA:570,35,0,0
BRDA:570,35,1,0
BRDA:571,36,0,0
BRDA:571,36,1,0
BRDA:572,37,0,0
BRDA:572,37,1,0
BRF:77
BRH:0
end_of_record
TN:
SF:screens\RoommatesScreen.js
FN:6,(anonymous_0)
FNF:1
FNH:0
FNDA:0,(anonymous_0)
DA:6,0
DA:7,0
DA:9,0
DA:26,0
DA:32,0
LF:5
LH:0
BRF:0
BRH:0
end_of_record
TN:
SF:screens\SharedShoppingScreen.js
FN:43,(anonymous_0)
FN:56,(anonymous_1)
FN:61,(anonymous_2)
FN:75,(anonymous_3)
FN:100,(anonymous_4)
FN:110,(anonymous_5)
FN:132,(anonymous_6)
FN:137,(anonymous_7)
FN:143,(anonymous_8)
FN:151,(anonymous_9)
FN:152,(anonymous_10)
FN:166,(anonymous_11)
FN:175,(anonymous_12)
FN:178,(anonymous_13)
FN:179,(anonymous_14)
FN:213,(anonymous_15)
FN:234,(anonymous_16)
FN:304,(anonymous_17)
FN:309,(anonymous_18)
FN:321,(anonymous_19)
FN:322,(anonymous_20)
FN:331,(anonymous_21)
FN:358,(anonymous_22)
FN:373,(anonymous_23)
FN:382,(anonymous_24)
FN:401,(anonymous_25)
FN:516,(anonymous_26)
FNF:27
FNH:0
FNDA:0,(anonymous_0)
FNDA:0,(anonymous_1)
FNDA:0,(anonymous_2)
FNDA:0,(anonymous_3)
FNDA:0,(anonymous_4)
FNDA:0,(anonymous_5)
FNDA:0,(anonymous_6)
FNDA:0,(anonymous_7)
FNDA:0,(anonymous_8)
FNDA:0,(anonymous_9)
FNDA:0,(anonymous_10)
FNDA:0,(anonymous_11)
FNDA:0,(anonymous_12)
FNDA:0,(anonymous_13)
FNDA:0,(anonymous_14)
FNDA:0,(anonymous_15)
FNDA:0,(anonymous_16)
FNDA:0,(anonymous_17)
FNDA:0,(anonymous_18)
FNDA:0,(anonymous_19)
FNDA:0,(anonymous_20)
FNDA:0,(anonymous_21)
FNDA:0,(anonymous_22)
FNDA:0,(anonymous_23)
FNDA:0,(anonymous_24)
FNDA:0,(anonymous_25)
FNDA:0,(anonymous_26)
DA:43,0
DA:44,0
DA:45,0
DA:46,0
DA:47,0
DA:48,0
DA:51,0
DA:52,0
DA:53,0
DA:55,0
DA:57,0
DA:61,0
DA:62,0
DA:63,0
DA:65,0
DA:66,0
DA:67,0
DA:68,0
DA:71,0
DA:72,0
DA:75,0
DA:76,0
DA:77,0
DA:78,0
DA:81,0
DA:90,0
DA:91,0
DA:92,0
DA:93,0
DA:94,0
DA:96,0
DA:100,0
DA:101,0
DA:103,0
DA:111,0
DA:116,0
DA:121,0
DA:123,0
DA:124,0
DA:127,0
DA:128,0
DA:132,0
DA:133,0
DA:134,0
DA:137,0
DA:138,0
DA:144,0
DA:145,0
DA:151,0
DA:152,0
DA:154,0
DA:155,0
DA:156,0
DA:159,0
DA:167,0
DA:168,0
DA:175,0
DA:176,0
DA:177,0
DA:178,0
DA:179,0
DA:181,0
DA:182,0
DA:213,0
DA:224,0
DA:234,0
DA:304,0
DA:309,0
DA:321,0
DA:322,0
DA:324,0
DA:325,0
DA:331,0
DA:358,0
DA:367,0
DA:373,0
DA:382,0
DA:402,0
DA:403,0
DA:405,0
DA:517,0
DA:518,0
DA:519,0
DA:545,0
LF:84
LH:0
BRDA:65,0,0,0
BRDA:65,0,1,0
BRDA:76,1,0,0
BRDA:76,1,1,0
BRDA:83,2,0,0
BRDA:83,2,1,0
BRDA:90,3,0,0
BRDA:90,3,1,0
BRDA:96,4,0,0
BRDA:96,4,1,0
BRDA:101,5,0,0
BRDA:101,5,1,0
BRDA:101,6,0,0
BRDA:101,6,1,0
BRDA:121,7,0,0
BRDA:121,7,1,0
BRDA:154,8,0,0
BRDA:154,8,1,0
BRDA:161,9,0,0
BRDA:161,9,1,0
BRDA:177,10,0,0
BRDA:177,10,1,0
BRDA:181,11,0,0
BRDA:181,11,1,0
BRDA:206,12,0,0
BRDA:206,12,1,0
BRDA:209,13,0,0
BRDA:209,13,1,0
BRDA:237,14,0,0
BRDA:237,14,1,0
BRDA:239,15,0,0
BRDA:239,15,1,0
BRDA:245,16,0,0
BRDA:245,16,1,0
BRDA:247,17,0,0
BRDA:247,17,1,0
BRDA:257,18,0,0
BRDA:257,18,1,0
BRDA:260,19,0,0
BRDA:260,19,1,0
BRDA:276,20,0,0
BRDA:276,20,1,0
BRDA:292,21,0,0
BRDA:292,21,1,0
BRDA:301,22,0,0
BRDA:301,22,1,0
BRDA:324,23,0,0
BRDA:324,23,1,0
BRDA:390,24,0,0
BRDA:390,24,1,0
BRDA:403,25,0,0
BRDA:403,25,1,0
BRDA:427,26,0,0
BRDA:427,26,1,0
BRDA:436,27,0,0
BRDA:436,27,1,0
BRDA:452,28,0,0
BRDA:452,28,1,0
BRF:58
BRH:0
end_of_record
TN:
SF:screens\ShoppingListScreen.js
FN:30,(anonymous_0)
FN:39,(anonymous_1)
FN:44,(anonymous_2)
FN:57,(anonymous_3)
FN:63,(anonymous_4)
FN:70,(anonymous_5)
FN:76,(anonymous_6)
FN:86,(anonymous_7)
FN:99,(anonymous_8)
FN:110,(anonymous_9)
FN:131,(anonymous_10)
FN:144,(anonymous_11)
FN:159,(anonymous_12)
FN:160,(anonymous_13)
FN:169,(anonymous_14)
FN:200,(anonymous_15)
FN:230,(anonymous_16)
FN:263,(anonymous_17)
FN:272,(anonymous_18)
FN:325,(anonymous_19)
FN:337,(anonymous_20)
FN:338,(anonymous_21)
FN:384,(anonymous_22)
FN:392,(anonymous_23)
FN:393,(anonymous_24)
FN:444,(anonymous_25)
FNF:26
FNH:0
FNDA:0,(anonymous_0)
FNDA:0,(anonymous_1)
FNDA:0,(anonymous_2)
FNDA:0,(anonymous_3)
FNDA:0,(anonymous_4)
FNDA:0,(anonymous_5)
FNDA:0,(anonymous_6)
FNDA:0,(anonymous_7)
FNDA:0,(anonymous_8)
[...]
BRDA:31,1,0,0
BRDA:31,1,1,0
BRDA:163,2,0,0
BRDA:163,2,1,0
BRDA:169,3,0,0
BRDA:169,3,1,0
BRDA:180,4,0,0
BRDA:180,4,1,0
BRDA:187,5,0,0
BRDA:187,5,1,0
BRDA:187,6,0,0
BRDA:187,6,1,0
BRDA:190,7,0,0
BRDA:190,7,1,0
BRDA:203,8,0,0
BRDA:203,8,1,0
BRDA:212,9,0,0
BRDA:212,9,1,0
BRF:20
BRH:0
end_of_record
TN:
SF:utils\pdf-export.js
FN:22,(anonymous_0)
FN:33,(anonymous_1)
FN:49,(anonymous_2)
FN:67,(anonymous_3)
FN:86,(anonymous_4)
FN:95,(anonymous_5)
FN:100,(anonymous_6)
FN:306,(anonymous_7)
FN:315,(anonymous_8)
FN:434,(anonymous_9)
FN:463,(anonymous_10)
FN:487,(anonymous_11)
FN:500,(anonymous_12)
FNF:13
FNH:0
FNDA:0,(anonymous_0)
FNDA:0,(anonymous_1)
FNDA:0,(anonymous_2)
FNDA:0,(anonymous_3)
FNDA:0,(anonymous_4)
FNDA:0,(anonymous_5)
FNDA:0,(anonymous_6)
FNDA:0,(anonymous_7)
FNDA:0,(anonymous_8)
FNDA:0,(anonymous_9)
FNDA:0,(anonymous_10)
FNDA:0,(anonymous_11)
FNDA:0,(anonymous_12)
DA:9,0
DA:10,0
DA:11,0
DA:12,0
DA:13,0
DA:15,0
DA:16,0
DA:22,0
DA:23,0
DA:24,0
DA:33,0
DA:34,0
DA:35,0
DA:36,0
DA:42,0
DA:49,0
DA:50,0
DA:52,0
DA:53,0
DA:54,0
DA:56,0
DA:57,0
DA:58,0
DA:59,0
DA:60,0
DA:61,0
DA:67,0
DA:74,0
DA:76,0
DA:83,0
DA:84,0
DA:85,0
DA:86,0
DA:92,0
DA:93,0
DA:94,0
DA:95,0
DA:96,0
DA:97,0
DA:98,0
DA:100,0
DA:106,0
DA:306,0
DA:316,0
DA:318,0
DA:434,0
DA:435,0
DA:436,0
DA:439,0
DA:440,0
DA:443,0
DA:444,0
DA:446,0
DA:451,0
DA:453,0
DA:454,0
DA:463,0
DA:464,0
DA:465,0
DA:468,0
DA:470,0
DA:471,0
DA:472,0
DA:475,0
DA:481,0
DA:487,0
DA:488,0
DA:500,0
DA:501,0
LF:69
LH:0
BRDA:11,0,0,0
BRDA:11,0,1,0
BRDA:13,1,0,0
BRDA:13,1,1,0
BRDA:23,2,0,0
BRDA:23,2,1,0
BRDA:34,3,0,0
BRDA:34,3,1,0
BRDA:50,4,0,0
BRDA:50,4,1,0
BRDA:56,5,0,0
BRDA:56,5,1,0
BRDA:57,6,0,0
BRDA:57,6,1,0
BRDA:59,7,0,0
BRDA:59,7,1,0
BRDA:67,8,0,0
BRDA:69,9,0,0
BRDA:70,10,0,0
BRDA:71,11,0,0
BRDA:72,12,0,0
BRDA:73,13,0,0
BRDA:84,14,0,0
BRDA:84,14,1,0
BRDA:86,15,0,0
BRDA:86,15,1,0
BRDA:93,16,0,0
BRDA:93,16,1,0
BRDA:96,17,0,0
BRDA:96,17,1,0
BRDA:97,18,0,0
BRDA:97,18,1,0
BRDA:279,19,0,0
BRDA:279,19,1,0
BRDA:289,20,0,0
BRDA:289,20,1,0
BRDA:308,21,0,0
BRDA:308,21,1,0
BRDA:322,22,0,0
BRDA:322,22,1,0
BRDA:323,23,0,0
BRDA:323,23,1,0
BRDA:328,24,0,0
BRDA:328,24,1,0
BRDA:328,25,0,0
BRDA:328,25,1,0
BRDA:328,25,2,0
BRDA:337,26,0,0
BRDA:337,26,1,0
BRDA:348,27,0,0
BRDA:348,27,1,0
BRDA:348,28,0,0
BRDA:348,28,1,0
BRDA:359,29,0,0
BRDA:359,29,1,0
BRDA:359,30,0,0
BRDA:359,30,1,0
BRDA:375,31,0,0
BRDA:375,31,1,0
BRDA:386,32,0,0
BRDA:386,32,1,0
BRDA:397,33,0,0
BRDA:397,33,1,0
BRDA:412,34,0,0
BRDA:412,34,1,0
BRDA:434,35,0,0
BRDA:435,36,0,0
BRDA:435,36,1,0
BRDA:439,37,0,0
BRDA:439,37,1,0
BRDA:439,38,0,0
BRDA:439,38,1,0
BRDA:463,39,0,0
BRDA:464,40,0,0
BRDA:464,40,1,0
BRDA:471,41,0,0
BRDA:471,41,1,0
BRF:77
BRH:0
end_of_record
TN:
SF:utils\photo.js
FN:5,filenameFromUri
FN:14,persistPhoto
FNF:2
FNH:0
FNDA:0,filenameFromUri
FNDA:0,persistPhoto
DA:6,0
DA:7,0
DA:8,0
DA:10,0
DA:15,0
DA:16,0
DA:17,0
DA:18,0
DA:19,0
DA:20,0
DA:21,0
DA:23,0
DA:27,0
LF:13
LH:0
BRDA:8,0,0,0
BRDA:8,0,1,0
BRDA:17,1,0,0
BRDA:17,1,1,0
BRDA:19,2,0,0
BRDA:19,2,1,0
BRF:6
BRH:0
end_of_record
TN:
SF:utils\receipt-ocr.js
FN:47,(anonymous_0)
FN:114,(anonymous_1)
FN:127,(anonymous_2)
FN:141,parseReceipt
FN:176,(anonymous_4)
FN:177,(anonymous_5)
FN:180,(anonymous_6)
FN:181,(anonymous_7)
FN:193,(anonymous_8)
FN:194,(anonymous_9)
FN:206,(anonymous_10)
FN:207,(anonymous_11)
FN:219,(anonymous_12)
FN:220,(anonymous_13)
FN:224,(anonymous_14)
FN:238,(anonymous_15)
FN:242,(anonymous_16)
FN:251,(anonymous_17)
FN:259,(anonymous_18)
FN:276,(anonymous_19)
FN:279,(anonymous_20)
FNF:21
FNH:0
FNDA:0,(anonymous_0)
FNDA:0,(anonymous_1)
FNDA:0,(anonymous_2)
FNDA:0,parseReceipt
FNDA:0,(anonymous_4)
FNDA:0,(anonymous_5)
FNDA:0,(anonymous_6)
FNDA:0,(anonymous_7)
FNDA:0,(anonymous_8)
FNDA:0,(anonymous_9)
FNDA:0,(anonymous_10)
FNDA:0,(anonymous_11)
FNDA:0,(anonymous_12)
FNDA:0,(anonymous_13)
FNDA:0,(anonymous_14)
FNDA:0,(anonymous_15)
FNDA:0,(anonymous_16)
FNDA:0,(anonymous_17)
FNDA:0,(anonymous_18)
FNDA:0,(anonymous_19)
FNDA:0,(anonymous_20)
DA:5,0
DA:19,0
DA:29,0
DA:39,0
DA:47,0
DA:48,0
DA:50,0
DA:53,0
DA:56,0
DA:57,0
DA:71,0
DA:72,0
DA:73,0
DA:74,0
DA:78,0
DA:79,0
DA:83,0
DA:84,0
DA:85,0
DA:86,0
DA:89,0
DA:90,0
DA:91,0
DA:92,0
DA:96,0
DA:97,0
DA:98,0
DA:99,0
DA:102,0
DA:105,0
DA:107,0
DA:114,0
DA:115,0
DA:116,0
DA:117,0
DA:118,0
DA:120,0
DA:127,0
DA:128,0
DA:130,0
DA:131,0
DA:132,0
DA:134,0
DA:142,0
DA:144,0
DA:149,0
DA:150,0
DA:151,0
DA:156,0
DA:157,0
DA:160,0
DA:174,0
DA:176,0
DA:177,0
DA:180,0
DA:181,0
DA:182,0
DA:183,0
DA:184,0
DA:185,0
DA:186,0
DA:193,0
DA:194,0
DA:195,0
DA:196,0
DA:197,0
DA:198,0
DA:199,0
DA:206,0
DA:207,0
DA:208,0
DA:209,0
DA:210,0
DA:211,0
DA:212,0
DA:219,0
DA:220,0
DA:221,0
DA:224,0
DA:225,0
DA:226,0
DA:227,0
DA:228,0
DA:236,0
DA:238,0
DA:239,0
DA:242,0
DA:243,0
DA:246,0
DA:251,0
DA:252,0
DA:256,0
DA:258,0
DA:259,0
DA:261,0
DA:264,0
DA:266,0
DA:269,0
DA:271,0
DA:275,0
DA:276,0
DA:278,0
DA:279,0
DA:281,0
DA:282,0
DA:284,0
DA:286,0
DA:287,0
LF:108
LH:0
BRDA:56,0,0,0
BRDA:56,0,1,0
BRDA:79,1,0,0
BRDA:79,1,1,0
BRDA:83,2,0,0
BRDA:83,2,1,0
BRDA:89,3,0,0
BRDA:89,3,1,0
BRDA:99,4,0,0
BRDA:99,4,1,0
BRDA:114,5,0,0
BRDA:132,6,0,0
BRDA:132,6,1,0
BRDA:132,7,0,0
BRDA:132,7,1,0
BRDA:183,8,0,0
BRDA:183,8,1,0
BRDA:185,9,0,0
BRDA:185,9,1,0
BRDA:196,10,0,0
BRDA:196,10,1,0
BRDA:196,11,0,0
BRDA:196,11,1,0
BRDA:198,12,0,0
BRDA:198,12,1,0
BRDA:209,13,0,0
BRDA:209,13,1,0
BRDA:210,14,0,0
BRDA:210,14,1,0
BRDA:211,15,0,0
BRDA:211,15,1,0
BRDA:211,16,0,0
BRDA:211,16,1,0
BRDA:221,17,0,0
BRDA:221,17,1,0
BRDA:225,18,0,0
BRDA:225,18,1,0
BRDA:225,19,0,0
BRDA:225,19,1,0
BRDA:227,20,0,0
BRDA:227,20,1,0
BRDA:227,21,0,0
BRDA:227,21,1,0
BRDA:236,22,0,0
BRDA:236,22,1,0
BRDA:256,23,0,0
BRDA:256,23,1,0
BRDA:264,24,0,0
BRDA:264,24,1,0
BRDA:269,25,0,0
BRDA:269,25,1,0
BRF:51
BRH:0
end_of_record
TN:
SF:utils\smart-meal-suggestions.js
FN:22,(anonymous_0)
FN:32,(anonymous_1)
FN:38,(anonymous_2)
FN:42,(anonymous_3)
FN:55,(anonymous_4)
FN:58,(anonymous_5)
FN:74,(anonymous_6)
FN:75,(anonymous_7)
FN:90,(anonymous_8)
FN:101,(anonymous_9)
FN:121,(anonymous_10)
FN:131,(anonymous_11)
FN:144,(anonymous_12)
FN:152,(anonymous_13)
FN:164,(anonymous_14)
FN:178,(anonymous_15)
FN:180,(anonymous_16)
FN:184,(anonymous_17)
FN:185,(anonymous_18)
FN:192,(anonymous_19)
FN:214,(anonymous_20)
FN:236,(anonymous_21)
FNF:22
FNH:0
FNDA:0,(anonymous_0)
FNDA:0,(anonymous_1)
FNDA:0,(anonymous_2)
FNDA:0,(anonymous_3)
FNDA:0,(anonymous_4)
FNDA:0,(anonymous_5)
FNDA:0,(anonymous_6)
FNDA:0,(anonymous_7)
FNDA:0,(anonymous_8)
FNDA:0,(anonymous_9)
FNDA:0,(anonymous_10)
FNDA:0,(anonymous_11)
FNDA:0,(anonymous_12)
FNDA:0,(anonymous_13)
FNDA:0,(anonymous_14)
FNDA:0,(anonymous_15)
FNDA:0,(anonymous_16)
FNDA:0,(anonymous_17)
FNDA:0,(anonymous_18)
FNDA:0,(anonymous_19)
FNDA:0,(anonymous_20)
FNDA:0,(anonymous_21)
DA:22,0
DA:23,0
DA:25,0
DA:28,0
DA:31,0
DA:33,0
DA:35,0
DA:36,0
DA:38,0
DA:42,0
DA:44,0
DA:45,0
DA:49,0
DA:51,0
DA:52,0
DA:55,0
DA:57,0
DA:59,0
DA:65,0
DA:68,0
DA:71,0
DA:73,0
DA:74,0
DA:75,0
DA:78,0
DA:79,0
DA:89,0
DA:90,0
DA:93,0
DA:94,0
DA:101,0
DA:102,0
DA:103,0
DA:104,0
DA:105,0
DA:107,0
DA:108,0
DA:109,0
DA:110,0
DA:111,0
DA:112,0
DA:114,0
DA:121,0
DA:122,0
DA:123,0
DA:124,0
DA:125,0
DA:131,0
DA:132,0
DA:138,0
DA:144,0
DA:145,0
DA:146,0
DA:152,0
DA:153,0
DA:154,0
DA:164,0
DA:165,0
DA:166,0
DA:169,0
DA:178,0
DA:179,0
DA:180,0
DA:184,0
DA:185,0
DA:192,0
DA:193,0
DA:195,0
DA:196,0
DA:199,0
DA:200,0
DA:214,0
DA:215,0
DA:217,0
DA:236,0
DA:241,0
DA:246,0
DA:251,0
DA:252,0
LF:79
LH:0
BRDA:22,0,0,0
BRDA:33,1,0,0
BRDA:33,1,1,0
BRDA:36,2,0,0
BRDA:36,2,1,0
BRDA:44,3,0,0
BRDA:44,3,1,0
BRDA:59,4,0,0
BRDA:59,4,1,0
BRDA:65,5,0,0
BRDA:65,5,1,0
BRDA:68,6,0,0
BRDA:68,6,1,0
BRDA:71,7,0,0
BRDA:71,7,1,0
BRDA:78,8,0,0
BRDA:78,8,1,0
BRDA:107,9,0,0
BRDA:107,9,1,0
BRDA:109,10,0,0
BRDA:109,10,1,0
BRDA:111,11,0,0
BRDA:111,11,1,0
BRDA:122,12,0,0
BRDA:122,12,1,0
BRDA:123,13,0,0
BRDA:123,13,1,0
BRDA:124,14,0,0
BRDA:124,14,1,0
BRDA:138,15,0,0
BRDA:138,15,1,0
BRDA:185,16,0,0
BRDA:185,16,1,0
BRDA:195,17,0,0
BRDA:195,17,1,0
BRF:35
BRH:0
end_of_record
TN:
SF:utils\storage.js
FN:6,(anonymous_0)
FN:11,(anonymous_1)
FN:20,(anonymous_2)
FN:25,(anonymous_3)
FN:30,(anonymous_4)
FN:35,(anonymous_5)
FN:39,(anonymous_6)
FN:51,(anonymous_7)
FN:53,(anonymous_8)
FN:65,(anonymous_9)
FN:67,(anonymous_10)
FN:71,(anonymous_11)
FN:73,(anonymous_12)
FN:77,(anonymous_13)
FN:82,(anonymous_14)
FNF:15
FNH:0
FNDA:0,(anonymous_0)
FNDA:0,(anonymous_1)
FNDA:0,(anonymous_2)
FNDA:0,(anonymous_3)
FNDA:0,(anonymous_4)
FNDA:0,(anonymous_5)
FNDA:0,(anonymous_6)
FNDA:0,(anonymous_7)
FNDA:0,(anonymous_8)
FNDA:0,(anonymous_9)
FNDA:0,(anonymous_10)
FNDA:0,(anonymous_11)
FNDA:0,(anonymous_12)
FNDA:0,(anonymous_13)
FNDA:0,(anonymous_14)
DA:4,0
DA:7,0
DA:8,0
DA:12,0
DA:13,0
DA:15,0
DA:21,0
DA:22,0
DA:26,0
DA:31,0
DA:32,0
DA:36,0
DA:40,0
DA:41,0
DA:46,0
DA:47,0
DA:48,0
DA:52,0
DA:53,0
DA:54,0
DA:56,0
DA:61,0
DA:62,0
DA:66,0
DA:67,0
DA:68,0
DA:72,0
DA:73,0
DA:78,0
DA:79,0
DA:83,0
LF:31
LH:0
BRDA:8,0,0,0
BRDA:8,0,1,0
BRDA:12,1,0,0
BRDA:12,1,1,0
BRDA:22,2,0,0
BRDA:22,2,1,0
BRDA:32,3,0,0
BRDA:32,3,1,0
BRDA:43,4,0,0
BRDA:43,4,1,0
BRDA:44,5,0,0
BRDA:44,5,1,0
BRDA:54,6,0,0
BRDA:54,6,1,0
BRDA:79,7,0,0
BRDA:79,7,1,0
BRF:16
BRH:0
end_of_record
TN:
SF:utils\time-reminders.js
FN:61,(anonymous_0)
FN:106,(anonymous_1)
FN:116,(anonymous_2)
FN:119,(anonymous_3)
FN:139,(anonymous_4)
FN:142,(anonymous_5)
FN:152,(anonymous_6)
FN:174,(anonymous_7)
FN:271,(anonymous_8)
FN:278,(anonymous_9)
FN:303,(anonymous_10)
FN:316,(anonymous_11)
FN:321,(anonymous_12)
FN:336,(anonymous_13)
FN:342,(anonymous_14)
FN:347,(anonymous_15)
FN:373,(anonymous_16)
FN:384,(anonymous_17)
FN:395,(anonymous_18)
FN:406,(anonymous_19)
FNF:20
FNH:0
FNDA:0,(anonymous_0)
FNDA:0,(anonymous_1)
FNDA:0,(anonymous_2)
FNDA:0,(anonymous_3)
FNDA:0,(anonymous_4)
FNDA:0,(anonymous_5)
FNDA:0,(anonymous_6)
FNDA:0,(anonymous_7)
FNDA:0,(anonymous_8)
FNDA:0,(anonymous_9)
FNDA:0,(anonymous_10)
FNDA:0,(anonymous_11)
FNDA:0,(anonymous_12)
FNDA:0,(anonymous_13)
FNDA:0,(anonymous_14)
FNDA:0,(anonymous_15)
FNDA:0,(anonymous_16)
FNDA:0,(anonymous_17)
FNDA:0,(anonymous_18)
FNDA:0,(anonymous_19)
DA:22,0
DA:23,0
DA:61,0
DA:62,0
DA:63,0
DA:65,0
DA:96,0
DA:97,0
DA:99,0
DA:101,0
DA:102,0
DA:106,0
DA:107,0
DA:108,0
DA:109,0
DA:111,0
DA:112,0
DA:116,0
DA:117,0
DA:118,0
DA:119,0
DA:121,0
DA:122,0
DA:125,0
DA:131,0
DA:132,0
DA:134,0
DA:135,0
DA:139,0
DA:140,0
DA:141,0
DA:142,0
DA:143,0
DA:145,0
DA:147,0
DA:148,0
DA:152,0
DA:153,0
DA:154,0
DA:159,0
DA:160,0
DA:165,0
DA:167,0
DA:168,0
DA:174,0
DA:175,0
DA:177,0
DA:178,0
DA:179,0
DA:182,0
DA:185,0
DA:186,0
DA:187,0
DA:188,0
DA:190,0
DA:191,0
DA:194,0
DA:195,0
DA:203,0
DA:204,0
DA:211,0
DA:212,0
DA:219,0
DA:220,0
DA:227,0
DA:234,0
DA:235,0
DA:236,0
DA:239,0
DA:240,0
DA:241,0
DA:243,0
DA:244,0
DA:252,0
DA:253,0
DA:260,0
DA:261,0
DA:268,0
DA:271,0
DA:272,0
DA:273,0
DA:274,0
DA:275,0
DA:277,0
DA:279,0
DA:281,0
DA:286,0
DA:289,0
DA:292,0
DA:293,0
DA:294,0
DA:297,0
DA:298,0
DA:301,0
DA:304,0
DA:305,0
DA:306,0
DA:307,0
DA:308,0
DA:311,0
DA:312,0
DA:316,0
DA:317,0
DA:318,0
DA:319,0
DA:321,0
DA:322,0
DA:324,0
DA:325,0
DA:326,0
DA:329,0
DA:330,0
DA:336,0
DA:337,0
DA:338,0
DA:339,0
DA:340,0
DA:342,0
DA:343,0
DA:344,0
DA:347,0
DA:348,0
DA:349,0
DA:352,0
DA:360,0
DA:361,0
DA:373,0
DA:374,0
DA:376,0
DA:377,0
DA:378,0
DA:379,0
DA:381,0
DA:384,0
DA:385,0
DA:392,0
DA:395,0
DA:396,0
DA:401,0
DA:406,0
DA:407,0
DA:450,0
DA:451,0
DA:454,0
LF:144
LH:0
BRDA:68,0,0,0
BRDA:68,0,1,0
BRDA:71,1,0,0
BRDA:71,1,1,0
BRDA:72,2,0,0
BRDA:72,2,1,0
BRDA:73,3,0,0
BRDA:73,3,1,0
BRDA:74,4,0,0
BRDA:74,4,1,0
BRDA:77,5,0,0
BRDA:77,5,1,0
BRDA:78,6,0,0
BRDA:78,6,1,0
BRDA:79,7,0,0
BRDA:79,7,1,0
BRDA:80,8,0,0
BRDA:80,8,1,0
BRDA:83,9,0,0
BRDA:83,9,1,0
BRDA:84,10,0,0
BRDA:84,10,1,0
BRDA:87,11,0,0
BRDA:87,11,1,0
BRDA:88,12,0,0
BRDA:88,12,1,0
BRDA:109,13,0,0
BRDA:109,13,1,0
BRDA:121,14,0,0
BRDA:121,14,1,0
BRDA:159,15,0,0
BRDA:159,15,1,0
BRDA:159,16,0,0
BRDA:159,16,1,0
BRDA:177,17,0,0
BRDA:177,17,1,0
BRDA:178,18,0,0
BRDA:178,18,1,0
BRDA:178,19,0,0
BRDA:178,19,1,0
BRDA:190,20,0,0
BRDA:190,20,1,0
BRDA:194,21,0,0
BRDA:194,21,1,0
BRDA:203,22,0,0
BRDA:203,22,1,0
BRDA:211,23,0,0
BRDA:211,23,1,0
BRDA:219,24,0,0
BRDA:219,24,1,0
BRDA:234,25,0,0
BRDA:234,25,1,0
BRDA:235,26,0,0
BRDA:235,26,1,0
BRDA:243,27,0,0
BRDA:243,27,1,0
BRDA:252,28,0,0
BRDA:252,28,1,0
BRDA:271,29,0,0
BRDA:279,30,0,0
BRDA:279,30,1,0
BRDA:279,31,0,0
BRDA:279,31,1,0
BRDA:281,32,0,0
BRDA:281,32,1,0
BRDA:282,33,0,0
BRDA:282,33,1,0
BRDA:282,33,2,0
BRDA:289,34,0,0
BRDA:289,34,1,0
BRDA:292,35,0,0
BRDA:292,35,1,0
BRDA:292,36,0,0
BRDA:292,36,1,0
BRDA:306,37,0,0
BRDA:306,37,1,0
BRDA:306,38,0,0
BRDA:306,38,1,0
BRDA:307,39,0,0
BRDA:307,39,1,0
BRDA:307,40,0,0
BRDA:307,40,1,0
BRDA:322,41,0,0
BRDA:322,41,1,0
BRDA:322,42,0,0
BRDA:322,42,1,0
BRDA:343,43,0,0
BRDA:343,43,1,0
BRDA:374,44,0,0
BRDA:374,44,1,0
BRDA:378,45,0,0
BRDA:378,45,1,0
BRDA:379,46,0,0
BRDA:379,46,1,0
BRDA:392,47,0,0
BRDA:392,47,1,0
BRDA:401,48,0,0
BRDA:401,48,1,0
BRF:98
BRH:0
end_of_record
TN:
SF:utils\transfer-generator.js
FN:15,(anonymous_0)
FN:89,(anonymous_1)
FN:96,(anonymous_2)
FN:99,(anonymous_3)
FN:139,(anonymous_4)
FN:142,(anonymous_5)
FN:210,(anonymous_6)
FN:215,(anonymous_7)
FN:218,(anonymous_8)
FN:230,(anonymous_9)
FN:233,(anonymous_10)
FN:245,(anonymous_11)
FN:250,(anonymous_12)
FN:251,(anonymous_13)
FN:252,(anonymous_14)
FN:253,(anonymous_15)
FN:279,(anonymous_16)
FN:282,(anonymous_17)
FN:290,(anonymous_18)
FN:293,(anonymous_19)
FN:311,(anonymous_20)
FN:324,(anonymous_21)
FN:330,(anonymous_22)
FN:350,(anonymous_23)
FNF:24
FNH:0
FNDA:0,(anonymous_0)
FNDA:0,(anonymous_1)
FNDA:0,(anonymous_2)
FNDA:0,(anonymous_3)
FNDA:0,(anonymous_4)
FNDA:0,(anonymous_5)
FNDA:0,(anonymous_6)
FNDA:0,(anonymous_7)
FNDA:0,(anonymous_8)
FNDA:0,(anonymous_9)
FNDA:0,(anonymous_10)
FNDA:0,(anonymous_11)
FNDA:0,(anonymous_12)
FNDA:0,(anonymous_13)
FNDA:0,(anonymous_14)
FNDA:0,(anonymous_15)
FNDA:0,(anonymous_16)
FNDA:0,(anonymous_17)
FNDA:0,(anonymous_18)
FNDA:0,(anonymous_19)
FNDA:0,(anonymous_20)
FNDA:0,(anonymous_21)
FNDA:0,(anonymous_22)
FNDA:0,(anonymous_23)
DA:9,0
DA:10,0
DA:15,0
DA:16,0
DA:21,0
DA:24,0
DA:27,0
DA:66,0
DA:69,0
DA:71,0
DA:78,0
DA:79,0
DA:89,0
DA:90,0
DA:96,0
DA:97,0
DA:98,0
DA:99,0
DA:101,0
DA:102,0
DA:109,0
DA:110,0
DA:117,0
DA:118,0
DA:119,0
DA:120,0
DA:123,0
DA:128,0
DA:129,0
DA:139,0
DA:140,0
DA:141,0
DA:142,0
DA:144,0
DA:145,0
DA:151,0
DA:152,0
DA:158,0
DA:159,0
DA:166,0
DA:167,0
DA:168,0
DA:169,0
DA:172,0
DA:194,0
DA:199,0
DA:200,0
DA:210,0
DA:211,0
DA:212,0
DA:215,0
DA:218,0
DA:220,0
DA:222,0
DA:223,0
DA:230,0
DA:231,0
DA:232,0
DA:233,0
DA:234,0
DA:235,0
DA:237,0
DA:238,0
DA:245,0
DA:246,0
DA:247,0
DA:248,0
DA:250,0
DA:251,0
DA:252,0
DA:253,0
DA:255,0
DA:263,0
DA:264,0
DA:279,0
DA:280,0
DA:281,0
DA:282,0
DA:284,0
DA:290,0
DA:291,0
DA:292,0
DA:293,0
DA:295,0
DA:296,0
DA:298,0
DA:301,0
DA:303,0
DA:304,0
DA:311,0
DA:312,0
DA:313,0
DA:314,0
DA:316,0
DA:317,0
DA:324,0
DA:325,0
DA:326,0
DA:327,0
DA:330,0
DA:332,0
DA:334,0
DA:339,0
DA:340,0
DA:350,0
DA:351,0
DA:352,0
DA:354,0
LF:108
LH:0
BRDA:15,0,0,0
BRDA:18,1,0,0
BRDA:19,2,0,0
BRDA:20,3,0,0
BRDA:43,4,0,0
BRDA:43,4,1,0
BRDA:50,5,0,0
BRDA:50,5,1,0
BRDA:53,6,0,0
BRDA:53,6,1,0
BRDA:54,7,0,0
BRDA:54,7,1,0
BRDA:101,8,0,0
BRDA:101,8,1,0
BRDA:109,9,0,0
BRDA:109,9,1,0
BRDA:117,10,0,0
BRDA:117,10,1,0
BRDA:144,11,0,0
BRDA:144,11,1,0
BRDA:151,12,0,0
BRDA:151,12,1,0
BRDA:158,13,0,0
BRDA:158,13,1,0
BRDA:250,14,0,0
BRDA:250,14,1,0
BRDA:251,15,0,0
BRDA:251,15,1,0
BRDA:253,16,0,0
BRDA:253,16,1,0
BRDA:295,17,0,0
BRDA:295,17,1,0
BRDA:314,18,0,0
BRDA:314,18,1,0
BRDA:330,19,0,0
BRDA:330,19,1,0
BRDA:357,20,0,0
BRDA:357,20,1,0
BRF:38
BRH:0
end_of_record
TN:
SF:utils\upc-api.js
FN:4,fetchOpenFoodFacts
FNF:1
FNH:0
FNDA:0,fetchOpenFoodFacts
DA:5,0
DA:6,0
DA:8,0
DA:9,0
DA:10,0
DA:11,0
DA:12,0
DA:13,0
DA:15,0
DA:16,0
DA:23,0
DA:24,0
LF:12
LH:0
BRDA:5,0,0,0
BRDA:5,0,1,0
BRDA:6,1,0,0
BRDA:6,1,1,0
BRDA:11,2,0,0
BRDA:11,2,1,0
BRDA:13,3,0,0
BRDA:13,3,1,0
BRDA:17,4,0,0
BRDA:17,4,1,0
BRDA:17,4,2,0
BRDA:18,5,0,0
BRDA:18,5,1,0
BRDA:19,6,0,0
BRDA:19,6,1,0
BRDA:20,7,0,0
BRDA:20,7,1,0
BRF:17
BRH:0
end_of_record
TN:
SF:utils\upgrade-finder.js
FN:72,findUpgrades
FN:109,searchMockDatabase
FN:122,searchOnline
FN:146,compareProducts
FN:194,getPriceAlertLevels
FN:205,getUpgradeScore
FNF:6
FNH:0
FNDA:0,findUpgrades
FNDA:0,searchMockDatabase
FNDA:0,searchOnline
FNDA:0,compareProducts
FNDA:0,getPriceAlertLevels
FNDA:0,getUpgradeScore
DA:8,0
DA:73,0
DA:75,0
DA:78,0
DA:79,0
DA:80,0
DA:87,0
DA:88,0
DA:89,0
DA:95,0
DA:100,0
DA:101,0
DA:110,0
DA:112,0
DA:113,0
DA:114,0
DA:115,0
DA:119,0
DA:130,0
DA:136,0
DA:138,0
DA:139,0
DA:147,0
DA:163,0
DA:170,0
DA:174,0
DA:175,0
DA:176,0
DA:180,0
DA:181,0
DA:182,0
DA:184,0
DA:185,0
DA:188,0
DA:195,0
DA:206,0
DA:209,0
DA:215,0
DA:218,0
DA:221,0
DA:224,0
DA:225,0
DA:228,0
DA:229,0
DA:230,0
DA:233,0
DA:234,0
DA:238,0
DA:241,0
LF:49
LH:0
BRDA:72,0,0,0
BRDA:79,1,0,0
BRDA:79,1,1,0
BRDA:88,2,0,0
BRDA:88,2,1,0
BRDA:114,3,0,0
BRDA:114,3,1,0
BRDA:114,4,0,0
BRDA:114,4,1,0
BRDA:148,5,0,0
BRDA:148,5,1,0
BRDA:149,6,0,0
BRDA:149,6,1,0
BRDA:155,7,0,0
BRDA:155,7,1,0
BRDA:156,8,0,0
BRDA:156,8,1,0
BRDA:157,9,0,0
BRDA:157,9,1,0
BRDA:158,10,0,0
BRDA:158,10,1,0
BRDA:163,11,0,0
BRDA:163,11,1,0
BRDA:170,12,0,0
BRDA:170,12,1,0
BRDA:174,13,0,0
BRDA:174,13,1,0
BRDA:174,14,0,0
BRDA:174,14,1,0
BRDA:177,15,0,0
BRDA:177,15,1,0
BRDA:180,16,0,0
BRDA:180,16,1,0
BRDA:209,17,0,0
BRDA:209,17,1,0
BRDA:218,18,0,0
BRDA:218,18,1,0
BRDA:221,19,0,0
BRDA:221,19,1,0
BRDA:224,20,0,0
BRDA:224,20,1,0
BRDA:228,21,0,0
BRDA:228,21,1,0
BRDA:229,22,0,0
BRDA:229,22,1,0
BRDA:230,23,0,0
BRDA:230,23,1,0
BRDA:233,24,0,0
BRDA:233,24,1,0
BRF:49
BRH:0
end_of_record
TN:
SF:utils\useDebounce.js
FN:3,useDebounce
FN:5,(anonymous_1)
FN:6,(anonymous_2)
FN:7,(anonymous_3)
FNF:4
FNH:0
FNDA:0,useDebounce
FNDA:0,(anonymous_1)
FNDA:0,(anonymous_2)
FNDA:0,(anonymous_3)
DA:4,0
DA:5,0
DA:6,0
DA:7,0
DA:9,0
LF:5
LH:0
BRDA:3,0,0,0
BRF:1
BRH:0
end_of_record
TN:
SF:utils\wishlist-storage.js
FN:26,getWishList
FN:39,addToWishList
FN:69,removeFromWishList
FN:72,(anonymous_3)
FN:88,updateWishListItem
FN:91,(anonymous_5)
FN:120,isInWishList
FN:124,(anonymous_7)
FN:137,getWishListSorted
FN:143,(anonymous_9)
FN:161,getPriceAlerts
FN:171,addPriceAlert
FN:177,(anonymous_12)
FN:196,removePriceAlert
FN:200,(anonymous_14)
FN:214,checkPriceAlerts
FN:247,checkCurrentPrice
FN:259,getWishListStats
FN:264,(anonymous_18)
FN:267,(anonymous_19)
FN:269,(anonymous_20)
FNF:21
FNH:0
FNDA:0,getWishList
FNDA:0,addToWishList
FNDA:0,removeFromWishList
FNDA:0,(anonymous_3)
FNDA:0,updateWishListItem
FNDA:0,(anonymous_5)
FNDA:0,isInWishList
FNDA:0,(anonymous_7)
FNDA:0,getWishListSorted
FNDA:0,(anonymous_9)
FNDA:0,getPriceAlerts
FNDA:0,addPriceAlert
FNDA:0,(anonymous_12)
FNDA:0,removePriceAlert
FNDA:0,(anonymous_14)
FNDA:0,checkPriceAlerts
FNDA:0,checkCurrentPrice
FNDA:0,getWishListStats
FNDA:0,(anonymous_18)
FNDA:0,(anonymous_19)
FNDA:0,(anonymous_20)
DA:3,0
DA:4,0
DA:27,0
DA:28,0
DA:29,0
DA:31,0
DA:32,0
DA:40,0
DA:41,0
DA:43,0
DA:51,0
DA:52,0
DA:55,0
DA:56,0
DA:59,0
DA:61,0
DA:62,0
DA:70,0
DA:71,0
DA:72,0
DA:73,0
DA:76,0
DA:78,0
DA:80,0
DA:81,0
DA:89,0
DA:90,0
DA:91,0
DA:93,0
DA:94,0
DA:97,0
DA:103,0
DA:106,0
DA:107,0
DA:110,0
DA:112,0
DA:113,0
DA:121,0
DA:122,0
DA:123,0
DA:125,0
DA:129,0
DA:130,0
DA:138,0
DA:139,0
DA:141,0
DA:143,0
DA:145,0
DA:146,0
DA:149,0
DA:152,0
DA:153,0
DA:162,0
DA:163,0
DA:164,0
DA:166,0
DA:167,0
DA:172,0
DA:173,0
DA:176,0
DA:177,0
DA:180,0
DA:188,0
DA:189,0
DA:191,0
DA:192,0
DA:197,0
DA:198,0
DA:199,0
DA:200,0
DA:202,0
DA:203,0
DA:205,0
DA:206,0
DA:215,0
DA:216,0
DA:217,0
DA:219,0
DA:223,0
DA:225,0
DA:226,0
DA:234,0
DA:238,0
DA:240,0
DA:242,0
DA:243,0
DA:253,0
DA:260,0
DA:261,0
DA:263,0
DA:264,0
DA:267,0
DA:268,0
DA:269,0
DA:272,0
DA:280,0
DA:281,0
LF:97
LH:0
BRDA:29,0,0,0
BRDA:29,0,1,0
BRDA:55,1,0,0
BRDA:55,1,1,0
BRDA:93,2,0,0
BRDA:93,2,1,0
BRDA:106,3,0,0
BRDA:106,3,1,0
BRDA:125,4,0,0
BRDA:125,4,1,0
BRDA:146,5,0,0
BRDA:146,5,1,0
BRDA:164,6,0,0
BRDA:164,6,1,0
BRDA:225,7,0,0
BRDA:225,7,1,0
BRDA:225,8,0,0
BRDA:225,8,1,0
BRDA:264,9,0,0
BRDA:264,9,1,0
BRDA:277,10,0,0
BRDA:277,10,1,0
BRF:22
BRH:0
end_of_record
